"../../../../../../Users/a016430f/Documents/TGP-Group-Project_Main/FingerGunz/Content/Audio/SFX/LPistol_SFX/LPistol_Fire_Cue.uasset" 0
"../../../../../../Users/a016430f/Documents/TGP-Group-Project_Main/FingerGunz/Content/Audio/SFX/PowerUp_Pickups/Shield_Pickup.uasset" 1
"../../../../../../Users/a016430f/Documents/TGP-Group-Project_Main/FingerGunz/Content/Particles/aa.uasset" 2
"../../../../../../Users/a016430f/Documents/TGP-Group-Project_Main/FingerGunz/Content/Materials/Smallwalls.uasset" 3
"../../../Engine/Content/Functions/Engine_MaterialFunctions01/Opacity/CameraDepthFade.uasset" 4
"../../../Engine/Content/EngineMaterials/T_Default_Material_Grid_M.uasset" 5
"../../../Engine/Content/EngineMaterials/T_Default_Material_Grid_N.uasset" 6
"../../../Engine/Content/EngineMaterials/WorldGridMaterial.uasset" 7
"../../../Engine/Content/BasicShapes/Plane.uasset" 8
"../../../../../../Users/a016430f/Documents/TGP-Group-Project_Main/FingerGunz/Content/Blueprints/GlowWalls/Cube1-4.uasset" 9
"../../../../../../Users/a016430f/Documents/TGP-Group-Project_Main/FingerGunz/Content/Blueprints/GlowWalls/Cube1-5.uasset" 10
"../../../../../../Users/a016430f/Documents/TGP-Group-Project_Main/FingerGunz/Content/Blueprints/GlowWalls/Cube2-5.uasset" 11
"../../../../../../Users/a016430f/Documents/TGP-Group-Project_Main/FingerGunz/Content/Blueprints/GlowWalls/Plane12-8.uasset" 12
"../../../../../../Users/a016430f/Documents/TGP-Group-Project_Main/FingerGunz/Content/Blueprints/GlowWalls/Plane15-8.uasset" 13
"../../../../../../Users/a016430f/Documents/TGP-Group-Project_Main/FingerGunz/Content/Blueprints/GlowWalls/Plane16-8.uasset" 14
"../../../../../../Users/a016430f/Documents/TGP-Group-Project_Main/FingerGunz/Content/Blueprints/GlowWalls/Plane18-8.uasset" 15
"../../../../../../Users/a016430f/Documents/TGP-Group-Project_Main/FingerGunz/Content/Blueprints/GlowWalls/Plane20-8.uasset" 16
"../../../../../../Users/a016430f/Documents/TGP-Group-Project_Main/FingerGunz/Content/Blueprints/GlowWalls/Plane6-4.uasset" 17
"../../../../../../Users/a016430f/Documents/TGP-Group-Project_Main/FingerGunz/Content/Blueprints/GlowWalls/Plane7-2.uasset" 18
"../../../../../../Users/a016430f/Documents/TGP-Group-Project_Main/FingerGunz/Content/Materials/Smallwalls_TwoThird.uasset" 19
"../../../../../../Users/a016430f/Documents/TGP-Group-Project_Main/FingerGunz/Content/Blueprints/GlowWalls/Plane8-06.uasset" 20
"../../../../../../Users/a016430f/Documents/TGP-Group-Project_Main/FingerGunz/Content/Blueprints/GlowWalls/Plane8-1.uasset" 21
"../../../../../../Users/a016430f/Documents/TGP-Group-Project_Main/FingerGunz/Content/Blueprints/GlowWalls/Plane8-2.uasset" 22
"../../../../../../Users/a016430f/Documents/TGP-Group-Project_Main/FingerGunz/Content/Blueprints/GlowWalls/Plane8-6.uasset" 23
"../../../../../../Users/a016430f/Documents/TGP-Group-Project_Main/FingerGunz/Content/Materials/Coloured_Wall_Textures/Small_Wall_White.uasset" 24
"../../../../../../Users/a016430f/Documents/TGP-Group-Project_Main/FingerGunz/Content/Blueprints/GlowWalls/Plane9-2.uasset" 25
"../../../../../../Users/a016430f/Documents/TGP-Group-Project_Main/FingerGunz/Content/Blueprints/GlowWalls/Plane9-4.uasset" 26
"../../../../../../Users/a016430f/Documents/TGP-Group-Project_Main/FingerGunz/Content/Blueprints/GlowWalls/Slope1-1new.uasset" 27
"../../../../../../Users/a016430f/Documents/TGP-Group-Project_Main/FingerGunz/Content/Blueprints/GlowWalls/Slope16-8.uasset" 28
"../../../../../../Users/a016430f/Documents/TGP-Group-Project_Main/FingerGunz/Content/Blueprints/GlowWalls/Slope18-8.uasset" 29
"../../../../../../Users/a016430f/Documents/TGP-Group-Project_Main/FingerGunz/Content/Blueprints/GlowWalls/Slope2-2.uasset" 30
"../../../Engine/Content/BasicShapes/BasicShapeMaterial.uasset" 31
"../../../../../../Users/a016430f/Documents/TGP-Group-Project_Main/FingerGunz/Content/Meshes/GlowWalls/Slope2-3.uasset" 32
"../../../../../../Users/a016430f/Documents/TGP-Group-Project_Main/FingerGunz/Content/Blueprints/GlowWalls/Slope2-3.uasset" 33
"../../../../../../Users/a016430f/Documents/TGP-Group-Project_Main/FingerGunz/Content/Meshes/GlowWalls/Slope3.uasset" 34
"../../../../../../Users/a016430f/Documents/TGP-Group-Project_Main/FingerGunz/Content/Blueprints/GlowWalls/Slope3.uasset" 35
"../../../../../../Users/a016430f/Documents/TGP-Group-Project_Main/FingerGunz/Content/Blueprints/GlowWalls/Slope8-6.uasset" 36
"../../../../../../Users/a016430f/Documents/TGP-Group-Project_Main/FingerGunz/Content/Blueprints/GlowWalls/Slope8-8.uasset" 37
"../../../Engine/Content/EditorBlueprintResources/StandardMacros.uasset" 38
"../../../../../../Users/a016430f/Documents/TGP-Group-Project_Main/FingerGunz/Content/GameModes/Deathmatch.uasset" 39
"../../../../../../Users/a016430f/Documents/TGP-Group-Project_Main/FingerGunz/Content/HUD/Menu_Assets/MenuAssets/Finger_Gunz_Menu.uasset" 40
"../../../../../../Users/a016430f/Documents/TGP-Group-Project_Main/FingerGunz/Content/HUD/Menu_Assets/MenuAssets/Finger_Gunz_Title.uasset" 41
"../../../../../../Users/a016430f/Documents/TGP-Group-Project_Main/FingerGunz/Content/HUD/Menu_Assets/MenuAssets/Level_Select_Screens.uasset" 42
"../../../../../../Users/a016430f/Documents/TGP-Group-Project_Main/FingerGunz/Content/HUD/Menu_Assets/MenuAssets/PLAY.uasset" 43
"../../../../../../Users/a016430f/Documents/TGP-Group-Project_Main/FingerGunz/Content/HUD/Menu_Assets/MenuAssets/PSD_FILES/Controls.uasset" 44
"../../../../../../Users/a016430f/Documents/TGP-Group-Project_Main/FingerGunz/Content/HUD/Menu_Assets/MenuAssets/PSD_FILES/Exit.uasset" 45
"../../../../../../Users/a016430f/Documents/TGP-Group-Project_Main/FingerGunz/Content/HUD/Menu_Assets/MenuAssets/PSD_FILES/Level_Select.uasset" 46
"../../../../../../Users/a016430f/Documents/TGP-Group-Project_Main/FingerGunz/Content/HUD/Menu_Assets/MenuAssets/PSD_FILES/Quick_Play.uasset" 47
"../../../../../../Users/a016430f/Documents/TGP-Group-Project_Main/FingerGunz/Content/HUD/Menu_Assets/MenuAssets/PSD_FILES/Return.uasset" 48
"../../../../../../Users/a016430f/Documents/TGP-Group-Project_Main/FingerGunz/Content/HUD/Menu_Assets/MenuAssets/PSD_FILES/Test-Level.uasset" 49
"../../../../../../Users/a016430f/Documents/TGP-Group-Project_Main/FingerGunz/Content/HUD/Menu_Assets/MenuAssets/PSD_FILES/You_Died.uasset" 50
"../../../../../../Users/a016430f/Documents/TGP-Group-Project_Main/FingerGunz/Content/Particles/BaseBeam.uasset" 51
"../../../../../../Users/a016430f/Documents/TGP-Group-Project_Main/FingerGunz/Content/Particles/BeamPulse.uasset" 52
"../../../../../../Users/a016430f/Documents/TGP-Group-Project_Main/FingerGunz/Content/Materials/Beam.uasset" 53
"../../../../../../Users/a016430f/Documents/TGP-Group-Project_Main/FingerGunz/Content/Player/Meshes/Player_Animations/character_Skeleton.uasset" 54
"../../../../../../Users/a016430f/Documents/TGP-Group-Project_Main/FingerGunz/Content/Player/Meshes/Player_Animations/Jump_Anim.uasset" 55
"../../../../../../Users/a016430f/Documents/TGP-Group-Project_Main/FingerGunz/Content/Player/Meshes/Player_Animations/Idle_Anim.uasset" 56
"../../../../../../Users/a016430f/Documents/TGP-Group-Project_Main/FingerGunz/Content/Player/Meshes/Player_Animations/Running_Anim.uasset" 57
"../../../../../../Users/a016430f/Documents/TGP-Group-Project_Main/FingerGunz/Content/Player/Meshes/Player_Animations/Player_Move_Anim.uasset" 58
"../../../../../../Users/a016430f/Documents/TGP-Group-Project_Main/FingerGunz/Content/Player/Meshes/Player_Animations/Player_Anim_BP.uasset" 59
"../../../../../../Users/a016430f/Documents/TGP-Group-Project_Main/FingerGunz/Content/Player/Meshes/Player_Glow_Blue.uasset" 60
"../../../../../../Users/a016430f/Documents/TGP-Group-Project_Main/FingerGunz/Content/Player/Meshes/Player_Glow_Green.uasset" 61
"../../../../../../Users/a016430f/Documents/TGP-Group-Project_Main/FingerGunz/Content/Player/Meshes/Player_Glow_Pink.uasset" 62
"../../../../../../Users/a016430f/Documents/TGP-Group-Project_Main/FingerGunz/Content/Player/Meshes/Player_Glow_Yellow.uasset" 63
"../../../../../../Users/a016430f/Documents/TGP-Group-Project_Main/FingerGunz/Content/Player/Player_Struct.uasset" 64
"../../../../../../Users/a016430f/Documents/TGP-Group-Project_Main/FingerGunz/Content/Player/Player_Interface.uasset" 65
"../../../Engine/Content/EngineMaterials/DefaultMaterial.uasset" 66
"../../../Engine/Content/BasicShapes/Sphere.uasset" 67
"../../../../../../Users/a016430f/Documents/TGP-Group-Project_Main/FingerGunz/Content/Player/Weapon_Blueprints/FPush_Blueprint.uasset" 68
"../../../../../../Users/a016430f/Documents/TGP-Group-Project_Main/FingerGunz/Content/Audio/SFX/HPistol_SFX/HPistol_Fire_a.uasset" 69
"../../../../../../Users/a016430f/Documents/TGP-Group-Project_Main/FingerGunz/Content/Audio/SFX/HPistol_SFX/HPistol_Fire_a_Cue.uasset" 70
"../../../../../../Users/a016430f/Documents/TGP-Group-Project_Main/FingerGunz/Content/Audio/SFX/HPistol_SFX/HPistol_Fire_b.uasset" 71
"../../../../../../Users/a016430f/Documents/TGP-Group-Project_Main/FingerGunz/Content/Audio/SFX/HPistol_SFX/HPistol_Fire_b_Cue.uasset" 72
"../../../../../../Users/a016430f/Documents/TGP-Group-Project_Main/FingerGunz/Content/Audio/SFX/HPistol_SFX/HPistol_Fire_c.uasset" 73
"../../../../../../Users/a016430f/Documents/TGP-Group-Project_Main/FingerGunz/Content/Audio/SFX/HPistol_SFX/HPistol_Fire_c_Cue.uasset" 74
"../../../../../../Users/a016430f/Documents/TGP-Group-Project_Main/FingerGunz/Content/Audio/SFX/Misc_SFX/Player_Hit.uasset" 75
"../../../../../../Users/a016430f/Documents/TGP-Group-Project_Main/FingerGunz/Content/Audio/SFX/Misc_SFX/Player_Hit_Cue.uasset" 76
"../../../../../../Users/a016430f/Documents/TGP-Group-Project_Main/FingerGunz/Content/Player/Weapon_Blueprints/HeavyPistol_Blueprint.uasset" 77
"../../../../../../Users/a016430f/Documents/TGP-Group-Project_Main/FingerGunz/Content/Audio/SFX/LPistol_SFX/LPistol_Fire_a.uasset" 78
"../../../../../../Users/a016430f/Documents/TGP-Group-Project_Main/FingerGunz/Content/Audio/SFX/LPistol_SFX/LPistol_Fire_a_Cue.uasset" 79
"../../../../../../Users/a016430f/Documents/TGP-Group-Project_Main/FingerGunz/Content/Audio/SFX/LPistol_SFX/LPistol_Fire_b.uasset" 80
"../../../../../../Users/a016430f/Documents/TGP-Group-Project_Main/FingerGunz/Content/Audio/SFX/LPistol_SFX/LPistol_Fire_b_Cue.uasset" 81
"../../../../../../Users/a016430f/Documents/TGP-Group-Project_Main/FingerGunz/Content/Audio/SFX/LPistol_SFX/LPistol_Fire_c.uasset" 82
"../../../../../../Users/a016430f/Documents/TGP-Group-Project_Main/FingerGunz/Content/Audio/SFX/LPistol_SFX/LPistol_Fire_c_Cue.uasset" 83
"../../../../../../Users/a016430f/Documents/TGP-Group-Project_Main/FingerGunz/Content/Player/Weapon_Blueprints/LPistol_Blueprint.uasset" 84
"../../../../../../Users/a016430f/Documents/TGP-Group-Project_Main/FingerGunz/Content/Materials/Power_Up_Materials/Spd_Up_UV.uasset" 85
"../../../../../../Users/a016430f/Documents/TGP-Group-Project_Main/FingerGunz/Content/Materials/Weapon_Materials/Pickup_Glow_Shotgun.uasset" 86
"../../../Engine/Content/TemplateResources/M_Template_Master.uasset" 87
"../../../Engine/Content/TemplateResources/MI_Template_BaseBlue.uasset" 88
"../../../../../../Users/a016430f/Documents/TGP-Group-Project_Main/FingerGunz/Content/Meshes/Power_Up_Pickups/speed_up.uasset" 89
"../../../../../../Users/a016430f/Documents/TGP-Group-Project_Main/FingerGunz/Content/Player/Weapon_Blueprints/Rocket_Pawn_Blueprint.uasset" 90
"../../../../../../Users/a016430f/Documents/TGP-Group-Project_Main/FingerGunz/Content/Audio/SFX/Shotgun_SFX/Shotgun_Fire_a.uasset" 91
"../../../../../../Users/a016430f/Documents/TGP-Group-Project_Main/FingerGunz/Content/Audio/SFX/Shotgun_SFX/Shotgun_Fire_a_Cue.uasset" 92
"../../../../../../Users/a016430f/Documents/TGP-Group-Project_Main/FingerGunz/Content/Audio/SFX/Shotgun_SFX/Shotgun_Fire_b.uasset" 93
"../../../../../../Users/a016430f/Documents/TGP-Group-Project_Main/FingerGunz/Content/Audio/SFX/Shotgun_SFX/Shotgun_Fire_b_Cue.uasset" 94
"../../../../../../Users/a016430f/Documents/TGP-Group-Project_Main/FingerGunz/Content/Audio/SFX/Shotgun_SFX/Shotgun_Fire_c.uasset" 95
"../../../../../../Users/a016430f/Documents/TGP-Group-Project_Main/FingerGunz/Content/Audio/SFX/Shotgun_SFX/Shotgun_Fire_c_Cue.uasset" 96
"../../../../../../Users/a016430f/Documents/TGP-Group-Project_Main/FingerGunz/Content/Player/Weapon_Blueprints/Shotgun_Blueprint.uasset" 97
"../../../../../../Users/a016430f/Documents/TGP-Group-Project_Main/FingerGunz/Content/Player/Meshes/Player_Animations/character_PhysicsAsset.uasset" 98
"../../../../../../Users/a016430f/Documents/TGP-Group-Project_Main/FingerGunz/Content/Player/Meshes/Player_Animations/Player_Skeletal_Mesh.uasset" 99
"../../../../../../Users/a016430f/Documents/TGP-Group-Project_Main/FingerGunz/Content/Player/Meshes/Weapon_Meshes/character_arms_standard_Skeleton.uasset" 100
"../../../../../../Users/a016430f/Documents/TGP-Group-Project_Main/FingerGunz/Content/Player/Meshes/Weapon_Meshes/character_arms_Heavy.uasset" 101
"../../../../../../Users/a016430f/Documents/TGP-Group-Project_Main/FingerGunz/Content/Player/Meshes/Weapon_Meshes/character_arms_shotgun.uasset" 102
"../../../../../../Users/a016430f/Documents/TGP-Group-Project_Main/FingerGunz/Content/Player/Meshes/Weapon_Meshes/character_arms_standard.uasset" 103
"../../../../../../Users/a016430f/Documents/TGP-Group-Project_Main/FingerGunz/Content/Player/Player_BluePrint.uasset" 104
"../../../../../../Users/a016430f/Documents/TGP-Group-Project_Main/FingerGunz/Content/Materials/FingerGunzGamemode.uasset" 105
"../../../../../../Users/a016430f/Documents/TGP-Group-Project_Main/FingerGunz/Content/Materials/Glow.uasset" 106
"../../../../../../Users/a016430f/Documents/TGP-Group-Project_Main/FingerGunz/Content/Materials/Ammo+_UV.uasset" 107
"../../../../../../Users/a016430f/Documents/TGP-Group-Project_Main/FingerGunz/Content/Materials/Pickup_Glow_Firing_Speed.uasset" 108
"../../../../../../Users/a016430f/Documents/TGP-Group-Project_Main/FingerGunz/Content/Materials/Spd_Up_UV.uasset" 109
"../../../../../../Users/a016430f/Documents/TGP-Group-Project_Main/FingerGunz/Content/Materials/Pickup_Glow_Shield.uasset" 110
"../../../../../../Users/a016430f/Documents/TGP-Group-Project_Main/FingerGunz/Content/Materials/Pickup_Glow_Speed_Up.uasset" 111
"../../../../../../Users/a016430f/Documents/TGP-Group-Project_Main/FingerGunz/Content/Materials/Shield_UV.uasset" 112
"../../../../../../Users/a016430f/Documents/TGP-Group-Project_Main/FingerGunz/Content/Materials/Cube.uasset" 113
"../../../../../../Users/a016430f/Documents/TGP-Group-Project_Main/FingerGunz/Content/Materials/Wall.uasset" 114
"../../../../../../Users/a016430f/Documents/TGP-Group-Project_Main/FingerGunz/Content/Materials/Coloured_Wall_Textures/Wall_Texture_White.uasset" 115
"../../../../../../Users/a016430f/Documents/TGP-Group-Project_Main/FingerGunz/Content/Materials/Power_Up_Materials/Shield_UV.uasset" 116
"../../../../../../Users/a016430f/Documents/TGP-Group-Project_Main/FingerGunz/Content/Meshes/GlowWalls/Cube1-1.uasset" 117
"../../../../../../Users/a016430f/Documents/TGP-Group-Project_Main/FingerGunz/Content/Meshes/GlowWalls/lambert1.uasset" 118
"../../../../../../Users/a016430f/Documents/TGP-Group-Project_Main/FingerGunz/Content/Meshes/GlowWalls/Slope1-3.uasset" 119
"../../../../../../Users/a016430f/Documents/TGP-Group-Project_Main/FingerGunz/Content/Meshes/GlowWalls/Slope2-2.uasset" 120
"../../../../../../Users/a016430f/Documents/TGP-Group-Project_Main/FingerGunz/Content/Meshes/GlowWalls/Slope2-4.uasset" 121
"../../../../../../Users/a016430f/Documents/TGP-Group-Project_Main/FingerGunz/Content/Meshes/GlowWalls/Slope4.uasset" 122
"../../../../../../Users/a016430f/Documents/TGP-Group-Project_Main/FingerGunz/Content/Materials/Coloured_Wall_Textures/Wall_Texture.uasset" 123
"../../../../../../Users/a016430f/Documents/TGP-Group-Project_Main/FingerGunz/Content/Meshes/GlowWalls/CubeWalls/BlueWalls.uasset" 124
"../../../../../../Users/a016430f/Documents/TGP-Group-Project_Main/FingerGunz/Content/Materials/Coloured_Wall_Textures/Wall_Texture_Green.uasset" 125
"../../../../../../Users/a016430f/Documents/TGP-Group-Project_Main/FingerGunz/Content/Meshes/GlowWalls/CubeWalls/GreenWalls.uasset" 126
"../../../../../../Users/a016430f/Documents/TGP-Group-Project_Main/FingerGunz/Content/Materials/Coloured_Wall_Textures/Wall_Texture_Red.uasset" 127
"../../../../../../Users/a016430f/Documents/TGP-Group-Project_Main/FingerGunz/Content/Meshes/GlowWalls/CubeWalls/RedWalls.uasset" 128
"../../../../../../Users/a016430f/Documents/TGP-Group-Project_Main/FingerGunz/Content/Materials/Coloured_Wall_Textures/Wall_Texture_Yellow.uasset" 129
"../../../../../../Users/a016430f/Documents/TGP-Group-Project_Main/FingerGunz/Content/Meshes/GlowWalls/CubeWalls/YellowWalls.uasset" 130
"../../../../../../Users/a016430f/Documents/TGP-Group-Project_Main/FingerGunz/Content/Particles/LaserBeam.uasset" 131
"../../../../../../Users/a016430f/Documents/TGP-Group-Project_Main/FingerGunz/Content/Particles/LaserBeamParticle.uasset" 132
"../../../../../../Users/a016430f/Documents/TGP-Group-Project_Main/FingerGunz/Content/Particles/BeamActorBP.uasset" 133
"../../../../../../Users/a016430f/Documents/TGP-Group-Project_Main/FingerGunz/Content/Particles/Glowy.uasset" 134
"../../../../../../Users/a016430f/Documents/TGP-Group-Project_Main/FingerGunz/Content/Particles/Glowy_Mat.uasset" 135
"../../../../../../Users/a016430f/Documents/TGP-Group-Project_Main/FingerGunz/Content/Particles/white.uasset" 136
"../../../../../../Users/a016430f/Documents/TGP-Group-Project_Main/FingerGunz/Content/Particles/white_Mat.uasset" 137
"../../../../../../Users/a016430f/Documents/TGP-Group-Project_Main/FingerGunz/Content/HUD/DrawFPS.uasset" 138
"../../../../../../Users/a016430f/Documents/TGP-Group-Project_Main/FingerGunz/Content/HUD/HP_Guage.uasset" 139
"../../../../../../Users/a016430f/Documents/TGP-Group-Project_Main/FingerGunz/Content/HUD/Menu_Assets/MenuAssets/You_Died.uasset" 140
"../../../../../../Users/a016430f/Documents/TGP-Group-Project_Main/FingerGunz/Content/HUD/MainHUD.uasset" 141
"../../../../../../Users/a016430f/Documents/TGP-Group-Project_Main/FingerGunz/Content/Player/E_NumberOfPlayers.uasset" 142
"../../../../../../Users/a016430f/Documents/TGP-Group-Project_Main/FingerGunz/Content/Player/FingerGunzGamemode.uasset" 143
"../../../../../../Users/a016430f/Documents/TGP-Group-Project_Main/FingerGunz/Content/Materials/Power_Up_Materials/Ammo+_UV.uasset" 144
"../../../../../../Users/a016430f/Documents/TGP-Group-Project_Main/FingerGunz/Content/Materials/Power_Up_Materials/Pickup_Glow_Healing.uasset" 145
"../../../../../../Users/a016430f/Documents/TGP-Group-Project_Main/FingerGunz/Content/Player/Player_Spawn_Point.uasset" 146
"../../../../../../Users/a016430f/Documents/TGP-Group-Project_Main/FingerGunz/Content/Player/Meshes/Player_Animations/Falling_To_Landing_Anim.uasset" 147
"../../../../../../Users/a016430f/Documents/TGP-Group-Project_Main/FingerGunz/Content/Player/Weapon_Blueprints/BeamActor.uasset" 148
"../../../Engine/Content/ArtTools/RenderToTexture/Meshes/S_1_Unit_Plane.uasset" 149
"../../../Engine/Content/BasicShapes/Cone.uasset" 150
"../../../Engine/Content/BasicShapes/Cylinder.uasset" 151
"../../../Engine/Content/EditorLandscapeResources/DataLayer.uasset" 152
"../../../Engine/Content/EditorMaterials/GizmoMaterial.uasset" 153
"../../../Engine/Content/EditorMaterials/MAT_Groups_Toggle.uasset" 154
"../../../Engine/Content/EditorMaterials/MAT_Groups_Visibility.uasset" 155
"../../../Engine/Content/EditorMaterials/PreviewShadowIndicator.uasset" 156
"../../../Engine/Content/EditorMaterials/PreviewShadowIndicatorMaterial.uasset" 157
"../../../Engine/Content/EditorMaterials/MatineeGroups/MAT_ColorTrack.uasset" 158
"../../../Engine/Content/EditorMaterials/MatineeGroups/MAT_Groups_Anim.uasset" 159
"../../../Engine/Content/EditorMaterials/MatineeGroups/MAT_Groups_AudioMaster.uasset" 160
"../../../Engine/Content/EditorMaterials/MatineeGroups/MAT_Groups_Director.uasset" 161
"../../../Engine/Content/EditorMaterials/MatineeGroups/MAT_Groups_Event.uasset" 162
"../../../Engine/Content/EditorMaterials/MatineeGroups/MAT_Groups_Fade.uasset" 163
"../../../Engine/Content/EditorMaterials/MatineeGroups/MAT_Groups_Float.uasset" 164
"../../../Engine/Content/EditorMaterials/MatineeGroups/MAT_Groups_Move.uasset" 165
"../../../Engine/Content/EditorMaterials/MatineeGroups/MAT_Groups_Slomo.uasset" 166
"../../../Engine/Content/EditorMaterials/MatineeGroups/MAT_Groups_Sound.uasset" 167
"../../../Engine/Content/EditorMaterials/MatineeGroups/MAT_Groups_Vector.uasset" 168
"../../../Engine/Content/EditorMaterials/ParticleSystems/PSysThumbnail_NoImage.uasset" 169
"../../../Engine/Content/EditorMaterials/ParticleSystems/PSysThumbnail_OOD.uasset" 170
"../../../Engine/Content/EditorMaterials/Camera/CineMat.uasset" 171
"../../../Engine/Content/EditorMaterials/Camera/MI_CineMat_Rig.uasset" 172
"../../../Engine/Content/EditorMeshes/Camera/SM_CraneRig_Arm.uasset" 173
"../../../Engine/Content/EditorMeshes/Camera/SM_CraneRig_Base.uasset" 174
"../../../Engine/Content/EditorMeshes/Camera/SM_CraneRig_Body.uasset" 175
"../../../Engine/Content/EditorMeshes/Camera/SM_CraneRig_Mount.uasset" 176
"../../../Engine/Content/EditorMeshes/Camera/SM_RailRig_Mount.uasset" 177
"../../../Engine/Content/EditorMeshes/Camera/SM_RailRig_Track.uasset" 178
"../../../Engine/Content/EditorResources/BSPVertex.uasset" 179
"../../../Engine/Content/EditorResources/EmptyActor.uasset" 180
"../../../Engine/Content/EditorResources/S_Actor.uasset" 181
"../../../Engine/Content/EditorResources/S_Trigger.uasset" 182
"../../../Engine/Content/EditorResources/SequenceRecorder/Countdown.uasset" 183
"../../../Engine/Content/EditorResources/SequenceRecorder/RecordingIndicator.uasset" 184
"../../../Engine/Content/EditorSounds/Notifications/CompileFailed.uasset" 185
"../../../Engine/Content/EditorSounds/Notifications/CompileFailed_Cue.uasset" 186
"../../../Engine/Content/EditorSounds/Notifications/CompileSuccess.uasset" 187
"../../../Engine/Content/EditorSounds/Notifications/CompileStart_Cue.uasset" 188
"../../../Engine/Content/EditorSounds/Notifications/CompileSuccess_Cue.uasset" 189
"../../../Engine/Content/EngineDamageTypes/DmgTypeBP_Environmental.uasset" 190
"../../../Engine/Content/EngineDebugMaterials/HeatmapGradient.uasset" 191
"../../../Engine/Content/EngineDebugMaterials/BoneWeightMaterial.uasset" 192
"../../../Engine/Content/EngineDebugMaterials/ClothMaterial.uasset" 193
"../../../Engine/Content/EngineDebugMaterials/ClothMaterial_WF.uasset" 194
"../../../Engine/Content/EngineDebugMaterials/DebugEditorMaterial.uasset" 195
"../../../Engine/Content/EngineDebugMaterials/DebugMeshMaterial.uasset" 196
"../../../Engine/Content/EngineDebugMaterials/GeomMaterial.uasset" 197
"../../../Engine/Content/EngineDebugMaterials/M_SimpleTranslucent.uasset" 198
"../../../Engine/Content/EngineFonts/Faces/RobotoBold.uasset" 199
"../../../Engine/Content/EngineFonts/Faces/RobotoBoldItalic.uasset" 200
"../../../Engine/Content/EngineFonts/Faces/RobotoItalic.uasset" 201
"../../../Engine/Content/EngineFonts/Faces/RobotoLight.uasset" 202
"../../../Engine/Content/EngineFonts/Faces/RobotoRegular.uasset" 203
"../../../Engine/Content/EngineFonts/Roboto.uasset" 204
"../../../Engine/Content/EngineFonts/Faces/RobotoTiny.uasset" 205
"../../../Engine/Content/EngineFonts/RobotoTiny.uasset" 206
"../../../Engine/Content/EngineMaterials/BaseFlattenDiffuseMap.uasset" 207
"../../../Engine/Content/EngineMaterials/BaseFlattenEmissiveMap.uasset" 208
"../../../Engine/Content/EngineMaterials/BaseFlattenGrayscaleMap.uasset" 209
"../../../Engine/Content/EngineMaterials/BaseFlattenNormalMap.uasset" 210
"../../../Engine/Content/EngineMaterials/BaseFlattenMaterial.uasset" 211
"../../../Engine/Content/EngineMaterials/DefaultBloomKernel.uasset" 212
"../../../Engine/Content/EngineMaterials/DefaultBokeh.uasset" 213
"../../../Engine/Content/EngineMaterials/DefaultDiffuse.uasset" 214
"../../../Engine/Content/EngineMaterials/DefaultDeferredDecalMaterial.uasset" 215
"../../../Engine/Content/EngineMaterials/DefaultLightFunctionMaterial.uasset" 216
"../../../Engine/Content/EngineMaterials/DefaultPhysicalMaterial.uasset" 217
"../../../Engine/Content/Functions/Engine_MaterialFunctions02/Utility/BreakOutFloat2Components.uasset" 218
"../../../Engine/Content/EngineMaterials/DefaultPostProcessMaterial.uasset" 219
"../../../Engine/Content/EngineFonts/RobotoDistanceField.uasset" 220
"../../../Engine/Content/EngineMaterials/DefaultTextMaterialOpaque.uasset" 221
"../../../Engine/Content/EngineMaterials/DefaultWhiteGrid.uasset" 222
"../../../Engine/Content/EngineMaterials/EditorBrushMaterial.uasset" 223
"../../../Engine/Content/EngineMaterials/Good64x64TilingNoiseHighFreq.uasset" 224
"../../../Engine/Content/EngineMaterials/MiniFont.uasset" 225
"../../../Engine/Content/EngineMaterials/InvalidLightmapSettings.uasset" 226
"../../../Engine/Content/EngineMaterials/M_InvalidLightmapSettings.uasset" 227
"../../../Engine/Content/Functions/Engine_MaterialFunctions02/WorldPositionOffset/CameraOffset.uasset" 228
"../../../Engine/Content/EngineMaterials/PhAT_JointLimitMaterial.uasset" 229
"../../../Engine/Content/EngineMaterials/PreintegratedSkinBRDF.uasset" 230
"../../../Engine/Content/EngineMaterials/RemoveSurfaceMaterial.uasset" 231
"../../../Engine/Content/EngineMaterials/WeightMapPlaceholderTexture.uasset" 232
"../../../Engine/Content/EngineResources/WhiteSquareTexture.uasset" 233
"../../../Engine/Content/EngineMaterials/Widget3DPassThrough.uasset" 234
"../../../Engine/Content/EngineMaterials/Widget3DPassThrough_Masked.uasset" 235
"../../../Engine/Content/EngineMaterials/Widget3DPassThrough_Opaque.uasset" 236
"../../../Engine/Content/EngineMaterials/Widget3DPassThrough_Masked_OneSided.uasset" 237
"../../../Engine/Content/EngineMaterials/Widget3DPassThrough_Opaque_OneSided.uasset" 238
"../../../Engine/Content/EngineMaterials/Widget3DPassThrough_Translucent.uasset" 239
"../../../Engine/Content/EngineMaterials/Widget3DPassThrough_Translucent_OneSided.uasset" 240
"../../../Engine/Content/EngineMeshes/Cylinder.uasset" 241
"../../../Engine/Content/EngineMeshes/Sphere.uasset" 242
"../../../Engine/Content/EngineResources/Black.uasset" 243
"../../../Engine/Content/EngineResources/DefaultTexture.uasset" 244
"../../../Engine/Content/EngineResources/DefaultTextureCube.uasset" 245
"../../../Engine/Content/EngineResources/DefaultVolumeTexture2D.uasset" 246
"../../../Engine/Content/EngineResources/DefaultVolumeTexture.uasset" 247
"../../../Engine/Content/EngineResources/GradientTexture0.uasset" 248
"../../../Engine/Content/EngineSounds/Master.uasset" 249
"../../../Engine/Content/Functions/Engine_MaterialFunctions01/Shading/ConvertFromDiffSpec.uasset" 250
"../../../Engine/Content/Functions/Engine_MaterialFunctions01/Shading/PowerToRoughness.uasset" 251
"../../../Engine/Content/Maps/Templates/Thumbnails/Default.uasset" 252
"../../../Engine/Content/Maps/Templates/Thumbnails/VR-Basic.uasset" 253
"../../../Engine/Content/MobileResources/T_MobileControls_texture.uasset" 254
"../../../Engine/Content/MobileResources/T_MobileMenu2.uasset" 255
"../../../Engine/Content/MobileResources/HUD/AnalogHat.uasset" 256
"../../../Engine/Content/MobileResources/HUD/VirtualJoystick_Background.uasset" 257
"../../../Engine/Content/MobileResources/HUD/VirtualJoystick_Thumb.uasset" 258
"../../../Engine/Content/MobileResources/HUD/DefaultVirtualJoysticks.uasset" 259
"../../../Engine/Content/MobileResources/HUD/LeftVirtualJoystickOnly.uasset" 260
"../../../Engine/Content/MobileResources/HUD/MobileHUDButton1_off.uasset" 261
"../../../Engine/Content/MobileResources/HUD/MobileHUDButton1_on.uasset" 262
"../../../Engine/Content/MobileResources/HUD/MobileHUDButton2_off.uasset" 263
"../../../Engine/Content/MobileResources/HUD/MobileHUDButton2_on.uasset" 264
"../../../Engine/Content/MobileResources/HUD/MobileHUDButton3.uasset" 265
"../../../Engine/Content/MobileResources/HUD/MobileHUDButtonFire.uasset" 266
"../../../Engine/Content/MobileResources/HUD/MobileHUDDirectionPad.uasset" 267
"../../../Engine/Content/MobileResources/HUD/MobileHUDDirectionPad2.uasset" 268
"../../../Engine/Content/MobileResources/HUD/MobileHUDDirectionPad3.uasset" 269
"../../../Engine/Content/MobileResources/HUD/MobileHUDDirectionStick.uasset" 270
"../../../Engine/Content/MobileResources/HUD/T_Castle_ThumbstickInner.uasset" 271
"../../../Engine/Content/MobileResources/HUD/T_Castle_ThumbstickOutter.uasset" 272
"../../../Engine/Content/Tutorial/ContentIntroCurve.uasset" 273
"../../../Engine/Content/VREditor/LaserPointer/VR_LaserPower_01.uasset" 274
"../../../Engine/Content/VREditor/TransformGizmo/TransformGizmoMaterial.uasset" 275
"../../../Engine/Content/VREditor/TransformGizmo/TranslucentTransformGizmoMaterial.uasset" 276
"../../../Engine/Content/VREditor/TransformGizmo/BoundingBoxCorner.uasset" 277
"../../../Engine/Content/VREditor/TransformGizmo/BoundingBoxEdge.uasset" 278
"../../../Engine/Content/VREditor/TransformGizmo/PlaneTranslationHandle.uasset" 279
"../../../Engine/Content/VREditor/TransformGizmo/Main.uasset" 280
"../../../Engine/Content/VREditor/TransformGizmo/Xray.uasset" 281
"../../../Engine/Content/VREditor/TransformGizmo/SM_Sequencer_Key.uasset" 282
"../../../Engine/Content/VREditor/TransformGizmo/SM_Sequencer_Node.uasset" 283
"../../Plugins/2D/Paper2D/Content/PlaceholderTextures/DummySpriteTexture.uasset" 284
"../../Plugins/2D/Paper2D/Content/DummySprite.uasset" 285
"../../Plugins/2D/Paper2D/Content/DefaultPaperTerrainMaterial.uasset" 286
"../../Plugins/2D/Paper2D/Content/DefaultSpriteMaterial.uasset" 287
"../../Plugins/2D/Paper2D/Content/MaskedUnlitSpriteMaterial.uasset" 288
"../../Plugins/2D/Paper2D/Content/OpaqueUnlitSpriteMaterial.uasset" 289
"../../Plugins/Runtime/Oculus/OculusVR/Content/Materials/PokeAHoleMaterial.uasset" 290
"../../Plugins/Runtime/Oculus/OculusVR/Content/Textures/GearVRController_AO.uasset" 291
"../../Plugins/Runtime/Oculus/OculusVR/Content/Textures/GearVRController_Color.uasset" 292
"../../Plugins/Runtime/Oculus/OculusVR/Content/Textures/GearVRController_Normal.uasset" 293
"../../Plugins/Runtime/Oculus/OculusVR/Content/Materials/GearVRControllerMaterial.uasset" 294
"../../Plugins/Runtime/Oculus/OculusVR/Content/Meshes/GearVrController.uasset" 295
"../../Plugins/Runtime/Oculus/OculusVR/Content/Textures/touchController_albedo.uasset" 296
"../../Plugins/Runtime/Oculus/OculusVR/Content/Textures/touchController_controlmap.uasset" 297
"../../Plugins/Runtime/Oculus/OculusVR/Content/Materials/touchController_mat.uasset" 298
"../../Plugins/Runtime/Oculus/OculusVR/Content/Meshes/LeftTouchController.uasset" 299
"../../Plugins/Runtime/Oculus/OculusVR/Content/Meshes/RiftHMD.uasset" 300
"../../Plugins/Runtime/Oculus/OculusVR/Content/Meshes/RightTouchController.uasset" 301
"../../../../../../Users/a016430f/Documents/TGP-Group-Project_Main/FingerGunz/Content/Blueprints/GlowWalls/Cube1-3.uasset" 302
"../../../../../../Users/a016430f/Documents/TGP-Group-Project_Main/FingerGunz/Content/Blueprints/GlowWalls/Cube2-2.uasset" 303
"../../../../../../Users/a016430f/Documents/TGP-Group-Project_Main/FingerGunz/Content/Blueprints/GlowWalls/Cube3-2.uasset" 304
"../../../../../../Users/a016430f/Documents/TGP-Group-Project_Main/FingerGunz/Content/Blueprints/GlowWalls/Cube4-2.uasset" 305
"../../../../../../Users/a016430f/Documents/TGP-Group-Project_Main/FingerGunz/Content/Materials/Coloured_Wall_Textures/Small_Wall_Red.uasset" 306
"../../../../../../Users/a016430f/Documents/TGP-Group-Project_Main/FingerGunz/Content/Blueprints/GlowWalls/Plane16-2.uasset" 307
"../../../../../../Users/a016430f/Documents/TGP-Group-Project_Main/FingerGunz/Content/Blueprints/GlowWalls/Plane16-4.uasset" 308
"../../../../../../Users/a016430f/Documents/TGP-Group-Project_Main/FingerGunz/Content/Blueprints/GlowWalls/Plane2-1.uasset" 309
"../../../../../../Users/a016430f/Documents/TGP-Group-Project_Main/FingerGunz/Content/Blueprints/GlowWalls/Plane2-2.uasset" 310
"../../../../../../Users/a016430f/Documents/TGP-Group-Project_Main/FingerGunz/Content/Blueprints/GlowWalls/Plane2-3.uasset" 311
"../../../../../../Users/a016430f/Documents/TGP-Group-Project_Main/FingerGunz/Content/Blueprints/GlowWalls/Plane3-1.uasset" 312
"../../../../../../Users/a016430f/Documents/TGP-Group-Project_Main/FingerGunz/Content/Blueprints/GlowWalls/Plane3-3.uasset" 313
"../../../../../../Users/a016430f/Documents/TGP-Group-Project_Main/FingerGunz/Content/Blueprints/GlowWalls/Plane4-1.uasset" 314
"../../../../../../Users/a016430f/Documents/TGP-Group-Project_Main/FingerGunz/Content/Blueprints/GlowWalls/Plane4-4.uasset" 315
"../../../../../../Users/a016430f/Documents/TGP-Group-Project_Main/FingerGunz/Content/Blueprints/GlowWalls/Slope1-2.uasset" 316
"../../../../../../Users/a016430f/Documents/TGP-Group-Project_Main/FingerGunz/Content/Meshes/GlowWalls/Slope1-1.uasset" 317
"../../../../../../Users/a016430f/Documents/TGP-Group-Project_Main/FingerGunz/Content/Blueprints/GlowWalls/SlopeSide1-1.uasset" 318
"../../../../../../Users/a016430f/Documents/TGP-Group-Project_Main/FingerGunz/Content/Materials/Power_Up_Materials/Pickup_Glow_Shield.uasset" 319
"../../../../../../Users/a016430f/Documents/TGP-Group-Project_Main/FingerGunz/Content/Audio/SFX/PowerUp_Pickups/Shield_Pickup_Effect.uasset" 320
"../../../../../../Users/a016430f/Documents/TGP-Group-Project_Main/FingerGunz/Content/Audio/SFX/PowerUp_Pickups/Shield_Pickup_Effect_Cue.uasset" 321
"../../../../../../Users/a016430f/Documents/TGP-Group-Project_Main/FingerGunz/Content/Audio/SFX/PowerUp_Pickups/Shield_Pickup_Effect_Cue1.uasset" 322
"../../../../../../Users/a016430f/Documents/TGP-Group-Project_Main/FingerGunz/Content/Meshes/Power_Up_Pickups/shield.uasset" 323
"../../../../../../Users/a016430f/Documents/TGP-Group-Project_Main/FingerGunz/Content/Meshes/Power_Up_Pickups/Shield_BP.uasset" 324
"../../../../../../Users/a016430f/Documents/TGP-Group-Project_Main/FingerGunz/Content/Materials/Power_Up_Materials/Pickup_Glow_Speed_Up.uasset" 325
"../../../../../../Users/a016430f/Documents/TGP-Group-Project_Main/FingerGunz/Content/Audio/SFX/PowerUp_Pickups/SPD_Up_Pickup.uasset" 326
"../../../../../../Users/a016430f/Documents/TGP-Group-Project_Main/FingerGunz/Content/Audio/SFX/PowerUp_Pickups/SPD_Up_Pickup_Cue.uasset" 327
"../../../../../../Users/a016430f/Documents/TGP-Group-Project_Main/FingerGunz/Content/Audio/SFX/PowerUp_Pickups/SPD_Up_Effect.uasset" 328
"../../../../../../Users/a016430f/Documents/TGP-Group-Project_Main/FingerGunz/Content/Audio/SFX/PowerUp_Pickups/SPD_Up_Pickup_Effect_Cue.uasset" 329
"../../../../../../Users/a016430f/Documents/TGP-Group-Project_Main/FingerGunz/Content/Meshes/Power_Up_Pickups/Spd_UP_BP.uasset" 330
"../../../../../../Users/a016430f/Documents/TGP-Group-Project_Main/FingerGunz/Content/Audio/SFX/HPistol_SFX/HPistol_Pickup_Cocking.uasset" 331
"../../../../../../Users/a016430f/Documents/TGP-Group-Project_Main/FingerGunz/Content/Audio/SFX/HPistol_SFX/HPistol_Pickup_Cocking_Cue.uasset" 332
"../../../../../../Users/a016430f/Documents/TGP-Group-Project_Main/FingerGunz/Content/Audio/SFX/HPistol_SFX/HPIstol_Pickup_SFX.uasset" 333
"../../../../../../Users/a016430f/Documents/TGP-Group-Project_Main/FingerGunz/Content/Audio/SFX/HPistol_SFX/HPIstol_Pickup_SFX_Cue.uasset" 334
"../../../../../../Users/a016430f/Documents/TGP-Group-Project_Main/FingerGunz/Content/Materials/Weapon_Materials/Pickup_Glow_HPistol.uasset" 335
"../../../../../../Users/a016430f/Documents/TGP-Group-Project_Main/FingerGunz/Content/Meshes/Weapon_Pickups/heavy_pistol_pickup.uasset" 336
"../../../../../../Users/a016430f/Documents/TGP-Group-Project_Main/FingerGunz/Content/Meshes/Weapon_Pickups/H_Pistol_BP.uasset" 337
"../../../../../../Users/a016430f/Documents/TGP-Group-Project_Main/FingerGunz/Content/Meshes/Weapon_Pickups/rocket_launcher_pickup.uasset" 338
"../../../../../../Users/a016430f/Documents/TGP-Group-Project_Main/FingerGunz/Content/Meshes/Weapon_Pickups/Rockt_Launcher_BP.uasset" 339
"../../../../../../Users/a016430f/Documents/TGP-Group-Project_Main/FingerGunz/Content/Audio/SFX/Shotgun_SFX/Shotgun_Pickup_Pump_SFX.uasset" 340
"../../../../../../Users/a016430f/Documents/TGP-Group-Project_Main/FingerGunz/Content/Audio/SFX/Shotgun_SFX/Shotgun_Pickup_Pump_SFX_Cue.uasset" 341
"../../../../../../Users/a016430f/Documents/TGP-Group-Project_Main/FingerGunz/Content/Audio/SFX/Shotgun_SFX/Shotgun_Pickup_SFX.uasset" 342
"../../../../../../Users/a016430f/Documents/TGP-Group-Project_Main/FingerGunz/Content/Audio/SFX/Shotgun_SFX/Shotgun_Pickup_SFX_Cue.uasset" 343
"../../../../../../Users/a016430f/Documents/TGP-Group-Project_Main/FingerGunz/Content/Meshes/Weapon_Pickups/shotgun_pickup.uasset" 344
"../../../../../../Users/a016430f/Documents/TGP-Group-Project_Main/FingerGunz/Content/Meshes/Weapon_Pickups/Shotgun_BP.uasset" 345
"../../../../../../Users/a016430f/Documents/TGP-Group-Project_Main/FingerGunz/Content/WorldHazards/Death_Barrier.uasset" 346
"../../../../../../Users/a016430f/Documents/TGP-Group-Project_Main/FingerGunz/Content/WorldHazards/Death_Pit_Blueprint.uasset" 347
"../../../../../../Users/a016430f/Documents/TGP-Group-Project_Main/FingerGunz/Content/Maps/DM_ABYSS_BuiltData.uasset" 348
"../../../Engine/Content/BasicShapes/Cube.uasset" 349
"../../../../../../Users/a016430f/Documents/TGP-Group-Project_Main/FingerGunz/Content/Maps/DM_ABYSS.umap" 350
"../../../../../../Users/a016430f/Documents/TGP-Group-Project_Main/FingerGunz/Content/Blueprints/GlowWalls/Plane1-1.uasset" 351
"../../../../../../Users/a016430f/Documents/TGP-Group-Project_Main/FingerGunz/Content/Blueprints/GlowWalls/Plane2-4.uasset" 352
"../../../../../../Users/a016430f/Documents/TGP-Group-Project_Main/FingerGunz/Content/Blueprints/GlowWalls/Plane4-3.uasset" 353
"../../../../../../Users/a016430f/Documents/TGP-Group-Project_Main/FingerGunz/Content/Blueprints/GlowWalls/Plane4-8.uasset" 354
"../../../../../../Users/a016430f/Documents/TGP-Group-Project_Main/FingerGunz/Content/Blueprints/GlowWalls/Plane5-1.uasset" 355
"../../../../../../Users/a016430f/Documents/TGP-Group-Project_Main/FingerGunz/Content/Blueprints/GlowWalls/Plane5-2.uasset" 356
"../../../../../../Users/a016430f/Documents/TGP-Group-Project_Main/FingerGunz/Content/Blueprints/GlowWalls/Plane5-3.uasset" 357
"../../../../../../Users/a016430f/Documents/TGP-Group-Project_Main/FingerGunz/Content/Blueprints/GlowWalls/Plane5-5.uasset" 358
"../../../../../../Users/a016430f/Documents/TGP-Group-Project_Main/FingerGunz/Content/Blueprints/GlowWalls/Plane6-2.uasset" 359
"../../../../../../Users/a016430f/Documents/TGP-Group-Project_Main/FingerGunz/Content/Blueprints/GlowWalls/Plane6-3.uasset" 360
"../../../../../../Users/a016430f/Documents/TGP-Group-Project_Main/FingerGunz/Content/Blueprints/GlowWalls/Plane7-3.uasset" 361
"../../../../../../Users/a016430f/Documents/TGP-Group-Project_Main/FingerGunz/Content/Blueprints/GlowWalls/Plane8-3.uasset" 362
"../../../../../../Users/a016430f/Documents/TGP-Group-Project_Main/FingerGunz/Content/Blueprints/GlowWalls/Plane8-8.uasset" 363
"../../../../../../Users/a016430f/Documents/TGP-Group-Project_Main/FingerGunz/Content/Blueprints/GlowWalls/Plane9-3.uasset" 364
"../../../../../../Users/a016430f/Documents/TGP-Group-Project_Main/FingerGunz/Content/Blueprints/GlowWalls/Slope1-4.uasset" 365
"../../../../../../Users/a016430f/Documents/TGP-Group-Project_Main/FingerGunz/Content/Materials/Power_Up_Materials/Pickup_Glow_Firing_Speed.uasset" 366
"../../../../../../Users/a016430f/Documents/TGP-Group-Project_Main/FingerGunz/Content/Meshes/Power_Up_Pickups/firing_boost.uasset" 367
"../../../../../../Users/a016430f/Documents/TGP-Group-Project_Main/FingerGunz/Content/Meshes/Power_Up_Pickups/FM_BP.uasset" 368
"../../../../../../Users/a016430f/Documents/TGP-Group-Project_Main/FingerGunz/Content/Audio/SFX/PowerUp_Pickups/Heal.uasset" 369
"../../../../../../Users/a016430f/Documents/TGP-Group-Project_Main/FingerGunz/Content/Audio/SFX/PowerUp_Pickups/Heal_Cue.uasset" 370
"../../../../../../Users/a016430f/Documents/TGP-Group-Project_Main/FingerGunz/Content/Meshes/Power_Up_Pickups/heal.uasset" 371
"../../../../../../Users/a016430f/Documents/TGP-Group-Project_Main/FingerGunz/Content/Meshes/Power_Up_Pickups/Heal_BP.uasset" 372
"../../../../../../Users/a016430f/Documents/TGP-Group-Project_Main/FingerGunz/Content/Materials/Coloured_Wall_Textures/Small_Wall_Blue.uasset" 373
"../../../../../../Users/a016430f/Documents/TGP-Group-Project_Main/FingerGunz/Content/Materials/Coloured_Wall_Textures/Small_Wall_Green.uasset" 374
"../../../../../../Users/a016430f/Documents/TGP-Group-Project_Main/FingerGunz/Content/Materials/Coloured_Wall_Textures/Small_Wall_Yellow.uasset" 375
"../../../../../../Users/a016430f/Documents/TGP-Group-Project_Main/FingerGunz/Content/Materials/Smallwall.uasset" 376
"../../../../../../Users/a016430f/Documents/TGP-Group-Project_Main/FingerGunz/Content/Maps/DM_COLOSSEUM.umap" 377
"../../../../../../Users/a016430f/Documents/TGP-Group-Project_Main/FingerGunz/Content/Blueprints/GlowWalls/Cube1-2.uasset" 378
"../../../../../../Users/a016430f/Documents/TGP-Group-Project_Main/FingerGunz/Content/Blueprints/GlowWalls/Cube1-6.uasset" 379
"../../../../../../Users/a016430f/Documents/TGP-Group-Project_Main/FingerGunz/Content/Blueprints/GlowWalls/Cube1-7.uasset" 380
"../../../../../../Users/a016430f/Documents/TGP-Group-Project_Main/FingerGunz/Content/Blueprints/GlowWalls/Cube2-3.uasset" 381
"../../../../../../Users/a016430f/Documents/TGP-Group-Project_Main/FingerGunz/Content/Blueprints/GlowWalls/Cube2-4.uasset" 382
"../../../../../../Users/a016430f/Documents/TGP-Group-Project_Main/FingerGunz/Content/Blueprints/GlowWalls/Plane5-4.uasset" 383
"../../../../../../Users/a016430f/Documents/TGP-Group-Project_Main/FingerGunz/Content/Blueprints/GlowWalls/Plane6-1.uasset" 384
"../../../../../../Users/a016430f/Documents/TGP-Group-Project_Main/FingerGunz/Content/Blueprints/GlowWalls/Plane7-7.uasset" 385
"../../../../../../Users/a016430f/Documents/TGP-Group-Project_Main/FingerGunz/Content/Blueprints/GlowWalls/Slope1-1.uasset" 386
"../../../../../../Users/a016430f/Documents/TGP-Group-Project_Main/FingerGunz/Content/Blueprints/GlowWalls/Slope1-3.uasset" 387
"../../../../../../Users/a016430f/Documents/TGP-Group-Project_Main/FingerGunz/Content/Meshes/GlowWalls/Slope2-1.uasset" 388
"../../../../../../Users/a016430f/Documents/TGP-Group-Project_Main/FingerGunz/Content/Blueprints/GlowWalls/Slope2-1.uasset" 389
"../../../../../../Users/a016430f/Documents/TGP-Group-Project_Main/FingerGunz/Content/Blueprints/GlowWalls/Slope4.uasset" 390
"../../../../../../Users/a016430f/Documents/TGP-Group-Project_Main/FingerGunz/Content/Blueprints/GlowWalls/SlopeCorner1-1.uasset" 391
"../../../../../../Users/a016430f/Documents/TGP-Group-Project_Main/FingerGunz/Content/Meshes/GlowWalls/Slope1-2.uasset" 392
"../../../../../../Users/a016430f/Documents/TGP-Group-Project_Main/FingerGunz/Content/Blueprints/GlowWalls/SlopeSide1-2.uasset" 393
"../../../../../../Users/a016430f/Documents/TGP-Group-Project_Main/FingerGunz/Content/Maps/DM_FORTRESS.umap" 394
"../../../../../../Users/a016430f/Documents/TGP-Group-Project_Main/FingerGunz/Content/HUD/Menu_Assets/MenuAssets/CONTROLS.uasset" 395
"../../../../../../Users/a016430f/Documents/TGP-Group-Project_Main/FingerGunz/Content/HUD/Menu_Assets/MenuAssets/EXIT.uasset" 396
"../../../../../../Users/a016430f/Documents/TGP-Group-Project_Main/FingerGunz/Content/HUD/Menu_Assets/MenuAssets/Level_Select.uasset" 397
"../../../../../../Users/a016430f/Documents/TGP-Group-Project_Main/FingerGunz/Content/HUD/Menu_Assets/MenuAssets/Logo.uasset" 398
"../../../../../../Users/a016430f/Documents/TGP-Group-Project_Main/FingerGunz/Content/HUD/Menu_Assets/MenuAssets/Menu_Back.uasset" 399
"../../../../../../Users/a016430f/Documents/TGP-Group-Project_Main/FingerGunz/Content/HUD/Menu_Assets/MenuAssets/Morphic_Controller.uasset" 400
"../../../../../../Users/a016430f/Documents/TGP-Group-Project_Main/FingerGunz/Content/HUD/Menu_Assets/MenuAssets/PSD_FILES/Abyss_icon.uasset" 401
"../../../../../../Users/a016430f/Documents/TGP-Group-Project_Main/FingerGunz/Content/HUD/Menu_Assets/MenuAssets/PSD_FILES/Colesseum_Icon.uasset" 402
"../../../../../../Users/a016430f/Documents/TGP-Group-Project_Main/FingerGunz/Content/HUD/Menu_Assets/MenuAssets/PSD_FILES/Fortress_Icon.uasset" 403
"../../../../../../Users/a016430f/Documents/TGP-Group-Project_Main/FingerGunz/Content/HUD/Menu_Assets/MenuAssets/Quick_Play.uasset" 404
"../../../../../../Users/a016430f/Documents/TGP-Group-Project_Main/FingerGunz/Content/HUD/Menu_Assets/MenuAssets/Return.uasset" 405
"../../../../../../Users/a016430f/Documents/TGP-Group-Project_Main/FingerGunz/Content/HUD/Menu_Assets/MenuAssets/Stage_Select_Background.uasset" 406
"../../../../../../Users/a016430f/Documents/TGP-Group-Project_Main/FingerGunz/Content/HUD/Menu_Assets/MenuAssets/Test-Level.uasset" 407
"../../../../../../Users/a016430f/Documents/TGP-Group-Project_Main/FingerGunz/Content/HUD/Menu_Assets/MainMenuWidget.uasset" 408
"../../../../../../Users/a016430f/Documents/TGP-Group-Project_Main/FingerGunz/Content/HUD/Menu_Assets/MainMenuHUD.uasset" 409
"../../../../../../Users/a016430f/Documents/TGP-Group-Project_Main/FingerGunz/Content/HUD/Menu_Assets/MenuGameMode.uasset" 410
"../../../../../../Users/a016430f/Documents/TGP-Group-Project_Main/FingerGunz/Content/Maps/MAIN_MENU.umap" 411
"../../../../../../Users/a016430f/Documents/TGP-Group-Project_Main/FingerGunz/Content/Materials/Wall_Texture.uasset" 412
"../../../../../../Users/a016430f/Documents/TGP-Group-Project_Main/FingerGunz/Content/Materials/LargeFloor.uasset" 413
"../../../../../../Users/a016430f/Documents/TGP-Group-Project_Main/FingerGunz/Content/Meshes/Weapon_Pickups/force_push_pickup.uasset" 414
"../../../../../../Users/a016430f/Documents/TGP-Group-Project_Main/FingerGunz/Content/Meshes/Weapon_Pickups/FPush_BP.uasset" 415
"../../../../../../Users/a016430f/Documents/TGP-Group-Project_Main/FingerGunz/Content/Audio/Music/misuse-by-kevin-macleod.uasset" 416
"../../../../../../Users/a016430f/Documents/TGP-Group-Project_Main/FingerGunz/Content/Audio/Music/misuse-by-kevin-macleod_Cue.uasset" 417
"../../../../../../Users/a016430f/Documents/TGP-Group-Project_Main/FingerGunz/Content/Audio/Music/phat-sketch-by-kevin-macleod.uasset" 418
"../../../../../../Users/a016430f/Documents/TGP-Group-Project_Main/FingerGunz/Content/Audio/Music/phat-sketch-by-kevin-macleod_Cue.uasset" 419
"../../../../../../Users/a016430f/Documents/TGP-Group-Project_Main/FingerGunz/Content/Audio/Music/rhinoceros-by-kevin-macleod.uasset" 420
"../../../../../../Users/a016430f/Documents/TGP-Group-Project_Main/FingerGunz/Content/Audio/Music/rhinoceros-by-kevin-macleod_Cue.uasset" 421
"../../../../../../Users/a016430f/Documents/TGP-Group-Project_Main/FingerGunz/Content/Audio/Music/special-spotlight-by-kevin-macleod.uasset" 422
"../../../../../../Users/a016430f/Documents/TGP-Group-Project_Main/FingerGunz/Content/Audio/Music/special-spotlight-by-kevin-macleod_Cue.uasset" 423
"../../../../../../Users/a016430f/Documents/TGP-Group-Project_Main/FingerGunz/Content/Maps/Test.umap" 424
"../../../Engine/Content/Maps/Entry_BuiltData.uasset" 425
"../../../Engine/Content/Maps/Entry.umap" 426
