Log file open, 03/22/19 12:33:55
LogWindows: Failed to load 'aqProf.dll' (GetLastError=126)
LogWindows: File 'aqProf.dll' does not exist
LogWindows: Failed to load 'VSPerf140.dll' (GetLastError=126)
LogWindows: File 'VSPerf140.dll' does not exist
LogWindows: Failed to load 'VtuneApi.dll' (GetLastError=126)
LogWindows: File 'VtuneApi.dll' does not exist
LogWindows: Failed to load 'VtuneApi32e.dll' (GetLastError=126)
LogWindows: File 'VtuneApi32e.dll' does not exist
LogInit: Display: Running engine for game: FingerGunz
LogPlatformFile: Not using cached read wrapper
LogTaskGraph: Started task graph with 5 named threads and 23 total threads with 3 sets of task threads.
LogStats: Stats thread started at 0.490703
LogD3D11RHI: Loaded GFSDK_Aftermath_Lib.x64.dll
LogICUInternationalization: Display: ICU TimeZone Detection - Raw Offset: +0:00, Platform Override: ''
LogPluginManager: Mounting plugin Paper2D
LogPluginManager: Mounting plugin AISupport
LogPluginManager: Mounting plugin LightPropagationVolume
LogPluginManager: Mounting plugin CLionSourceCodeAccess
LogPluginManager: Mounting plugin CodeLiteSourceCodeAccess
LogPluginManager: Mounting plugin GitSourceControl
LogPluginManager: Mounting plugin KDevelopSourceCodeAccess
LogPluginManager: Mounting plugin NullSourceCodeAccess
LogPluginManager: Mounting plugin PerforceSourceControl
LogPluginManager: Mounting plugin SubversionSourceControl
LogPluginManager: Mounting plugin UObjectPlugin
LogPluginManager: Mounting plugin VisualStudioCodeSourceCodeAccess
LogPluginManager: Mounting plugin VisualStudioSourceCodeAccess
LogPluginManager: Mounting plugin XCodeSourceCodeAccess
LogPluginManager: Mounting plugin AssetManagerEditor
LogPluginManager: Mounting plugin CryptoKeys
LogPluginManager: Mounting plugin DataValidation
LogPluginManager: Mounting plugin FacialAnimation
LogPluginManager: Mounting plugin GameplayTagsEditor
LogPluginManager: Mounting plugin MacGraphicsSwitching
LogPluginManager: Mounting plugin MeshEditor
LogPluginManager: Mounting plugin MobileLauncherProfileWizard
LogPluginManager: Mounting plugin PluginBrowser
LogPluginManager: Mounting plugin SpeedTreeImporter
LogPluginManager: Mounting plugin DatasmithContent
LogPluginManager: Mounting plugin AlembicImporter
LogPluginManager: Mounting plugin AppleImageUtils
LogPluginManager: Mounting plugin AppleVision
LogPluginManager: Mounting plugin BackChannel
LogPluginManager: Mounting plugin CharacterAI
LogPluginManager: Mounting plugin GeometryCache
LogPluginManager: Mounting plugin HTML5Networking
LogPluginManager: Mounting plugin ProxyLODPlugin
LogPluginManager: Mounting plugin MagicLeap
LogPluginManager: Mounting plugin MagicLeapEmulator
LogPluginManager: Mounting plugin MagicLeapMedia
LogPluginManager: Mounting plugin AndroidMedia
LogPluginManager: Mounting plugin AvfMedia
LogPluginManager: Mounting plugin ImgMedia
LogPluginManager: Mounting plugin LinearTimecode
LogPluginManager: Mounting plugin MediaCompositing
LogPluginManager: Mounting plugin MediaPlayerEditor
LogPluginManager: Mounting plugin WmfMedia
LogPluginManager: Mounting plugin TcpMessaging
LogPluginManager: Mounting plugin UdpMessaging
LogPluginManager: Mounting plugin ActorSequence
LogPluginManager: Mounting plugin LevelSequenceEditor
LogPluginManager: Mounting plugin MatineeToLevelSequence
LogPluginManager: Mounting plugin NetcodeUnitTest
LogPluginManager: Mounting plugin NUTUnrealEngine4
LogPluginManager: Mounting plugin OnlineSubsystemGooglePlay
LogPluginManager: Mounting plugin OnlineSubsystemIOS
LogPluginManager: Mounting plugin OnlineSubsystem
LogPluginManager: Mounting plugin OnlineSubsystemNull
LogPluginManager: Mounting plugin OnlineSubsystemUtils
LogPluginManager: Mounting plugin LauncherChunkInstaller
LogPluginManager: Mounting plugin AndroidDeviceProfileSelector
LogPluginManager: Mounting plugin AndroidMoviePlayer
LogPluginManager: Mounting plugin AndroidPermission
LogPluginManager: Mounting plugin AppleMoviePlayer
LogPluginManager: Mounting plugin ArchVisCharacter
LogPluginManager: Mounting plugin AudioCapture
LogPluginManager: Mounting plugin CableComponent
LogPluginManager: Mounting plugin CustomMeshComponent
LogPluginManager: Mounting plugin EditableMesh
LogPluginManager: Mounting plugin ExampleDeviceProfileSelector
LogPluginManager: Mounting plugin GoogleCloudMessaging
LogPluginManager: Mounting plugin ImmediatePhysics
LogPluginManager: Mounting plugin IOSDeviceProfileSelector
LogPluginManager: Mounting plugin LinuxDeviceProfileSelector
LogPluginManager: Mounting plugin LocationServicesBPLibrary
LogPluginManager: Mounting plugin MobilePatchingUtils
LogPluginManager: Mounting plugin OculusVR
LogPluginManager: Plugin shader directory ../../../Engine/Plugins/Runtime/Oculus/OculusVR/Shaders found
LogPluginManager: Mapping shader source directory ../../../Engine/Plugins/Runtime/Oculus/OculusVR/Shaders to virtual directory /Plugin/OculusVR
LogPluginManager: Mounting plugin PhysXVehicles
LogPluginManager: Mounting plugin ProceduralMeshComponent
LogPluginManager: Mounting plugin RuntimePhysXCooking
LogPluginManager: Mounting plugin SteamVR
LogPluginManager: Mounting plugin WindowsMoviePlayer
LogStreaming: Display: Took  0.290s to configure plugins.
LogInit: Using libcurl 7.55.1-DEV
LogInit:  - built for x86_64-pc-win32
LogInit:  - supports SSL with OpenSSL/1.0.2h
LogInit:  - supports HTTP deflate (compression) using libz 1.2.8
LogInit:  - other features:
LogInit:      CURL_VERSION_SSL
LogInit:      CURL_VERSION_LIBZ
LogInit:      CURL_VERSION_IPV6
LogInit:      CURL_VERSION_ASYNCHDNS
LogInit:      CURL_VERSION_LARGEFILE
LogInit:      CURL_VERSION_IDN
LogInit:  CurlRequestOptions (configurable via config and command line):
LogInit:  - bVerifyPeer = false  - Libcurl will NOT verify peer certificate
LogInit:  - bUseHttpProxy = false  - Libcurl will NOT use HTTP proxy
LogInit:  - bDontReuseConnections = false  - Libcurl will reuse connections
LogInit:  - CertBundlePath = nullptr  - Libcurl will use whatever was configured at build time.
LogInit:  - MaxHostConnections = 16  - Libcurl will limit the number of connections to a host
LogInit:  - LocalHostAddr = Default
LogInit:  - BufferSize = 65536
LogInit: WinSock: version 1.1 (2.2), MaxSocks=32767, MaxUdp=65467
LogInit: Build: ++UE4+Release-4.20-CL-4369336
LogInit: Engine Version: 4.20.3-4369336+++UE4+Release-4.20
LogInit: Compatible Engine Version: 4.20.0-4212847+++UE4+Release-4.20
LogInit: Net CL: 4212847
LogInit: OS: Windows 10 (), CPU:        Intel(R) Xeon(R) CPU E5-1620 0 @ 3.60GHz, GPU: NVIDIA GeForce GTX 660 Ti
LogInit: Compiled (64-bit): Sep 17 2018 12:26:19
LogInit: Compiled with Visual C++: 19.13.26129.00
LogInit: Build Configuration: Development
LogInit: Branch Name: ++UE4+Release-4.20
LogInit: Command Line:  -skipcompile
LogInit: Base Directory: C:/Epic/UE4/UE_4.20/Engine/Binaries/Win64/
LogInit: Installed Engine Build: 1
LogDevObjectVersion: Number of dev versions registered: 20
LogDevObjectVersion:   Dev-Blueprints (B0D832E4-1F89-4F0D-ACCF-7EB736FD4AA2): 10
LogDevObjectVersion:   Dev-Build (E1C64328-A22C-4D53-A36C-8E866417BD8C): 0
LogDevObjectVersion:   Dev-Core (375EC13C-06E4-48FB-B500-84F0262A717E): 2
LogDevObjectVersion:   Dev-Editor (E4B068ED-F494-42E9-A231-DA0B2E46BB41): 24
LogDevObjectVersion:   Dev-Framework (CFFC743F-43B0-4480-9391-14DF171D2073): 34
LogDevObjectVersion:   Dev-Mobile (B02B49B5-BB20-44E9-A304-32B752E40360): 2
LogDevObjectVersion:   Dev-Networking (A4E4105C-59A1-49B5-A7C5-40C4547EDFEE): 0
LogDevObjectVersion:   Dev-Online (39C831C9-5AE6-47DC-9A44-9C173E1C8E7C): 0
LogDevObjectVersion:   Dev-Physics (78F01B33-EBEA-4F98-B9B4-84EACCB95AA2): 0
LogDevObjectVersion:   Dev-Platform (6631380F-2D4D-43E0-8009-CF276956A95A): 0
LogDevObjectVersion:   Dev-Rendering (12F88B9F-8875-4AFC-A67C-D90C383ABD29): 26
LogDevObjectVersion:   Dev-Sequencer (7B5AE74C-D270-4C10-A958-57980B212A5A): 9
LogDevObjectVersion:   Dev-VR (D7296918-1DD6-4BDD-9DE2-64A83CC13884): 2
LogDevObjectVersion:   Dev-LoadTimes (C2A15278-BFE7-4AFE-6C17-90FF531DF755): 1
LogDevObjectVersion:   Private-Geometry (6EACA3D4-40EC-4CC1-B786-8BED09428FC5): 3
LogDevObjectVersion:   Dev-AnimPhys (29E575DD-E0A3-4627-9D10-D276232CDCEA): 17
LogDevObjectVersion:   Dev-ReflectionCapture (6B266CEC-1EC7-4B8F-A30B-E4D90942FC07): 1
LogDevObjectVersion:   Dev-Automation (0DF73D61-A23F-47EA-B727-89E90C41499A): 1
LogDevObjectVersion:   FortniteMain (601D1886-AC64-4F84-AA16-D3DE0DEAC7D6): 12
LogDevObjectVersion:   Dev-Enterprise (9DFFBCD6-494F-0158-E221-12823C92A888): 1
LogStreaming: Display: Took  0.004s to delete old logs.
LogInit: Presizing for max 8388607 objects, including 0 objects not considered by GC, pre-allocating 0 bytes for permanent pool.
LogInit: Object subsystem initialized
[2019.03.22-12.33.56:396][  0]LogInit: Selected Device Profile: [Windows]
[2019.03.22-12.33.56:396][  0]LogInit: Applying CVar settings loaded from the selected device profile: [Windows]
[2019.03.22-12.33.56:419][  0]LogHAL: Display: Platform has ~ 16 GB [17100050432 / 17179869184 / 16], which maps to Larger [LargestMinGB=32, LargerMinGB=12, DefaultMinGB=8, SmallerMinGB=6, SmallestMinGB=0)
[2019.03.22-12.33.56:419][  0]LogInit: Setting Device Profile CVar: [[r.Vulkan.UseRealUBs:1]]
[2019.03.22-12.33.56:419][  0]LogInit: Going up to parent DeviceProfile []
[2019.03.22-12.33.56:420][  0]LogInit: Computer: C108-38
[2019.03.22-12.33.56:420][  0]LogInit: User: a016430f
[2019.03.22-12.33.56:420][  0]LogInit: CPU Page size=4096, Cores=4
[2019.03.22-12.33.56:420][  0]LogInit: High frequency timer resolution =3.507175 MHz
[2019.03.22-12.33.56:420][  0]LogMemory: Memory total: Physical=15.9GB (16GB approx)
[2019.03.22-12.33.56:420][  0]LogMemory: Platform Memory Stats for Windows
[2019.03.22-12.33.56:420][  0]LogMemory: Process Physical Memory: 102.75 MB used, 102.75 MB peak
[2019.03.22-12.33.56:420][  0]LogMemory: Process Virtual Memory: 97.93 MB used, 97.93 MB peak
[2019.03.22-12.33.56:421][  0]LogMemory: Physical Memory: 5838.23 MB used,  10469.65 MB free, 16307.88 MB total
[2019.03.22-12.33.56:421][  0]LogMemory: Virtual Memory: 4646.03 MB used,  10469.65 MB free, 134217728.00 MB total
[2019.03.22-12.33.56:602][  0]LogInit: Using OS detected language (en-US).
[2019.03.22-12.33.56:602][  0]LogInit: Using OS detected locale (en-GB).
[2019.03.22-12.33.56:605][  0]LogTextLocalizationManager: No specific localization for 'en-US' exists, so the 'en' localization will be used.
[2019.03.22-12.33.57:133][  0]LogStreaming: Display: Took  0.531s to InitEngineTextLocalization.
[2019.03.22-12.33.57:133][  0]LogInit: Setting process to per monitor DPI aware
[2019.03.22-12.33.57:220][  0]LogSlate: New Slate User Created.  User Index 0, Is Virtual User: 0
[2019.03.22-12.33.57:221][  0]LogSlate: Slate User Registered.  User Index 0, Is Virtual User: 0
[2019.03.22-12.33.57:639][  0]LogHMD: Failed to initialize OpenVR with code 110
[2019.03.22-12.33.57:639][  0]LogD3D11RHI: D3D11 adapters:
[2019.03.22-12.33.57:767][  0]LogD3D11RHI:    0. 'NVIDIA GeForce GTX 660 Ti' (Feature Level 11_0)
[2019.03.22-12.33.57:767][  0]LogD3D11RHI:       1998/0/8153 MB DedicatedVideo/DedicatedSystem/SharedSystem, Outputs:2, VendorId:0x10de
[2019.03.22-12.33.57:777][  0]LogD3D11RHI:    1. 'Microsoft Basic Render Driver' (Feature Level 11_0)
[2019.03.22-12.33.57:777][  0]LogD3D11RHI:       0/0/8153 MB DedicatedVideo/DedicatedSystem/SharedSystem, Outputs:0, VendorId:0x1414
[2019.03.22-12.33.57:777][  0]LogD3D11RHI: Chosen D3D11 Adapter: 0
[2019.03.22-12.33.57:785][  0]LogD3D11RHI: Creating new Direct3DDevice
[2019.03.22-12.33.57:785][  0]LogD3D11RHI:     GPU DeviceId: 0x1183 (for the marketing name, search the web for "GPU Device Id")
[2019.03.22-12.33.57:785][  0]LogWindows: EnumDisplayDevices:
[2019.03.22-12.33.57:786][  0]LogWindows:    0. 'NVIDIA GeForce GTX 660 Ti' (P:1 D:1)
[2019.03.22-12.33.57:786][  0]LogWindows:    1. 'NVIDIA GeForce GTX 660 Ti' (P:0 D:1)
[2019.03.22-12.33.57:787][  0]LogWindows:    2. 'NVIDIA GeForce GTX 660 Ti' (P:0 D:0)
[2019.03.22-12.33.57:787][  0]LogWindows:    3. 'NVIDIA GeForce GTX 660 Ti' (P:0 D:0)
[2019.03.22-12.33.57:788][  0]LogWindows: DebugString: FoundDriverCount:4 
[2019.03.22-12.33.57:788][  0]LogD3D11RHI:     Adapter Name: NVIDIA GeForce GTX 660 Ti
[2019.03.22-12.33.57:788][  0]LogD3D11RHI:   Driver Version: 398.82 (internal:24.21.13.9882, unified:398.82)
[2019.03.22-12.33.57:788][  0]LogD3D11RHI:      Driver Date: 7-30-2018
[2019.03.22-12.33.57:788][  0]LogRHI: Texture pool is 1398 MB (70% of 1998 MB)
[2019.03.22-12.33.57:855][  0]LogD3D11RHI: Async texture creation enabled
[2019.03.22-12.33.57:874][  0]LogD3D11RHI: GPU Timing Frequency: 1000.000000 (Debug: 2 2)
[2019.03.22-12.33.57:878][  0]LogShaderCompilers: Guid format shader working directory is -22 characters bigger than the processId version (../../../../../../Users/a016430f.STUDENT.000/Documents/TGP-Group-Project/FingerGunz/Intermediate/Shaders/WorkingDirectory/6576/).
[2019.03.22-12.33.57:878][  0]LogShaderCompilers: Cleaned the shader compiler working directory 'C:/Users/a016430f.STUDENT.000/AppData/Local/Temp/UnrealShaderWorkingDir/8C966C9D4336719E0640C69A0FF42BDB/'.
[2019.03.22-12.33.58:358][  0]LogTemp: Display: Loaded TP AllDesktopTargetPlatform
[2019.03.22-12.33.58:380][  0]LogTemp: Display: Loaded TP MacClientTargetPlatform
[2019.03.22-12.33.58:408][  0]LogTemp: Display: Loaded TP MacNoEditorTargetPlatform
[2019.03.22-12.33.58:434][  0]LogTemp: Display: Loaded TP MacServerTargetPlatform
[2019.03.22-12.33.58:463][  0]LogTemp: Display: Loaded TP MacTargetPlatform
[2019.03.22-12.33.58:492][  0]LogTemp: Display: Loaded TP WindowsClientTargetPlatform
[2019.03.22-12.33.58:514][  0]LogTemp: Display: Loaded TP WindowsNoEditorTargetPlatform
[2019.03.22-12.33.58:537][  0]LogTemp: Display: Loaded TP WindowsServerTargetPlatform
[2019.03.22-12.33.58:551][  0]LogTemp: Display: Loaded TP WindowsTargetPlatform
[2019.03.22-12.33.58:660][  0]LogTemp: Display: Loaded TP AndroidTargetPlatform
[2019.03.22-12.33.58:661][  0]LogTemp: Display: Loaded TP AndroidTargetPlatform
[2019.03.22-12.33.58:661][  0]LogTemp: Display: Loaded TP AndroidTargetPlatform
[2019.03.22-12.33.58:661][  0]LogTemp: Display: Loaded TP AndroidTargetPlatform
[2019.03.22-12.33.58:661][  0]LogTemp: Display: Loaded TP AndroidTargetPlatform
[2019.03.22-12.33.58:661][  0]LogTemp: Display: Loaded TP AndroidTargetPlatform
[2019.03.22-12.33.58:661][  0]LogTemp: Display: Loaded TP AndroidTargetPlatform
[2019.03.22-12.33.58:662][  0]LogTemp: Display: Loaded TP AndroidTargetPlatform
[2019.03.22-12.33.58:662][  0]LogTemp: Display: Loaded TP AndroidTargetPlatform
[2019.03.22-12.33.58:662][  0]LogTemp: Display: Loaded TP AndroidTargetPlatform
[2019.03.22-12.33.58:662][  0]LogTemp: Display: Loaded TP AndroidTargetPlatform
[2019.03.22-12.33.58:662][  0]LogTemp: Display: Loaded TP AndroidTargetPlatform
[2019.03.22-12.33.58:662][  0]LogTemp: Display: Loaded TP AndroidTargetPlatform
[2019.03.22-12.33.58:662][  0]LogTemp: Display: Loaded TP AndroidTargetPlatform
[2019.03.22-12.33.58:662][  0]LogTemp: Display: Loaded TP AndroidTargetPlatform
[2019.03.22-12.33.58:662][  0]LogTemp: Display: Loaded TP AndroidTargetPlatform
[2019.03.22-12.33.58:662][  0]LogTemp: Display: Loaded TP AndroidTargetPlatform
[2019.03.22-12.33.58:663][  0]LogTemp: Display: Loaded TP AndroidTargetPlatform
[2019.03.22-12.33.58:668][  0]LogTemp: Display: Loaded TP HTML5TargetPlatform
[2019.03.22-12.33.58:778][  0]LogTemp: Display: Loaded TP IOSTargetPlatform
[2019.03.22-12.33.58:779][  0]LogTemp: Display: Loaded TP IOSTargetPlatform
[2019.03.22-12.33.58:826][  0]LogTemp: Display: Loaded TP TVOSTargetPlatform
[2019.03.22-12.33.58:826][  0]LogTemp: Display: Loaded TP TVOSTargetPlatform
[2019.03.22-12.33.58:851][  0]LogTemp: Display: Loaded TP LinuxClientTargetPlatform
[2019.03.22-12.33.58:875][  0]LogTemp: Display: Loaded TP LinuxNoEditorTargetPlatform
[2019.03.22-12.33.58:898][  0]LogTemp: Display: Loaded TP LinuxServerTargetPlatform
[2019.03.22-12.33.58:920][  0]LogTemp: Display: Loaded TP LinuxTargetPlatform
[2019.03.22-12.33.58:935][  0]LogTemp: Display: Loaded TP LuminTargetPlatform
[2019.03.22-12.33.58:935][  0]LogTargetPlatformManager: Display: Building Assets For Windows
[2019.03.22-12.33.59:168][  0]LogXGEController: Cleaning working directory: C:/Users/a016430f.STUDENT.000/AppData/Local/Temp/UnrealXGEWorkingDir/
[2019.03.22-12.33.59:169][  0]LogXGEController: Cannot use XGE Controller as Incredibuild is not installed on this machine.
[2019.03.22-12.33.59:169][  0]LogShaderCompilers: Cannot use XGE Shader Compiler as Incredibuild is not installed on this machine.
[2019.03.22-12.33.59:169][  0]LogShaderCompilers: Display: Using Local Shader Compiler.
[2019.03.22-12.34.00:647][  0]LogDerivedDataCache: Display: Max Cache Size: 512 MB
[2019.03.22-12.34.00:780][  0]LogDerivedDataCache: Loaded boot cache 0.13s 88MB C:/Users/a016430f.STUDENT.000/AppData/Local/UnrealEngine/4.20/DerivedDataCache/Boot.ddc.
[2019.03.22-12.34.00:781][  0]LogDerivedDataCache: Display: Loaded Boot cache: C:/Users/a016430f.STUDENT.000/AppData/Local/UnrealEngine/4.20/DerivedDataCache/Boot.ddc
[2019.03.22-12.34.00:782][  0]LogDerivedDataCache: FDerivedDataBackendGraph:  Pak pak cache file ../../../../../../Users/a016430f.STUDENT.000/Documents/TGP-Group-Project/FingerGunz/DerivedDataCache/DDC.ddp not found, will not use a pak cache.
[2019.03.22-12.34.00:782][  0]LogDerivedDataCache: Unable to find inner node Pak for hierarchical cache Hierarchy.
[2019.03.22-12.34.00:782][  0]LogDerivedDataCache: FDerivedDataBackendGraph:  CompressedPak pak cache file ../../../../../../Users/a016430f.STUDENT.000/Documents/TGP-Group-Project/FingerGunz/DerivedDataCache/Compressed.ddp not found, will not use a pak cache.
[2019.03.22-12.34.00:782][  0]LogDerivedDataCache: Unable to find inner node CompressedPak for hierarchical cache Hierarchy.
[2019.03.22-12.34.00:810][  0]LogDerivedDataCache: Display: Pak cache opened for reading ../../../Engine/DerivedDataCache/Compressed.ddp.
[2019.03.22-12.34.00:824][  0]LogDerivedDataCache: Using Local data cache path C:/Users/a016430f.STUDENT.000/AppData/Local/UnrealEngine/Common/DerivedDataCache: Writable
[2019.03.22-12.34.00:824][  0]LogDerivedDataCache: Shared data cache path not found in *engine.ini, will not use an Shared cache.
[2019.03.22-12.34.00:825][  0]LogDerivedDataCache: Unable to find inner node Shared for hierarchical cache Hierarchy.
[2019.03.22-12.34.00:857][  0]LogMaterial: Verifying Global Shaders for PCD3D_SM5
[2019.03.22-12.34.00:858][  0]LogSlate: Using FreeType 2.6.0
[2019.03.22-12.34.00:859][  0]LogSlate: SlateFontServices - WITH_FREETYPE: 1, WITH_HARFBUZZ: 1
[2019.03.22-12.34.00:967][  0]LogAssetRegistry: FAssetRegistry took 0.0339 seconds to start up
[2019.03.22-12.34.01:547][  0]LogInit: Selected Device Profile: [Windows]
[2019.03.22-12.34.01:781][  0]LogSimplygon: Simplygon DLL not present - disabling.
[2019.03.22-12.34.01:800][  0]LogMeshReduction: Using SimplygonSwarm for distributed automatic mesh merging
[2019.03.22-12.34.01:800][  0]LogMeshReduction: Using ProxyLODMeshReduction for automatic mesh merging
[2019.03.22-12.34.01:800][  0]LogMeshReduction: Using QuadricMeshReduction for automatic static mesh reduction
[2019.03.22-12.34.01:800][  0]LogMeshReduction: No automatic skeletal mesh reduction module available
[2019.03.22-12.34.01:826][  0]LogNetVersion: FingerGunz 1.0.0, NetCL: 4212847, EngineNetVer: 5, GameNetVer: 0 (Checksum: 1181982473)
[2019.03.22-12.34.02:631][  0]LogPackageLocalizationCache: Processed 11 localized package path(s) for 2 prioritized culture(s) in 0.193266 seconds
[2019.03.22-12.34.02:638][  0]LogUObjectArray: 38425 objects as part of root set at end of initial load.
[2019.03.22-12.34.02:638][  0]LogUObjectAllocator: 6690872 out of 0 bytes used by permanent object pool.
[2019.03.22-12.34.02:638][  0]LogUObjectArray: CloseDisregardForGC: 0/0 objects in disregard for GC pool
[2019.03.22-12.34.04:124][  0]LogTcpMessaging: Initializing TcpMessaging bridge
[2019.03.22-12.34.04:144][  0]LogUdpMessaging: Initializing bridge on interface 0.0.0.0:0 to multicast group 230.0.0.1:6666.
[2019.03.22-12.34.04:363][  0]LogUObjectGlobals: Warning: Failed to find object 'StaticMesh /Game/Meshes/HeavyPistolArm.HeavyPistolArm''
[2019.03.22-12.34.04:364][  0]Error: CDO Constructor (HeavyPistol): Failed to find StaticMesh'/Game/Meshes/HeavyPistolArm.HeavyPistolArm''

[2019.03.22-12.34.04:377][  0]LogUObjectBase: Warning: -------------- Default Property warnings and errors:
[2019.03.22-12.34.04:377][  0]LogUObjectBase: Warning: Error: CDO Constructor (HeavyPistol): Failed to find StaticMesh'/Game/Meshes/HeavyPistolArm.HeavyPistolArm''

[2019.03.22-12.34.04:392][  0]LogWindowsTextInputMethodSystem: Display: IME system now deactivated.
[2019.03.22-12.34.11:773][  0]LogWindowsTextInputMethodSystem: Display: IME system now deactivated.
[2019.03.22-12.34.11:774][  0]LogWindowsTextInputMethodSystem: Display: IME system now deactivated.
[2019.03.22-12.34.11:847][  0]SourceControl: Source control is disabled
[2019.03.22-12.34.11:847][  0]SourceControl: Source control is disabled
[2019.03.22-12.34.11:853][  0]SourceControl: Source control is disabled
[2019.03.22-12.34.11:859][  0]SourceControl: Source control is disabled
[2019.03.22-12.34.12:254][  0]LogAndroidPermission: UAndroidPermissionCallbackProxy::GetInstance
[2019.03.22-12.34.12:381][  0]LogOcInput: OculusInput pre-init called
[2019.03.22-12.34.12:475][  0]LogEngine: Initializing Engine...
[2019.03.22-12.34.12:477][  0]LogHMD: Failed to initialize OpenVR with code 110
[2019.03.22-12.34.12:479][  0]LogStats: UGameplayTagsManager::ConstructGameplayTagTree: ImportINI prefixes -  0.000 s
[2019.03.22-12.34.12:479][  0]LogStats: UGameplayTagsManager::ConstructGameplayTagTree: Construct from data asset -  0.000 s
[2019.03.22-12.34.12:479][  0]LogStats: UGameplayTagsManager::ConstructGameplayTagTree: ImportINI -  0.000 s
[2019.03.22-12.34.12:480][  0]LogStats: UGameplayTagsManager::ConstructGameplayTagTree: GameplayTagTreeChangedEvent.Broadcast -  0.000 s
[2019.03.22-12.34.12:750][  0]LogInit: Initializing FReadOnlyCVARCache
[2019.03.22-12.34.12:782][  0]LogAIModule: Creating AISystem for world Untitled
[2019.03.22-12.34.12:798][  0]LogInit: XAudio2 using 'Speakers (Realtek High Definition Audio)' : 2 channels at 48 kHz using 32 bits per sample (channel mask 0x3)
[2019.03.22-12.34.12:854][  0]LogInit: FAudioDevice initialized.
[2019.03.22-12.34.12:855][  0]LogNetVersion: Set ProjectVersion to 1.0.0.0. Version Checksum will be recalculated on next use.
[2019.03.22-12.34.13:109][  0]LogDerivedDataCache: Saved boot cache 0.25s 88MB C:/Users/a016430f.STUDENT.000/AppData/Local/UnrealEngine/4.20/DerivedDataCache/Boot.ddc.
[2019.03.22-12.34.13:115][  0]LogInit: Texture streaming: Enabled
[2019.03.22-12.34.13:157][  0]LogEngineSessionManager: EngineSessionManager initialized
[2019.03.22-12.34.13:157][  0]LogEngineSessionManager: EngineSessionManager sent abnormal shutdown report. Type=Crashed, SessionId={E20E0FFD-43FD-F00D-F93B-E388BD2B6527}
[2019.03.22-12.34.13:175][  0]LogInit: Transaction tracking system initialized
[2019.03.22-12.34.13:237][  0]BlueprintLog: New page: Editor Load
[2019.03.22-12.34.13:447][  0]LocalizationService: Localization service is disabled
[2019.03.22-12.34.13:885][  0]LogCook: Display: Max memory allowance for cook 16384mb min free memory 0mb
[2019.03.22-12.34.13:886][  0]LogCook: Display: Mobile HDR setting 1
[2019.03.22-12.34.13:886][  0]LogGameplayTags: Display: UGameplayTagsManager::DoneAddingNativeTags. DelegateIsBound: 0
[2019.03.22-12.34.13:886][  0]LogStats: UGameplayTagsManager::ConstructGameplayTagTree: ImportINI prefixes -  0.000 s
[2019.03.22-12.34.13:886][  0]LogStats: UGameplayTagsManager::ConstructGameplayTagTree: Construct from data asset -  0.000 s
[2019.03.22-12.34.13:886][  0]LogStats: UGameplayTagsManager::ConstructGameplayTagTree: ImportINI -  0.000 s
[2019.03.22-12.34.13:887][  0]LogStats: UGameplayTagsManager::ConstructGameplayTagTree: GameplayTagTreeChangedEvent.Broadcast -  0.000 s
[2019.03.22-12.34.14:028][  0]LogFileCache: Scanning file cache for directory 'C:/Users/a016430f.STUDENT.000/Documents/TGP-Group-Project/FingerGunz/Content/' took 0.02s
[2019.03.22-12.34.14:029][  0]LogLinker: Warning: Can't find file '/Engine/BasicShapes/Cube'
[2019.03.22-12.34.14:029][  0]LogLinker: Warning: Can't find file '/Engine/BasicShapes/Cube'
[2019.03.22-12.34.14:029][  0]LogUObjectGlobals: Warning: Failed to find object 'StaticMesh /Engine/BasicShapes/Cube.Cube'
[2019.03.22-12.34.14:203][  0]SourceControl: Source control is disabled
[2019.03.22-12.34.14:204][  0]Cmd: MAP LOAD FILE="../../../../../../Users/a016430f.STUDENT.000/Documents/TGP-Group-Project/FingerGunz/Content/Maps/Test.umap" TEMPLATE=0 SHOWPROGRESS=1 FEATURELEVEL=3
[2019.03.22-12.34.14:205][  0]LightingResults: New page: Lighting Build
[2019.03.22-12.34.14:214][  0]MapCheck: New page: Map Check
[2019.03.22-12.34.14:214][  0]LightingResults: New page: Lighting Build
[2019.03.22-12.34.14:404][  0]LogLinker: Warning: Can't find file '/Game/Maps/Test_BuiltData'
[2019.03.22-12.34.14:405][  0]LogLinker: Warning: Can't find file for asset '/Game/Maps/Test_BuiltData' while loading ../../../../../../Users/a016430f.STUDENT.000/Documents/TGP-Group-Project/FingerGunz/Content/Maps/Test.umap.
[2019.03.22-12.34.14:405][  0]LoadErrors: Error: /Game/Maps/Test : Can't find file for asset. /Game/Maps/Test_BuiltData
[2019.03.22-12.34.14:435][  0]LogLinker: Warning: Can't find file '/Game/Maps/Test_BuiltData'
[2019.03.22-12.34.14:436][  0]LogLinker: Warning: Can't find file for asset '/Game/Maps/Test_BuiltData' while loading ../../../../../../Users/a016430f.STUDENT.000/Documents/TGP-Group-Project/FingerGunz/Content/Maps/Test.umap.
[2019.03.22-12.34.14:436][  0]LoadErrors: Error: /Game/Maps/Test : Can't find file for asset. /Game/Maps/Test_BuiltData
[2019.03.22-12.34.14:444][  0]LogLinker: Warning: Can't find file '/Game/Maps/Test_BuiltData'
[2019.03.22-12.34.14:445][  0]LogLinker: Warning: Can't find file for asset '/Game/Maps/Test_BuiltData' while loading NULL.
[2019.03.22-12.34.14:445][  0]LogLinker: Warning: Can't find file '/Game/Maps/Test_BuiltData'
[2019.03.22-12.34.14:446][  0]LogLinker: Warning: Can't find file for asset '/Game/Maps/Test_BuiltData' while loading NULL.
[2019.03.22-12.34.14:521][  0]LogLinker: Warning: Can't find file '/Game/Maps/Test_BuiltData'
[2019.03.22-12.34.14:521][  0]LoadErrors: Failed to load /Game/Maps/Test_BuiltData.Test_BuiltData Referenced by PersistentLevel
[2019.03.22-12.34.14:522][  0]LogLinker: Warning: Can't find file for asset '/Game/Maps/Test_BuiltData' while loading NULL.
[2019.03.22-12.34.14:522][  0]LoadErrors: Failed to load /Game/Maps/Test_BuiltData.Test_BuiltData Referenced by PersistentLevel
[2019.03.22-12.34.14:720][  0]LogAIModule: Creating AISystem for world Test
[2019.03.22-12.34.15:021][  0]LogEditorServer: Finished looking for orphan Actors (0.000 secs)
[2019.03.22-12.34.15:053][  0]Cmd: MAP CHECKDEP NOCLEARLOG
[2019.03.22-12.34.15:364][  0]MapCheck: Map check complete: 0 Error(s), 0 Warning(s), took 309.912ms to complete.
[2019.03.22-12.34.15:365][  0]LogFileHelpers: Loading map 'Test' took 1.161
[2019.03.22-12.34.15:497][  0]LogSlate: Updating window title bar state: overlay mode, drag disabled, window buttons hidden, title bar hidden
[2019.03.22-12.34.15:509][  0]LogSlate: Updating window title bar state: overlay mode, drag disabled, window buttons hidden, title bar hidden
[2019.03.22-12.34.15:518][  0]LogSlate: Updating window title bar state: overlay mode, drag disabled, window buttons hidden, title bar hidden
[2019.03.22-12.34.15:534][  0]LogSlate: Updating window title bar state: overlay mode, drag disabled, window buttons hidden, title bar hidden
[2019.03.22-12.34.15:551][  0]LogCollectionManager: Loaded 0 collections in 0.006252 seconds
[2019.03.22-12.34.15:610][  0]LogFileCache: Scanning file cache for directory 'C:/Users/a016430f.STUDENT.000/Documents/TGP-Group-Project/FingerGunz/Saved/Collections/' took 0.01s
[2019.03.22-12.34.15:610][  0]LogFileCache: Scanning file cache for directory 'C:/Users/a016430f.STUDENT.000/Documents/TGP-Group-Project/FingerGunz/Content/Developers/a016430f/Collections/' took 0.01s
[2019.03.22-12.34.15:610][  0]LogFileCache: Scanning file cache for directory 'C:/Users/a016430f.STUDENT.000/Documents/TGP-Group-Project/FingerGunz/Content/Collections/' took 0.01s
[2019.03.22-12.34.15:610][  0]LogCollectionManager: Rebuilt the GUID cache for 0 collections in 0.000001 seconds
[2019.03.22-12.34.15:623][  0]LogContentBrowser: Native class hierarchy populated in 0.0121 seconds. Added 2578 classes and 605 folders.
[2019.03.22-12.34.15:635][  0]LogContentBrowser: Native class hierarchy updated for 'WidgetCarousel' in 0.0006 seconds. Added 0 classes and 0 folders.
[2019.03.22-12.34.15:769][  0]LogContentBrowser: Native class hierarchy updated for 'AddContentDialog' in 0.0006 seconds. Added 0 classes and 0 folders.
[2019.03.22-12.34.15:783][  0]LogContentBrowser: Native class hierarchy updated for 'SceneOutliner' in 0.0011 seconds. Added 1 classes and 2 folders.
[2019.03.22-12.34.15:803][  0]LogSlate: Took 0.000340 seconds to synchronously load lazily loaded font '../../../Engine/Content/Slate/Fonts/Roboto-Regular.ttf' (155K)
[2019.03.22-12.34.15:806][  0]LogSlate: Took 0.000280 seconds to synchronously load lazily loaded font '../../../Engine/Content/Slate/Fonts/Roboto-Bold.ttf' (160K)
[2019.03.22-12.34.15:813][  0]LogSlate: Took 0.000316 seconds to synchronously load lazily loaded font '../../../Engine/Content/Editor/Slate/Fonts/FontAwesome.ttf' (139K)
[2019.03.22-12.34.15:915][  0]LogRenderer: Reallocating scene render targets to support 1208x576 Format 10 NumSamples 1 (Frame:1).
[2019.03.22-12.34.16:057][  0]LogSlate: FSceneViewport::OnFocusLost() reason 2
[2019.03.22-12.34.16:074][  0]LogSlate: Window 'Tutorials' being destroyed
[2019.03.22-12.34.16:114][  0]LogContentBrowser: Native class hierarchy updated for 'HierarchicalLODOutliner' in 0.0008 seconds. Added 0 classes and 0 folders.
[2019.03.22-12.34.16:114][  0]LogLoad: (Engine Initialization) Total time: 23.99 seconds
[2019.03.22-12.34.16:114][  0]LogLoad: (Engine Initialization) Total Blueprint compile time: 0.00 seconds
[2019.03.22-12.34.16:168][  0]LogContentStreaming: Texture pool size now 1000 MB
[2019.03.22-12.34.16:177][  0]LogSlate: FSceneViewport::OnFocusLost() reason 2
[2019.03.22-12.34.16:221][  0]LogSlate: Took 0.000246 seconds to synchronously load lazily loaded font '../../../Engine/Content/Slate/Fonts/Roboto-Light.ttf' (167K)
[2019.03.22-12.34.16:244][  1]LogFileCache: Retrieving MD5 hashes for directory 'C:/Users/a016430f.STUDENT.000/Documents/TGP-Group-Project/FingerGunz/Content/' took 0.10s
[2019.03.22-12.34.16:322][  1]LogAssetRegistry: Asset discovery search completed in 15.3850 seconds
[2019.03.22-12.34.16:324][  1]LogCollectionManager: Rebuilt the object cache for 0 collections in 0.000001 seconds (found 0 objects)
[2019.03.22-12.34.16:325][  1]LogCollectionManager: Fixed up redirectors for 0 collections in 0.000136 seconds (updated 0 objects)
[2019.03.22-12.34.21:010][ 18]LogSlate: Window 'Message Log' being destroyed
[2019.03.22-12.34.21:015][ 18]LogSlate: Window 'Message Log' being destroyed
[2019.03.22-12.34.22:154][137]LogSlate: FSceneViewport::OnFocusLost() reason 0
[2019.03.22-12.34.22:220][145]LogTemp: Repeating last play command: New Editor Window (PIE)
[2019.03.22-12.34.22:246][145]LogBlueprintUserMessages: Early PlayInEditor Detection: Level '/Game/Maps/Test.Test:PersistentLevel' has LevelScriptBlueprint '/Game/Maps/Test.Test:PersistentLevel.Test' with GeneratedClass '/Game/Maps/Test.Test_C' with ClassGeneratedBy '/Game/Maps/Test.Test:PersistentLevel.Test'
[2019.03.22-12.34.22:246][145]LogPlayLevel: PlayLevel: No blueprints needed recompiling
[2019.03.22-12.34.22:261][145]PIE: New page: PIE session: Test (22 Mar 2019 12:34:22)
[2019.03.22-12.34.22:261][145]LogPlayLevel: Creating play world package: /Game/Maps/UEDPIE_0_Test
[2019.03.22-12.34.22:312][145]LogPlayLevel: PIE: StaticDuplicateObject took: (0.051188s)
[2019.03.22-12.34.22:314][145]LogAIModule: Creating AISystem for world Test
[2019.03.22-12.34.22:314][145]LogPlayLevel: PIE: World Init took: (0.001731s)
[2019.03.22-12.34.22:314][145]LogPlayLevel: PIE: Created PIE world by copying editor world from /Game/Maps/Test.Test to /Game/Maps/UEDPIE_0_Test.Test (0.053634s)
[2019.03.22-12.34.22:348][145]LogInit: XAudio2 using 'Speakers (Realtek High Definition Audio)' : 2 channels at 48 kHz using 32 bits per sample (channel mask 0x3)
[2019.03.22-12.34.22:378][145]LogInit: FAudioDevice initialized.
[2019.03.22-12.34.22:388][145]LogSlate: Updating window title bar state: overlay mode, drag disabled, window buttons hidden, title bar hidden
[2019.03.22-12.34.22:470][145]LogLoad: Game class is 'FingerGunzGamemode_C'
[2019.03.22-12.34.22:514][145]LogWorld: Bringing World /Game/Maps/UEDPIE_0_Test.Test up for play (max tick rate 0) at 2019.03.22-12.34.22
[2019.03.22-12.34.22:518][145]LogWorld: Bringing up level for play took: 0.044405
[2019.03.22-12.34.22:546][145]LogContentBrowser: Native class hierarchy updated for 'MovieSceneCapture' in 0.0025 seconds. Added 10 classes and 0 folders.
[2019.03.22-12.34.22:556][145]PIE: Play in editor start time for /Game/Maps/UEDPIE_0_Test 0.534
[2019.03.22-12.34.22:557][145]LogBlueprintUserMessages: Late PlayInEditor Detection: Level '/Game/Maps/Test.Test:PersistentLevel' has LevelScriptBlueprint '/Game/Maps/Test.Test:PersistentLevel.Test' with GeneratedClass '/Game/Maps/Test.Test_C' with ClassGeneratedBy '/Game/Maps/Test.Test:PersistentLevel.Test'
[2019.03.22-12.34.22:608][145]LogRenderer: Reallocating scene render targets to support 1292x760 Format 10 NumSamples 1 (Frame:1).
[2019.03.22-12.34.23:267][209]LogActor: Warning: LightPistol /Game/Maps/UEDPIE_0_Test.Test:PersistentLevel.LightPistol_0 has natively added scene component(s), but none of them were set as the actor's RootComponent - picking one arbitrarily
[2019.03.22-12.34.23:397][223]LogActor: Warning: LightPistol /Game/Maps/UEDPIE_0_Test.Test:PersistentLevel.LightPistol_1 has natively added scene component(s), but none of them were set as the actor's RootComponent - picking one arbitrarily
[2019.03.22-12.34.23:520][237]LogActor: Warning: LightPistol /Game/Maps/UEDPIE_0_Test.Test:PersistentLevel.LightPistol_2 has natively added scene component(s), but none of them were set as the actor's RootComponent - picking one arbitrarily
[2019.03.22-12.34.23:633][249]LogActor: Warning: LightPistol /Game/Maps/UEDPIE_0_Test.Test:PersistentLevel.LightPistol_3 has natively added scene component(s), but none of them were set as the actor's RootComponent - picking one arbitrarily
[2019.03.22-12.34.23:764][264]LogActor: Warning: LightPistol /Game/Maps/UEDPIE_0_Test.Test:PersistentLevel.LightPistol_4 has natively added scene component(s), but none of them were set as the actor's RootComponent - picking one arbitrarily
[2019.03.22-12.34.24:011][286]LogActor: Warning: LightPistol /Game/Maps/UEDPIE_0_Test.Test:PersistentLevel.LightPistol_5 has natively added scene component(s), but none of them were set as the actor's RootComponent - picking one arbitrarily
[2019.03.22-12.34.24:144][299]LogActor: Warning: LightPistol /Game/Maps/UEDPIE_0_Test.Test:PersistentLevel.LightPistol_6 has natively added scene component(s), but none of them were set as the actor's RootComponent - picking one arbitrarily
[2019.03.22-12.34.24:236][308]LogActor: Warning: LightPistol /Game/Maps/UEDPIE_0_Test.Test:PersistentLevel.LightPistol_7 has natively added scene component(s), but none of them were set as the actor's RootComponent - picking one arbitrarily
[2019.03.22-12.34.24:354][320]LogActor: Warning: LightPistol /Game/Maps/UEDPIE_0_Test.Test:PersistentLevel.LightPistol_8 has natively added scene component(s), but none of them were set as the actor's RootComponent - picking one arbitrarily
[2019.03.22-12.34.24:501][336]LogActor: Warning: LightPistol /Game/Maps/UEDPIE_0_Test.Test:PersistentLevel.LightPistol_9 has natively added scene component(s), but none of them were set as the actor's RootComponent - picking one arbitrarily
[2019.03.22-12.34.25:254][421]Error: CDO Constructor (HeavyPistol): Failed to find StaticMesh'/Game/Meshes/HeavyPistolArm.HeavyPistolArm''

[2019.03.22-12.34.25:255][421]LogActor: Warning: HeavyPistol /Game/Maps/UEDPIE_0_Test.Test:PersistentLevel.HeavyPistol_0 has natively added scene component(s), but none of them were set as the actor's RootComponent - picking one arbitrarily
[2019.03.22-12.34.25:391][432]Error: CDO Constructor (HeavyPistol): Failed to find StaticMesh'/Game/Meshes/HeavyPistolArm.HeavyPistolArm''

[2019.03.22-12.34.25:391][432]LogActor: Warning: HeavyPistol /Game/Maps/UEDPIE_0_Test.Test:PersistentLevel.HeavyPistol_1 has natively added scene component(s), but none of them were set as the actor's RootComponent - picking one arbitrarily
[2019.03.22-12.34.25:500][442]Error: CDO Constructor (HeavyPistol): Failed to find StaticMesh'/Game/Meshes/HeavyPistolArm.HeavyPistolArm''

[2019.03.22-12.34.25:500][442]LogActor: Warning: HeavyPistol /Game/Maps/UEDPIE_0_Test.Test:PersistentLevel.HeavyPistol_2 has natively added scene component(s), but none of them were set as the actor's RootComponent - picking one arbitrarily
[2019.03.22-12.34.25:749][469]Error: CDO Constructor (HeavyPistol): Failed to find StaticMesh'/Game/Meshes/HeavyPistolArm.HeavyPistolArm''

[2019.03.22-12.34.25:749][469]LogActor: Warning: HeavyPistol /Game/Maps/UEDPIE_0_Test.Test:PersistentLevel.HeavyPistol_3 has natively added scene component(s), but none of them were set as the actor's RootComponent - picking one arbitrarily
[2019.03.22-12.34.25:892][485]Error: CDO Constructor (HeavyPistol): Failed to find StaticMesh'/Game/Meshes/HeavyPistolArm.HeavyPistolArm''

[2019.03.22-12.34.25:893][485]LogActor: Warning: HeavyPistol /Game/Maps/UEDPIE_0_Test.Test:PersistentLevel.HeavyPistol_4 has natively added scene component(s), but none of them were set as the actor's RootComponent - picking one arbitrarily
[2019.03.22-12.34.26:029][500]Error: CDO Constructor (HeavyPistol): Failed to find StaticMesh'/Game/Meshes/HeavyPistolArm.HeavyPistolArm''

[2019.03.22-12.34.26:030][500]LogActor: Warning: HeavyPistol /Game/Maps/UEDPIE_0_Test.Test:PersistentLevel.HeavyPistol_5 has natively added scene component(s), but none of them were set as the actor's RootComponent - picking one arbitrarily
[2019.03.22-12.34.26:192][518]Error: CDO Constructor (HeavyPistol): Failed to find StaticMesh'/Game/Meshes/HeavyPistolArm.HeavyPistolArm''

[2019.03.22-12.34.26:192][518]LogActor: Warning: HeavyPistol /Game/Maps/UEDPIE_0_Test.Test:PersistentLevel.HeavyPistol_6 has natively added scene component(s), but none of them were set as the actor's RootComponent - picking one arbitrarily
[2019.03.22-12.34.26:804][580]Error: CDO Constructor (HeavyPistol): Failed to find StaticMesh'/Game/Meshes/HeavyPistolArm.HeavyPistolArm''

[2019.03.22-12.34.26:804][580]LogActor: Warning: HeavyPistol /Game/Maps/UEDPIE_0_Test.Test:PersistentLevel.HeavyPistol_7 has natively added scene component(s), but none of them were set as the actor's RootComponent - picking one arbitrarily
[2019.03.22-12.34.27:147][618]LogActor: Warning: Shotgun /Game/Maps/UEDPIE_0_Test.Test:PersistentLevel.Shotgun_0 has natively added scene component(s), but none of them were set as the actor's RootComponent - picking one arbitrarily
[2019.03.22-12.34.27:308][636]LogActor: Warning: Shotgun /Game/Maps/UEDPIE_0_Test.Test:PersistentLevel.Shotgun_1 has natively added scene component(s), but none of them were set as the actor's RootComponent - picking one arbitrarily
[2019.03.22-12.34.27:474][655]LogActor: Warning: Shotgun /Game/Maps/UEDPIE_0_Test.Test:PersistentLevel.Shotgun_2 has natively added scene component(s), but none of them were set as the actor's RootComponent - picking one arbitrarily
[2019.03.22-12.35.14:397][996]LogBlueprintUserMessages: Early EndPlayMap Detection: Level '/Game/Maps/Test.Test:PersistentLevel' has LevelScriptBlueprint '/Game/Maps/Test.Test:PersistentLevel.Test' with GeneratedClass '/Game/Maps/Test.Test_C' with ClassGeneratedBy '/Game/Maps/Test.Test:PersistentLevel.Test'
[2019.03.22-12.35.14:397][996]LogSlate: Updating window title bar state: overlay mode, drag disabled, window buttons hidden, title bar hidden
[2019.03.22-12.35.14:425][996]LogSlate: Window 'FingerGunz Game Preview Standalone (64-bit/PCD3D_SM5)' being destroyed
[2019.03.22-12.35.14:470][996]LogPlayLevel: Display: Shutting down PIE online subsystems
[2019.03.22-12.35.14:471][996]LogBlueprintUserMessages: Late EndPlayMap Detection: Level '/Game/Maps/Test.Test:PersistentLevel' has LevelScriptBlueprint '/Game/Maps/Test.Test:PersistentLevel.Test' with GeneratedClass '/Game/Maps/Test.Test_C' with ClassGeneratedBy '/Game/Maps/Test.Test:PersistentLevel.Test'
[2019.03.22-12.35.14:517][997]LogPlayLevel: Display: Destroying online subsystem :Context_2
[2019.03.22-12.36.09:937][ 64]Candidate modules for hot reload:
[2019.03.22-12.36.09:938][ 64]  FingerGunz
[2019.03.22-12.36.09:938][ 64]Launching UnrealBuildTool... [C:/Epic/UE4/UE_4.20/Engine/Binaries/DotNET/UnrealBuildTool.exe  -ModuleWithSuffix=FingerGunz,2075 Win64 Development -TargetType=Editor -Project="../../../../../../Users/a016430f.STUDENT.000/Documents/TGP-Group-Project/FingerGunz/FingerGunz.uproject" -canskiplink "C:/Users/a016430f.STUDENT.000/Documents/TGP-Group-Project/FingerGunz/FingerGunz.uproject" ]
[2019.03.22-12.36.10:015][ 64]Warning: Starting HotReload took  0.1s.
[2019.03.22-12.36.20:643][907]CompilerResultsLog: New page: Compilation - 22 Mar 2019 12:36:20
[2019.03.22-12.36.20:643][907]CompilerResultsLog: Using 'git status' to determine working set for adaptive non-unity build.
[2019.03.22-12.36.20:643][907]CompilerResultsLog: Compiling game modules for hot reload
[2019.03.22-12.36.20:643][907]CompilerResultsLog: Building 3 actions with 8 processes...
[2019.03.22-12.36.20:644][907]CompilerResultsLog:   [1/3] player_cpp.cpp
[2019.03.22-12.36.20:644][907]CompilerResultsLog:   c:\users\a016430f.student.000\documents\tgp-group-project\fingergunz\source\fingergunz\player_cpp.h(99): warning C4263: 'void Aplayer_cpp::TakeDamage(float)': member function does not override any base class virtual member function
[2019.03.22-12.36.20:644][907]CompilerResultsLog:   c:\users\a016430f.student.000\documents\tgp-group-project\fingergunz\source\fingergunz\player_cpp.h(100): warning C4264: 'float APawn::TakeDamage(float,const FDamageEvent &,AController *,AActor *)': no override available for virtual member function from base 'APawn'; function is hidden
[2019.03.22-12.36.20:644][907]CompilerResultsLog:   C:\Epic\UE4\UE_4.20\Engine\Source\Runtime\Engine\Classes\GameFramework/Pawn.h(218): note: see declaration of 'APawn::TakeDamage'
[2019.03.22-12.36.20:644][907]CompilerResultsLog:   C:\Epic\UE4\UE_4.20\Engine\Intermediate\Build\Win64\UE4Editor\Inc\Engine\AnimInstance.generated.h(23): note: see declaration of 'APawn'
[2019.03.22-12.36.20:644][907]CompilerResultsLog:   [2/3] UE4Editor-FingerGunz-2075.lib
[2019.03.22-12.36.20:644][907]CompilerResultsLog:      Creating library C:\Users\a016430f.STUDENT.000\Documents\TGP-Group-Project\FingerGunz\Intermediate\Build\Win64\UE4Editor\Development\FingerGunz\UE4Editor-FingerGunz-2075.lib and object C:\Users\a016430f.STUDENT.000\Documents\TGP-Group-Project\FingerGunz\Intermediate\Build\Win64\UE4Editor\Development\FingerGunz\UE4Editor-FingerGunz-2075.exp
[2019.03.22-12.36.20:644][907]CompilerResultsLog:   [3/3] UE4Editor-FingerGunz-2075.dll
[2019.03.22-12.36.20:645][907]CompilerResultsLog:      Creating library C:\Users\a016430f.STUDENT.000\Documents\TGP-Group-Project\FingerGunz\Intermediate\Build\Win64\UE4Editor\Development\FingerGunz\UE4Editor-FingerGunz-2075.suppressed.lib and object C:\Users\a016430f.STUDENT.000\Documents\TGP-Group-Project\FingerGunz\Intermediate\Build\Win64\UE4Editor\Development\FingerGunz\UE4Editor-FingerGunz-2075.suppressed.exp
[2019.03.22-12.36.20:645][907]CompilerResultsLog: Total build time: 10.15 seconds (Parallel executor: 6.19 seconds)
[2019.03.22-12.36.20:645][907]LogMainFrame: MainFrame: Module compiling took 10.717 seconds
[2019.03.22-12.36.20:715][907]Error: CDO Constructor (HeavyPistol): Failed to find StaticMesh'/Game/Meshes/HeavyPistolArm.HeavyPistolArm''

[2019.03.22-12.36.20:718][907]LogHotReload: Re-instancing player_cpp after hot-reload.
[2019.03.22-12.36.20:796][907]LogContentBrowser: Native class hierarchy updated for 'FingerGunz' in 0.0006 seconds. Added 6 classes and 2 folders.
[2019.03.22-12.36.20:797][907]Warning: Some classes could not be reloaded:
Error: CDO Constructor (HeavyPistol): Failed to find StaticMesh'/Game/Meshes/HeavyPistolArm.HeavyPistolArm''


[2019.03.22-12.36.20:800][907]Display: HotReload successful (0 functions remapped  0 scriptstructs remapped)
[2019.03.22-12.36.20:946][907]LogContentBrowser: Native class hierarchy populated in 0.0114 seconds. Added 2579 classes and 607 folders.
[2019.03.22-12.36.20:948][907]Display: HotReload took 11.1s.
[2019.03.22-12.36.23:314][914]LogTemp: Repeating last play command: New Editor Window (PIE)
[2019.03.22-12.36.23:349][914]LogBlueprintUserMessages: Early PlayInEditor Detection: Level '/Game/Maps/Test.Test:PersistentLevel' has LevelScriptBlueprint '/Game/Maps/Test.Test:PersistentLevel.Test' with GeneratedClass '/Game/Maps/Test.Test_C' with ClassGeneratedBy '/Game/Maps/Test.Test:PersistentLevel.Test'
[2019.03.22-12.36.23:349][914]LogPlayLevel: PlayLevel: No blueprints needed recompiling
[2019.03.22-12.36.23:349][914]PIE: New page: PIE session: Test (22 Mar 2019 12:36:23)
[2019.03.22-12.36.23:350][914]LogPlayLevel: Creating play world package: /Game/Maps/UEDPIE_0_Test
[2019.03.22-12.36.23:408][914]LogPlayLevel: PIE: StaticDuplicateObject took: (0.058099s)
[2019.03.22-12.36.23:409][914]LogAIModule: Creating AISystem for world Test
[2019.03.22-12.36.23:409][914]LogPlayLevel: PIE: World Init took: (0.000971s)
[2019.03.22-12.36.23:409][914]LogPlayLevel: PIE: Created PIE world by copying editor world from /Game/Maps/Test.Test to /Game/Maps/UEDPIE_0_Test.Test (0.059530s)
[2019.03.22-12.36.23:438][914]LogInit: XAudio2 using 'Speakers (Realtek High Definition Audio)' : 2 channels at 48 kHz using 32 bits per sample (channel mask 0x3)
[2019.03.22-12.36.23:457][914]LogInit: FAudioDevice initialized.
[2019.03.22-12.36.23:470][914]LogSlate: Updating window title bar state: overlay mode, drag disabled, window buttons hidden, title bar hidden
[2019.03.22-12.36.23:521][914]LogLoad: Game class is 'FingerGunzGamemode_C'
[2019.03.22-12.36.23:566][914]LogWorld: Bringing World /Game/Maps/UEDPIE_0_Test.Test up for play (max tick rate 0) at 2019.03.22-12.36.23
[2019.03.22-12.36.23:572][914]LogWorld: Bringing up level for play took: 0.049331
[2019.03.22-12.36.23:599][914]PIE: Play in editor start time for /Game/Maps/UEDPIE_0_Test -0.419
[2019.03.22-12.36.23:600][914]LogBlueprintUserMessages: Late PlayInEditor Detection: Level '/Game/Maps/Test.Test:PersistentLevel' has LevelScriptBlueprint '/Game/Maps/Test.Test:PersistentLevel.Test' with GeneratedClass '/Game/Maps/Test.Test_C' with ClassGeneratedBy '/Game/Maps/Test.Test:PersistentLevel.Test'
[2019.03.22-12.36.24:989][ 34]LogEditorViewport: Clicking on Actor (context menu): Wall_C (Wall427)
[2019.03.22-12.36.25:046][ 34]LogSlate: FSceneViewport::OnFocusLost() reason 2
