Log file open, 02/09/19 15:37:54
LogWindows: Failed to load 'aqProf.dll' (GetLastError=126)
LogWindows: File 'aqProf.dll' does not exist
LogWindows: Failed to load 'VSPerf140.dll' (GetLastError=126)
LogWindows: File 'VSPerf140.dll' does not exist
LogWindows: Failed to load 'VtuneApi.dll' (GetLastError=126)
LogWindows: File 'VtuneApi.dll' does not exist
LogWindows: Failed to load 'VtuneApi32e.dll' (GetLastError=126)
LogWindows: File 'VtuneApi32e.dll' does not exist
LogInit: Display: Running engine for game: FingerGunz
LogPlatformFile: Not using cached read wrapper
LogTaskGraph: Started task graph with 5 named threads and 14 total threads with 3 sets of task threads.
LogStats: Stats thread started at 0.335946
LogD3D11RHI: Loaded GFSDK_Aftermath_Lib.x64.dll
LogICUInternationalization: Display: ICU TimeZone Detection - Raw Offset: +0:00, Platform Override: ''
LogPluginManager: Mounting plugin Paper2D
LogPluginManager: Mounting plugin AISupport
LogPluginManager: Mounting plugin LightPropagationVolume
LogPluginManager: Mounting plugin CLionSourceCodeAccess
LogPluginManager: Mounting plugin CodeLiteSourceCodeAccess
LogPluginManager: Mounting plugin GitSourceControl
LogPluginManager: Mounting plugin KDevelopSourceCodeAccess
LogPluginManager: Mounting plugin NullSourceCodeAccess
LogPluginManager: Mounting plugin PerforceSourceControl
LogPluginManager: Mounting plugin SubversionSourceControl
LogPluginManager: Mounting plugin UObjectPlugin
LogPluginManager: Mounting plugin VisualStudioCodeSourceCodeAccess
LogPluginManager: Mounting plugin VisualStudioSourceCodeAccess
LogPluginManager: Mounting plugin XCodeSourceCodeAccess
LogPluginManager: Mounting plugin AssetManagerEditor
LogPluginManager: Mounting plugin CryptoKeys
LogPluginManager: Mounting plugin DataValidation
LogPluginManager: Mounting plugin FacialAnimation
LogPluginManager: Mounting plugin GameplayTagsEditor
LogPluginManager: Mounting plugin MacGraphicsSwitching
LogPluginManager: Mounting plugin MeshEditor
LogPluginManager: Mounting plugin MobileLauncherProfileWizard
LogPluginManager: Mounting plugin PluginBrowser
LogPluginManager: Mounting plugin SpeedTreeImporter
LogPluginManager: Mounting plugin DatasmithContent
LogPluginManager: Mounting plugin AlembicImporter
LogPluginManager: Mounting plugin AppleImageUtils
LogPluginManager: Mounting plugin AppleVision
LogPluginManager: Mounting plugin BackChannel
LogPluginManager: Mounting plugin CharacterAI
LogPluginManager: Mounting plugin GeometryCache
LogPluginManager: Mounting plugin HTML5Networking
LogPluginManager: Mounting plugin ProxyLODPlugin
LogPluginManager: Mounting plugin MagicLeap
LogPluginManager: Mounting plugin MagicLeapEmulator
LogPluginManager: Mounting plugin MagicLeapMedia
LogPluginManager: Mounting plugin AndroidMedia
LogPluginManager: Mounting plugin AvfMedia
LogPluginManager: Mounting plugin ImgMedia
LogPluginManager: Mounting plugin LinearTimecode
LogPluginManager: Mounting plugin MediaCompositing
LogPluginManager: Mounting plugin MediaPlayerEditor
LogPluginManager: Mounting plugin WmfMedia
LogPluginManager: Mounting plugin TcpMessaging
LogPluginManager: Mounting plugin UdpMessaging
LogPluginManager: Mounting plugin ActorSequence
LogPluginManager: Mounting plugin LevelSequenceEditor
LogPluginManager: Mounting plugin MatineeToLevelSequence
LogPluginManager: Mounting plugin NetcodeUnitTest
LogPluginManager: Mounting plugin NUTUnrealEngine4
LogPluginManager: Mounting plugin OnlineSubsystemGooglePlay
LogPluginManager: Mounting plugin OnlineSubsystemIOS
LogPluginManager: Mounting plugin OnlineSubsystem
LogPluginManager: Mounting plugin OnlineSubsystemNull
LogPluginManager: Mounting plugin OnlineSubsystemUtils
LogPluginManager: Mounting plugin LauncherChunkInstaller
LogPluginManager: Mounting plugin AndroidDeviceProfileSelector
LogPluginManager: Mounting plugin AndroidMoviePlayer
LogPluginManager: Mounting plugin AndroidPermission
LogPluginManager: Mounting plugin AppleMoviePlayer
LogPluginManager: Mounting plugin ArchVisCharacter
LogPluginManager: Mounting plugin AudioCapture
LogPluginManager: Mounting plugin CableComponent
LogPluginManager: Mounting plugin CustomMeshComponent
LogPluginManager: Mounting plugin EditableMesh
LogPluginManager: Mounting plugin ExampleDeviceProfileSelector
LogPluginManager: Mounting plugin GoogleCloudMessaging
LogPluginManager: Mounting plugin ImmediatePhysics
LogPluginManager: Mounting plugin IOSDeviceProfileSelector
LogPluginManager: Mounting plugin LinuxDeviceProfileSelector
LogPluginManager: Mounting plugin LocationServicesBPLibrary
LogPluginManager: Mounting plugin MobilePatchingUtils
LogPluginManager: Mounting plugin OculusVR
LogPluginManager: Plugin shader directory ../../../Engine/Plugins/Runtime/Oculus/OculusVR/Shaders found
LogPluginManager: Mapping shader source directory ../../../Engine/Plugins/Runtime/Oculus/OculusVR/Shaders to virtual directory /Plugin/OculusVR
LogPluginManager: Mounting plugin PhysXVehicles
LogPluginManager: Mounting plugin ProceduralMeshComponent
LogPluginManager: Mounting plugin RuntimePhysXCooking
LogPluginManager: Mounting plugin SteamVR
LogPluginManager: Mounting plugin WindowsMoviePlayer
LogStreaming: Display: Took  0.284s to configure plugins.
LogInit: Using libcurl 7.55.1-DEV
LogInit:  - built for x86_64-pc-win32
LogInit:  - supports SSL with OpenSSL/1.0.2h
LogInit:  - supports HTTP deflate (compression) using libz 1.2.8
LogInit:  - other features:
LogInit:      CURL_VERSION_SSL
LogInit:      CURL_VERSION_LIBZ
LogInit:      CURL_VERSION_IPV6
LogInit:      CURL_VERSION_ASYNCHDNS
LogInit:      CURL_VERSION_LARGEFILE
LogInit:      CURL_VERSION_IDN
LogInit:  CurlRequestOptions (configurable via config and command line):
LogInit:  - bVerifyPeer = false  - Libcurl will NOT verify peer certificate
LogInit:  - bUseHttpProxy = false  - Libcurl will NOT use HTTP proxy
LogInit:  - bDontReuseConnections = false  - Libcurl will reuse connections
LogInit:  - CertBundlePath = nullptr  - Libcurl will use whatever was configured at build time.
LogInit:  - MaxHostConnections = 16  - Libcurl will limit the number of connections to a host
LogInit:  - LocalHostAddr = Default
LogInit:  - BufferSize = 65536
LogInit: WinSock: version 1.1 (2.2), MaxSocks=32767, MaxUdp=65467
LogInit: Build: ++UE4+Release-4.20-CL-4369336
LogInit: Engine Version: 4.20.3-4369336+++UE4+Release-4.20
LogInit: Compatible Engine Version: 4.20.0-4212847+++UE4+Release-4.20
LogInit: Net CL: 4212847
LogInit: OS: Windows 10 (), CPU: Intel(R) Xeon(R) CPU E5-1607 v3 @ 3.10GHz, GPU: NVIDIA GeForce GTX 970
LogInit: Compiled (64-bit): Sep 17 2018 12:26:19
LogInit: Compiled with Visual C++: 19.13.26129.00
LogInit: Build Configuration: Development
LogInit: Branch Name: ++UE4+Release-4.20
LogInit: Command Line:  -skipcompile
LogInit: Base Directory: C:/Epic/UE4/UE_4.20/Engine/Binaries/Win64/
LogInit: Installed Engine Build: 1
LogDevObjectVersion: Number of dev versions registered: 20
LogDevObjectVersion:   Dev-Blueprints (B0D832E4-1F89-4F0D-ACCF-7EB736FD4AA2): 10
LogDevObjectVersion:   Dev-Build (E1C64328-A22C-4D53-A36C-8E866417BD8C): 0
LogDevObjectVersion:   Dev-Core (375EC13C-06E4-48FB-B500-84F0262A717E): 2
LogDevObjectVersion:   Dev-Editor (E4B068ED-F494-42E9-A231-DA0B2E46BB41): 24
LogDevObjectVersion:   Dev-Framework (CFFC743F-43B0-4480-9391-14DF171D2073): 34
LogDevObjectVersion:   Dev-Mobile (B02B49B5-BB20-44E9-A304-32B752E40360): 2
LogDevObjectVersion:   Dev-Networking (A4E4105C-59A1-49B5-A7C5-40C4547EDFEE): 0
LogDevObjectVersion:   Dev-Online (39C831C9-5AE6-47DC-9A44-9C173E1C8E7C): 0
LogDevObjectVersion:   Dev-Physics (78F01B33-EBEA-4F98-B9B4-84EACCB95AA2): 0
LogDevObjectVersion:   Dev-Platform (6631380F-2D4D-43E0-8009-CF276956A95A): 0
LogDevObjectVersion:   Dev-Rendering (12F88B9F-8875-4AFC-A67C-D90C383ABD29): 26
LogDevObjectVersion:   Dev-Sequencer (7B5AE74C-D270-4C10-A958-57980B212A5A): 9
LogDevObjectVersion:   Dev-VR (D7296918-1DD6-4BDD-9DE2-64A83CC13884): 2
LogDevObjectVersion:   Dev-LoadTimes (C2A15278-BFE7-4AFE-6C17-90FF531DF755): 1
LogDevObjectVersion:   Private-Geometry (6EACA3D4-40EC-4CC1-B786-8BED09428FC5): 3
LogDevObjectVersion:   Dev-AnimPhys (29E575DD-E0A3-4627-9D10-D276232CDCEA): 17
LogDevObjectVersion:   Dev-ReflectionCapture (6B266CEC-1EC7-4B8F-A30B-E4D90942FC07): 1
LogDevObjectVersion:   Dev-Automation (0DF73D61-A23F-47EA-B727-89E90C41499A): 1
LogDevObjectVersion:   FortniteMain (601D1886-AC64-4F84-AA16-D3DE0DEAC7D6): 12
LogDevObjectVersion:   Dev-Enterprise (9DFFBCD6-494F-0158-E221-12823C92A888): 1
LogStreaming: Display: Took  0.004s to delete old logs.
LogInit: Presizing for max 8388607 objects, including 0 objects not considered by GC, pre-allocating 0 bytes for permanent pool.
LogInit: Object subsystem initialized
[2019.02.09-15.37.55:104][  0]LogInit: Selected Device Profile: [Windows]
[2019.02.09-15.37.55:104][  0]LogInit: Applying CVar settings loaded from the selected device profile: [Windows]
[2019.02.09-15.37.55:163][  0]LogHAL: Display: Platform has ~ 16 GB [17083682816 / 17179869184 / 16], which maps to Larger [LargestMinGB=32, LargerMinGB=12, DefaultMinGB=8, SmallerMinGB=6, SmallestMinGB=0)
[2019.02.09-15.37.55:163][  0]LogInit: Setting Device Profile CVar: [[r.Vulkan.UseRealUBs:1]]
[2019.02.09-15.37.55:163][  0]LogInit: Going up to parent DeviceProfile []
[2019.02.09-15.37.55:164][  0]LogInit: Computer: S500-36
[2019.02.09-15.37.55:164][  0]LogInit: User: a016430f
[2019.02.09-15.37.55:164][  0]LogInit: CPU Page size=4096, Cores=4
[2019.02.09-15.37.55:164][  0]LogInit: High frequency timer resolution =3.020354 MHz
[2019.02.09-15.37.55:165][  0]LogMemory: Memory total: Physical=15.9GB (16GB approx)
[2019.02.09-15.37.55:165][  0]LogMemory: Platform Memory Stats for Windows
[2019.02.09-15.37.55:165][  0]LogMemory: Process Physical Memory: 101.19 MB used, 101.19 MB peak
[2019.02.09-15.37.55:165][  0]LogMemory: Process Virtual Memory: 84.53 MB used, 84.53 MB peak
[2019.02.09-15.37.55:166][  0]LogMemory: Physical Memory: 6070.64 MB used,  10221.63 MB free, 16292.27 MB total
[2019.02.09-15.37.55:166][  0]LogMemory: Virtual Memory: 4620.62 MB used,  10221.63 MB free, 134217728.00 MB total
[2019.02.09-15.37.55:365][  0]LogInit: Using OS detected language (en-US).
[2019.02.09-15.37.55:365][  0]LogInit: Using OS detected locale (en-GB).
[2019.02.09-15.37.55:368][  0]LogTextLocalizationManager: No specific localization for 'en-US' exists, so the 'en' localization will be used.
[2019.02.09-15.37.55:799][  0]LogStreaming: Display: Took  0.433s to InitEngineTextLocalization.
[2019.02.09-15.37.55:799][  0]LogInit: Setting process to per monitor DPI aware
[2019.02.09-15.37.55:863][  0]LogSlate: New Slate User Created.  User Index 0, Is Virtual User: 0
[2019.02.09-15.37.55:863][  0]LogSlate: Slate User Registered.  User Index 0, Is Virtual User: 0
[2019.02.09-15.37.56:217][  0]LogHMD: Failed to initialize OpenVR with code 110
[2019.02.09-15.37.56:217][  0]LogD3D11RHI: D3D11 adapters:
[2019.02.09-15.37.56:310][  0]LogD3D11RHI:    0. 'NVIDIA GeForce GTX 970' (Feature Level 11_0)
[2019.02.09-15.37.56:310][  0]LogD3D11RHI:       4043/0/8146 MB DedicatedVideo/DedicatedSystem/SharedSystem, Outputs:2, VendorId:0x10de
[2019.02.09-15.37.56:317][  0]LogD3D11RHI:    1. 'Microsoft Basic Render Driver' (Feature Level 11_0)
[2019.02.09-15.37.56:317][  0]LogD3D11RHI:       0/0/8146 MB DedicatedVideo/DedicatedSystem/SharedSystem, Outputs:0, VendorId:0x1414
[2019.02.09-15.37.56:317][  0]LogD3D11RHI: Chosen D3D11 Adapter: 0
[2019.02.09-15.37.56:329][  0]LogD3D11RHI: Creating new Direct3DDevice
[2019.02.09-15.37.56:330][  0]LogD3D11RHI:     GPU DeviceId: 0x13c2 (for the marketing name, search the web for "GPU Device Id")
[2019.02.09-15.37.56:330][  0]LogWindows: EnumDisplayDevices:
[2019.02.09-15.37.56:330][  0]LogWindows:    0. 'NVIDIA GeForce GTX 970' (P:0 D:1)
[2019.02.09-15.37.56:330][  0]LogWindows:    1. 'NVIDIA GeForce GTX 970' (P:1 D:1)
[2019.02.09-15.37.56:331][  0]LogWindows:    2. 'NVIDIA GeForce GTX 970' (P:0 D:0)
[2019.02.09-15.37.56:331][  0]LogWindows:    3. 'NVIDIA GeForce GTX 970' (P:0 D:0)
[2019.02.09-15.37.56:332][  0]LogWindows: DebugString: FoundDriverCount:4 
[2019.02.09-15.37.56:332][  0]LogD3D11RHI:     Adapter Name: NVIDIA GeForce GTX 970
[2019.02.09-15.37.56:332][  0]LogD3D11RHI:   Driver Version: 399.24 (internal:24.21.13.9924, unified:399.24)
[2019.02.09-15.37.56:332][  0]LogD3D11RHI:      Driver Date: 9-5-2018
[2019.02.09-15.37.56:332][  0]LogRHI: Texture pool is 2830 MB (70% of 4043 MB)
[2019.02.09-15.37.56:384][  0]LogD3D11RHI: Async texture creation enabled
[2019.02.09-15.37.56:403][  0]LogD3D11RHI: GPU Timing Frequency: 1000.000000 (Debug: 2 2)
[2019.02.09-15.37.56:491][  0]LogShaderCompilers: Guid format shader working directory is -23 characters bigger than the processId version (../../../../../../Users/a016430f/Documents/TGP-Group-Project/FingerGunz/Intermediate/Shaders/WorkingDirectory/15220/).
[2019.02.09-15.37.56:492][  0]LogShaderCompilers: Cleaned the shader compiler working directory 'C:/Users/a016430f/AppData/Local/Temp/UnrealShaderWorkingDir/A41A3BEA422998C52D1E0F9E810EDA6F/'.
[2019.02.09-15.37.56:884][  0]LogTemp: Display: Loaded TP AllDesktopTargetPlatform
[2019.02.09-15.37.56:905][  0]LogTemp: Display: Loaded TP MacClientTargetPlatform
[2019.02.09-15.37.56:925][  0]LogTemp: Display: Loaded TP MacNoEditorTargetPlatform
[2019.02.09-15.37.56:946][  0]LogTemp: Display: Loaded TP MacServerTargetPlatform
[2019.02.09-15.37.56:967][  0]LogTemp: Display: Loaded TP MacTargetPlatform
[2019.02.09-15.37.56:988][  0]LogTemp: Display: Loaded TP WindowsClientTargetPlatform
[2019.02.09-15.37.57:008][  0]LogTemp: Display: Loaded TP WindowsNoEditorTargetPlatform
[2019.02.09-15.37.57:029][  0]LogTemp: Display: Loaded TP WindowsServerTargetPlatform
[2019.02.09-15.37.57:042][  0]LogTemp: Display: Loaded TP WindowsTargetPlatform
[2019.02.09-15.37.57:143][  0]LogTemp: Display: Loaded TP AndroidTargetPlatform
[2019.02.09-15.37.57:143][  0]LogTemp: Display: Loaded TP AndroidTargetPlatform
[2019.02.09-15.37.57:143][  0]LogTemp: Display: Loaded TP AndroidTargetPlatform
[2019.02.09-15.37.57:143][  0]LogTemp: Display: Loaded TP AndroidTargetPlatform
[2019.02.09-15.37.57:143][  0]LogTemp: Display: Loaded TP AndroidTargetPlatform
[2019.02.09-15.37.57:143][  0]LogTemp: Display: Loaded TP AndroidTargetPlatform
[2019.02.09-15.37.57:143][  0]LogTemp: Display: Loaded TP AndroidTargetPlatform
[2019.02.09-15.37.57:143][  0]LogTemp: Display: Loaded TP AndroidTargetPlatform
[2019.02.09-15.37.57:143][  0]LogTemp: Display: Loaded TP AndroidTargetPlatform
[2019.02.09-15.37.57:144][  0]LogTemp: Display: Loaded TP AndroidTargetPlatform
[2019.02.09-15.37.57:144][  0]LogTemp: Display: Loaded TP AndroidTargetPlatform
[2019.02.09-15.37.57:144][  0]LogTemp: Display: Loaded TP AndroidTargetPlatform
[2019.02.09-15.37.57:144][  0]LogTemp: Display: Loaded TP AndroidTargetPlatform
[2019.02.09-15.37.57:144][  0]LogTemp: Display: Loaded TP AndroidTargetPlatform
[2019.02.09-15.37.57:144][  0]LogTemp: Display: Loaded TP AndroidTargetPlatform
[2019.02.09-15.37.57:144][  0]LogTemp: Display: Loaded TP AndroidTargetPlatform
[2019.02.09-15.37.57:144][  0]LogTemp: Display: Loaded TP AndroidTargetPlatform
[2019.02.09-15.37.57:144][  0]LogTemp: Display: Loaded TP AndroidTargetPlatform
[2019.02.09-15.37.57:148][  0]LogTemp: Display: Loaded TP HTML5TargetPlatform
[2019.02.09-15.37.57:226][  0]LogTemp: Display: Loaded TP IOSTargetPlatform
[2019.02.09-15.37.57:226][  0]LogTemp: Display: Loaded TP IOSTargetPlatform
[2019.02.09-15.37.57:260][  0]LogTemp: Display: Loaded TP TVOSTargetPlatform
[2019.02.09-15.37.57:261][  0]LogTemp: Display: Loaded TP TVOSTargetPlatform
[2019.02.09-15.37.57:281][  0]LogTemp: Display: Loaded TP LinuxClientTargetPlatform
[2019.02.09-15.37.57:299][  0]LogTemp: Display: Loaded TP LinuxNoEditorTargetPlatform
[2019.02.09-15.37.57:317][  0]LogTemp: Display: Loaded TP LinuxServerTargetPlatform
[2019.02.09-15.37.57:337][  0]LogTemp: Display: Loaded TP LinuxTargetPlatform
[2019.02.09-15.37.57:351][  0]LogTemp: Display: Loaded TP LuminTargetPlatform
[2019.02.09-15.37.57:351][  0]LogTargetPlatformManager: Display: Building Assets For Windows
[2019.02.09-15.37.57:547][  0]LogXGEController: Cleaning working directory: C:/Users/a016430f/AppData/Local/Temp/UnrealXGEWorkingDir/
[2019.02.09-15.37.57:547][  0]LogXGEController: Cannot use XGE Controller as Incredibuild is not installed on this machine.
[2019.02.09-15.37.57:548][  0]LogShaderCompilers: Cannot use XGE Shader Compiler as Incredibuild is not installed on this machine.
[2019.02.09-15.37.57:548][  0]LogShaderCompilers: Display: Using Local Shader Compiler.
[2019.02.09-15.37.58:694][  0]LogDerivedDataCache: Display: Max Cache Size: 512 MB
[2019.02.09-15.37.59:023][  0]LogDerivedDataCache: Loaded boot cache 0.33s 87MB C:/Users/a016430f/AppData/Local/UnrealEngine/4.20/DerivedDataCache/Boot.ddc.
[2019.02.09-15.37.59:024][  0]LogDerivedDataCache: Display: Loaded Boot cache: C:/Users/a016430f/AppData/Local/UnrealEngine/4.20/DerivedDataCache/Boot.ddc
[2019.02.09-15.37.59:025][  0]LogDerivedDataCache: FDerivedDataBackendGraph:  Pak pak cache file ../../../../../../Users/a016430f/Documents/TGP-Group-Project/FingerGunz/DerivedDataCache/DDC.ddp not found, will not use a pak cache.
[2019.02.09-15.37.59:025][  0]LogDerivedDataCache: Unable to find inner node Pak for hierarchical cache Hierarchy.
[2019.02.09-15.37.59:025][  0]LogDerivedDataCache: FDerivedDataBackendGraph:  CompressedPak pak cache file ../../../../../../Users/a016430f/Documents/TGP-Group-Project/FingerGunz/DerivedDataCache/Compressed.ddp not found, will not use a pak cache.
[2019.02.09-15.37.59:025][  0]LogDerivedDataCache: Unable to find inner node CompressedPak for hierarchical cache Hierarchy.
[2019.02.09-15.37.59:041][  0]LogDerivedDataCache: Display: Pak cache opened for reading ../../../Engine/DerivedDataCache/Compressed.ddp.
[2019.02.09-15.37.59:055][  0]LogDerivedDataCache: Using Local data cache path C:/Users/a016430f/AppData/Local/UnrealEngine/Common/DerivedDataCache: Writable
[2019.02.09-15.37.59:055][  0]LogDerivedDataCache: Shared data cache path not found in *engine.ini, will not use an Shared cache.
[2019.02.09-15.37.59:055][  0]LogDerivedDataCache: Unable to find inner node Shared for hierarchical cache Hierarchy.
[2019.02.09-15.37.59:077][  0]LogMaterial: Verifying Global Shaders for PCD3D_SM5
[2019.02.09-15.37.59:078][  0]LogSlate: Using FreeType 2.6.0
[2019.02.09-15.37.59:097][  0]LogSlate: SlateFontServices - WITH_FREETYPE: 1, WITH_HARFBUZZ: 1
[2019.02.09-15.38.00:279][  0]LogAssetRegistry: FAssetRegistry took 0.0308 seconds to start up
[2019.02.09-15.38.00:721][  0]LogInit: Selected Device Profile: [Windows]
[2019.02.09-15.38.00:864][  0]LogSimplygon: Simplygon DLL not present - disabling.
[2019.02.09-15.38.00:876][  0]LogMeshReduction: Using SimplygonSwarm for distributed automatic mesh merging
[2019.02.09-15.38.00:876][  0]LogMeshReduction: Using ProxyLODMeshReduction for automatic mesh merging
[2019.02.09-15.38.00:876][  0]LogMeshReduction: Using QuadricMeshReduction for automatic static mesh reduction
[2019.02.09-15.38.00:876][  0]LogMeshReduction: No automatic skeletal mesh reduction module available
[2019.02.09-15.38.00:999][  0]LogNetVersion: FingerGunz 1.0.0, NetCL: 4212847, EngineNetVer: 5, GameNetVer: 0 (Checksum: 1181982473)
[2019.02.09-15.38.01:676][  0]LogPackageLocalizationCache: Processed 11 localized package path(s) for 2 prioritized culture(s) in 0.150380 seconds
[2019.02.09-15.38.01:683][  0]LogUObjectArray: 38425 objects as part of root set at end of initial load.
[2019.02.09-15.38.01:683][  0]LogUObjectAllocator: 6690872 out of 0 bytes used by permanent object pool.
[2019.02.09-15.38.01:683][  0]LogUObjectArray: CloseDisregardForGC: 0/0 objects in disregard for GC pool
[2019.02.09-15.38.18:756][  0]LogTcpMessaging: Initializing TcpMessaging bridge
[2019.02.09-15.38.18:774][  0]LogUdpMessaging: Initializing bridge on interface 0.0.0.0:0 to multicast group 230.0.0.1:6666.
[2019.02.09-15.38.19:139][  0]SourceControl: Source control is disabled
[2019.02.09-15.38.19:139][  0]SourceControl: Source control is disabled
[2019.02.09-15.38.19:144][  0]SourceControl: Source control is disabled
[2019.02.09-15.38.19:148][  0]SourceControl: Source control is disabled
[2019.02.09-15.38.19:652][  0]LogAndroidPermission: UAndroidPermissionCallbackProxy::GetInstance
[2019.02.09-15.38.19:763][  0]LogOcInput: OculusInput pre-init called
[2019.02.09-15.38.19:887][  0]LogEngine: Initializing Engine...
[2019.02.09-15.38.19:889][  0]LogHMD: Failed to initialize OpenVR with code 110
[2019.02.09-15.38.19:890][  0]LogStats: UGameplayTagsManager::ConstructGameplayTagTree: ImportINI prefixes -  0.000 s
[2019.02.09-15.38.19:890][  0]LogStats: UGameplayTagsManager::ConstructGameplayTagTree: Construct from data asset -  0.000 s
[2019.02.09-15.38.19:891][  0]LogStats: UGameplayTagsManager::ConstructGameplayTagTree: ImportINI -  0.000 s
[2019.02.09-15.38.19:891][  0]LogStats: UGameplayTagsManager::ConstructGameplayTagTree: GameplayTagTreeChangedEvent.Broadcast -  0.000 s
[2019.02.09-15.38.20:148][  0]LogInit: Initializing FReadOnlyCVARCache
[2019.02.09-15.38.20:177][  0]LogAIModule: Creating AISystem for world Untitled
[2019.02.09-15.38.20:203][  0]LogInit: XAudio2 using 'Speakers (Realtek High Definition Audio)' : 2 channels at 48 kHz using 32 bits per sample (channel mask 0x3)
[2019.02.09-15.38.20:257][  0]LogInit: FAudioDevice initialized.
[2019.02.09-15.38.20:257][  0]LogNetVersion: Set ProjectVersion to 1.0.0.0. Version Checksum will be recalculated on next use.
[2019.02.09-15.38.20:415][  0]LogDerivedDataCache: Saved boot cache 0.16s 71MB C:/Users/a016430f/AppData/Local/UnrealEngine/4.20/DerivedDataCache/Boot.ddc.
[2019.02.09-15.38.20:430][  0]LogInit: Texture streaming: Enabled
[2019.02.09-15.38.20:473][  0]LogEngineSessionManager: EngineSessionManager initialized
[2019.02.09-15.38.20:494][  0]LogInit: Transaction tracking system initialized
[2019.02.09-15.38.20:559][  0]BlueprintLog: New page: Editor Load
[2019.02.09-15.38.20:838][  0]LocalizationService: Localization service is disabled
[2019.02.09-15.38.21:315][  0]LogCook: Display: Max memory allowance for cook 16384mb min free memory 0mb
[2019.02.09-15.38.21:315][  0]LogCook: Display: Mobile HDR setting 1
[2019.02.09-15.38.21:315][  0]LogGameplayTags: Display: UGameplayTagsManager::DoneAddingNativeTags. DelegateIsBound: 0
[2019.02.09-15.38.21:316][  0]LogStats: UGameplayTagsManager::ConstructGameplayTagTree: ImportINI prefixes -  0.000 s
[2019.02.09-15.38.21:316][  0]LogStats: UGameplayTagsManager::ConstructGameplayTagTree: Construct from data asset -  0.000 s
[2019.02.09-15.38.21:316][  0]LogStats: UGameplayTagsManager::ConstructGameplayTagTree: ImportINI -  0.000 s
[2019.02.09-15.38.21:316][  0]LogStats: UGameplayTagsManager::ConstructGameplayTagTree: GameplayTagTreeChangedEvent.Broadcast -  0.000 s
[2019.02.09-15.38.21:772][  0]LogFileCache: Scanning file cache for directory 'C:/Users/a016430f/Documents/TGP-Group-Project/FingerGunz/Content/' took 0.02s
[2019.02.09-15.38.21:772][  0]SourceControl: Source control is disabled
[2019.02.09-15.38.21:773][  0]Cmd: MAP LOAD FILE="../../../Engine/Content/Maps/Templates/Template_Default.umap" TEMPLATE=1 SHOWPROGRESS=1 FEATURELEVEL=3
[2019.02.09-15.38.21:773][  0]LightingResults: New page: Lighting Build
[2019.02.09-15.38.21:779][  0]MapCheck: New page: Map Check
[2019.02.09-15.38.21:779][  0]LightingResults: New page: Lighting Build
[2019.02.09-15.38.22:023][  0]LogAIModule: Creating AISystem for world Untitled_1
[2019.02.09-15.38.22:038][  0]LogEditorServer: Finished looking for orphan Actors (0.000 secs)
[2019.02.09-15.38.22:061][  0]Cmd: MAP CHECKDEP NOCLEARLOG
[2019.02.09-15.38.22:267][  0]MapCheck: Map check complete: 0 Error(s), 0 Warning(s), took 205.374ms to complete.
[2019.02.09-15.38.22:267][  0]LogFileHelpers: Loading map 'Template_Default' took 0.494
[2019.02.09-15.38.22:500][  0]LogSlate: Updating window title bar state: overlay mode, drag disabled, window buttons hidden, title bar hidden
[2019.02.09-15.38.22:510][  0]LogSlate: Updating window title bar state: overlay mode, drag disabled, window buttons hidden, title bar hidden
[2019.02.09-15.38.22:519][  0]LogSlate: Updating window title bar state: overlay mode, drag disabled, window buttons hidden, title bar hidden
[2019.02.09-15.38.22:526][  0]LogSlate: Updating window title bar state: overlay mode, drag disabled, window buttons hidden, title bar hidden
[2019.02.09-15.38.22:546][  0]LogCollectionManager: Loaded 0 collections in 0.005079 seconds
[2019.02.09-15.38.22:602][  0]LogFileCache: Scanning file cache for directory 'C:/Users/a016430f/Documents/TGP-Group-Project/FingerGunz/Saved/Collections/' took 0.01s
[2019.02.09-15.38.22:602][  0]LogFileCache: Scanning file cache for directory 'C:/Users/a016430f/Documents/TGP-Group-Project/FingerGunz/Content/Developers/a016430f/Collections/' took 0.01s
[2019.02.09-15.38.22:602][  0]LogFileCache: Scanning file cache for directory 'C:/Users/a016430f/Documents/TGP-Group-Project/FingerGunz/Content/Collections/' took 0.01s
[2019.02.09-15.38.22:602][  0]LogCollectionManager: Rebuilt the GUID cache for 0 collections in 0.000001 seconds
[2019.02.09-15.38.22:614][  0]LogContentBrowser: Native class hierarchy populated in 0.0114 seconds. Added 2574 classes and 605 folders.
[2019.02.09-15.38.22:627][  0]LogContentBrowser: Native class hierarchy updated for 'WidgetCarousel' in 0.0006 seconds. Added 0 classes and 0 folders.
[2019.02.09-15.38.22:931][  0]LogContentBrowser: Native class hierarchy updated for 'AddContentDialog' in 0.0006 seconds. Added 0 classes and 0 folders.
[2019.02.09-15.38.22:943][  0]LogContentBrowser: Native class hierarchy updated for 'SceneOutliner' in 0.0007 seconds. Added 1 classes and 2 folders.
[2019.02.09-15.38.22:979][  0]LogSlate: Took 0.019351 seconds to synchronously load lazily loaded font '../../../Engine/Content/Slate/Fonts/Roboto-Regular.ttf' (155K)
[2019.02.09-15.38.23:000][  0]LogSlate: Took 0.019069 seconds to synchronously load lazily loaded font '../../../Engine/Content/Slate/Fonts/Roboto-Bold.ttf' (160K)
[2019.02.09-15.38.23:032][  0]LogSlate: Took 0.027091 seconds to synchronously load lazily loaded font '../../../Engine/Content/Editor/Slate/Fonts/FontAwesome.ttf' (139K)
[2019.02.09-15.38.23:143][  0]LogRenderer: Reallocating scene render targets to support 968x576 Format 10 NumSamples 1 (Frame:1).
[2019.02.09-15.38.23:286][  0]LogContentBrowser: Native class hierarchy updated for 'HierarchicalLODOutliner' in 0.0007 seconds. Added 0 classes and 0 folders.
[2019.02.09-15.38.23:286][  0]LogLoad: (Engine Initialization) Total time: 31.82 seconds
[2019.02.09-15.38.23:286][  0]LogLoad: (Engine Initialization) Total Blueprint compile time: 0.00 seconds
[2019.02.09-15.38.23:296][  0]LogWindowsTextInputMethodSystem: Display: IME system now deactivated.
[2019.02.09-15.38.23:319][  0]LogContentStreaming: Texture pool size now 1000 MB
[2019.02.09-15.38.23:394][  0]LogSlate: Took 0.019820 seconds to synchronously load lazily loaded font '../../../Engine/Content/Slate/Fonts/Roboto-Light.ttf' (167K)
[2019.02.09-15.38.23:410][  1]LogAssetRegistry: Asset discovery search completed in 23.1552 seconds
[2019.02.09-15.38.23:412][  1]LogCollectionManager: Rebuilt the object cache for 0 collections in 0.000000 seconds (found 0 objects)
[2019.02.09-15.38.23:412][  1]LogCollectionManager: Fixed up redirectors for 0 collections in 0.000123 seconds (updated 0 objects)
[2019.02.09-15.38.27:695][507]LogSlate: FSceneViewport::OnFocusLost() reason 0
[2019.02.09-15.38.27:835][520]LogRenderer: Reallocating scene render targets to support 972x576 Format 10 NumSamples 1 (Frame:510).
[2019.02.09-15.38.27:898][521]LogRenderer: Reallocating scene render targets to support 980x576 Format 10 NumSamples 1 (Frame:512).
[2019.02.09-15.38.27:947][522]LogRenderer: Reallocating scene render targets to support 992x576 Format 10 NumSamples 1 (Frame:514).
[2019.02.09-15.38.27:992][523]LogRenderer: Reallocating scene render targets to support 1004x576 Format 10 NumSamples 1 (Frame:516).
[2019.02.09-15.38.28:040][524]LogRenderer: Reallocating scene render targets to support 1040x576 Format 10 NumSamples 1 (Frame:518).
[2019.02.09-15.38.28:083][525]LogRenderer: Reallocating scene render targets to support 1100x576 Format 10 NumSamples 1 (Frame:520).
[2019.02.09-15.38.28:128][526]LogRenderer: Reallocating scene render targets to support 1136x576 Format 10 NumSamples 1 (Frame:522).
[2019.02.09-15.38.28:171][527]LogRenderer: Reallocating scene render targets to support 1140x576 Format 10 NumSamples 1 (Frame:524).
[2019.02.09-15.38.28:217][528]LogRenderer: Reallocating scene render targets to support 1144x576 Format 10 NumSamples 1 (Frame:526).
[2019.02.09-15.38.28:260][529]LogRenderer: Reallocating scene render targets to support 1152x576 Format 10 NumSamples 1 (Frame:528).
[2019.02.09-15.38.28:303][530]LogRenderer: Reallocating scene render targets to support 1160x576 Format 10 NumSamples 1 (Frame:530).
[2019.02.09-15.38.28:348][531]LogRenderer: Reallocating scene render targets to support 1168x576 Format 10 NumSamples 1 (Frame:532).
[2019.02.09-15.38.38:033][681]LogSlate: Took 0.000247 seconds to synchronously load lazily loaded font '../../../Engine/Content/Slate/Fonts/Roboto-Light.ttf' (167K)
[2019.02.09-15.38.38:081][681]LogAIModule: Creating AISystem for world Test
[2019.02.09-15.38.38:087][681]LogAssetEditorManager: Opening Asset editor for World /Game/Maps/Test.Test
[2019.02.09-15.38.38:111][681]Cmd: MAP LOAD FILE="../../../../../../Users/a016430f/Documents/TGP-Group-Project/FingerGunz/Content/Maps/Test.umap" TEMPLATE=0 SHOWPROGRESS=1 FEATURELEVEL=3
[2019.02.09-15.38.38:112][681]LightingResults: New page: Lighting Build
[2019.02.09-15.38.38:112][681]LoadErrors: New page: Loading map: Test.umap
[2019.02.09-15.38.38:113][681]MapCheck: New page: Map Check
[2019.02.09-15.38.38:113][681]LightingResults: New page: Lighting Build
[2019.02.09-15.38.38:141][681]LogEditorServer: Finished looking for orphan Actors (0.000 secs)
[2019.02.09-15.38.38:197][681]Cmd: MAP CHECKDEP NOCLEARLOG
[2019.02.09-15.38.38:411][681]MapCheck: Map check complete: 0 Error(s), 0 Warning(s), took 213.32ms to complete.
[2019.02.09-15.38.38:412][681]LogFileHelpers: Loading map 'Test' took 0.301
[2019.02.09-15.38.40:506][907]LogTemp: Repeating last play command: Selected Viewport
[2019.02.09-15.38.40:525][907]LogPlayLevel: PlayLevel: No blueprints needed recompiling
[2019.02.09-15.38.40:539][907]PIE: New page: PIE session: Test (9 Feb 2019 15:38:40)
[2019.02.09-15.38.40:540][907]LogPlayLevel: Creating play world package: /Game/Maps/UEDPIE_0_Test
[2019.02.09-15.38.40:544][907]LogPlayLevel: PIE: StaticDuplicateObject took: (0.004225s)
[2019.02.09-15.38.40:545][907]LogAIModule: Creating AISystem for world Test
[2019.02.09-15.38.40:545][907]LogPlayLevel: PIE: World Init took: (0.000837s)
[2019.02.09-15.38.40:545][907]LogPlayLevel: PIE: Created PIE world by copying editor world from /Game/Maps/Test.Test to /Game/Maps/UEDPIE_0_Test.Test (0.005389s)
[2019.02.09-15.38.40:575][907]LogInit: XAudio2 using 'Speakers (Realtek High Definition Audio)' : 2 channels at 48 kHz using 32 bits per sample (channel mask 0x3)
[2019.02.09-15.38.40:603][907]LogInit: FAudioDevice initialized.
[2019.02.09-15.38.40:650][907]LogLoad: Game class is 'GameModeBase'
[2019.02.09-15.38.40:652][907]LogWorld: Bringing World /Game/Maps/UEDPIE_0_Test.Test up for play (max tick rate 0) at 2019.02.09-15.38.40
[2019.02.09-15.38.40:653][907]LogWorld: Bringing up level for play took: 0.001304
[2019.02.09-15.38.40:678][907]LogContentBrowser: Native class hierarchy updated for 'MovieSceneCapture' in 0.0006 seconds. Added 10 classes and 0 folders.
[2019.02.09-15.38.40:679][907]PIE: Play in editor start time for /Game/Maps/UEDPIE_0_Test -0.087
[2019.02.09-15.38.52:781][355]LogSlate: Updating window title bar state: overlay mode, drag disabled, window buttons hidden, title bar hidden
[2019.02.09-15.38.52:823][355]LogPlayLevel: Display: Shutting down PIE online subsystems
[2019.02.09-15.38.52:850][355]LogSlate: Updating window title bar state: overlay mode, drag disabled, window buttons hidden, title bar hidden
[2019.02.09-15.38.52:881][358]LogPlayLevel: Display: Destroying online subsystem :Context_1
[2019.02.09-15.38.56:167][752]LogSlate: FSceneViewport::OnFocusLost() reason 0
[2019.02.09-15.38.56:330][759]LogSlate: Window 'FingerGunz - Unreal Editor' being destroyed
[2019.02.09-15.38.56:331][759]LogWindowsTextInputMethodSystem: Display: IME system now deactivated.
[2019.02.09-15.38.56:529][760]Cmd: QUIT_EDITOR
[2019.02.09-15.38.57:465][760]LogExit: Preparing to exit.
[2019.02.09-15.38.58:392][760]LogExit: Editor shut down
[2019.02.09-15.38.58:392][760]LogExit: Transaction tracking system shut down
[2019.02.09-15.38.58:787][760]LogExit: Object subsystem successfully closed.
[2019.02.09-15.38.58:814][760]LogShaderCompilers: Display: Shaders left to compile 0
[2019.02.09-15.38.58:817][760]LogD3D11RHI: Shutdown
[2019.02.09-15.38.58:818][760]LogD3D11RHI: CleanupD3DDevice
[2019.02.09-15.38.58:819][760]LogD3D11RHI: ~FD3D11DynamicRHI
[2019.02.09-15.38.58:865][760]LogModuleManager: Shutting down and abandoning module MovieSceneCapture (618)
[2019.02.09-15.38.58:865][760]LogModuleManager: Shutting down and abandoning module Voice (616)
[2019.02.09-15.38.58:865][760]LogModuleManager: Shutting down and abandoning module HierarchicalLODOutliner (614)
[2019.02.09-15.38.58:865][760]LogModuleManager: Shutting down and abandoning module SceneOutliner (612)
[2019.02.09-15.38.58:865][760]LogModuleManager: Shutting down and abandoning module AddContentDialog (610)
[2019.02.09-15.38.58:866][760]LogModuleManager: Shutting down and abandoning module WidgetCarousel (609)
[2019.02.09-15.38.58:866][760]LogModuleManager: Shutting down and abandoning module EditorWidgets (606)
[2019.02.09-15.38.58:866][760]LogModuleManager: Shutting down and abandoning module CollectionManager (604)
[2019.02.09-15.38.58:866][760]LogModuleManager: Shutting down and abandoning module HierarchicalLODUtilities (602)
[2019.02.09-15.38.58:867][760]LogModuleManager: Shutting down and abandoning module StatsViewer (600)
[2019.02.09-15.38.58:867][760]LogModuleManager: Shutting down and abandoning module FoliageEdit (598)
[2019.02.09-15.38.58:867][760]LogModuleManager: Shutting down and abandoning module LandscapeEditor (596)
[2019.02.09-15.38.58:867][760]LogModuleManager: Shutting down and abandoning module MeshPaintMode (594)
[2019.02.09-15.38.58:867][760]LogModuleManager: Shutting down and abandoning module SceneDepthPickerMode (592)
[2019.02.09-15.38.58:867][760]LogModuleManager: Shutting down and abandoning module ActorPickerMode (590)
[2019.02.09-15.38.58:867][760]LogModuleManager: Shutting down and abandoning module GeometryMode (588)
[2019.02.09-15.38.58:867][760]LogModuleManager: Shutting down and abandoning module TextureAlignMode (586)
[2019.02.09-15.38.58:867][760]LogModuleManager: Shutting down and abandoning module BspMode (584)
[2019.02.09-15.38.58:868][760]LogModuleManager: Shutting down and abandoning module PIEPreviewDeviceProfileSelector (582)
[2019.02.09-15.38.58:868][760]LogModuleManager: Shutting down and abandoning module SequenceRecorderSections (580)
[2019.02.09-15.38.58:868][760]LogModuleManager: Shutting down and abandoning module AutomationWorker (578)
[2019.02.09-15.38.58:868][760]LogModuleManager: Shutting down and abandoning module AudioCaptureEditor (576)
[2019.02.09-15.38.58:868][760]LogModuleManager: Shutting down and abandoning module SequenceRecorder (575)
[2019.02.09-15.38.58:868][760]LogModuleManager: Shutting down and abandoning module MatineeToLevelSequence (572)
[2019.02.09-15.38.58:868][760]LogModuleManager: Shutting down and abandoning module LevelSequenceEditor (570)
[2019.02.09-15.38.58:868][760]LogModuleManager: Shutting down and abandoning module PlacementMode (569)
[2019.02.09-15.38.58:869][760]LogModuleManager: Shutting down and abandoning module MaterialEditor (568)
[2019.02.09-15.38.58:869][760]LogModuleManager: Shutting down and abandoning module WmfMediaFactory (564)
[2019.02.09-15.38.58:869][760]LogModuleManager: Shutting down and abandoning module WmfMediaEditor (562)
[2019.02.09-15.38.58:869][760]LogModuleManager: Shutting down and abandoning module MediaPlayerEditor (560)
[2019.02.09-15.38.58:869][760]LogModuleManager: Shutting down and abandoning module OpenExrWrapper (558)
[2019.02.09-15.38.58:869][760]LogModuleManager: Shutting down and abandoning module ImgMediaFactory (556)
[2019.02.09-15.38.58:869][760]LogModuleManager: Shutting down and abandoning module ImgMediaEditor (554)
[2019.02.09-15.38.58:869][760]LogModuleManager: Shutting down and abandoning module AvfMediaFactory (552)
[2019.02.09-15.38.58:869][760]LogModuleManager: Shutting down and abandoning module AvfMediaEditor (550)
[2019.02.09-15.38.58:869][760]LogModuleManager: Shutting down and abandoning module AndroidMediaFactory (548)
[2019.02.09-15.38.58:869][760]LogModuleManager: Shutting down and abandoning module AndroidMediaEditor (546)
[2019.02.09-15.38.58:870][760]LogModuleManager: Shutting down and abandoning module MagicLeapCameraPreviewFactory (544)
[2019.02.09-15.38.58:870][760]LogModuleManager: Shutting down and abandoning module MagicLeapMediaFactory (542)
[2019.02.09-15.38.58:870][760]LogModuleManager: Shutting down and abandoning module MagicLeapMediaEditor (540)
[2019.02.09-15.38.58:870][760]LogModuleManager: Shutting down and abandoning module CharacterAI (538)
[2019.02.09-15.38.58:870][760]LogModuleManager: Shutting down and abandoning module SmartSnapping (536)
[2019.02.09-15.38.58:870][760]LogModuleManager: Shutting down and abandoning module SessionServices (534)
[2019.02.09-15.38.58:870][760]LogModuleManager: Shutting down and abandoning module ViewportSnapping (532)
[2019.02.09-15.38.58:870][760]LogModuleManager: Shutting down and abandoning module ViewportInteraction (530)
[2019.02.09-15.38.58:870][760]LogModuleManager: Shutting down and abandoning module ClothPainter (528)
[2019.02.09-15.38.58:871][760]LogModuleManager: Shutting down and abandoning module SkeletalMeshEditor (527)
[2019.02.09-15.38.58:871][760]LogModuleManager: Shutting down and abandoning module LogVisualizer (524)
[2019.02.09-15.38.58:871][760]LogModuleManager: Shutting down and abandoning module IntroTutorials (522)
[2019.02.09-15.38.58:871][760]LogModuleManager: Shutting down and abandoning module GameProjectGeneration (521)
[2019.02.09-15.38.58:871][760]LogModuleManager: Shutting down and abandoning module LuminPlatformEditor (518)
[2019.02.09-15.38.58:871][760]LogModuleManager: Shutting down and abandoning module IOSPlatformEditor (516)
[2019.02.09-15.38.58:871][760]LogModuleManager: Shutting down and abandoning module HTML5PlatformEditor (514)
[2019.02.09-15.38.58:871][760]LogModuleManager: Shutting down and abandoning module AndroidPlatformEditor (512)
[2019.02.09-15.38.58:871][760]LogModuleManager: Shutting down and abandoning module AndroidDeviceDetection (511)
[2019.02.09-15.38.59:188][760]LogModuleManager: Shutting down and abandoning module WindowsPlatformEditor (508)
[2019.02.09-15.38.59:188][760]LogModuleManager: Shutting down and abandoning module LuminRuntimeSettings (506)
[2019.02.09-15.38.59:188][760]LogModuleManager: Shutting down and abandoning module IOSRuntimeSettings (504)
[2019.02.09-15.38.59:189][760]LogModuleManager: Shutting down and abandoning module AndroidRuntimeSettings (502)
[2019.02.09-15.38.59:189][760]LogModuleManager: Shutting down and abandoning module InputBindingEditor (500)
[2019.02.09-15.38.59:189][760]LogModuleManager: Shutting down and abandoning module MergeActors (498)
[2019.02.09-15.38.59:189][760]LogModuleManager: Shutting down and abandoning module LocalizationDashboard (496)
[2019.02.09-15.38.59:189][760]LogModuleManager: Shutting down and abandoning module LocalizationService (495)
[2019.02.09-15.38.59:190][760]LogModuleManager: Shutting down and abandoning module HardwareTargeting (492)
[2019.02.09-15.38.59:190][760]LogModuleManager: Shutting down and abandoning module DeviceProfileEditor (490)
[2019.02.09-15.38.59:190][760]LogModuleManager: Shutting down and abandoning module UndoHistory (488)
[2019.02.09-15.38.59:190][760]LogModuleManager: Shutting down and abandoning module XmlParser (486)
[2019.02.09-15.38.59:190][760]LogModuleManager: Shutting down and abandoning module Blutility (484)
[2019.02.09-15.38.59:191][760]LogModuleManager: Shutting down and abandoning module ProjectSettingsViewer (482)
[2019.02.09-15.38.59:191][760]LogModuleManager: Shutting down and abandoning module ProjectTargetPlatformEditor (481)
[2019.02.09-15.38.59:192][760]LogModuleManager: Shutting down and abandoning module EditorSettingsViewer (478)
[2019.02.09-15.38.59:192][760]LogModuleManager: Shutting down and abandoning module SettingsEditor (476)
[2019.02.09-15.38.59:192][760]LogModuleManager: Shutting down and abandoning module ProjectLauncher (474)
[2019.02.09-15.38.59:193][760]LogModuleManager: Shutting down and abandoning module SessionFrontend (472)
[2019.02.09-15.38.59:193][760]LogModuleManager: Shutting down and abandoning module ProfilerClient (470)
[2019.02.09-15.38.59:193][760]LogModuleManager: Shutting down and abandoning module DeviceManager (468)
[2019.02.09-15.38.59:193][760]LogModuleManager: Shutting down and abandoning module TargetDeviceServices (467)
[2019.02.09-15.38.59:260][760]LogModuleManager: Shutting down and abandoning module AutomationController (464)
[2019.02.09-15.38.59:260][760]LogModuleManager: Shutting down and abandoning module AutomationWindow (462)
[2019.02.09-15.38.59:260][760]LogModuleManager: Shutting down and abandoning module Layers (460)
[2019.02.09-15.38.59:260][760]LogModuleManager: Shutting down and abandoning module ComponentVisualizers (458)
[2019.02.09-15.38.59:261][760]LogModuleManager: Shutting down and abandoning module DetailCustomizations (456)
[2019.02.09-15.38.59:261][760]LogModuleManager: Shutting down and abandoning module PackagesDialog (454)
[2019.02.09-15.38.59:261][760]LogModuleManager: Shutting down and abandoning module Persona (452)
[2019.02.09-15.38.59:262][760]LogModuleManager: Shutting down and abandoning module AdvancedPreviewScene (451)
[2019.02.09-15.38.59:262][760]LogModuleManager: Shutting down and abandoning module AnimGraph (449)
[2019.02.09-15.38.59:262][760]LogModuleManager: Shutting down and abandoning module Kismet (446)
[2019.02.09-15.38.59:263][760]LogModuleManager: Shutting down and abandoning module GraphEditor (444)
[2019.02.09-15.38.59:263][760]LogModuleManager: Shutting down and abandoning module ClassViewer (442)
[2019.02.09-15.38.59:264][760]LogModuleManager: Shutting down and abandoning module Toolbox (440)
[2019.02.09-15.38.59:264][760]LogModuleManager: Shutting down and abandoning module DesktopPlatform (439)
[2019.02.09-15.38.59:264][760]LogModuleManager: Shutting down and abandoning module ModuleUI (436)
[2019.02.09-15.38.59:264][760]LogModuleManager: Shutting down and abandoning module MovieSceneTools (434)
[2019.02.09-15.38.59:265][760]LogModuleManager: Shutting down and abandoning module OutputLog (432)
[2019.02.09-15.38.59:265][760]LogModuleManager: Shutting down and abandoning module GammaUI (430)
[2019.02.09-15.38.59:265][760]LogModuleManager: Shutting down and abandoning module Documentation (428)
[2019.02.09-15.38.59:266][760]LogModuleManager: Shutting down and abandoning module MovieSceneTracks (426)
[2019.02.09-15.38.59:266][760]LogModuleManager: Shutting down and abandoning module MovieScene (424)
[2019.02.09-15.38.59:266][760]LogModuleManager: Shutting down and abandoning module StreamingPauseRendering (422)
[2019.02.09-15.38.59:266][760]LogModuleManager: Shutting down and abandoning module LauncherPlatform (420)
[2019.02.09-15.38.59:266][760]LogModuleManager: Shutting down and abandoning module AnalyticsET (418)
[2019.02.09-15.38.59:267][760]LogModuleManager: Shutting down and abandoning module PortalServices (416)
[2019.02.09-15.38.59:267][760]LogModuleManager: Shutting down and abandoning module PortalRpc (414)
[2019.02.09-15.38.59:267][760]LogModuleManager: Shutting down and abandoning module MessagingRpc (412)
[2019.02.09-15.38.59:267][760]LogModuleManager: Shutting down and abandoning module AIModule (410)
[2019.02.09-15.38.59:268][760]LogModuleManager: Shutting down and abandoning module GameplayDebugger (409)
[2019.02.09-15.38.59:268][760]LogModuleManager: Shutting down and abandoning module AITestSuite (407)
[2019.02.09-15.38.59:268][760]LogModuleManager: Shutting down and abandoning module NavigationSystem (405)
[2019.02.09-15.38.59:268][760]LogModuleManager: Shutting down and abandoning module ProfilerService (402)
[2019.02.09-15.38.59:332][760]LogModuleManager: Shutting down and abandoning module TaskGraph (400)
[2019.02.09-15.38.59:332][760]LogModuleManager: Shutting down and abandoning module SteamVRController (398)
[2019.02.09-15.38.59:332][760]LogModuleManager: Shutting down and abandoning module ProceduralMeshComponentEditor (396)
[2019.02.09-15.38.59:333][760]LogModuleManager: Shutting down and abandoning module ProceduralMeshComponent (394)
[2019.02.09-15.38.59:333][760]LogModuleManager: Shutting down and abandoning module OculusInput (392)
[2019.02.09-15.38.59:334][760]LogModuleManager: Shutting down and abandoning module MobilePatchingUtils (390)
[2019.02.09-15.38.59:334][760]LogModuleManager: Shutting down and abandoning module EditableMesh (388)
[2019.02.09-15.38.59:334][760]LogModuleManager: Shutting down and abandoning module CustomMeshComponent (386)
[2019.02.09-15.38.59:334][760]LogModuleManager: Shutting down and abandoning module CableComponent (384)
[2019.02.09-15.38.59:335][760]LogModuleManager: Shutting down and abandoning module AudioCapture (382)
[2019.02.09-15.38.59:335][760]LogModuleManager: Shutting down and abandoning module ArchVisCharacter (380)
[2019.02.09-15.38.59:335][760]LogModuleManager: Shutting down and abandoning module AndroidPermission (378)
[2019.02.09-15.38.59:335][760]LogModuleManager: Shutting down and abandoning module NUTUnrealEngine4 (376)
[2019.02.09-15.38.59:335][760]LogModuleManager: Shutting down and abandoning module NetcodeUnitTest (374)
[2019.02.09-15.38.59:336][760]LogModuleManager: Shutting down and abandoning module MediaCompositingEditor (372)
[2019.02.09-15.38.59:336][760]LogModuleManager: Shutting down and abandoning module MediaCompositing (370)
[2019.02.09-15.38.59:337][760]LogModuleManager: Shutting down and abandoning module LinearTimecode (368)
[2019.02.09-15.38.59:337][760]LogModuleManager: Shutting down and abandoning module ImgMedia (366)
[2019.02.09-15.38.59:355][760]LogModuleManager: Shutting down and abandoning module HTML5Networking (364)
[2019.02.09-15.38.59:355][760]LogModuleManager: Shutting down and abandoning module GeometryCacheTracks (362)
[2019.02.09-15.38.59:356][760]LogModuleManager: Shutting down and abandoning module GeometryCacheSequencer (360)
[2019.02.09-15.38.59:356][760]LogModuleManager: Shutting down and abandoning module BackChannel (358)
[2019.02.09-15.38.59:356][760]LogModuleManager: Shutting down and abandoning module AppleVision (356)
[2019.02.09-15.38.59:357][760]LogModuleManager: Shutting down and abandoning module AppleImageUtils (354)
[2019.02.09-15.38.59:360][760]LogModuleManager: Shutting down and abandoning module AlembicImporter (352)
[2019.02.09-15.38.59:360][760]LogModuleManager: Shutting down and abandoning module AlembicLibrary (351)
[2019.02.09-15.38.59:360][760]LogModuleManager: Shutting down and abandoning module GeometryCache (350)
[2019.02.09-15.38.59:361][760]LogModuleManager: Shutting down and abandoning module GeometryCacheEd (349)
[2019.02.09-15.38.59:361][760]LogModuleManager: Shutting down and abandoning module DatasmithContentEditor (344)
[2019.02.09-15.38.59:361][760]LogModuleManager: Shutting down and abandoning module DatasmithContent (342)
[2019.02.09-15.38.59:364][760]LogModuleManager: Shutting down and abandoning module SpeedTreeImporter (340)
[2019.02.09-15.38.59:365][760]LogModuleManager: Shutting down and abandoning module PluginBrowser (338)
[2019.02.09-15.38.59:366][760]LogModuleManager: Shutting down and abandoning module MobileLauncherProfileWizard (336)
[2019.02.09-15.38.59:366][760]LogModuleManager: Shutting down and abandoning module PolygonModeling (334)
[2019.02.09-15.38.59:367][760]LogModuleManager: Shutting down and abandoning module MeshEditor (332)
[2019.02.09-15.38.59:367][760]LogModuleManager: Shutting down and abandoning module CryptoKeysOpenSSL (330)
[2019.02.09-15.38.59:367][760]LogModuleManager: Shutting down and abandoning module CryptoKeys (328)
[2019.02.09-15.38.59:368][760]LogModuleManager: Shutting down and abandoning module VisualStudioSourceCodeAccess (326)
[2019.02.09-15.38.59:368][760]LogModuleManager: Shutting down and abandoning module VisualStudioCodeSourceCodeAccess (324)
[2019.02.09-15.38.59:368][760]LogModuleManager: Shutting down and abandoning module UObjectPlugin (322)
[2019.02.09-15.38.59:369][760]LogModuleManager: Shutting down and abandoning module SubversionSourceControl (320)
[2019.02.09-15.38.59:369][760]LogModuleManager: Shutting down and abandoning module PerforceSourceControl (318)
[2019.02.09-15.38.59:369][760]LogModuleManager: Shutting down and abandoning module GitSourceControl (316)
[2019.02.09-15.38.59:370][760]LogModuleManager: Shutting down and abandoning module SourceControl (315)
[2019.02.09-15.38.59:370][760]LogModuleManager: Shutting down and abandoning module CLionSourceCodeAccess (312)
[2019.02.09-15.38.59:371][760]LogModuleManager: Shutting down and abandoning module LightPropagationVolumeEditor (310)
[2019.02.09-15.38.59:371][760]LogModuleManager: Shutting down and abandoning module PaperTiledImporter (308)
[2019.02.09-15.38.59:371][760]LogModuleManager: Shutting down and abandoning module PaperSpriteSheetImporter (306)
[2019.02.09-15.38.59:372][760]LogModuleManager: Shutting down and abandoning module Paper2DEditor (304)
[2019.02.09-15.38.59:372][760]LogModuleManager: Shutting down and abandoning module MeshPaint (303)
[2019.02.09-15.38.59:375][760]LogModuleManager: Shutting down and abandoning module FingerGunz (300)
[2019.02.09-15.38.59:375][760]LogModuleManager: Shutting down and abandoning module RuntimePhysXCooking (298)
[2019.02.09-15.38.59:375][760]LogModuleManager: Shutting down and abandoning module PhysXVehiclesEditor (296)
[2019.02.09-15.38.59:375][760]LogModuleManager: Shutting down and abandoning module PhysXVehicles (294)
[2019.02.09-15.38.59:376][760]LogModuleManager: Shutting down and abandoning module OculusEditor (292)
[2019.02.09-15.38.59:376][760]LogModuleManager: Shutting down and abandoning module LocationServicesBPLibrary (290)
[2019.02.09-15.38.59:376][760]LogModuleManager: Shutting down and abandoning module ImmediatePhysicsEditor (288)
[2019.02.09-15.38.59:376][760]LogModuleManager: Shutting down and abandoning module ImmediatePhysics (286)
[2019.02.09-15.38.59:376][760]LogModuleManager: Shutting down and abandoning module ActorSequence (284)
[2019.02.09-15.38.59:376][760]LogModuleManager: Shutting down and abandoning module UdpMessaging (282)
[2019.02.09-15.38.59:478][760]LogModuleManager: Shutting down and abandoning module TcpMessaging (280)
[2019.02.09-15.38.59:579][760]LogModuleManager: Shutting down and abandoning module MagicLeapAudio (278)
[2019.02.09-15.38.59:579][760]LogModuleManager: Shutting down and abandoning module GameplayTagsEditor (276)
[2019.02.09-15.38.59:579][760]LogModuleManager: Shutting down and abandoning module FacialAnimationEditor (274)
[2019.02.09-15.38.59:579][760]LogModuleManager: Shutting down and abandoning module FacialAnimation (272)
[2019.02.09-15.38.59:580][760]LogModuleManager: Shutting down and abandoning module DataValidation (270)
[2019.02.09-15.38.59:580][760]LogModuleManager: Shutting down and abandoning module AssetManagerEditor (268)
[2019.02.09-15.38.59:580][760]LogModuleManager: Shutting down and abandoning module LevelEditor (267)
[2019.02.09-15.38.59:583][760]LogModuleManager: Shutting down and abandoning module PixelInspectorModule (266)
[2019.02.09-15.38.59:584][760]LogModuleManager: Shutting down and abandoning module CommonMenuExtensions (264)
[2019.02.09-15.38.59:584][760]LogModuleManager: Shutting down and abandoning module MainFrame (262)
[2019.02.09-15.38.59:585][760]LogModuleManager: Shutting down and abandoning module HotReload (261)
[2019.02.09-15.38.59:589][760]LogModuleManager: Shutting down and abandoning module ContentBrowser (257)
[2019.02.09-15.38.59:592][760]LogModuleManager: Shutting down and abandoning module TreeMap (255)
[2019.02.09-15.38.59:592][760]LogModuleManager: Shutting down and abandoning module LightPropagationVolumeRuntime (252)
[2019.02.09-15.38.59:592][760]LogModuleManager: Shutting down and abandoning module AISupportModule (250)
[2019.02.09-15.38.59:592][760]LogModuleManager: Shutting down and abandoning module Paper2D (248)
[2019.02.09-15.38.59:592][760]LogModuleManager: Shutting down and abandoning module WindowsMoviePlayer (246)
[2019.02.09-15.38.59:593][760]LogModuleManager: Shutting down and abandoning module WmfMedia (244)
[2019.02.09-15.38.59:600][760]LogModuleManager: Shutting down and abandoning module Media (243)
[2019.02.09-15.38.59:608][760]LogModuleManager: Shutting down and abandoning module PacketHandler (240)
[2019.02.09-15.38.59:608][760]LogModuleManager: Shutting down and abandoning module ClothingSystemEditor (238)
[2019.02.09-15.38.59:608][760]LogModuleManager: Shutting down and abandoning module ClothingSystemRuntime (236)
[2019.02.09-15.38.59:608][760]LogModuleManager: Shutting down and abandoning module MediaAssets (234)
[2019.02.09-15.38.59:608][760]LogModuleManager: Shutting down and abandoning module Overlay (232)
[2019.02.09-15.38.59:609][760]LogModuleManager: Shutting down and abandoning module OverlayEditor (231)
[2019.02.09-15.38.59:609][760]LogModuleManager: Shutting down and abandoning module VREditor (228)
[2019.02.09-15.38.59:609][760]LogModuleManager: Shutting down and abandoning module StringTableEditor (226)
[2019.02.09-15.38.59:609][760]LogModuleManager: Shutting down and abandoning module GameplayTasksEditor (224)
[2019.02.09-15.38.59:609][760]LogModuleManager: Shutting down and abandoning module BehaviorTreeEditor (222)
[2019.02.09-15.38.59:610][760]LogModuleManager: Shutting down and abandoning module FunctionalTesting (220)
[2019.02.09-15.38.59:610][760]LogModuleManager: Shutting down and abandoning module CollisionAnalyzer (218)
[2019.02.09-15.38.59:610][760]LogModuleManager: Shutting down and abandoning module WorkspaceMenuStructure (217)
[2019.02.09-15.38.59:610][760]LogModuleManager: Shutting down and abandoning module UMG (214)
[2019.02.09-15.38.59:610][760]LogModuleManager: Shutting down and abandoning module UMGEditor (213)
[2019.02.09-15.38.59:611][760]LogModuleManager: Shutting down and abandoning module Sequencer (212)
[2019.02.09-15.38.59:611][760]LogModuleManager: Shutting down and abandoning module MessageLog (209)
[2019.02.09-15.38.59:611][760]LogModuleManager: Shutting down and abandoning module SlateReflector (204)
[2019.02.09-15.38.59:611][760]LogModuleManager: Shutting down and abandoning module Slate (202)
[2019.02.09-15.38.59:612][760]LogModuleManager: Shutting down and abandoning module EditorStyle (200)
[2019.02.09-15.38.59:615][760]LogModuleManager: Shutting down and abandoning module MRMesh (198)
[2019.02.09-15.38.59:615][760]LogModuleManager: Shutting down and abandoning module SourceCodeAccess (196)
[2019.02.09-15.38.59:615][760]LogModuleManager: Shutting down and abandoning module HeadMountedDisplay (194)
[2019.02.09-15.38.59:616][760]LogModuleManager: Shutting down and abandoning module XAudio2 (192)
[2019.02.09-15.38.59:616][760]LogModuleManager: Shutting down and abandoning module Networking (190)
[2019.02.09-15.38.59:616][760]LogModuleManager: Shutting down and abandoning module Core (188)
[2019.02.09-15.38.59:617][760]LogModuleManager: Shutting down and abandoning module LevelSequence (186)
[2019.02.09-15.38.59:617][760]LogModuleManager: Shutting down and abandoning module KismetCompiler (184)
[2019.02.09-15.38.59:617][760]LogModuleManager: Shutting down and abandoning module MeshUtilities (182)
[2019.02.09-15.38.59:617][760]LogModuleManager: Shutting down and abandoning module MeshMergeUtilities (181)
[2019.02.09-15.38.59:618][760]LogModuleManager: Shutting down and abandoning module MeshReductionInterface (180)
[2019.02.09-15.38.59:618][760]LogModuleManager: Shutting down and abandoning module SimplygonSwarm (179)
[2019.02.09-15.38.59:618][760]LogModuleManager: Shutting down and abandoning module ProxyLODMeshReduction (177)
[2019.02.09-15.38.59:618][760]LogModuleManager: Shutting down and abandoning module SimplygonMeshReduction (175)
[2019.02.09-15.38.59:618][760]LogModuleManager: Shutting down and abandoning module QuadricMeshReduction (173)
[2019.02.09-15.38.59:618][760]LogModuleManager: Shutting down and abandoning module MaterialBaking (169)
[2019.02.09-15.38.59:618][760]LogModuleManager: Shutting down and abandoning module DirectoryWatcher (165)
[2019.02.09-15.38.59:618][760]LogModuleManager: Shutting down and abandoning module DerivedDataCache (162)
[2019.02.09-15.38.59:874][760]LogDerivedDataCache: Shutdown
[2019.02.09-15.38.59:874][760]LogModuleManager: Shutting down and abandoning module XGEController (160)
[2019.02.09-15.38.59:875][760]LogXGEController: Cleaning working directory: C:/Users/a016430f/AppData/Local/Temp/UnrealXGEWorkingDir/
[2019.02.09-15.38.59:875][760]LogModuleManager: Shutting down and abandoning module TargetPlatform (158)
[2019.02.09-15.38.59:875][760]LogModuleManager: Shutting down and abandoning module VulkanShaderFormat (157)
[2019.02.09-15.38.59:875][760]LogModuleManager: Shutting down and abandoning module ShaderFormatVectorVM (155)
[2019.02.09-15.38.59:875][760]LogModuleManager: Shutting down and abandoning module ShaderFormatOpenGL (153)
[2019.02.09-15.38.59:876][760]LogModuleManager: Shutting down and abandoning module ShaderFormatD3D (151)
[2019.02.09-15.38.59:876][760]LogModuleManager: Shutting down and abandoning module MetalShaderFormat (149)
[2019.02.09-15.38.59:876][760]LogModuleManager: Shutting down and abandoning module TextureFormatUncompressed (147)
[2019.02.09-15.38.59:876][760]LogModuleManager: Shutting down and abandoning module TextureFormatPVR (145)
[2019.02.09-15.38.59:876][760]LogModuleManager: Shutting down and abandoning module TextureFormatDXT (143)
[2019.02.09-15.38.59:876][760]LogModuleManager: Shutting down and abandoning module TextureFormatIntelISPCTexComp (141)
[2019.02.09-15.38.59:877][760]LogModuleManager: Shutting down and abandoning module TextureFormatASTC (139)
[2019.02.09-15.38.59:877][760]LogModuleManager: Shutting down and abandoning module ImageWrapper (138)
[2019.02.09-15.38.59:877][760]LogModuleManager: Shutting down and abandoning module TextureFormatAndroid (135)
[2019.02.09-15.38.59:878][760]LogModuleManager: Shutting down and abandoning module AudioFormatOpus (133)
[2019.02.09-15.38.59:878][760]LogModuleManager: Shutting down and abandoning module AudioFormatOgg (131)
[2019.02.09-15.38.59:878][760]LogModuleManager: Shutting down and abandoning module AudioFormatADPCM (129)
[2019.02.09-15.38.59:878][760]LogModuleManager: Shutting down and abandoning module LuminTargetPlatform (127)
[2019.02.09-15.38.59:878][760]LogModuleManager: Shutting down and abandoning module LinuxTargetPlatform (125)
[2019.02.09-15.38.59:878][760]LogModuleManager: Shutting down and abandoning module LinuxServerTargetPlatform (123)
[2019.02.09-15.38.59:878][760]LogModuleManager: Shutting down and abandoning module LinuxNoEditorTargetPlatform (121)
[2019.02.09-15.38.59:878][760]LogModuleManager: Shutting down and abandoning module LinuxClientTargetPlatform (119)
[2019.02.09-15.38.59:879][760]LogModuleManager: Shutting down and abandoning module TVOSTargetPlatform (117)
[2019.02.09-15.38.59:880][760]LogModuleManager: Shutting down and abandoning module Messaging (115)
[2019.02.09-15.38.59:880][760]LogModuleManager: Shutting down and abandoning module IOSTargetPlatform (113)
[2019.02.09-15.38.59:881][760]LogModuleManager: Shutting down and abandoning module HTML5TargetPlatform (111)
[2019.02.09-15.38.59:881][760]LogModuleManager: Shutting down and abandoning module AndroidTargetPlatform (109)
[2019.02.09-15.38.59:891][760]LogModuleManager: Shutting down and abandoning module WindowsTargetPlatform (107)
[2019.02.09-15.38.59:892][760]LogModuleManager: Shutting down and abandoning module WindowsServerTargetPlatform (105)
[2019.02.09-15.38.59:892][760]LogModuleManager: Shutting down and abandoning module WindowsNoEditorTargetPlatform (103)
[2019.02.09-15.38.59:892][760]LogModuleManager: Shutting down and abandoning module WindowsClientTargetPlatform (101)
[2019.02.09-15.38.59:892][760]LogModuleManager: Shutting down and abandoning module MacTargetPlatform (99)
[2019.02.09-15.38.59:892][760]LogModuleManager: Shutting down and abandoning module MacServerTargetPlatform (97)
[2019.02.09-15.38.59:892][760]LogModuleManager: Shutting down and abandoning module MacNoEditorTargetPlatform (95)
[2019.02.09-15.38.59:892][760]LogModuleManager: Shutting down and abandoning module MacClientTargetPlatform (93)
[2019.02.09-15.38.59:892][760]LogModuleManager: Shutting down and abandoning module AllDesktopTargetPlatform (91)
[2019.02.09-15.38.59:892][760]LogModuleManager: Shutting down and abandoning module InputCore (88)
[2019.02.09-15.38.59:892][760]LogModuleManager: Shutting down and abandoning module Settings (86)
[2019.02.09-15.38.59:892][760]LogModuleManager: Shutting down and abandoning module PhysXCooking (84)
[2019.02.09-15.38.59:892][760]LogModuleManager: Shutting down and abandoning module SteamVR (82)
[2019.02.09-15.38.59:892][760]LogModuleManager: Shutting down and abandoning module OculusHMD (80)
[2019.02.09-15.38.59:893][760]LogModuleManager: Shutting down and abandoning module ExampleDeviceProfileSelector (78)
[2019.02.09-15.38.59:893][760]LogModuleManager: Shutting down and abandoning module LauncherChunkInstaller (76)
[2019.02.09-15.38.59:893][760]LogModuleManager: Shutting down and abandoning module OnlineBlueprintSupport (74)
[2019.02.09-15.38.59:893][760]LogModuleManager: Shutting down and abandoning module OnlineSubsystem (70)
[2019.02.09-15.38.59:898][760]LogModuleManager: Shutting down and abandoning module XMPP (65)
[2019.02.09-15.38.59:898][760]LogModuleManager: Shutting down and abandoning module WebSockets (64)
[2019.02.09-15.38.59:919][760]LogModuleManager: Shutting down and abandoning module HTTP (61)
[2019.02.09-15.38.59:919][760]LogHttp: Display: Http module shutting down, but needs to wait on 1 outstanding Http requests:
[2019.02.09-15.38.59:919][760]LogHttp: Display: 	verb=[POST] url=[https://datarouter.ol.epicgames.com/datarouter/api/v1/public/data?SessionID=%7BAEB42951-405D-8FC2-545B-43BF02E890AD%7D&AppID=UEEditor.Rocket.Release&AppVersion=4.20.3-4369336%2B%2B%2BUE4%2BRelease-4.20&UserID=c436cfa842e3185e1984dab45f412324%7C%7Cd55a0e53-e17f-4ac1-94cc-2f985364e985&AppEnvironment=datacollector-binary&UploadType=eteventstream] status=Processing
[2019.02.09-15.38.59:933][760]LogModuleManager: Shutting down and abandoning module SSL (60)
[2019.02.09-15.38.59:934][760]LogModuleManager: Shutting down and abandoning module MagicLeapEmulator (56)
[2019.02.09-15.38.59:934][760]LogModuleManager: Shutting down and abandoning module MagicLeapPrivileges (54)
[2019.02.09-15.38.59:934][760]LogModuleManager: Shutting down and abandoning module MagicLeapIdentity (52)
[2019.02.09-15.38.59:934][760]LogModuleManager: Shutting down and abandoning module MagicLeapHelperVulkan (50)
[2019.02.09-15.38.59:934][760]LogModuleManager: Shutting down and abandoning module MagicLeapHelperOpenGL (48)
[2019.02.09-15.38.59:935][760]LogModuleManager: Shutting down and abandoning module MagicLeapSecureStorage (46)
[2019.02.09-15.38.59:935][760]LogModuleManager: Shutting down and abandoning module MagicLeapGestures (44)
[2019.02.09-15.38.59:935][760]LogModuleManager: Shutting down and abandoning module MagicLeapEyeTracker (42)
[2019.02.09-15.38.59:935][760]LogModuleManager: Shutting down and abandoning module MagicLeapController (40)
[2019.02.09-15.38.59:935][760]LogSlate: Slate User Destroyed.  User Index 0, Is Virtual User: 0
[2019.02.09-15.38.59:935][760]LogModuleManager: Shutting down and abandoning module MagicLeap (38)
[2019.02.09-15.38.59:935][760]LogModuleManager: Shutting down and abandoning module AnimationModifiers (36)
[2019.02.09-15.38.59:935][760]LogModuleManager: Shutting down and abandoning module PropertyEditor (35)
[2019.02.09-15.38.59:935][760]LogModuleManager: Shutting down and abandoning module AudioEditor (32)
[2019.02.09-15.38.59:935][760]LogModuleManager: Shutting down and abandoning module TextureCompressor (30)
[2019.02.09-15.38.59:938][760]LogModuleManager: Shutting down and abandoning module ShaderCore (28)
[2019.02.09-15.38.59:938][760]LogModuleManager: Shutting down and abandoning module Landscape (26)
[2019.02.09-15.38.59:938][760]LogModuleManager: Shutting down and abandoning module SlateRHIRenderer (24)
[2019.02.09-15.38.59:938][760]LogModuleManager: Shutting down and abandoning module OpenGLDrv (22)
[2019.02.09-15.38.59:938][760]LogModuleManager: Shutting down and abandoning module D3D11RHI (20)
[2019.02.09-15.38.59:938][760]LogModuleManager: Shutting down and abandoning module AnimGraphRuntime (18)
[2019.02.09-15.38.59:938][760]LogModuleManager: Shutting down and abandoning module Renderer (16)
[2019.02.09-15.38.59:939][760]LogModuleManager: Shutting down and abandoning module Engine (14)
[2019.02.09-15.38.59:939][760]LogModuleManager: Shutting down and abandoning module CoreUObject (12)
[2019.02.09-15.38.59:939][760]LogModuleManager: Shutting down and abandoning module NetworkFile (10)
[2019.02.09-15.38.59:939][760]LogModuleManager: Shutting down and abandoning module CookedIterativeFile (8)
[2019.02.09-15.38.59:939][760]LogModuleManager: Shutting down and abandoning module StreamingFile (6)
[2019.02.09-15.38.59:939][760]LogModuleManager: Shutting down and abandoning module SandboxFile (4)
[2019.02.09-15.38.59:939][760]LogModuleManager: Shutting down and abandoning module PakFile (2)
[2019.02.09-15.38.59:947][760]LogExit: Exiting.
[2019.02.09-15.38.59:955][760]Log file closed, 02/09/19 15:38:59
