Log file open, 04/29/19 19:41:17
LogWindows: Failed to load 'aqProf.dll' (GetLastError=126)
LogWindows: File 'aqProf.dll' does not exist
LogWindows: Failed to load 'VtuneApi.dll' (GetLastError=126)
LogWindows: File 'VtuneApi.dll' does not exist
LogWindows: Failed to load 'VtuneApi32e.dll' (GetLastError=126)
LogWindows: File 'VtuneApi32e.dll' does not exist
LogInit: Display: Running engine for game: FingerGunz
LogPlatformFile: Not using cached read wrapper
LogTaskGraph: Started task graph with 5 named threads and 23 total threads with 3 sets of task threads.
LogStats: Stats thread started at 0.320721
LogD3D11RHI: Loaded GFSDK_Aftermath_Lib.x64.dll
LogICUInternationalization: Display: ICU TimeZone Detection - Raw Offset: +0:00, Platform Override: ''
LogPluginManager: Mounting plugin Paper2D
LogPluginManager: Mounting plugin AISupport
LogPluginManager: Mounting plugin LightPropagationVolume
LogPluginManager: Mounting plugin CLionSourceCodeAccess
LogPluginManager: Mounting plugin CodeLiteSourceCodeAccess
LogPluginManager: Mounting plugin GitSourceControl
LogPluginManager: Mounting plugin KDevelopSourceCodeAccess
LogPluginManager: Mounting plugin NullSourceCodeAccess
LogPluginManager: Mounting plugin PerforceSourceControl
LogPluginManager: Mounting plugin SubversionSourceControl
LogPluginManager: Mounting plugin UObjectPlugin
LogPluginManager: Mounting plugin VisualStudioCodeSourceCodeAccess
LogPluginManager: Mounting plugin VisualStudioSourceCodeAccess
LogPluginManager: Mounting plugin XCodeSourceCodeAccess
LogPluginManager: Mounting plugin AssetManagerEditor
LogPluginManager: Mounting plugin CryptoKeys
LogPluginManager: Mounting plugin DataValidation
LogPluginManager: Mounting plugin FacialAnimation
LogPluginManager: Mounting plugin GameplayTagsEditor
LogPluginManager: Mounting plugin MacGraphicsSwitching
LogPluginManager: Mounting plugin MeshEditor
LogPluginManager: Mounting plugin MobileLauncherProfileWizard
LogPluginManager: Mounting plugin PluginBrowser
LogPluginManager: Mounting plugin SpeedTreeImporter
LogPluginManager: Mounting plugin DatasmithContent
LogPluginManager: Mounting plugin AlembicImporter
LogPluginManager: Mounting plugin AppleImageUtils
LogPluginManager: Mounting plugin AppleVision
LogPluginManager: Mounting plugin BackChannel
LogPluginManager: Mounting plugin CharacterAI
LogPluginManager: Mounting plugin GeometryCache
LogPluginManager: Mounting plugin HTML5Networking
LogPluginManager: Mounting plugin ProxyLODPlugin
LogPluginManager: Mounting plugin MagicLeap
LogPluginManager: Mounting plugin MagicLeapEmulator
LogPluginManager: Mounting plugin MagicLeapMedia
LogPluginManager: Mounting plugin AndroidMedia
LogPluginManager: Mounting plugin AvfMedia
LogPluginManager: Mounting plugin ImgMedia
LogPluginManager: Mounting plugin LinearTimecode
LogPluginManager: Mounting plugin MediaCompositing
LogPluginManager: Mounting plugin MediaPlayerEditor
LogPluginManager: Mounting plugin WmfMedia
LogPluginManager: Mounting plugin TcpMessaging
LogPluginManager: Mounting plugin UdpMessaging
LogPluginManager: Mounting plugin ActorSequence
LogPluginManager: Mounting plugin LevelSequenceEditor
LogPluginManager: Mounting plugin MatineeToLevelSequence
LogPluginManager: Mounting plugin NetcodeUnitTest
LogPluginManager: Mounting plugin NUTUnrealEngine4
LogPluginManager: Mounting plugin OnlineSubsystemGooglePlay
LogPluginManager: Mounting plugin OnlineSubsystemIOS
LogPluginManager: Mounting plugin OnlineSubsystem
LogPluginManager: Mounting plugin OnlineSubsystemNull
LogPluginManager: Mounting plugin OnlineSubsystemUtils
LogPluginManager: Mounting plugin LauncherChunkInstaller
LogPluginManager: Mounting plugin AndroidDeviceProfileSelector
LogPluginManager: Mounting plugin AndroidMoviePlayer
LogPluginManager: Mounting plugin AndroidPermission
LogPluginManager: Mounting plugin AppleMoviePlayer
LogPluginManager: Mounting plugin ArchVisCharacter
LogPluginManager: Mounting plugin AudioCapture
LogPluginManager: Mounting plugin CableComponent
LogPluginManager: Mounting plugin CustomMeshComponent
LogPluginManager: Mounting plugin EditableMesh
LogPluginManager: Mounting plugin ExampleDeviceProfileSelector
LogPluginManager: Mounting plugin GoogleCloudMessaging
LogPluginManager: Mounting plugin ImmediatePhysics
LogPluginManager: Mounting plugin IOSDeviceProfileSelector
LogPluginManager: Mounting plugin LinuxDeviceProfileSelector
LogPluginManager: Mounting plugin LocationServicesBPLibrary
LogPluginManager: Mounting plugin MobilePatchingUtils
LogPluginManager: Mounting plugin OculusVR
LogPluginManager: Plugin shader directory ../../../Engine/Plugins/Runtime/Oculus/OculusVR/Shaders found
LogPluginManager: Mapping shader source directory ../../../Engine/Plugins/Runtime/Oculus/OculusVR/Shaders to virtual directory /Plugin/OculusVR
LogPluginManager: Mounting plugin PhysXVehicles
LogPluginManager: Mounting plugin ProceduralMeshComponent
LogPluginManager: Mounting plugin RuntimePhysXCooking
LogPluginManager: Mounting plugin SteamVR
LogPluginManager: Mounting plugin WindowsMoviePlayer
LogStreaming: Display: Took  0.122s to configure plugins.
LogInit: Using libcurl 7.55.1-DEV
LogInit:  - built for x86_64-pc-win32
LogInit:  - supports SSL with OpenSSL/1.0.2h
LogInit:  - supports HTTP deflate (compression) using libz 1.2.8
LogInit:  - other features:
LogInit:      CURL_VERSION_SSL
LogInit:      CURL_VERSION_LIBZ
LogInit:      CURL_VERSION_IPV6
LogInit:      CURL_VERSION_ASYNCHDNS
LogInit:      CURL_VERSION_LARGEFILE
LogInit:      CURL_VERSION_IDN
LogInit:  CurlRequestOptions (configurable via config and command line):
LogInit:  - bVerifyPeer = false  - Libcurl will NOT verify peer certificate
LogInit:  - bUseHttpProxy = false  - Libcurl will NOT use HTTP proxy
LogInit:  - bDontReuseConnections = false  - Libcurl will reuse connections
LogInit:  - CertBundlePath = nullptr  - Libcurl will use whatever was configured at build time.
LogInit:  - MaxHostConnections = 16  - Libcurl will limit the number of connections to a host
LogInit:  - LocalHostAddr = Default
LogInit:  - BufferSize = 65536
LogInit: WinSock: version 1.1 (2.2), MaxSocks=32767, MaxUdp=65467
LogInit: Build: ++UE4+Release-4.20-CL-4369336
LogInit: Engine Version: 4.20.3-4369336+++UE4+Release-4.20
LogInit: Compatible Engine Version: 4.20.0-4212847+++UE4+Release-4.20
LogInit: Net CL: 4212847
LogInit: OS: Windows 10 (), CPU: Intel(R) Core(TM) i7-7700HQ CPU @ 2.80GHz, GPU: Intel(R) HD Graphics 630
LogInit: Compiled (64-bit): Sep 17 2018 12:26:19
LogInit: Compiled with Visual C++: 19.13.26129.00
LogInit: Build Configuration: Development
LogInit: Branch Name: ++UE4+Release-4.20
LogInit: Command Line:  
LogInit: Base Directory: D:/Unreal Engine 4/UE_4.20/Engine/Binaries/Win64/
LogInit: Installed Engine Build: 1
LogDevObjectVersion: Number of dev versions registered: 20
LogDevObjectVersion:   Dev-Blueprints (B0D832E4-1F89-4F0D-ACCF-7EB736FD4AA2): 10
LogDevObjectVersion:   Dev-Build (E1C64328-A22C-4D53-A36C-8E866417BD8C): 0
LogDevObjectVersion:   Dev-Core (375EC13C-06E4-48FB-B500-84F0262A717E): 2
LogDevObjectVersion:   Dev-Editor (E4B068ED-F494-42E9-A231-DA0B2E46BB41): 24
LogDevObjectVersion:   Dev-Framework (CFFC743F-43B0-4480-9391-14DF171D2073): 34
LogDevObjectVersion:   Dev-Mobile (B02B49B5-BB20-44E9-A304-32B752E40360): 2
LogDevObjectVersion:   Dev-Networking (A4E4105C-59A1-49B5-A7C5-40C4547EDFEE): 0
LogDevObjectVersion:   Dev-Online (39C831C9-5AE6-47DC-9A44-9C173E1C8E7C): 0
LogDevObjectVersion:   Dev-Physics (78F01B33-EBEA-4F98-B9B4-84EACCB95AA2): 0
LogDevObjectVersion:   Dev-Platform (6631380F-2D4D-43E0-8009-CF276956A95A): 0
LogDevObjectVersion:   Dev-Rendering (12F88B9F-8875-4AFC-A67C-D90C383ABD29): 26
LogDevObjectVersion:   Dev-Sequencer (7B5AE74C-D270-4C10-A958-57980B212A5A): 9
LogDevObjectVersion:   Dev-VR (D7296918-1DD6-4BDD-9DE2-64A83CC13884): 2
LogDevObjectVersion:   Dev-LoadTimes (C2A15278-BFE7-4AFE-6C17-90FF531DF755): 1
LogDevObjectVersion:   Private-Geometry (6EACA3D4-40EC-4CC1-B786-8BED09428FC5): 3
LogDevObjectVersion:   Dev-AnimPhys (29E575DD-E0A3-4627-9D10-D276232CDCEA): 17
LogDevObjectVersion:   Dev-ReflectionCapture (6B266CEC-1EC7-4B8F-A30B-E4D90942FC07): 1
LogDevObjectVersion:   Dev-Automation (0DF73D61-A23F-47EA-B727-89E90C41499A): 1
LogDevObjectVersion:   FortniteMain (601D1886-AC64-4F84-AA16-D3DE0DEAC7D6): 12
LogDevObjectVersion:   Dev-Enterprise (9DFFBCD6-494F-0158-E221-12823C92A888): 1
LogStreaming: Display: Took  0.002s to delete old logs.
LogInit: Presizing for max 8388607 objects, including 0 objects not considered by GC, pre-allocating 0 bytes for permanent pool.
LogInit: Object subsystem initialized
[2019.04.29-19.41.18:020][  0]LogInit: Selected Device Profile: [Windows]
[2019.04.29-19.41.18:020][  0]LogInit: Applying CVar settings loaded from the selected device profile: [Windows]
[2019.04.29-19.41.18:044][  0]LogHAL: Display: Platform has ~ 16 GB [17061756928 / 17179869184 / 16], which maps to Larger [LargestMinGB=32, LargerMinGB=12, DefaultMinGB=8, SmallerMinGB=6, SmallestMinGB=0)
[2019.04.29-19.41.18:044][  0]LogInit: Setting Device Profile CVar: [[r.Vulkan.UseRealUBs:1]]
[2019.04.29-19.41.18:044][  0]LogInit: Going up to parent DeviceProfile []
[2019.04.29-19.41.18:045][  0]LogInit: Computer: MSI
[2019.04.29-19.41.18:045][  0]LogInit: User: Xyvn
[2019.04.29-19.41.18:045][  0]LogInit: CPU Page size=4096, Cores=4
[2019.04.29-19.41.18:045][  0]LogInit: High frequency timer resolution =2.742191 MHz
[2019.04.29-19.41.18:046][  0]LogMemory: Memory total: Physical=15.9GB (16GB approx)
[2019.04.29-19.41.18:046][  0]LogMemory: Platform Memory Stats for Windows
[2019.04.29-19.41.18:046][  0]LogMemory: Process Physical Memory: 101.08 MB used, 101.08 MB peak
[2019.04.29-19.41.18:046][  0]LogMemory: Process Virtual Memory: 93.43 MB used, 93.43 MB peak
[2019.04.29-19.41.18:046][  0]LogMemory: Physical Memory: 7248.19 MB used,  9023.17 MB free, 16271.36 MB total
[2019.04.29-19.41.18:046][  0]LogMemory: Virtual Memory: 4643.18 MB used,  9023.17 MB free, 134217728.00 MB total
[2019.04.29-19.41.18:098][  0]LogInit: Using OS detected language (en-US).
[2019.04.29-19.41.18:098][  0]LogInit: Using OS detected locale (en-GB).
[2019.04.29-19.41.18:099][  0]LogTextLocalizationManager: No specific localization for 'en-US' exists, so the 'en' localization will be used.
[2019.04.29-19.41.18:611][  0]LogStreaming: Display: Took  0.512s to InitEngineTextLocalization.
[2019.04.29-19.41.18:666][  0]LogSlate: New Slate User Created.  User Index 0, Is Virtual User: 0
[2019.04.29-19.41.18:666][  0]LogSlate: Slate User Registered.  User Index 0, Is Virtual User: 0
[2019.04.29-19.41.18:961][  0]LogHMD: Failed to initialize OpenVR with code 110
[2019.04.29-19.41.18:961][  0]LogD3D11RHI: D3D11 adapters:
[2019.04.29-19.41.19:039][  0]LogD3D11RHI:    0. 'NVIDIA GeForce GTX 960M' (Feature Level 11_0)
[2019.04.29-19.41.19:039][  0]LogD3D11RHI:       2010/0/8135 MB DedicatedVideo/DedicatedSystem/SharedSystem, Outputs:1, VendorId:0x10de
[2019.04.29-19.41.19:054][  0]LogD3D11RHI:    1. 'Intel(R) HD Graphics 630' (Feature Level 11_0)
[2019.04.29-19.41.19:054][  0]LogD3D11RHI:       128/0/8135 MB DedicatedVideo/DedicatedSystem/SharedSystem, Outputs:0, VendorId:0x8086
[2019.04.29-19.41.19:057][  0]LogD3D11RHI:    2. 'Microsoft Basic Render Driver' (Feature Level 11_0)
[2019.04.29-19.41.19:057][  0]LogD3D11RHI:       0/0/8135 MB DedicatedVideo/DedicatedSystem/SharedSystem, Outputs:0, VendorId:0x1414
[2019.04.29-19.41.19:057][  0]LogD3D11RHI: Chosen D3D11 Adapter: 0
[2019.04.29-19.41.19:110][  0]LogD3D11RHI: Creating new Direct3DDevice
[2019.04.29-19.41.19:110][  0]LogD3D11RHI:     GPU DeviceId: 0x139b (for the marketing name, search the web for "GPU Device Id")
[2019.04.29-19.41.19:110][  0]LogWindows: EnumDisplayDevices:
[2019.04.29-19.41.19:110][  0]LogWindows:    0. 'Intel(R) HD Graphics 630' (P:1 D:1)
[2019.04.29-19.41.19:110][  0]LogWindows:    1. 'Intel(R) HD Graphics 630' (P:0 D:0)
[2019.04.29-19.41.19:111][  0]LogWindows:    2. 'Intel(R) HD Graphics 630' (P:0 D:0)
[2019.04.29-19.41.19:111][  0]LogWindows: DebugString: PrimaryIsNotTheChoosenAdapter PrimaryIsNotTheChoosenAdapter PrimaryIsNotTheChoosenAdapter FoundDriverCount:0 
[2019.04.29-19.41.19:111][  0]LogD3D11RHI:     Adapter Name: NVIDIA GeForce GTX 960M
[2019.04.29-19.41.19:111][  0]LogD3D11RHI:   Driver Version: Unknown (internal:Unknown, unified:Unknown)
[2019.04.29-19.41.19:111][  0]LogD3D11RHI:      Driver Date: Unknown
[2019.04.29-19.41.19:111][  0]LogRHI: Texture pool is 1407 MB (70% of 2010 MB)
[2019.04.29-19.41.19:163][  0]LogD3D11RHI: Async texture creation enabled
[2019.04.29-19.41.19:176][  0]LogD3D11RHI: GPU Timing Frequency: 1000.000000 (Debug: 2 1)
[2019.04.29-19.41.19:177][  0]LogShaderCompilers: Guid format shader working directory is -8 characters bigger than the processId version (../../../../../Y2/SourceTreeRepositories/FingerGunz/Intermediate/Shaders/WorkingDirectory/121764/).
[2019.04.29-19.41.19:178][  0]LogShaderCompilers: Cleaned the shader compiler working directory 'C:/Users/Xyvn/AppData/Local/Temp/UnrealShaderWorkingDir/D31D063D468033B894CF978B5CC10643/'.
[2019.04.29-19.41.19:564][  0]LogTemp: Display: Loaded TP AllDesktopTargetPlatform
[2019.04.29-19.41.19:582][  0]LogTemp: Display: Loaded TP MacClientTargetPlatform
[2019.04.29-19.41.19:600][  0]LogTemp: Display: Loaded TP MacNoEditorTargetPlatform
[2019.04.29-19.41.19:618][  0]LogTemp: Display: Loaded TP MacServerTargetPlatform
[2019.04.29-19.41.19:636][  0]LogTemp: Display: Loaded TP MacTargetPlatform
[2019.04.29-19.41.19:654][  0]LogTemp: Display: Loaded TP WindowsClientTargetPlatform
[2019.04.29-19.41.19:672][  0]LogTemp: Display: Loaded TP WindowsNoEditorTargetPlatform
[2019.04.29-19.41.19:691][  0]LogTemp: Display: Loaded TP WindowsServerTargetPlatform
[2019.04.29-19.41.19:699][  0]LogTemp: Display: Loaded TP WindowsTargetPlatform
[2019.04.29-19.41.19:808][  0]LogTemp: Display: Loaded TP AndroidTargetPlatform
[2019.04.29-19.41.19:808][  0]LogTemp: Display: Loaded TP AndroidTargetPlatform
[2019.04.29-19.41.19:808][  0]LogTemp: Display: Loaded TP AndroidTargetPlatform
[2019.04.29-19.41.19:808][  0]LogTemp: Display: Loaded TP AndroidTargetPlatform
[2019.04.29-19.41.19:808][  0]LogTemp: Display: Loaded TP AndroidTargetPlatform
[2019.04.29-19.41.19:808][  0]LogTemp: Display: Loaded TP AndroidTargetPlatform
[2019.04.29-19.41.19:808][  0]LogTemp: Display: Loaded TP AndroidTargetPlatform
[2019.04.29-19.41.19:808][  0]LogTemp: Display: Loaded TP AndroidTargetPlatform
[2019.04.29-19.41.19:808][  0]LogTemp: Display: Loaded TP AndroidTargetPlatform
[2019.04.29-19.41.19:808][  0]LogTemp: Display: Loaded TP AndroidTargetPlatform
[2019.04.29-19.41.19:808][  0]LogTemp: Display: Loaded TP AndroidTargetPlatform
[2019.04.29-19.41.19:808][  0]LogTemp: Display: Loaded TP AndroidTargetPlatform
[2019.04.29-19.41.19:808][  0]LogTemp: Display: Loaded TP AndroidTargetPlatform
[2019.04.29-19.41.19:808][  0]LogTemp: Display: Loaded TP AndroidTargetPlatform
[2019.04.29-19.41.19:808][  0]LogTemp: Display: Loaded TP AndroidTargetPlatform
[2019.04.29-19.41.19:808][  0]LogTemp: Display: Loaded TP AndroidTargetPlatform
[2019.04.29-19.41.19:808][  0]LogTemp: Display: Loaded TP AndroidTargetPlatform
[2019.04.29-19.41.19:808][  0]LogTemp: Display: Loaded TP AndroidTargetPlatform
[2019.04.29-19.41.19:810][  0]LogTemp: Display: Loaded TP HTML5TargetPlatform
[2019.04.29-19.41.19:884][  0]LogTemp: Display: Loaded TP IOSTargetPlatform
[2019.04.29-19.41.19:884][  0]LogTemp: Display: Loaded TP IOSTargetPlatform
[2019.04.29-19.41.19:918][  0]LogTemp: Display: Loaded TP TVOSTargetPlatform
[2019.04.29-19.41.19:918][  0]LogTemp: Display: Loaded TP TVOSTargetPlatform
[2019.04.29-19.41.19:935][  0]LogTemp: Display: Loaded TP LinuxClientTargetPlatform
[2019.04.29-19.41.19:953][  0]LogTemp: Display: Loaded TP LinuxNoEditorTargetPlatform
[2019.04.29-19.41.19:970][  0]LogTemp: Display: Loaded TP LinuxServerTargetPlatform
[2019.04.29-19.41.19:988][  0]LogTemp: Display: Loaded TP LinuxTargetPlatform
[2019.04.29-19.41.20:001][  0]LogTemp: Display: Loaded TP LuminTargetPlatform
[2019.04.29-19.41.20:001][  0]LogTargetPlatformManager: Display: Building Assets For Windows
[2019.04.29-19.41.20:066][  0]LogXGEController: Cleaning working directory: C:/Users/Xyvn/AppData/Local/Temp/UnrealXGEWorkingDir/
[2019.04.29-19.41.20:066][  0]LogXGEController: Cannot use XGE Controller as Incredibuild is not installed on this machine.
[2019.04.29-19.41.20:066][  0]LogShaderCompilers: Cannot use XGE Shader Compiler as Incredibuild is not installed on this machine.
[2019.04.29-19.41.20:066][  0]LogShaderCompilers: Display: Using Local Shader Compiler.
[2019.04.29-19.41.21:117][  0]LogDerivedDataCache: Display: Max Cache Size: 512 MB
[2019.04.29-19.41.21:193][  0]LogDerivedDataCache: Loaded boot cache 0.08s 71MB C:/Users/Xyvn/AppData/Local/UnrealEngine/4.20/DerivedDataCache/Boot.ddc.
[2019.04.29-19.41.21:193][  0]LogDerivedDataCache: Display: Loaded Boot cache: C:/Users/Xyvn/AppData/Local/UnrealEngine/4.20/DerivedDataCache/Boot.ddc
[2019.04.29-19.41.21:194][  0]LogDerivedDataCache: FDerivedDataBackendGraph:  Pak pak cache file ../../../../../Y2/SourceTreeRepositories/FingerGunz/DerivedDataCache/DDC.ddp not found, will not use a pak cache.
[2019.04.29-19.41.21:194][  0]LogDerivedDataCache: Unable to find inner node Pak for hierarchical cache Hierarchy.
[2019.04.29-19.41.21:194][  0]LogDerivedDataCache: FDerivedDataBackendGraph:  CompressedPak pak cache file ../../../../../Y2/SourceTreeRepositories/FingerGunz/DerivedDataCache/Compressed.ddp not found, will not use a pak cache.
[2019.04.29-19.41.21:194][  0]LogDerivedDataCache: Unable to find inner node CompressedPak for hierarchical cache Hierarchy.
[2019.04.29-19.41.21:216][  0]LogDerivedDataCache: Display: Pak cache opened for reading ../../../Engine/DerivedDataCache/Compressed.ddp.
[2019.04.29-19.41.21:229][  0]LogDerivedDataCache: Using Local data cache path C:/Users/Xyvn/AppData/Local/UnrealEngine/Common/DerivedDataCache: Writable
[2019.04.29-19.41.21:229][  0]LogDerivedDataCache: Shared data cache path not found in *engine.ini, will not use an Shared cache.
[2019.04.29-19.41.21:229][  0]LogDerivedDataCache: Unable to find inner node Shared for hierarchical cache Hierarchy.
[2019.04.29-19.41.21:255][  0]LogMaterial: Verifying Global Shaders for PCD3D_SM5
[2019.04.29-19.41.21:257][  0]LogSlate: Using FreeType 2.6.0
[2019.04.29-19.41.21:258][  0]LogSlate: SlateFontServices - WITH_FREETYPE: 1, WITH_HARFBUZZ: 1
[2019.04.29-19.41.21:352][  0]LogAssetRegistry: FAssetRegistry took 0.0279 seconds to start up
[2019.04.29-19.41.21:791][  0]LogInit: Selected Device Profile: [Windows]
[2019.04.29-19.41.21:967][  0]LogSimplygon: Simplygon DLL not present - disabling.
[2019.04.29-19.41.21:971][  0]LogMeshReduction: Using SimplygonSwarm for distributed automatic mesh merging
[2019.04.29-19.41.21:971][  0]LogMeshReduction: Using ProxyLODMeshReduction for automatic mesh merging
[2019.04.29-19.41.21:971][  0]LogMeshReduction: Using QuadricMeshReduction for automatic static mesh reduction
[2019.04.29-19.41.21:971][  0]LogMeshReduction: No automatic skeletal mesh reduction module available
[2019.04.29-19.41.21:997][  0]LogNetVersion: FingerGunz 1.0.0, NetCL: 4212847, EngineNetVer: 5, GameNetVer: 0 (Checksum: 1181982473)
[2019.04.29-19.41.22:656][  0]LogPackageLocalizationCache: Processed 11 localized package path(s) for 2 prioritized culture(s) in 0.122303 seconds
[2019.04.29-19.41.22:664][  0]LogUObjectArray: 38425 objects as part of root set at end of initial load.
[2019.04.29-19.41.22:664][  0]LogUObjectAllocator: 6690872 out of 0 bytes used by permanent object pool.
[2019.04.29-19.41.22:664][  0]LogUObjectArray: CloseDisregardForGC: 0/0 objects in disregard for GC pool
[2019.04.29-19.41.23:765][  0]LogTcpMessaging: Initializing TcpMessaging bridge
[2019.04.29-19.41.23:779][  0]LogUdpMessaging: Initializing bridge on interface 0.0.0.0:0 to multicast group 230.0.0.1:6666.
[2019.04.29-19.41.23:901][  0]LogLinker: Warning: Can't find file '/Game/Player/Player_Mesh_Arm_1'
[2019.04.29-19.41.23:901][  0]LogLinker: Warning: Can't find file '/Game/Player/Player_Mesh_Arm_1'
[2019.04.29-19.41.23:901][  0]LogUObjectGlobals: Warning: Failed to find object 'StaticMesh /Game/Player/Player_Mesh_Arm_1.Player_Mesh_Arm_1'
[2019.04.29-19.41.23:901][  0]Error: CDO Constructor (BeamActor): Failed to find StaticMesh'/Game/Player/Player_Mesh_Arm_1.Player_Mesh_Arm_1'

[2019.04.29-19.41.23:918][  0]Error: CDO Constructor (HeavyPistol): Failed to find StaticMesh'/Game/Player/Player_Mesh_Arm_1.Player_Mesh_Arm_1'

[2019.04.29-19.41.23:919][  0]Error: CDO Constructor (LightPistol): Failed to find StaticMesh'/Game/Player/Player_Mesh_Arm_1.Player_Mesh_Arm_1'

[2019.04.29-19.41.23:919][  0]LogLinker: Warning: Can't find file '/Game/Player/Player_Mesh_Armless'
[2019.04.29-19.41.23:919][  0]LogLinker: Warning: Can't find file '/Game/Player/Player_Mesh_Armless'
[2019.04.29-19.41.23:919][  0]LogUObjectGlobals: Warning: Failed to find object 'StaticMesh /Game/Player/Player_Mesh_Armless.Player_Mesh_Armless'
[2019.04.29-19.41.23:919][  0]Error: CDO Constructor (player_cpp): Failed to find StaticMesh'/Game/Player/Player_Mesh_Armless.Player_Mesh_Armless'

[2019.04.29-19.41.23:919][  0]Error: CDO Constructor (player_cpp): Failed to find StaticMesh'/Game/Player/Player_Mesh_Arm_1.Player_Mesh_Arm_1'

[2019.04.29-19.41.23:927][  0]LogUObjectBase: Warning: -------------- Default Property warnings and errors:
[2019.04.29-19.41.23:927][  0]LogUObjectBase: Warning: Error: CDO Constructor (BeamActor): Failed to find StaticMesh'/Game/Player/Player_Mesh_Arm_1.Player_Mesh_Arm_1'

[2019.04.29-19.41.23:927][  0]LogUObjectBase: Warning: Error: CDO Constructor (HeavyPistol): Failed to find StaticMesh'/Game/Player/Player_Mesh_Arm_1.Player_Mesh_Arm_1'

[2019.04.29-19.41.23:927][  0]LogUObjectBase: Warning: Error: CDO Constructor (LightPistol): Failed to find StaticMesh'/Game/Player/Player_Mesh_Arm_1.Player_Mesh_Arm_1'

[2019.04.29-19.41.23:927][  0]LogUObjectBase: Warning: Error: CDO Constructor (player_cpp): Failed to find StaticMesh'/Game/Player/Player_Mesh_Armless.Player_Mesh_Armless'

[2019.04.29-19.41.23:927][  0]LogUObjectBase: Warning: Error: CDO Constructor (player_cpp): Failed to find StaticMesh'/Game/Player/Player_Mesh_Arm_1.Player_Mesh_Arm_1'

[2019.04.29-19.41.23:957][  0]LogWindowsTextInputMethodSystem: Display: IME system now deactivated.
[2019.04.29-19.41.29:432][  0]LogWindowsTextInputMethodSystem: Display: IME system now deactivated.
[2019.04.29-19.41.29:434][  0]LogWindowsTextInputMethodSystem: Display: IME system now deactivated.
[2019.04.29-19.41.29:485][  0]SourceControl: Source control is disabled
[2019.04.29-19.41.29:485][  0]SourceControl: Source control is disabled
[2019.04.29-19.41.29:487][  0]SourceControl: Source control is disabled
[2019.04.29-19.41.29:488][  0]SourceControl: Source control is disabled
[2019.04.29-19.41.29:682][  0]LogAndroidPermission: UAndroidPermissionCallbackProxy::GetInstance
[2019.04.29-19.41.29:765][  0]LogOcInput: OculusInput pre-init called
[2019.04.29-19.41.29:854][  0]LogEngine: Initializing Engine...
[2019.04.29-19.41.29:855][  0]LogHMD: Failed to initialize OpenVR with code 110
[2019.04.29-19.41.29:857][  0]LogStats: UGameplayTagsManager::ConstructGameplayTagTree: ImportINI prefixes -  0.000 s
[2019.04.29-19.41.29:857][  0]LogStats: UGameplayTagsManager::ConstructGameplayTagTree: Construct from data asset -  0.000 s
[2019.04.29-19.41.29:857][  0]LogStats: UGameplayTagsManager::ConstructGameplayTagTree: ImportINI -  0.000 s
[2019.04.29-19.41.29:857][  0]LogStats: UGameplayTagsManager::ConstructGameplayTagTree: GameplayTagTreeChangedEvent.Broadcast -  0.000 s
[2019.04.29-19.41.30:150][  0]LogInit: Initializing FReadOnlyCVARCache
[2019.04.29-19.41.30:164][  0]LogAIModule: Creating AISystem for world Untitled
[2019.04.29-19.41.30:190][  0]LogInit: XAudio2 using 'Speakers (Realtek High Definition Audio)' : 2 channels at 48 kHz using 32 bits per sample (channel mask 0x3)
[2019.04.29-19.41.30:379][  0]LogInit: FAudioDevice initialized.
[2019.04.29-19.41.30:379][  0]LogNetVersion: Set ProjectVersion to 0.6.1. Version Checksum will be recalculated on next use.
[2019.04.29-19.41.30:579][  0]LogDerivedDataCache: Saved boot cache 0.20s 71MB C:/Users/Xyvn/AppData/Local/UnrealEngine/4.20/DerivedDataCache/Boot.ddc.
[2019.04.29-19.41.30:587][  0]LogInit: Texture streaming: Enabled
[2019.04.29-19.41.30:603][  0]LogEngineSessionManager: EngineSessionManager initialized
[2019.04.29-19.41.30:631][  0]LogInit: Transaction tracking system initialized
[2019.04.29-19.41.30:654][  0]BlueprintLog: New page: Editor Load
[2019.04.29-19.41.30:732][  0]LocalizationService: Localization service is disabled
[2019.04.29-19.41.31:063][  0]LogCook: Display: Max memory allowance for cook 16384mb min free memory 0mb
[2019.04.29-19.41.31:063][  0]LogCook: Display: Mobile HDR setting 1
[2019.04.29-19.41.31:063][  0]LogGameplayTags: Display: UGameplayTagsManager::DoneAddingNativeTags. DelegateIsBound: 0
[2019.04.29-19.41.31:063][  0]LogStats: UGameplayTagsManager::ConstructGameplayTagTree: ImportINI prefixes -  0.000 s
[2019.04.29-19.41.31:063][  0]LogStats: UGameplayTagsManager::ConstructGameplayTagTree: Construct from data asset -  0.000 s
[2019.04.29-19.41.31:063][  0]LogStats: UGameplayTagsManager::ConstructGameplayTagTree: ImportINI -  0.000 s
[2019.04.29-19.41.31:063][  0]LogStats: UGameplayTagsManager::ConstructGameplayTagTree: GameplayTagTreeChangedEvent.Broadcast -  0.000 s
[2019.04.29-19.41.31:193][  0]LogFileCache: Scanning file cache for directory 'D:/Y2/SourceTreeRepositories/FingerGunz/Content/' took 0.01s
[2019.04.29-19.41.31:193][  0]SourceControl: Source control is disabled
[2019.04.29-19.41.31:193][  0]Cmd: MAP LOAD FILE="../../../../../Y2/SourceTreeRepositories/FingerGunz/Content/Maps/Test.umap" TEMPLATE=0 SHOWPROGRESS=1 FEATURELEVEL=3
[2019.04.29-19.41.31:194][  0]LightingResults: New page: Lighting Build
[2019.04.29-19.41.31:196][  0]MapCheck: New page: Map Check
[2019.04.29-19.41.31:197][  0]LightingResults: New page: Lighting Build
[2019.04.29-19.41.31:332][  0]Error: CDO Constructor (Player_BluePrint_C): Failed to find StaticMesh'/Game/Player/Player_Mesh_Armless.Player_Mesh_Armless'

[2019.04.29-19.41.31:332][  0]Error: CDO Constructor (Player_BluePrint_C): Failed to find StaticMesh'/Game/Player/Player_Mesh_Arm_1.Player_Mesh_Arm_1'

[2019.04.29-19.41.31:434][  0]Error: CDO Constructor (SKEL_Player_BluePrint_C): Failed to find StaticMesh'/Game/Player/Player_Mesh_Armless.Player_Mesh_Armless'

[2019.04.29-19.41.31:434][  0]Error: CDO Constructor (SKEL_Player_BluePrint_C): Failed to find StaticMesh'/Game/Player/Player_Mesh_Arm_1.Player_Mesh_Arm_1'

[2019.04.29-19.41.31:488][  0]Error: CDO Constructor (Player_BluePrint_C): Failed to find StaticMesh'/Game/Player/Player_Mesh_Armless.Player_Mesh_Armless'

[2019.04.29-19.41.31:488][  0]Error: CDO Constructor (Player_BluePrint_C): Failed to find StaticMesh'/Game/Player/Player_Mesh_Arm_1.Player_Mesh_Arm_1'

[2019.04.29-19.41.32:066][  0]LogAIModule: Creating AISystem for world Test
[2019.04.29-19.41.32:091][  0]LogEditorServer: Finished looking for orphan Actors (0.000 secs)
[2019.04.29-19.41.32:126][  0]Cmd: MAP CHECKDEP NOCLEARLOG
[2019.04.29-19.41.32:215][  0]MapCheck: Map check complete: 0 Error(s), 0 Warning(s), took 88.135ms to complete.
[2019.04.29-19.41.32:215][  0]LogFileHelpers: Loading map 'Test' took 1.022
[2019.04.29-19.41.32:325][  0]LogSlate: Updating window title bar state: overlay mode, drag disabled, window buttons hidden, title bar hidden
[2019.04.29-19.41.32:336][  0]LogSlate: Updating window title bar state: overlay mode, drag disabled, window buttons hidden, title bar hidden
[2019.04.29-19.41.32:346][  0]LogSlate: Updating window title bar state: overlay mode, drag disabled, window buttons hidden, title bar hidden
[2019.04.29-19.41.32:357][  0]LogSlate: Updating window title bar state: overlay mode, drag disabled, window buttons hidden, title bar hidden
[2019.04.29-19.41.32:364][  0]LogCollectionManager: Loaded 0 collections in 0.001324 seconds
[2019.04.29-19.41.32:406][  0]LogFileCache: Scanning file cache for directory 'D:/Y2/SourceTreeRepositories/FingerGunz/Saved/Collections/' took 0.01s
[2019.04.29-19.41.32:406][  0]LogFileCache: Scanning file cache for directory 'D:/Y2/SourceTreeRepositories/FingerGunz/Content/Developers/Xyvn/Collections/' took 0.01s
[2019.04.29-19.41.32:406][  0]LogFileCache: Scanning file cache for directory 'D:/Y2/SourceTreeRepositories/FingerGunz/Content/Collections/' took 0.01s
[2019.04.29-19.41.32:406][  0]LogCollectionManager: Rebuilt the GUID cache for 0 collections in 0.000000 seconds
[2019.04.29-19.41.32:419][  0]LogContentBrowser: Native class hierarchy populated in 0.0133 seconds. Added 2577 classes and 605 folders.
[2019.04.29-19.41.32:426][  0]LogContentBrowser: Native class hierarchy updated for 'WidgetCarousel' in 0.0004 seconds. Added 0 classes and 0 folders.
[2019.04.29-19.41.32:481][  0]LogContentBrowser: Native class hierarchy updated for 'AddContentDialog' in 0.0004 seconds. Added 0 classes and 0 folders.
[2019.04.29-19.41.32:490][  0]LogUObjectBase: Warning: -------------- Default Property warnings and errors:
[2019.04.29-19.41.32:490][  0]LogUObjectBase: Warning: Error: CDO Constructor (Player_BluePrint_C): Failed to find StaticMesh'/Game/Player/Player_Mesh_Armless.Player_Mesh_Armless'

[2019.04.29-19.41.32:491][  0]LogUObjectBase: Warning: Error: CDO Constructor (Player_BluePrint_C): Failed to find StaticMesh'/Game/Player/Player_Mesh_Arm_1.Player_Mesh_Arm_1'

[2019.04.29-19.41.32:491][  0]LogUObjectBase: Warning: Error: CDO Constructor (SKEL_Player_BluePrint_C): Failed to find StaticMesh'/Game/Player/Player_Mesh_Armless.Player_Mesh_Armless'

[2019.04.29-19.41.32:491][  0]LogUObjectBase: Warning: Error: CDO Constructor (SKEL_Player_BluePrint_C): Failed to find StaticMesh'/Game/Player/Player_Mesh_Arm_1.Player_Mesh_Arm_1'

[2019.04.29-19.41.32:491][  0]LogUObjectBase: Warning: Error: CDO Constructor (Player_BluePrint_C): Failed to find StaticMesh'/Game/Player/Player_Mesh_Armless.Player_Mesh_Armless'

[2019.04.29-19.41.32:491][  0]LogUObjectBase: Warning: Error: CDO Constructor (Player_BluePrint_C): Failed to find StaticMesh'/Game/Player/Player_Mesh_Arm_1.Player_Mesh_Arm_1'

[2019.04.29-19.41.32:502][  0]LogSlate: Took 0.000233 seconds to synchronously load lazily loaded font '../../../Engine/Content/Slate/Fonts/Roboto-Regular.ttf' (155K)
[2019.04.29-19.42.37:078][  0]LogSlate: Window 'Message' being destroyed
[2019.04.29-19.42.37:079][  0]LogWindowsTextInputMethodSystem: Display: IME system now deactivated.
[2019.04.29-19.42.37:088][  0]LogContentBrowser: Native class hierarchy updated for 'SceneOutliner' in 0.0005 seconds. Added 1 classes and 2 folders.
[2019.04.29-19.42.37:109][  0]LogWindowsTextInputMethodSystem: Display: IME system now deactivated.
[2019.04.29-19.42.37:115][  0]LogSlate: Took 0.000350 seconds to synchronously load lazily loaded font '../../../Engine/Content/Slate/Fonts/Roboto-Bold.ttf' (160K)
[2019.04.29-19.42.37:127][  0]LogSlate: Took 0.000289 seconds to synchronously load lazily loaded font '../../../Engine/Content/Editor/Slate/Fonts/FontAwesome.ttf' (139K)
[2019.04.29-19.42.37:217][  0]LogRenderer: Reallocating scene render targets to support 1068x584 Format 10 NumSamples 1 (Frame:1).
[2019.04.29-19.42.37:373][  0]LogContentBrowser: Native class hierarchy updated for 'HierarchicalLODOutliner' in 0.0005 seconds. Added 0 classes and 0 folders.
[2019.04.29-19.42.37:373][  0]LogLoad: (Engine Initialization) Total time: 81.27 seconds
[2019.04.29-19.42.37:373][  0]LogLoad: (Engine Initialization) Total Blueprint compile time: 0.00 seconds
[2019.04.29-19.42.37:434][  0]LogContentStreaming: Texture pool size now 1000 MB
[2019.04.29-19.42.37:459][  1]LogFileCache: Retrieving MD5 hashes for directory 'D:/Y2/SourceTreeRepositories/FingerGunz/Content/' took 0.05s
[2019.04.29-19.42.37:661][  2]LogAssetRegistry: Asset discovery search completed in 76.3311 seconds
[2019.04.29-19.42.37:664][  2]LogCollectionManager: Rebuilt the object cache for 0 collections in 0.000001 seconds (found 0 objects)
[2019.04.29-19.42.37:664][  2]LogCollectionManager: Fixed up redirectors for 0 collections in 0.000102 seconds (updated 0 objects)
[2019.04.29-19.42.40:266][157]LogSlate: FSceneViewport::OnFocusLost() reason 0
[2019.04.29-19.42.40:376][163]LogSlate: Took 0.000335 seconds to synchronously load lazily loaded font '../../../Engine/Content/Slate/Fonts/Roboto-Light.ttf' (167K)
[2019.04.29-19.42.44:646][419]LogSlate: Took 0.000275 seconds to synchronously load lazily loaded font '../../../Engine/Content/Slate/Fonts/Roboto-Light.ttf' (167K)
[2019.04.29-19.42.46:091][419]LogAIModule: Creating AISystem for world Map2
[2019.04.29-19.42.48:310][419]LogAssetEditorManager: Opening Asset editor for World /Game/Maps/Map2.Map2
[2019.04.29-19.42.48:408][419]Cmd: MAP LOAD FILE="../../../../../Y2/SourceTreeRepositories/FingerGunz/Content/Maps/Map2.umap" TEMPLATE=0 SHOWPROGRESS=1 FEATURELEVEL=3
[2019.04.29-19.42.48:408][419]LightingResults: New page: Lighting Build
[2019.04.29-19.42.48:409][419]LoadErrors: New page: Loading map: Map2.umap
[2019.04.29-19.42.48:411][419]MapCheck: New page: Map Check
[2019.04.29-19.42.48:411][419]LightingResults: New page: Lighting Build
[2019.04.29-19.42.53:419][419]LogEditorServer: Finished looking for orphan Actors (0.000 secs)
[2019.04.29-19.42.53:542][419]Cmd: MAP CHECKDEP NOCLEARLOG
[2019.04.29-19.42.53:639][419]MapCheck: Map check complete: 0 Error(s), 0 Warning(s), took 96.244ms to complete.
[2019.04.29-19.42.53:644][419]LogFileHelpers: Loading map 'Map2' took 5.238
[2019.04.29-19.43.13:518][988]LogSlate: FSceneViewport::OnFocusLost() reason 0
[2019.04.29-19.43.13:586][991]LogTemp: Repeating last play command: Selected Viewport
[2019.04.29-19.43.13:609][991]LogPlayLevel: PlayLevel: No blueprints needed recompiling
[2019.04.29-19.43.13:621][991]PIE: New page: PIE session: Map2 (29 Apr 2019 19:43:13)
[2019.04.29-19.43.13:621][991]LogPlayLevel: Creating play world package: /Game/Maps/UEDPIE_0_Map2
[2019.04.29-19.43.14:145][991]LogPlayLevel: PIE: StaticDuplicateObject took: (0.522983s)
[2019.04.29-19.43.14:149][991]LogAIModule: Creating AISystem for world Map2
[2019.04.29-19.43.14:149][991]LogPlayLevel: PIE: World Init took: (0.004240s)
[2019.04.29-19.43.14:149][991]LogPlayLevel: PIE: Created PIE world by copying editor world from /Game/Maps/Map2.Map2 to /Game/Maps/UEDPIE_0_Map2.Map2 (0.527711s)
[2019.04.29-19.43.14:201][991]LogInit: XAudio2 using 'Speakers (Realtek High Definition Audio)' : 2 channels at 48 kHz using 32 bits per sample (channel mask 0x3)
[2019.04.29-19.43.14:272][991]LogInit: FAudioDevice initialized.
[2019.04.29-19.43.14:386][991]LogLoad: Game class is 'FingerGunzGamemode_C'
[2019.04.29-19.43.14:853][991]LogWorld: Bringing World /Game/Maps/UEDPIE_0_Map2.Map2 up for play (max tick rate 60) at 2019.04.29-19.43.14
[2019.04.29-19.43.14:899][991]LogWorld: Bringing up level for play took: 0.511002
[2019.04.29-19.43.14:916][991]LogContentBrowser: Native class hierarchy updated for 'MovieSceneCapture' in 0.0005 seconds. Added 10 classes and 0 folders.
[2019.04.29-19.43.14:917][991]Error: CDO Constructor (Player_BluePrint_C): Failed to find StaticMesh'/Game/Player/Player_Mesh_Armless.Player_Mesh_Armless'

[2019.04.29-19.43.14:917][991]Error: CDO Constructor (Player_BluePrint_C): Failed to find StaticMesh'/Game/Player/Player_Mesh_Arm_1.Player_Mesh_Arm_1'

[2019.04.29-19.43.14:922][991]LogSlate: New Slate User Created.  User Index 1, Is Virtual User: 0
[2019.04.29-19.43.14:922][991]LogSlate: Slate User Registered.  User Index 1, Is Virtual User: 0
[2019.04.29-19.43.14:925][991]Error: CDO Constructor (Player_BluePrint_C): Failed to find StaticMesh'/Game/Player/Player_Mesh_Armless.Player_Mesh_Armless'

[2019.04.29-19.43.14:925][991]Error: CDO Constructor (Player_BluePrint_C): Failed to find StaticMesh'/Game/Player/Player_Mesh_Arm_1.Player_Mesh_Arm_1'

[2019.04.29-19.43.14:928][991]LogSlate: New Slate User Created.  User Index 2, Is Virtual User: 0
[2019.04.29-19.43.14:928][991]LogSlate: Slate User Registered.  User Index 2, Is Virtual User: 0
[2019.04.29-19.43.14:930][991]Error: CDO Constructor (Player_BluePrint_C): Failed to find StaticMesh'/Game/Player/Player_Mesh_Armless.Player_Mesh_Armless'

[2019.04.29-19.43.14:930][991]Error: CDO Constructor (Player_BluePrint_C): Failed to find StaticMesh'/Game/Player/Player_Mesh_Arm_1.Player_Mesh_Arm_1'

[2019.04.29-19.43.14:932][991]LogSlate: New Slate User Created.  User Index 3, Is Virtual User: 0
[2019.04.29-19.43.14:932][991]LogSlate: Slate User Registered.  User Index 3, Is Virtual User: 0
[2019.04.29-19.43.14:934][991]Error: CDO Constructor (Player_BluePrint_C): Failed to find StaticMesh'/Game/Player/Player_Mesh_Armless.Player_Mesh_Armless'

[2019.04.29-19.43.14:934][991]Error: CDO Constructor (Player_BluePrint_C): Failed to find StaticMesh'/Game/Player/Player_Mesh_Arm_1.Player_Mesh_Arm_1'

[2019.04.29-19.43.14:940][991]PIE: Play in editor start time for /Game/Maps/UEDPIE_0_Map2 0.567
[2019.04.29-19.43.17:295][ 40]LogSlate: Updating window title bar state: overlay mode, drag disabled, window buttons hidden, title bar hidden
[2019.04.29-19.43.17:457][ 40]LogPlayLevel: Display: Shutting down PIE online subsystems
[2019.04.29-19.43.17:525][ 40]LogSlate: Updating window title bar state: overlay mode, drag disabled, window buttons hidden, title bar hidden
[2019.04.29-19.43.17:578][ 41]LogPlayLevel: Display: Destroying online subsystem :Context_1
[2019.04.29-19.43.29:583][716]LogAssetEditorManager: Opening Asset editor for Material /Game/Materials/Smallwalls.Smallwalls
[2019.04.29-19.43.29:589][716]LogMaterial: Display: Missing cached shader map for material Smallwalls, compiling. 
[2019.04.29-19.43.30:117][716]LogMaterial: Display: Missing cached shader map for material Smallwalls, compiling. 
[2019.04.29-19.43.30:177][716]LogMaterial: Display: Missing cached shader map for material Smallwalls, compiling. 
[2019.04.29-19.43.30:248][716]LogShaderCompilers: Display: Shaders left to compile 68
[2019.04.29-19.43.30:248][716]LogShaderCompilers: Display: Shaders left to compile 67
[2019.04.29-19.43.30:248][716]LogShaderCompilers: Display: Shaders left to compile 66
[2019.04.29-19.43.30:248][716]LogShaderCompilers: Display: Shaders left to compile 65
[2019.04.29-19.43.30:262][716]LogMaterial: Display: Missing cached shader map for material FMatExpressionPreview MaterialExpressionTextureCoordinate_0, compiling. 
[2019.04.29-19.43.30:270][716]LogMaterial: Display: Missing cached shader map for material FMatExpressionPreview MaterialExpressionVectorParameter_1, compiling. 
[2019.04.29-19.43.30:278][716]LogMaterial: Display: Missing cached shader map for material FMatExpressionPreview MaterialExpressionTextureSample_1, compiling. 
[2019.04.29-19.43.30:373][716]LogSlate: Took 0.000514 seconds to synchronously load lazily loaded font '../../../Engine/Content/Slate/Fonts/Roboto-BoldCondensed.ttf' (158K)
[2019.04.29-19.43.31:237][752]LogShaderCompilers: Display: Shaders left to compile 70
[2019.04.29-19.43.31:274][754]LogShaderCompilers: Display: Shaders left to compile 69
[2019.04.29-19.43.31:284][754]LogShaderCompilers: Display: Shaders left to compile 68
[2019.04.29-19.43.31:323][756]LogShaderCompilers: Display: Shaders left to compile 67
[2019.04.29-19.43.31:580][768]LogShaderCompilers: Display: Shaders left to compile 66
[2019.04.29-19.43.31:625][770]LogShaderCompilers: Display: Shaders left to compile 65
[2019.04.29-19.43.31:643][771]LogShaderCompilers: Display: Shaders left to compile 64
[2019.04.29-19.43.31:643][771]LogShaderCompilers: Display: Shaders left to compile 63
[2019.04.29-19.43.31:903][783]LogShaderCompilers: Display: Shaders left to compile 62
[2019.04.29-19.43.32:124][793]LogShaderCompilers: Display: Shaders left to compile 61
[2019.04.29-19.43.32:380][805]LogShaderCompilers: Display: Shaders left to compile 60
[2019.04.29-19.43.32:423][807]LogShaderCompilers: Display: Shaders left to compile 59
[2019.04.29-19.43.32:625][816]LogShaderCompilers: Display: Shaders left to compile 58
[2019.04.29-19.43.32:837][826]LogShaderCompilers: Display: Shaders left to compile 57
[2019.04.29-19.43.32:880][828]LogShaderCompilers: Display: Shaders left to compile 56
[2019.04.29-19.43.33:109][839]LogShaderCompilers: Display: Shaders left to compile 55
[2019.04.29-19.43.33:280][846]LogShaderCompilers: Display: Shaders left to compile 54
[2019.04.29-19.43.33:337][848]LogShaderCompilers: Display: Shaders left to compile 53
[2019.04.29-19.43.33:675][862]LogShaderCompilers: Display: Shaders left to compile 52
[2019.04.29-19.43.33:810][868]LogShaderCompilers: Display: Shaders left to compile 51
[2019.04.29-19.43.33:980][875]LogShaderCompilers: Display: Shaders left to compile 50
[2019.04.29-19.43.34:180][884]LogShaderCompilers: Display: Shaders left to compile 49
[2019.04.29-19.43.34:289][889]LogShaderCompilers: Display: Shaders left to compile 48
[2019.04.29-19.43.34:508][898]LogShaderCompilers: Display: Shaders left to compile 47
[2019.04.29-19.43.34:830][912]LogShaderCompilers: Display: Shaders left to compile 46
[2019.04.29-19.43.34:857][913]LogShaderCompilers: Display: Shaders left to compile 45
[2019.04.29-19.43.35:102][924]LogShaderCompilers: Display: Shaders left to compile 44
[2019.04.29-19.43.35:241][930]LogShaderCompilers: Display: Shaders left to compile 43
[2019.04.29-19.43.35:339][934]LogShaderCompilers: Display: Shaders left to compile 42
[2019.04.29-19.43.35:594][945]LogShaderCompilers: Display: Shaders left to compile 41
[2019.04.29-19.43.35:644][947]LogShaderCompilers: Display: Shaders left to compile 40
[2019.04.29-19.43.35:746][951]LogShaderCompilers: Display: Shaders left to compile 39
[2019.04.29-19.43.35:816][954]LogShaderCompilers: Display: Shaders left to compile 38
[2019.04.29-19.43.36:150][969]LogShaderCompilers: Display: Shaders left to compile 37
[2019.04.29-19.43.36:196][971]LogShaderCompilers: Display: Shaders left to compile 36
[2019.04.29-19.43.36:205][971]LogShaderCompilers: Display: Shaders left to compile 35
[2019.04.29-19.43.36:239][973]LogShaderCompilers: Display: Shaders left to compile 34
[2019.04.29-19.43.36:813][997]LogShaderCompilers: Display: Shaders left to compile 33
[2019.04.29-19.43.37:001][  5]LogShaderCompilers: Display: Shaders left to compile 32
[2019.04.29-19.43.37:060][  7]LogShaderCompilers: Display: Shaders left to compile 31
[2019.04.29-19.43.37:094][  9]LogShaderCompilers: Display: Shaders left to compile 30
[2019.04.29-19.43.37:535][ 28]LogShaderCompilers: Display: Shaders left to compile 29
[2019.04.29-19.43.37:671][ 31]LogShaderCompilers: Display: Shaders left to compile 28
[2019.04.29-19.43.37:936][ 34]LogShaderCompilers: Display: Shaders left to compile 27
[2019.04.29-19.43.37:958][ 35]LogShaderCompilers: Display: Shaders left to compile 26
[2019.04.29-19.43.37:977][ 35]LogShaderCompilers: Display: Shaders left to compile 25
[2019.04.29-19.43.38:307][ 41]LogShaderCompilers: Display: Shaders left to compile 24
[2019.04.29-19.43.38:392][ 42]LogShaderCompilers: Display: Shaders left to compile 23
[2019.04.29-19.43.38:444][ 43]LogShaderCompilers: Display: Shaders left to compile 22
[2019.04.29-19.43.38:613][ 45]LogShaderCompilers: Display: Shaders left to compile 21
[2019.04.29-19.43.38:792][ 52]LogShaderCompilers: Display: Shaders left to compile 20
[2019.04.29-19.43.38:846][ 54]LogShaderCompilers: Display: Shaders left to compile 19
[2019.04.29-19.43.38:871][ 55]LogShaderCompilers: Display: Shaders left to compile 18
[2019.04.29-19.43.39:025][ 62]LogShaderCompilers: Display: Shaders left to compile 17
[2019.04.29-19.43.39:191][ 69]LogShaderCompilers: Display: Shaders left to compile 16
[2019.04.29-19.43.39:238][ 71]LogShaderCompilers: Display: Shaders left to compile 15
[2019.04.29-19.43.39:677][ 89]LogShaderCompilers: Display: Shaders left to compile 14
[2019.04.29-19.43.39:721][ 91]LogShaderCompilers: Display: Shaders left to compile 13
[2019.04.29-19.43.39:870][ 97]LogShaderCompilers: Display: Shaders left to compile 12
[2019.04.29-19.43.40:045][105]LogShaderCompilers: Display: Shaders left to compile 11
[2019.04.29-19.43.40:206][112]LogShaderCompilers: Display: Shaders left to compile 10
[2019.04.29-19.43.40:513][125]LogShaderCompilers: Display: Shaders left to compile 9
[2019.04.29-19.43.40:711][133]LogShaderCompilers: Display: Shaders left to compile 8
[2019.04.29-19.43.40:755][135]LogShaderCompilers: Display: Shaders left to compile 7
[2019.04.29-19.43.40:986][145]LogShaderCompilers: Display: Shaders left to compile 6
[2019.04.29-19.43.41:246][156]LogShaderCompilers: Display: Shaders left to compile 5
[2019.04.29-19.43.41:267][157]LogShaderCompilers: Display: Shaders left to compile 4
[2019.04.29-19.43.41:544][169]LogShaderCompilers: Display: Shaders left to compile 3
[2019.04.29-19.43.41:587][170]MaterialEditorStats: Base pass shader: 106 instructions
[2019.04.29-19.43.41:587][170]MaterialEditorStats: Base pass shader with Surface Lightmap: 123 instructions
[2019.04.29-19.43.41:587][170]MaterialEditorStats: Base pass shader with Volumetric Lightmap: 179 instructions
[2019.04.29-19.43.41:587][170]MaterialEditorStats: Base pass vertex shader: 36 instructions
[2019.04.29-19.43.41:587][170]MaterialEditorStats: Base pass vertex shader: 88 instructions
[2019.04.29-19.43.41:587][170]MaterialEditorStats: Texture samplers: 4/16
[2019.04.29-19.43.41:587][170]MaterialEditorStats: Texture Lookups (Est.): VS(0), PS(1)
[2019.04.29-19.43.41:587][170]MaterialEditorStats: User interpolators: 2/4 Scalars (1/4 Vectors) (TexCoords: 2, Custom: 0)
[2019.04.29-19.43.41:618][170]LogShaderCompilers: Display: Shaders left to compile 2
[2019.04.29-19.43.41:734][175]LogShaderCompilers: Display: Shaders left to compile 1
[2019.04.29-19.43.54:728][892]LogSlate: Window 'Smallwalls' being destroyed
[2019.04.29-19.43.54:749][892]LogSlate: Took 0.000613 seconds to synchronously load lazily loaded font '../../../Engine/Content/Slate/Fonts/Roboto-Italic.ttf' (157K)
[2019.04.29-19.44.06:336][565]LogMaterial: Display: Missing cached shader map for material Smallwalls, compiling. 
[2019.04.29-19.44.06:396][565]LogMaterial: Display: Missing cached shader map for material Smallwalls, compiling. 
[2019.04.29-19.44.06:466][566]LogShaderCompilers: Display: Shaders left to compile 68
[2019.04.29-19.44.06:466][566]LogShaderCompilers: Display: Shaders left to compile 67
[2019.04.29-19.44.06:466][566]LogShaderCompilers: Display: Shaders left to compile 66
[2019.04.29-19.44.06:466][566]LogShaderCompilers: Display: Shaders left to compile 65
[2019.04.29-19.44.07:243][613]LogShaderCompilers: Display: Shaders left to compile 64
[2019.04.29-19.44.07:311][617]LogShaderCompilers: Display: Shaders left to compile 63
[2019.04.29-19.44.07:311][617]LogShaderCompilers: Display: Shaders left to compile 62
[2019.04.29-19.44.07:343][619]LogShaderCompilers: Display: Shaders left to compile 61
[2019.04.29-19.44.07:562][632]LogShaderCompilers: Display: Shaders left to compile 60
[2019.04.29-19.44.07:611][635]LogShaderCompilers: Display: Shaders left to compile 59
[2019.04.29-19.44.07:658][638]LogShaderCompilers: Display: Shaders left to compile 58
[2019.04.29-19.44.07:675][639]LogShaderCompilers: Display: Shaders left to compile 57
[2019.04.29-19.44.07:740][642]LogMaterial: Display: Missing cached shader map for material Smallwalls, compiling. 
[2019.04.29-19.44.07:829][642]LogMaterial: Display: Missing cached shader map for material Smallwalls, compiling. 
[2019.04.29-19.44.07:903][642]LogShaderCompilers: Display: Shaders left to compile 68
[2019.04.29-19.44.08:159][653]LogShaderCompilers: Display: Shaders left to compile 67
[2019.04.29-19.44.08:360][665]LogShaderCompilers: Display: Shaders left to compile 66
[2019.04.29-19.44.08:427][669]LogShaderCompilers: Display: Shaders left to compile 65
[2019.04.29-19.44.08:443][670]LogShaderCompilers: Display: Shaders left to compile 64
[2019.04.29-19.44.08:609][680]LogShaderCompilers: Display: Shaders left to compile 63
[2019.04.29-19.44.08:760][688]LogMaterial: Display: Missing cached shader map for material Smallwalls, compiling. 
[2019.04.29-19.44.08:822][688]LogShaderCompilers: Display: Shaders left to compile 68
[2019.04.29-19.44.08:822][688]LogShaderCompilers: Display: Shaders left to compile 67
[2019.04.29-19.44.08:822][688]LogShaderCompilers: Display: Shaders left to compile 66
[2019.04.29-19.44.08:831][689]LogMaterialEditor: Applying material Smallwalls
[2019.04.29-19.44.09:906][689]LogShaderCompilers: Display: Shaders left to compile 65
[2019.04.29-19.44.09:907][689]LogShaderCompilers: Display: Shaders left to compile 64
[2019.04.29-19.44.09:907][689]LogShaderCompilers: Display: Shaders left to compile 63
[2019.04.29-19.44.09:907][689]LogShaderCompilers: Display: Shaders left to compile 62
[2019.04.29-19.44.09:907][689]LogShaderCompilers: Display: Shaders left to compile 61
[2019.04.29-19.44.09:907][689]LogShaderCompilers: Display: Shaders left to compile 60
[2019.04.29-19.44.09:907][689]LogShaderCompilers: Display: Shaders left to compile 59
[2019.04.29-19.44.09:907][689]LogShaderCompilers: Display: Shaders left to compile 58
[2019.04.29-19.44.09:907][689]LogShaderCompilers: Display: Shaders left to compile 57
[2019.04.29-19.44.09:907][689]LogShaderCompilers: Display: Shaders left to compile 56
[2019.04.29-19.44.09:907][689]LogShaderCompilers: Display: Shaders left to compile 55
[2019.04.29-19.44.09:941][689]LogMaterial: Display: Missing cached shader map for material Smallwalls, compiling. 
[2019.04.29-19.44.10:108][689]LogShaderCompilers: Display: Shaders left to compile 68
[2019.04.29-19.44.10:108][689]LogShaderCompilers: Display: Shaders left to compile 67
[2019.04.29-19.44.10:149][689]LogMaterial: Display: Missing cached shader map for material Smallwalls, compiling. 
[2019.04.29-19.44.10:246][689]LogShaderCompilers: Display: Shaders left to compile 135
[2019.04.29-19.44.10:308][689]LogMaterial: Display: Missing cached shader map for material Smallwalls, compiling. 
[2019.04.29-19.44.10:517][689]LogShaderCompilers: Display: Shaders left to compile 134
[2019.04.29-19.44.10:517][689]LogShaderCompilers: Display: Shaders left to compile 133
[2019.04.29-19.44.10:517][689]LogShaderCompilers: Display: Shaders left to compile 132
[2019.04.29-19.44.10:590][689]LogMaterial: Display: Missing cached shader map for material FDebugViewModeMaterialProxy Smallwalls, compiling. 
[2019.04.29-19.44.18:294][689]LogShaderCompilers: Display: Shaders left to compile 132
[2019.04.29-19.44.18:294][689]LogShaderCompilers: Display: Shaders left to compile 131
[2019.04.29-19.44.18:294][689]LogShaderCompilers: Display: Shaders left to compile 130
[2019.04.29-19.44.18:294][689]LogShaderCompilers: Display: Shaders left to compile 129
[2019.04.29-19.44.18:294][689]LogShaderCompilers: Display: Shaders left to compile 128
[2019.04.29-19.44.18:294][689]LogShaderCompilers: Display: Shaders left to compile 127
[2019.04.29-19.44.18:294][689]LogShaderCompilers: Display: Shaders left to compile 126
[2019.04.29-19.44.18:294][689]LogShaderCompilers: Display: Shaders left to compile 125
[2019.04.29-19.44.18:294][689]LogShaderCompilers: Display: Shaders left to compile 124
[2019.04.29-19.44.18:294][689]LogShaderCompilers: Display: Shaders left to compile 123
[2019.04.29-19.44.18:294][689]LogShaderCompilers: Display: Shaders left to compile 122
[2019.04.29-19.44.18:294][689]LogShaderCompilers: Display: Shaders left to compile 121
[2019.04.29-19.44.18:294][689]LogShaderCompilers: Display: Shaders left to compile 120
[2019.04.29-19.44.18:294][689]LogShaderCompilers: Display: Shaders left to compile 119
[2019.04.29-19.44.18:294][689]LogShaderCompilers: Display: Shaders left to compile 118
[2019.04.29-19.44.18:294][689]LogShaderCompilers: Display: Shaders left to compile 117
[2019.04.29-19.44.18:294][689]LogShaderCompilers: Display: Shaders left to compile 116
[2019.04.29-19.44.18:294][689]LogShaderCompilers: Display: Shaders left to compile 115
[2019.04.29-19.44.18:294][689]LogShaderCompilers: Display: Shaders left to compile 114
[2019.04.29-19.44.18:294][689]LogShaderCompilers: Display: Shaders left to compile 113
[2019.04.29-19.44.18:294][689]LogShaderCompilers: Display: Shaders left to compile 112
[2019.04.29-19.44.18:294][689]LogShaderCompilers: Display: Shaders left to compile 111
[2019.04.29-19.44.18:294][689]LogShaderCompilers: Display: Shaders left to compile 110
[2019.04.29-19.44.18:294][689]LogShaderCompilers: Display: Shaders left to compile 109
[2019.04.29-19.44.18:294][689]LogShaderCompilers: Display: Shaders left to compile 108
[2019.04.29-19.44.18:294][689]LogShaderCompilers: Display: Shaders left to compile 107
[2019.04.29-19.44.18:294][689]LogShaderCompilers: Display: Shaders left to compile 106
[2019.04.29-19.44.18:294][689]LogShaderCompilers: Display: Shaders left to compile 105
[2019.04.29-19.44.18:294][689]LogShaderCompilers: Display: Shaders left to compile 104
[2019.04.29-19.44.18:294][689]LogShaderCompilers: Display: Shaders left to compile 103
[2019.04.29-19.44.18:294][689]LogShaderCompilers: Display: Shaders left to compile 102
[2019.04.29-19.44.18:294][689]LogShaderCompilers: Display: Shaders left to compile 101
[2019.04.29-19.44.18:295][689]LogShaderCompilers: Display: Shaders left to compile 100
[2019.04.29-19.44.18:295][689]LogShaderCompilers: Display: Shaders left to compile 99
[2019.04.29-19.44.18:295][689]LogShaderCompilers: Display: Shaders left to compile 98
[2019.04.29-19.44.18:295][689]LogShaderCompilers: Display: Shaders left to compile 97
[2019.04.29-19.44.18:295][689]LogShaderCompilers: Display: Shaders left to compile 96
[2019.04.29-19.44.18:295][689]LogShaderCompilers: Display: Shaders left to compile 95
[2019.04.29-19.44.18:295][689]LogShaderCompilers: Display: Shaders left to compile 94
[2019.04.29-19.44.18:295][689]LogShaderCompilers: Display: Shaders left to compile 93
[2019.04.29-19.44.18:295][689]LogShaderCompilers: Display: Shaders left to compile 92
[2019.04.29-19.44.18:295][689]LogShaderCompilers: Display: Shaders left to compile 91
[2019.04.29-19.44.18:295][689]LogShaderCompilers: Display: Shaders left to compile 90
[2019.04.29-19.44.18:295][689]LogShaderCompilers: Display: Shaders left to compile 89
[2019.04.29-19.44.18:295][689]LogShaderCompilers: Display: Shaders left to compile 88
[2019.04.29-19.44.18:295][689]LogShaderCompilers: Display: Shaders left to compile 87
[2019.04.29-19.44.18:295][689]LogShaderCompilers: Display: Shaders left to compile 86
[2019.04.29-19.44.18:295][689]LogShaderCompilers: Display: Shaders left to compile 85
[2019.04.29-19.44.18:295][689]LogShaderCompilers: Display: Shaders left to compile 84
[2019.04.29-19.44.18:295][689]LogShaderCompilers: Display: Shaders left to compile 83
[2019.04.29-19.44.18:295][689]LogShaderCompilers: Display: Shaders left to compile 82
[2019.04.29-19.44.18:295][689]LogShaderCompilers: Display: Shaders left to compile 81
[2019.04.29-19.44.18:295][689]LogShaderCompilers: Display: Shaders left to compile 80
[2019.04.29-19.44.18:295][689]LogShaderCompilers: Display: Shaders left to compile 79
[2019.04.29-19.44.18:295][689]LogShaderCompilers: Display: Shaders left to compile 78
[2019.04.29-19.44.18:295][689]LogShaderCompilers: Display: Shaders left to compile 77
[2019.04.29-19.44.18:295][689]LogShaderCompilers: Display: Shaders left to compile 76
[2019.04.29-19.44.18:295][689]LogShaderCompilers: Display: Shaders left to compile 75
[2019.04.29-19.44.18:295][689]LogShaderCompilers: Display: Shaders left to compile 74
[2019.04.29-19.44.18:295][689]LogShaderCompilers: Display: Shaders left to compile 73
[2019.04.29-19.44.18:295][689]LogShaderCompilers: Display: Shaders left to compile 72
[2019.04.29-19.44.18:295][689]LogShaderCompilers: Display: Shaders left to compile 71
[2019.04.29-19.44.18:295][689]LogShaderCompilers: Display: Shaders left to compile 70
[2019.04.29-19.44.18:295][689]LogShaderCompilers: Display: Shaders left to compile 69
[2019.04.29-19.44.18:295][689]LogShaderCompilers: Display: Shaders left to compile 59
[2019.04.29-19.44.18:295][689]LogShaderCompilers: Display: Shaders left to compile 49
[2019.04.29-19.44.18:295][689]LogShaderCompilers: Display: Shaders left to compile 39
[2019.04.29-19.44.18:432][689]TextureStreamingBuild: Display: Compiling optional shaders took 7.852 seconds.
[2019.04.29-19.44.21:405][858]LogShaderCompilers: Display: Shaders left to compile 29
[2019.04.29-19.44.21:462][861]LogMaterialEditor: Saving and Compiling material Smallwalls
[2019.04.29-19.44.27:501][861]LogShaderCompilers: Display: Shaders left to compile 19
[2019.04.29-19.44.27:501][861]LogShaderCompilers: Display: Shaders left to compile 9
[2019.04.29-19.44.27:623][861]Cmd: OBJ SAVEPACKAGE PACKAGE="/Game/Materials/Smallwalls" FILE="../../../../../Y2/SourceTreeRepositories/FingerGunz/Content/Materials/Smallwalls.uasset" SILENT=true
[2019.04.29-19.44.27:659][861]LogSavePackage: Moving '../../../../../Y2/SourceTreeRepositories/FingerGunz/Saved/Smallwalls44D658334A6C6954AF86929876D30AAB.tmp' to '../../../../../Y2/SourceTreeRepositories/FingerGunz/Content/Materials/Smallwalls.uasset'
[2019.04.29-19.44.27:677][861]MaterialEditorStats: Base pass shader: 105 instructions
[2019.04.29-19.44.27:678][861]MaterialEditorStats: Base pass shader with Surface Lightmap: 122 instructions
[2019.04.29-19.44.27:678][861]MaterialEditorStats: Base pass shader with Volumetric Lightmap: 178 instructions
[2019.04.29-19.44.27:678][861]MaterialEditorStats: Base pass vertex shader: 36 instructions
[2019.04.29-19.44.27:678][861]MaterialEditorStats: Base pass vertex shader: 88 instructions
[2019.04.29-19.44.27:678][861]MaterialEditorStats: Texture samplers: 4/16
[2019.04.29-19.44.27:678][861]MaterialEditorStats: Texture Lookups (Est.): VS(0), PS(1)
[2019.04.29-19.44.27:678][861]MaterialEditorStats: User interpolators: 2/4 Scalars (1/4 Vectors) (TexCoords: 2, Custom: 0)
[2019.04.29-19.44.31:397][ 72]LogTemp: Repeating last play command: Selected Viewport
[2019.04.29-19.44.31:422][ 72]LogPlayLevel: PlayLevel: No blueprints needed recompiling
[2019.04.29-19.44.31:422][ 72]PIE: New page: PIE session: Map2 (29 Apr 2019 19:44:31)
[2019.04.29-19.44.31:422][ 72]LogPlayLevel: Creating play world package: /Game/Maps/UEDPIE_0_Map2
[2019.04.29-19.44.31:956][ 72]LogPlayLevel: PIE: StaticDuplicateObject took: (0.533300s)
[2019.04.29-19.44.31:957][ 72]LogAIModule: Creating AISystem for world Map2
[2019.04.29-19.44.31:957][ 72]LogPlayLevel: PIE: World Init took: (0.000895s)
[2019.04.29-19.44.31:957][ 72]LogPlayLevel: PIE: Created PIE world by copying editor world from /Game/Maps/Map2.Map2 to /Game/Maps/UEDPIE_0_Map2.Map2 (0.534577s)
[2019.04.29-19.44.32:004][ 72]LogInit: XAudio2 using 'Speakers (Realtek High Definition Audio)' : 2 channels at 48 kHz using 32 bits per sample (channel mask 0x3)
[2019.04.29-19.44.32:073][ 72]LogInit: FAudioDevice initialized.
[2019.04.29-19.44.32:110][ 72]LogLoad: Game class is 'FingerGunzGamemode_C'
[2019.04.29-19.44.32:544][ 72]LogWorld: Bringing World /Game/Maps/UEDPIE_0_Map2.Map2 up for play (max tick rate 60) at 2019.04.29-19.44.32
[2019.04.29-19.44.32:593][ 72]LogWorld: Bringing up level for play took: 0.482369
[2019.04.29-19.44.32:606][ 72]Error: CDO Constructor (Player_BluePrint_C): Failed to find StaticMesh'/Game/Player/Player_Mesh_Armless.Player_Mesh_Armless'

[2019.04.29-19.44.32:606][ 72]Error: CDO Constructor (Player_BluePrint_C): Failed to find StaticMesh'/Game/Player/Player_Mesh_Arm_1.Player_Mesh_Arm_1'

[2019.04.29-19.44.32:611][ 72]Error: CDO Constructor (Player_BluePrint_C): Failed to find StaticMesh'/Game/Player/Player_Mesh_Armless.Player_Mesh_Armless'

[2019.04.29-19.44.32:611][ 72]Error: CDO Constructor (Player_BluePrint_C): Failed to find StaticMesh'/Game/Player/Player_Mesh_Arm_1.Player_Mesh_Arm_1'

[2019.04.29-19.44.32:615][ 72]Error: CDO Constructor (Player_BluePrint_C): Failed to find StaticMesh'/Game/Player/Player_Mesh_Armless.Player_Mesh_Armless'

[2019.04.29-19.44.32:615][ 72]Error: CDO Constructor (Player_BluePrint_C): Failed to find StaticMesh'/Game/Player/Player_Mesh_Arm_1.Player_Mesh_Arm_1'

[2019.04.29-19.44.32:620][ 72]Error: CDO Constructor (Player_BluePrint_C): Failed to find StaticMesh'/Game/Player/Player_Mesh_Armless.Player_Mesh_Armless'

[2019.04.29-19.44.32:620][ 72]Error: CDO Constructor (Player_BluePrint_C): Failed to find StaticMesh'/Game/Player/Player_Mesh_Arm_1.Player_Mesh_Arm_1'

[2019.04.29-19.44.32:626][ 72]PIE: Play in editor start time for /Game/Maps/UEDPIE_0_Map2 0.253
[2019.04.29-19.44.33:818][ 95]Error: CDO Constructor (LightPistol): Failed to find StaticMesh'/Game/Player/Player_Mesh_Arm_1.Player_Mesh_Arm_1'

[2019.04.29-19.44.33:818][ 95]LogActor: Warning: LightPistol /Game/Maps/UEDPIE_0_Map2.Map2:PersistentLevel.LightPistol_0 has natively added scene component(s), but none of them were set as the actor's RootComponent - picking one arbitrarily
[2019.04.29-19.44.59:031][750]LogBlueprintUserMessages: [Player_BluePrint_C_0] 1
[2019.04.29-19.46.24:240][964]LogSlate: Updating window title bar state: overlay mode, drag disabled, window buttons hidden, title bar hidden
[2019.04.29-19.46.24:399][964]LogPlayLevel: Display: Shutting down PIE online subsystems
[2019.04.29-19.46.24:470][964]LogSlate: Updating window title bar state: overlay mode, drag disabled, window buttons hidden, title bar hidden
[2019.04.29-19.46.24:571][965]LogPlayLevel: Display: Destroying online subsystem :Context_6
[2019.04.29-19.49.33:648][330]LogSlate: FSceneViewport::OnFocusLost() reason 0
[2019.04.29-19.49.33:812][333]Cmd: OBJ SAVEPACKAGE PACKAGE="/Game/Maps/Map2" FILE="../../../../../Y2/SourceTreeRepositories/FingerGunz/Content/Maps/Map2.umap" SILENT=true AUTOSAVING=false KEEPDIRTY=false
[2019.04.29-19.49.43:140][333]LogSavePackage: Moving '../../../../../Y2/SourceTreeRepositories/FingerGunz/Saved/Map23A300FA24712EB7AD73C44BFB514F814.tmp' to '../../../../../Y2/SourceTreeRepositories/FingerGunz/Content/Maps/Map2.umap'
[2019.04.29-19.49.44:816][376]LogSlate: Window 'FingerGunz - Unreal Editor' being destroyed
[2019.04.29-19.49.45:005][377]Cmd: QUIT_EDITOR
[2019.04.29-19.49.45:989][377]LogWindowsTextInputMethodSystem: Display: IME system now deactivated.
[2019.04.29-19.49.46:020][377]LogExit: Preparing to exit.
[2019.04.29-19.49.47:234][377]LogExit: Editor shut down
[2019.04.29-19.49.47:237][377]LogExit: Transaction tracking system shut down
[2019.04.29-19.49.47:666][377]LogExit: Object subsystem successfully closed.
[2019.04.29-19.49.47:691][377]LogShaderCompilers: Display: Shaders left to compile 0
[2019.04.29-19.49.47:696][377]LogD3D11RHI: Shutdown
[2019.04.29-19.49.47:696][377]LogD3D11RHI: CleanupD3DDevice
[2019.04.29-19.49.47:700][377]LogD3D11RHI: ~FD3D11DynamicRHI
[2019.04.29-19.49.47:716][377]LogModuleManager: Shutting down and abandoning module MovieSceneCapture (616)
[2019.04.29-19.49.47:716][377]LogModuleManager: Shutting down and abandoning module Voice (614)
[2019.04.29-19.49.47:716][377]LogModuleManager: Shutting down and abandoning module HierarchicalLODOutliner (612)
[2019.04.29-19.49.47:716][377]LogModuleManager: Shutting down and abandoning module SceneOutliner (610)
[2019.04.29-19.49.47:716][377]LogModuleManager: Shutting down and abandoning module AddContentDialog (608)
[2019.04.29-19.49.47:717][377]LogModuleManager: Shutting down and abandoning module WidgetCarousel (607)
[2019.04.29-19.49.47:717][377]LogModuleManager: Shutting down and abandoning module EditorWidgets (604)
[2019.04.29-19.49.47:717][377]LogModuleManager: Shutting down and abandoning module CollectionManager (602)
[2019.04.29-19.49.47:717][377]LogModuleManager: Shutting down and abandoning module StatsViewer (600)
[2019.04.29-19.49.47:717][377]LogModuleManager: Shutting down and abandoning module FoliageEdit (598)
[2019.04.29-19.49.47:717][377]LogModuleManager: Shutting down and abandoning module LandscapeEditor (596)
[2019.04.29-19.49.47:717][377]LogModuleManager: Shutting down and abandoning module MeshPaintMode (594)
[2019.04.29-19.49.47:717][377]LogModuleManager: Shutting down and abandoning module SceneDepthPickerMode (592)
[2019.04.29-19.49.47:717][377]LogModuleManager: Shutting down and abandoning module ActorPickerMode (590)
[2019.04.29-19.49.47:717][377]LogModuleManager: Shutting down and abandoning module GeometryMode (588)
[2019.04.29-19.49.47:717][377]LogModuleManager: Shutting down and abandoning module TextureAlignMode (586)
[2019.04.29-19.49.47:717][377]LogModuleManager: Shutting down and abandoning module BspMode (584)
[2019.04.29-19.49.47:717][377]LogModuleManager: Shutting down and abandoning module PIEPreviewDeviceProfileSelector (582)
[2019.04.29-19.49.47:717][377]LogModuleManager: Shutting down and abandoning module SequenceRecorderSections (580)
[2019.04.29-19.49.47:717][377]LogModuleManager: Shutting down and abandoning module AutomationWorker (578)
[2019.04.29-19.49.47:717][377]LogModuleManager: Shutting down and abandoning module AudioCaptureEditor (576)
[2019.04.29-19.49.47:717][377]LogModuleManager: Shutting down and abandoning module SequenceRecorder (575)
[2019.04.29-19.49.47:717][377]LogModuleManager: Shutting down and abandoning module MatineeToLevelSequence (572)
[2019.04.29-19.49.47:717][377]LogModuleManager: Shutting down and abandoning module LevelSequenceEditor (570)
[2019.04.29-19.49.47:718][377]LogModuleManager: Shutting down and abandoning module PlacementMode (569)
[2019.04.29-19.49.47:718][377]LogModuleManager: Shutting down and abandoning module MaterialEditor (568)
[2019.04.29-19.49.47:718][377]LogModuleManager: Shutting down and abandoning module WmfMediaFactory (564)
[2019.04.29-19.49.47:718][377]LogModuleManager: Shutting down and abandoning module WmfMediaEditor (562)
[2019.04.29-19.49.47:718][377]LogModuleManager: Shutting down and abandoning module MediaPlayerEditor (560)
[2019.04.29-19.49.47:718][377]LogModuleManager: Shutting down and abandoning module OpenExrWrapper (558)
[2019.04.29-19.49.47:718][377]LogModuleManager: Shutting down and abandoning module ImgMediaFactory (556)
[2019.04.29-19.49.47:718][377]LogModuleManager: Shutting down and abandoning module ImgMediaEditor (554)
[2019.04.29-19.49.47:718][377]LogModuleManager: Shutting down and abandoning module AvfMediaFactory (552)
[2019.04.29-19.49.47:718][377]LogModuleManager: Shutting down and abandoning module AvfMediaEditor (550)
[2019.04.29-19.49.47:718][377]LogModuleManager: Shutting down and abandoning module AndroidMediaFactory (548)
[2019.04.29-19.49.47:718][377]LogModuleManager: Shutting down and abandoning module AndroidMediaEditor (546)
[2019.04.29-19.49.47:719][377]LogModuleManager: Shutting down and abandoning module MagicLeapCameraPreviewFactory (544)
[2019.04.29-19.49.47:719][377]LogModuleManager: Shutting down and abandoning module MagicLeapMediaFactory (542)
[2019.04.29-19.49.47:719][377]LogModuleManager: Shutting down and abandoning module MagicLeapMediaEditor (540)
[2019.04.29-19.49.47:719][377]LogModuleManager: Shutting down and abandoning module CharacterAI (538)
[2019.04.29-19.49.47:719][377]LogModuleManager: Shutting down and abandoning module SmartSnapping (536)
[2019.04.29-19.49.47:719][377]LogModuleManager: Shutting down and abandoning module SessionServices (534)
[2019.04.29-19.49.47:719][377]LogModuleManager: Shutting down and abandoning module ViewportSnapping (532)
[2019.04.29-19.49.47:719][377]LogModuleManager: Shutting down and abandoning module ViewportInteraction (530)
[2019.04.29-19.49.47:719][377]LogModuleManager: Shutting down and abandoning module ClothPainter (528)
[2019.04.29-19.49.47:719][377]LogModuleManager: Shutting down and abandoning module SkeletalMeshEditor (527)
[2019.04.29-19.49.47:719][377]LogModuleManager: Shutting down and abandoning module LogVisualizer (524)
[2019.04.29-19.49.47:719][377]LogModuleManager: Shutting down and abandoning module IntroTutorials (522)
[2019.04.29-19.49.47:719][377]LogModuleManager: Shutting down and abandoning module GameProjectGeneration (521)
[2019.04.29-19.49.47:720][377]LogModuleManager: Shutting down and abandoning module LuminPlatformEditor (518)
[2019.04.29-19.49.47:720][377]LogModuleManager: Shutting down and abandoning module IOSPlatformEditor (516)
[2019.04.29-19.49.47:720][377]LogModuleManager: Shutting down and abandoning module HTML5PlatformEditor (514)
[2019.04.29-19.49.47:720][377]LogModuleManager: Shutting down and abandoning module AndroidPlatformEditor (512)
[2019.04.29-19.49.47:720][377]LogModuleManager: Shutting down and abandoning module AndroidDeviceDetection (511)
[2019.04.29-19.49.48:046][377]LogModuleManager: Shutting down and abandoning module WindowsPlatformEditor (508)
[2019.04.29-19.49.48:046][377]LogModuleManager: Shutting down and abandoning module LuminRuntimeSettings (506)
[2019.04.29-19.49.48:046][377]LogModuleManager: Shutting down and abandoning module IOSRuntimeSettings (504)
[2019.04.29-19.49.48:046][377]LogModuleManager: Shutting down and abandoning module AndroidRuntimeSettings (502)
[2019.04.29-19.49.48:046][377]LogModuleManager: Shutting down and abandoning module InputBindingEditor (500)
[2019.04.29-19.49.48:047][377]LogModuleManager: Shutting down and abandoning module MergeActors (498)
[2019.04.29-19.49.48:047][377]LogModuleManager: Shutting down and abandoning module LocalizationDashboard (496)
[2019.04.29-19.49.48:047][377]LogModuleManager: Shutting down and abandoning module LocalizationService (495)
[2019.04.29-19.49.48:047][377]LogModuleManager: Shutting down and abandoning module HardwareTargeting (492)
[2019.04.29-19.49.48:047][377]LogModuleManager: Shutting down and abandoning module DeviceProfileEditor (490)
[2019.04.29-19.49.48:047][377]LogModuleManager: Shutting down and abandoning module UndoHistory (488)
[2019.04.29-19.49.48:047][377]LogModuleManager: Shutting down and abandoning module XmlParser (486)
[2019.04.29-19.49.48:047][377]LogModuleManager: Shutting down and abandoning module Blutility (484)
[2019.04.29-19.49.48:047][377]LogModuleManager: Shutting down and abandoning module ProjectSettingsViewer (482)
[2019.04.29-19.49.48:047][377]LogModuleManager: Shutting down and abandoning module ProjectTargetPlatformEditor (481)
[2019.04.29-19.49.48:047][377]LogModuleManager: Shutting down and abandoning module EditorSettingsViewer (478)
[2019.04.29-19.49.48:047][377]LogModuleManager: Shutting down and abandoning module SettingsEditor (476)
[2019.04.29-19.49.48:047][377]LogModuleManager: Shutting down and abandoning module ProjectLauncher (474)
[2019.04.29-19.49.48:047][377]LogModuleManager: Shutting down and abandoning module SessionFrontend (472)
[2019.04.29-19.49.48:047][377]LogModuleManager: Shutting down and abandoning module ProfilerClient (470)
[2019.04.29-19.49.48:047][377]LogModuleManager: Shutting down and abandoning module DeviceManager (468)
[2019.04.29-19.49.48:047][377]LogModuleManager: Shutting down and abandoning module TargetDeviceServices (467)
[2019.04.29-19.49.48:113][377]LogModuleManager: Shutting down and abandoning module AutomationController (464)
[2019.04.29-19.49.48:113][377]LogModuleManager: Shutting down and abandoning module AutomationWindow (462)
[2019.04.29-19.49.48:113][377]LogModuleManager: Shutting down and abandoning module Layers (460)
[2019.04.29-19.49.48:113][377]LogModuleManager: Shutting down and abandoning module ComponentVisualizers (458)
[2019.04.29-19.49.48:113][377]LogModuleManager: Shutting down and abandoning module DetailCustomizations (456)
[2019.04.29-19.49.48:113][377]LogModuleManager: Shutting down and abandoning module PackagesDialog (454)
[2019.04.29-19.49.48:113][377]LogModuleManager: Shutting down and abandoning module Persona (452)
[2019.04.29-19.49.48:113][377]LogModuleManager: Shutting down and abandoning module AdvancedPreviewScene (451)
[2019.04.29-19.49.48:113][377]LogModuleManager: Shutting down and abandoning module AnimGraph (449)
[2019.04.29-19.49.48:113][377]LogModuleManager: Shutting down and abandoning module Kismet (446)
[2019.04.29-19.49.48:114][377]LogModuleManager: Shutting down and abandoning module GraphEditor (444)
[2019.04.29-19.49.48:114][377]LogModuleManager: Shutting down and abandoning module ClassViewer (442)
[2019.04.29-19.49.48:114][377]LogModuleManager: Shutting down and abandoning module Toolbox (440)
[2019.04.29-19.49.48:114][377]LogModuleManager: Shutting down and abandoning module DesktopPlatform (439)
[2019.04.29-19.49.48:114][377]LogModuleManager: Shutting down and abandoning module ModuleUI (436)
[2019.04.29-19.49.48:114][377]LogModuleManager: Shutting down and abandoning module MovieSceneTools (434)
[2019.04.29-19.49.48:114][377]LogModuleManager: Shutting down and abandoning module OutputLog (432)
[2019.04.29-19.49.48:114][377]LogModuleManager: Shutting down and abandoning module GammaUI (430)
[2019.04.29-19.49.48:114][377]LogModuleManager: Shutting down and abandoning module Documentation (428)
[2019.04.29-19.49.48:114][377]LogModuleManager: Shutting down and abandoning module MovieSceneTracks (426)
[2019.04.29-19.49.48:114][377]LogModuleManager: Shutting down and abandoning module MovieScene (424)
[2019.04.29-19.49.48:114][377]LogModuleManager: Shutting down and abandoning module StreamingPauseRendering (422)
[2019.04.29-19.49.48:114][377]LogModuleManager: Shutting down and abandoning module LauncherPlatform (420)
[2019.04.29-19.49.48:114][377]LogModuleManager: Shutting down and abandoning module AnalyticsET (418)
[2019.04.29-19.49.48:114][377]LogModuleManager: Shutting down and abandoning module PortalServices (416)
[2019.04.29-19.49.48:114][377]LogModuleManager: Shutting down and abandoning module PortalRpc (414)
[2019.04.29-19.49.48:114][377]LogModuleManager: Shutting down and abandoning module MessagingRpc (412)
[2019.04.29-19.49.48:114][377]LogModuleManager: Shutting down and abandoning module AIModule (410)
[2019.04.29-19.49.48:115][377]LogModuleManager: Shutting down and abandoning module GameplayDebugger (409)
[2019.04.29-19.49.48:115][377]LogModuleManager: Shutting down and abandoning module AITestSuite (407)
[2019.04.29-19.49.48:115][377]LogModuleManager: Shutting down and abandoning module NavigationSystem (405)
[2019.04.29-19.49.48:115][377]LogModuleManager: Shutting down and abandoning module ProfilerService (402)
[2019.04.29-19.49.48:189][377]LogModuleManager: Shutting down and abandoning module TaskGraph (400)
[2019.04.29-19.49.48:189][377]LogModuleManager: Shutting down and abandoning module SteamVRController (398)
[2019.04.29-19.49.48:189][377]LogModuleManager: Shutting down and abandoning module ProceduralMeshComponentEditor (396)
[2019.04.29-19.49.48:189][377]LogModuleManager: Shutting down and abandoning module ProceduralMeshComponent (394)
[2019.04.29-19.49.48:190][377]LogModuleManager: Shutting down and abandoning module OculusInput (392)
[2019.04.29-19.49.48:190][377]LogModuleManager: Shutting down and abandoning module MobilePatchingUtils (390)
[2019.04.29-19.49.48:190][377]LogModuleManager: Shutting down and abandoning module EditableMesh (388)
[2019.04.29-19.49.48:190][377]LogModuleManager: Shutting down and abandoning module CustomMeshComponent (386)
[2019.04.29-19.49.48:190][377]LogModuleManager: Shutting down and abandoning module CableComponent (384)
[2019.04.29-19.49.48:190][377]LogModuleManager: Shutting down and abandoning module AudioCapture (382)
[2019.04.29-19.49.48:190][377]LogModuleManager: Shutting down and abandoning module ArchVisCharacter (380)
[2019.04.29-19.49.48:190][377]LogModuleManager: Shutting down and abandoning module AndroidPermission (378)
[2019.04.29-19.49.48:190][377]LogModuleManager: Shutting down and abandoning module NUTUnrealEngine4 (376)
[2019.04.29-19.49.48:190][377]LogModuleManager: Shutting down and abandoning module NetcodeUnitTest (374)
[2019.04.29-19.49.48:190][377]LogModuleManager: Shutting down and abandoning module MediaCompositingEditor (372)
[2019.04.29-19.49.48:190][377]LogModuleManager: Shutting down and abandoning module MediaCompositing (370)
[2019.04.29-19.49.48:190][377]LogModuleManager: Shutting down and abandoning module LinearTimecode (368)
[2019.04.29-19.49.48:190][377]LogModuleManager: Shutting down and abandoning module ImgMedia (366)
[2019.04.29-19.49.48:203][377]LogModuleManager: Shutting down and abandoning module HTML5Networking (364)
[2019.04.29-19.49.48:203][377]LogModuleManager: Shutting down and abandoning module GeometryCacheTracks (362)
[2019.04.29-19.49.48:203][377]LogModuleManager: Shutting down and abandoning module GeometryCacheSequencer (360)
[2019.04.29-19.49.48:203][377]LogModuleManager: Shutting down and abandoning module BackChannel (358)
[2019.04.29-19.49.48:203][377]LogModuleManager: Shutting down and abandoning module AppleVision (356)
[2019.04.29-19.49.48:203][377]LogModuleManager: Shutting down and abandoning module AppleImageUtils (354)
[2019.04.29-19.49.48:203][377]LogModuleManager: Shutting down and abandoning module AlembicImporter (352)
[2019.04.29-19.49.48:203][377]LogModuleManager: Shutting down and abandoning module AlembicLibrary (351)
[2019.04.29-19.49.48:203][377]LogModuleManager: Shutting down and abandoning module GeometryCache (350)
[2019.04.29-19.49.48:203][377]LogModuleManager: Shutting down and abandoning module GeometryCacheEd (349)
[2019.04.29-19.49.48:204][377]LogModuleManager: Shutting down and abandoning module DatasmithContentEditor (344)
[2019.04.29-19.49.48:204][377]LogModuleManager: Shutting down and abandoning module DatasmithContent (342)
[2019.04.29-19.49.48:204][377]LogModuleManager: Shutting down and abandoning module SpeedTreeImporter (340)
[2019.04.29-19.49.48:204][377]LogModuleManager: Shutting down and abandoning module PluginBrowser (338)
[2019.04.29-19.49.48:205][377]LogModuleManager: Shutting down and abandoning module MobileLauncherProfileWizard (336)
[2019.04.29-19.49.48:205][377]LogModuleManager: Shutting down and abandoning module PolygonModeling (334)
[2019.04.29-19.49.48:205][377]LogModuleManager: Shutting down and abandoning module MeshEditor (332)
[2019.04.29-19.49.48:205][377]LogModuleManager: Shutting down and abandoning module CryptoKeysOpenSSL (330)
[2019.04.29-19.49.48:205][377]LogModuleManager: Shutting down and abandoning module CryptoKeys (328)
[2019.04.29-19.49.48:205][377]LogModuleManager: Shutting down and abandoning module VisualStudioSourceCodeAccess (326)
[2019.04.29-19.49.48:205][377]LogModuleManager: Shutting down and abandoning module VisualStudioCodeSourceCodeAccess (324)
[2019.04.29-19.49.48:205][377]LogModuleManager: Shutting down and abandoning module UObjectPlugin (322)
[2019.04.29-19.49.48:205][377]LogModuleManager: Shutting down and abandoning module SubversionSourceControl (320)
[2019.04.29-19.49.48:205][377]LogModuleManager: Shutting down and abandoning module PerforceSourceControl (318)
[2019.04.29-19.49.48:205][377]LogModuleManager: Shutting down and abandoning module GitSourceControl (316)
[2019.04.29-19.49.48:205][377]LogModuleManager: Shutting down and abandoning module SourceControl (315)
[2019.04.29-19.49.48:206][377]LogModuleManager: Shutting down and abandoning module CLionSourceCodeAccess (312)
[2019.04.29-19.49.48:206][377]LogModuleManager: Shutting down and abandoning module LightPropagationVolumeEditor (310)
[2019.04.29-19.49.48:206][377]LogModuleManager: Shutting down and abandoning module PaperTiledImporter (308)
[2019.04.29-19.49.48:206][377]LogModuleManager: Shutting down and abandoning module PaperSpriteSheetImporter (306)
[2019.04.29-19.49.48:206][377]LogModuleManager: Shutting down and abandoning module Paper2DEditor (304)
[2019.04.29-19.49.48:206][377]LogModuleManager: Shutting down and abandoning module MeshPaint (303)
[2019.04.29-19.49.48:206][377]LogModuleManager: Shutting down and abandoning module FingerGunz (300)
[2019.04.29-19.49.48:206][377]LogModuleManager: Shutting down and abandoning module RuntimePhysXCooking (298)
[2019.04.29-19.49.48:206][377]LogModuleManager: Shutting down and abandoning module PhysXVehiclesEditor (296)
[2019.04.29-19.49.48:206][377]LogModuleManager: Shutting down and abandoning module PhysXVehicles (294)
[2019.04.29-19.49.48:206][377]LogModuleManager: Shutting down and abandoning module OculusEditor (292)
[2019.04.29-19.49.48:206][377]LogModuleManager: Shutting down and abandoning module LocationServicesBPLibrary (290)
[2019.04.29-19.49.48:206][377]LogModuleManager: Shutting down and abandoning module ImmediatePhysicsEditor (288)
[2019.04.29-19.49.48:206][377]LogModuleManager: Shutting down and abandoning module ImmediatePhysics (286)
[2019.04.29-19.49.48:206][377]LogModuleManager: Shutting down and abandoning module ActorSequence (284)
[2019.04.29-19.49.48:207][377]LogModuleManager: Shutting down and abandoning module UdpMessaging (282)
[2019.04.29-19.49.48:308][377]LogModuleManager: Shutting down and abandoning module TcpMessaging (280)
[2019.04.29-19.49.48:409][377]LogModuleManager: Shutting down and abandoning module MagicLeapAudio (278)
[2019.04.29-19.49.48:409][377]LogModuleManager: Shutting down and abandoning module GameplayTagsEditor (276)
[2019.04.29-19.49.48:409][377]LogModuleManager: Shutting down and abandoning module FacialAnimationEditor (274)
[2019.04.29-19.49.48:409][377]LogModuleManager: Shutting down and abandoning module FacialAnimation (272)
[2019.04.29-19.49.48:409][377]LogModuleManager: Shutting down and abandoning module DataValidation (270)
[2019.04.29-19.49.48:409][377]LogModuleManager: Shutting down and abandoning module AssetManagerEditor (268)
[2019.04.29-19.49.48:409][377]LogModuleManager: Shutting down and abandoning module LevelEditor (267)
[2019.04.29-19.49.48:410][377]LogModuleManager: Shutting down and abandoning module PixelInspectorModule (266)
[2019.04.29-19.49.48:410][377]LogModuleManager: Shutting down and abandoning module CommonMenuExtensions (264)
[2019.04.29-19.49.48:411][377]LogModuleManager: Shutting down and abandoning module MainFrame (262)
[2019.04.29-19.49.48:411][377]LogModuleManager: Shutting down and abandoning module HotReload (261)
[2019.04.29-19.49.48:411][377]LogModuleManager: Shutting down and abandoning module ContentBrowser (257)
[2019.04.29-19.49.48:413][377]LogModuleManager: Shutting down and abandoning module TreeMap (255)
[2019.04.29-19.49.48:413][377]LogModuleManager: Shutting down and abandoning module LightPropagationVolumeRuntime (252)
[2019.04.29-19.49.48:413][377]LogModuleManager: Shutting down and abandoning module AISupportModule (250)
[2019.04.29-19.49.48:413][377]LogModuleManager: Shutting down and abandoning module Paper2D (248)
[2019.04.29-19.49.48:413][377]LogModuleManager: Shutting down and abandoning module WindowsMoviePlayer (246)
[2019.04.29-19.49.48:413][377]LogModuleManager: Shutting down and abandoning module WmfMedia (244)
[2019.04.29-19.49.48:415][377]LogModuleManager: Shutting down and abandoning module Media (243)
[2019.04.29-19.49.48:422][377]LogModuleManager: Shutting down and abandoning module PacketHandler (240)
[2019.04.29-19.49.48:422][377]LogModuleManager: Shutting down and abandoning module ClothingSystemEditor (238)
[2019.04.29-19.49.48:422][377]LogModuleManager: Shutting down and abandoning module ClothingSystemRuntime (236)
[2019.04.29-19.49.48:422][377]LogModuleManager: Shutting down and abandoning module MediaAssets (234)
[2019.04.29-19.49.48:422][377]LogModuleManager: Shutting down and abandoning module Overlay (232)
[2019.04.29-19.49.48:422][377]LogModuleManager: Shutting down and abandoning module OverlayEditor (231)
[2019.04.29-19.49.48:422][377]LogModuleManager: Shutting down and abandoning module VREditor (228)
[2019.04.29-19.49.48:422][377]LogModuleManager: Shutting down and abandoning module StringTableEditor (226)
[2019.04.29-19.49.48:422][377]LogModuleManager: Shutting down and abandoning module GameplayTasksEditor (224)
[2019.04.29-19.49.48:422][377]LogModuleManager: Shutting down and abandoning module BehaviorTreeEditor (222)
[2019.04.29-19.49.48:423][377]LogModuleManager: Shutting down and abandoning module FunctionalTesting (220)
[2019.04.29-19.49.48:423][377]LogModuleManager: Shutting down and abandoning module CollisionAnalyzer (218)
[2019.04.29-19.49.48:423][377]LogModuleManager: Shutting down and abandoning module WorkspaceMenuStructure (217)
[2019.04.29-19.49.48:423][377]LogModuleManager: Shutting down and abandoning module UMG (214)
[2019.04.29-19.49.48:423][377]LogModuleManager: Shutting down and abandoning module UMGEditor (213)
[2019.04.29-19.49.48:423][377]LogModuleManager: Shutting down and abandoning module Sequencer (212)
[2019.04.29-19.49.48:423][377]LogModuleManager: Shutting down and abandoning module MessageLog (209)
[2019.04.29-19.49.48:423][377]LogModuleManager: Shutting down and abandoning module SlateReflector (204)
[2019.04.29-19.49.48:423][377]LogModuleManager: Shutting down and abandoning module Slate (202)
[2019.04.29-19.49.48:423][377]LogModuleManager: Shutting down and abandoning module EditorStyle (200)
[2019.04.29-19.49.48:427][377]LogModuleManager: Shutting down and abandoning module MRMesh (198)
[2019.04.29-19.49.48:427][377]LogModuleManager: Shutting down and abandoning module SourceCodeAccess (196)
[2019.04.29-19.49.48:427][377]LogModuleManager: Shutting down and abandoning module HeadMountedDisplay (194)
[2019.04.29-19.49.48:427][377]LogModuleManager: Shutting down and abandoning module XAudio2 (192)
[2019.04.29-19.49.48:428][377]LogModuleManager: Shutting down and abandoning module Networking (190)
[2019.04.29-19.49.48:428][377]LogModuleManager: Shutting down and abandoning module Core (188)
[2019.04.29-19.49.48:428][377]LogModuleManager: Shutting down and abandoning module LevelSequence (186)
[2019.04.29-19.49.48:428][377]LogModuleManager: Shutting down and abandoning module KismetCompiler (184)
[2019.04.29-19.49.48:428][377]LogModuleManager: Shutting down and abandoning module MeshUtilities (182)
[2019.04.29-19.49.48:428][377]LogModuleManager: Shutting down and abandoning module MeshMergeUtilities (181)
[2019.04.29-19.49.48:428][377]LogModuleManager: Shutting down and abandoning module MeshReductionInterface (180)
[2019.04.29-19.49.48:428][377]LogModuleManager: Shutting down and abandoning module SimplygonSwarm (179)
[2019.04.29-19.49.48:428][377]LogModuleManager: Shutting down and abandoning module ProxyLODMeshReduction (177)
[2019.04.29-19.49.48:428][377]LogModuleManager: Shutting down and abandoning module SimplygonMeshReduction (175)
[2019.04.29-19.49.48:428][377]LogModuleManager: Shutting down and abandoning module QuadricMeshReduction (173)
[2019.04.29-19.49.48:428][377]LogModuleManager: Shutting down and abandoning module MaterialBaking (169)
[2019.04.29-19.49.48:428][377]LogModuleManager: Shutting down and abandoning module DirectoryWatcher (165)
[2019.04.29-19.49.48:428][377]LogModuleManager: Shutting down and abandoning module DerivedDataCache (162)
[2019.04.29-19.49.48:480][377]LogDerivedDataCache: Shutdown
[2019.04.29-19.49.48:480][377]LogModuleManager: Shutting down and abandoning module XGEController (160)
[2019.04.29-19.49.48:480][377]LogXGEController: Cleaning working directory: C:/Users/Xyvn/AppData/Local/Temp/UnrealXGEWorkingDir/
[2019.04.29-19.49.48:480][377]LogModuleManager: Shutting down and abandoning module TargetPlatform (158)
[2019.04.29-19.49.48:481][377]LogModuleManager: Shutting down and abandoning module VulkanShaderFormat (157)
[2019.04.29-19.49.48:481][377]LogModuleManager: Shutting down and abandoning module ShaderFormatVectorVM (155)
[2019.04.29-19.49.48:481][377]LogModuleManager: Shutting down and abandoning module ShaderFormatOpenGL (153)
[2019.04.29-19.49.48:481][377]LogModuleManager: Shutting down and abandoning module ShaderFormatD3D (151)
[2019.04.29-19.49.48:481][377]LogModuleManager: Shutting down and abandoning module MetalShaderFormat (149)
[2019.04.29-19.49.48:481][377]LogModuleManager: Shutting down and abandoning module TextureFormatUncompressed (147)
[2019.04.29-19.49.48:481][377]LogModuleManager: Shutting down and abandoning module TextureFormatPVR (145)
[2019.04.29-19.49.48:481][377]LogModuleManager: Shutting down and abandoning module TextureFormatDXT (143)
[2019.04.29-19.49.48:481][377]LogModuleManager: Shutting down and abandoning module TextureFormatIntelISPCTexComp (141)
[2019.04.29-19.49.48:481][377]LogModuleManager: Shutting down and abandoning module TextureFormatASTC (139)
[2019.04.29-19.49.48:481][377]LogModuleManager: Shutting down and abandoning module ImageWrapper (138)
[2019.04.29-19.49.48:481][377]LogModuleManager: Shutting down and abandoning module TextureFormatAndroid (135)
[2019.04.29-19.49.48:481][377]LogModuleManager: Shutting down and abandoning module AudioFormatOpus (133)
[2019.04.29-19.49.48:481][377]LogModuleManager: Shutting down and abandoning module AudioFormatOgg (131)
[2019.04.29-19.49.48:481][377]LogModuleManager: Shutting down and abandoning module AudioFormatADPCM (129)
[2019.04.29-19.49.48:482][377]LogModuleManager: Shutting down and abandoning module LuminTargetPlatform (127)
[2019.04.29-19.49.48:482][377]LogModuleManager: Shutting down and abandoning module LinuxTargetPlatform (125)
[2019.04.29-19.49.48:482][377]LogModuleManager: Shutting down and abandoning module LinuxServerTargetPlatform (123)
[2019.04.29-19.49.48:482][377]LogModuleManager: Shutting down and abandoning module LinuxNoEditorTargetPlatform (121)
[2019.04.29-19.49.48:482][377]LogModuleManager: Shutting down and abandoning module LinuxClientTargetPlatform (119)
[2019.04.29-19.49.48:482][377]LogModuleManager: Shutting down and abandoning module TVOSTargetPlatform (117)
[2019.04.29-19.49.48:483][377]LogModuleManager: Shutting down and abandoning module Messaging (115)
[2019.04.29-19.49.48:483][377]LogModuleManager: Shutting down and abandoning module IOSTargetPlatform (113)
[2019.04.29-19.49.48:484][377]LogModuleManager: Shutting down and abandoning module HTML5TargetPlatform (111)
[2019.04.29-19.49.48:484][377]LogModuleManager: Shutting down and abandoning module AndroidTargetPlatform (109)
[2019.04.29-19.49.48:497][377]LogModuleManager: Shutting down and abandoning module WindowsTargetPlatform (107)
[2019.04.29-19.49.48:497][377]LogModuleManager: Shutting down and abandoning module WindowsServerTargetPlatform (105)
[2019.04.29-19.49.48:497][377]LogModuleManager: Shutting down and abandoning module WindowsNoEditorTargetPlatform (103)
[2019.04.29-19.49.48:497][377]LogModuleManager: Shutting down and abandoning module WindowsClientTargetPlatform (101)
[2019.04.29-19.49.48:497][377]LogModuleManager: Shutting down and abandoning module MacTargetPlatform (99)
[2019.04.29-19.49.48:497][377]LogModuleManager: Shutting down and abandoning module MacServerTargetPlatform (97)
[2019.04.29-19.49.48:497][377]LogModuleManager: Shutting down and abandoning module MacNoEditorTargetPlatform (95)
[2019.04.29-19.49.48:497][377]LogModuleManager: Shutting down and abandoning module MacClientTargetPlatform (93)
[2019.04.29-19.49.48:497][377]LogModuleManager: Shutting down and abandoning module AllDesktopTargetPlatform (91)
[2019.04.29-19.49.48:497][377]LogModuleManager: Shutting down and abandoning module InputCore (88)
[2019.04.29-19.49.48:498][377]LogModuleManager: Shutting down and abandoning module Settings (86)
[2019.04.29-19.49.48:498][377]LogModuleManager: Shutting down and abandoning module PhysXCooking (84)
[2019.04.29-19.49.48:498][377]LogModuleManager: Shutting down and abandoning module SteamVR (82)
[2019.04.29-19.49.48:498][377]LogModuleManager: Shutting down and abandoning module OculusHMD (80)
[2019.04.29-19.49.48:498][377]LogModuleManager: Shutting down and abandoning module ExampleDeviceProfileSelector (78)
[2019.04.29-19.49.48:498][377]LogModuleManager: Shutting down and abandoning module LauncherChunkInstaller (76)
[2019.04.29-19.49.48:498][377]LogModuleManager: Shutting down and abandoning module OnlineBlueprintSupport (74)
[2019.04.29-19.49.48:498][377]LogModuleManager: Shutting down and abandoning module OnlineSubsystem (70)
[2019.04.29-19.49.48:499][377]LogModuleManager: Shutting down and abandoning module XMPP (65)
[2019.04.29-19.49.48:500][377]LogModuleManager: Shutting down and abandoning module WebSockets (64)
[2019.04.29-19.49.48:525][377]LogModuleManager: Shutting down and abandoning module HTTP (61)
[2019.04.29-19.49.48:525][377]LogHttp: Display: Http module shutting down, but needs to wait on 1 outstanding Http requests:
[2019.04.29-19.49.48:525][377]LogHttp: Display: 	verb=[POST] url=[https://datarouter.ol.epicgames.com/datarouter/api/v1/public/data?SessionID=%7BF0D2AD96-47A2-AEC5-DEE4-0DBF97952432%7D&AppID=UEEditor.Rocket.Release&AppVersion=4.20.3-4369336%2B%2B%2BUE4%2BRelease-4.20&UserID=70c2058d4c394d2edab8608effb2c826%7Ced7a3a59b4454b0890177a5c2b24cf86%7C74699b4c-49b7-4138-846f-8caedc6a2162&AppEnvironment=datacollector-binary&UploadType=eteventstream] status=Processing
[2019.04.29-19.49.48:547][377]LogModuleManager: Shutting down and abandoning module SSL (60)
[2019.04.29-19.49.48:550][377]LogModuleManager: Shutting down and abandoning module MagicLeapEmulator (56)
[2019.04.29-19.49.48:550][377]LogModuleManager: Shutting down and abandoning module MagicLeapPrivileges (54)
[2019.04.29-19.49.48:550][377]LogModuleManager: Shutting down and abandoning module MagicLeapIdentity (52)
[2019.04.29-19.49.48:550][377]LogModuleManager: Shutting down and abandoning module MagicLeapHelperVulkan (50)
[2019.04.29-19.49.48:550][377]LogModuleManager: Shutting down and abandoning module MagicLeapHelperOpenGL (48)
[2019.04.29-19.49.48:550][377]LogModuleManager: Shutting down and abandoning module MagicLeapSecureStorage (46)
[2019.04.29-19.49.48:550][377]LogModuleManager: Shutting down and abandoning module MagicLeapGestures (44)
[2019.04.29-19.49.48:550][377]LogModuleManager: Shutting down and abandoning module MagicLeapEyeTracker (42)
[2019.04.29-19.49.48:550][377]LogModuleManager: Shutting down and abandoning module MagicLeapController (40)
[2019.04.29-19.49.48:550][377]LogSlate: Slate User Destroyed.  User Index 0, Is Virtual User: 0
[2019.04.29-19.49.48:550][377]LogSlate: Slate User Destroyed.  User Index 1, Is Virtual User: 0
[2019.04.29-19.49.48:551][377]LogSlate: Slate User Destroyed.  User Index 2, Is Virtual User: 0
[2019.04.29-19.49.48:551][377]LogSlate: Slate User Destroyed.  User Index 3, Is Virtual User: 0
[2019.04.29-19.49.48:551][377]LogModuleManager: Shutting down and abandoning module MagicLeap (38)
[2019.04.29-19.49.48:551][377]LogModuleManager: Shutting down and abandoning module AnimationModifiers (36)
[2019.04.29-19.49.48:551][377]LogModuleManager: Shutting down and abandoning module PropertyEditor (35)
[2019.04.29-19.49.48:551][377]LogModuleManager: Shutting down and abandoning module AudioEditor (32)
[2019.04.29-19.49.48:551][377]LogModuleManager: Shutting down and abandoning module TextureCompressor (30)
[2019.04.29-19.49.48:552][377]LogModuleManager: Shutting down and abandoning module ShaderCore (28)
[2019.04.29-19.49.48:552][377]LogModuleManager: Shutting down and abandoning module Landscape (26)
[2019.04.29-19.49.48:552][377]LogModuleManager: Shutting down and abandoning module SlateRHIRenderer (24)
[2019.04.29-19.49.48:553][377]LogModuleManager: Shutting down and abandoning module OpenGLDrv (22)
[2019.04.29-19.49.48:553][377]LogModuleManager: Shutting down and abandoning module D3D11RHI (20)
[2019.04.29-19.49.48:553][377]LogModuleManager: Shutting down and abandoning module AnimGraphRuntime (18)
[2019.04.29-19.49.48:554][377]LogModuleManager: Shutting down and abandoning module Renderer (16)
[2019.04.29-19.49.48:554][377]LogModuleManager: Shutting down and abandoning module Engine (14)
[2019.04.29-19.49.48:554][377]LogModuleManager: Shutting down and abandoning module CoreUObject (12)
[2019.04.29-19.49.48:554][377]LogModuleManager: Shutting down and abandoning module NetworkFile (10)
[2019.04.29-19.49.48:554][377]LogModuleManager: Shutting down and abandoning module CookedIterativeFile (8)
[2019.04.29-19.49.48:554][377]LogModuleManager: Shutting down and abandoning module StreamingFile (6)
[2019.04.29-19.49.48:554][377]LogModuleManager: Shutting down and abandoning module SandboxFile (4)
[2019.04.29-19.49.48:554][377]LogModuleManager: Shutting down and abandoning module PakFile (2)
[2019.04.29-19.49.48:571][377]LogExit: Exiting.
[2019.04.29-19.49.48:582][377]Log file closed, 04/29/19 19:49:48
