Log file open, 03/22/19 12:37:46
LogWindows: Failed to load 'aqProf.dll' (GetLastError=126)
LogWindows: File 'aqProf.dll' does not exist
LogWindows: Failed to load 'VSPerf140.dll' (GetLastError=126)
LogWindows: File 'VSPerf140.dll' does not exist
LogWindows: Failed to load 'VtuneApi.dll' (GetLastError=126)
LogWindows: File 'VtuneApi.dll' does not exist
LogWindows: Failed to load 'VtuneApi32e.dll' (GetLastError=126)
LogWindows: File 'VtuneApi32e.dll' does not exist
LogInit: Display: Running engine for game: FingerGunz
LogPlatformFile: Not using cached read wrapper
LogTaskGraph: Started task graph with 5 named threads and 23 total threads with 3 sets of task threads.
LogStats: Stats thread started at 0.436669
LogD3D11RHI: Loaded GFSDK_Aftermath_Lib.x64.dll
LogICUInternationalization: Display: ICU TimeZone Detection - Raw Offset: +0:00, Platform Override: ''
LogPluginManager: Mounting plugin Paper2D
LogPluginManager: Mounting plugin AISupport
LogPluginManager: Mounting plugin LightPropagationVolume
LogPluginManager: Mounting plugin CLionSourceCodeAccess
LogPluginManager: Mounting plugin CodeLiteSourceCodeAccess
LogPluginManager: Mounting plugin GitSourceControl
LogPluginManager: Mounting plugin KDevelopSourceCodeAccess
LogPluginManager: Mounting plugin NullSourceCodeAccess
LogPluginManager: Mounting plugin PerforceSourceControl
LogPluginManager: Mounting plugin SubversionSourceControl
LogPluginManager: Mounting plugin UObjectPlugin
LogPluginManager: Mounting plugin VisualStudioCodeSourceCodeAccess
LogPluginManager: Mounting plugin VisualStudioSourceCodeAccess
LogPluginManager: Mounting plugin XCodeSourceCodeAccess
LogPluginManager: Mounting plugin AssetManagerEditor
LogPluginManager: Mounting plugin CryptoKeys
LogPluginManager: Mounting plugin DataValidation
LogPluginManager: Mounting plugin FacialAnimation
LogPluginManager: Mounting plugin GameplayTagsEditor
LogPluginManager: Mounting plugin MacGraphicsSwitching
LogPluginManager: Mounting plugin MeshEditor
LogPluginManager: Mounting plugin MobileLauncherProfileWizard
LogPluginManager: Mounting plugin PluginBrowser
LogPluginManager: Mounting plugin SpeedTreeImporter
LogPluginManager: Mounting plugin DatasmithContent
LogPluginManager: Mounting plugin AlembicImporter
LogPluginManager: Mounting plugin AppleImageUtils
LogPluginManager: Mounting plugin AppleVision
LogPluginManager: Mounting plugin BackChannel
LogPluginManager: Mounting plugin CharacterAI
LogPluginManager: Mounting plugin GeometryCache
LogPluginManager: Mounting plugin HTML5Networking
LogPluginManager: Mounting plugin ProxyLODPlugin
LogPluginManager: Mounting plugin MagicLeap
LogPluginManager: Mounting plugin MagicLeapEmulator
LogPluginManager: Mounting plugin MagicLeapMedia
LogPluginManager: Mounting plugin AndroidMedia
LogPluginManager: Mounting plugin AvfMedia
LogPluginManager: Mounting plugin ImgMedia
LogPluginManager: Mounting plugin LinearTimecode
LogPluginManager: Mounting plugin MediaCompositing
LogPluginManager: Mounting plugin MediaPlayerEditor
LogPluginManager: Mounting plugin WmfMedia
LogPluginManager: Mounting plugin TcpMessaging
LogPluginManager: Mounting plugin UdpMessaging
LogPluginManager: Mounting plugin ActorSequence
LogPluginManager: Mounting plugin LevelSequenceEditor
LogPluginManager: Mounting plugin MatineeToLevelSequence
LogPluginManager: Mounting plugin NetcodeUnitTest
LogPluginManager: Mounting plugin NUTUnrealEngine4
LogPluginManager: Mounting plugin OnlineSubsystemGooglePlay
LogPluginManager: Mounting plugin OnlineSubsystemIOS
LogPluginManager: Mounting plugin OnlineSubsystem
LogPluginManager: Mounting plugin OnlineSubsystemNull
LogPluginManager: Mounting plugin OnlineSubsystemUtils
LogPluginManager: Mounting plugin LauncherChunkInstaller
LogPluginManager: Mounting plugin AndroidDeviceProfileSelector
LogPluginManager: Mounting plugin AndroidMoviePlayer
LogPluginManager: Mounting plugin AndroidPermission
LogPluginManager: Mounting plugin AppleMoviePlayer
LogPluginManager: Mounting plugin ArchVisCharacter
LogPluginManager: Mounting plugin AudioCapture
LogPluginManager: Mounting plugin CableComponent
LogPluginManager: Mounting plugin CustomMeshComponent
LogPluginManager: Mounting plugin EditableMesh
LogPluginManager: Mounting plugin ExampleDeviceProfileSelector
LogPluginManager: Mounting plugin GoogleCloudMessaging
LogPluginManager: Mounting plugin ImmediatePhysics
LogPluginManager: Mounting plugin IOSDeviceProfileSelector
LogPluginManager: Mounting plugin LinuxDeviceProfileSelector
LogPluginManager: Mounting plugin LocationServicesBPLibrary
LogPluginManager: Mounting plugin MobilePatchingUtils
LogPluginManager: Mounting plugin OculusVR
LogPluginManager: Plugin shader directory ../../../Engine/Plugins/Runtime/Oculus/OculusVR/Shaders found
LogPluginManager: Mapping shader source directory ../../../Engine/Plugins/Runtime/Oculus/OculusVR/Shaders to virtual directory /Plugin/OculusVR
LogPluginManager: Mounting plugin PhysXVehicles
LogPluginManager: Mounting plugin ProceduralMeshComponent
LogPluginManager: Mounting plugin RuntimePhysXCooking
LogPluginManager: Mounting plugin SteamVR
LogPluginManager: Mounting plugin WindowsMoviePlayer
LogStreaming: Display: Took  0.317s to configure plugins.
LogInit: Using libcurl 7.55.1-DEV
LogInit:  - built for x86_64-pc-win32
LogInit:  - supports SSL with OpenSSL/1.0.2h
LogInit:  - supports HTTP deflate (compression) using libz 1.2.8
LogInit:  - other features:
LogInit:      CURL_VERSION_SSL
LogInit:      CURL_VERSION_LIBZ
LogInit:      CURL_VERSION_IPV6
LogInit:      CURL_VERSION_ASYNCHDNS
LogInit:      CURL_VERSION_LARGEFILE
LogInit:      CURL_VERSION_IDN
LogInit:  CurlRequestOptions (configurable via config and command line):
LogInit:  - bVerifyPeer = false  - Libcurl will NOT verify peer certificate
LogInit:  - bUseHttpProxy = false  - Libcurl will NOT use HTTP proxy
LogInit:  - bDontReuseConnections = false  - Libcurl will reuse connections
LogInit:  - CertBundlePath = nullptr  - Libcurl will use whatever was configured at build time.
LogInit:  - MaxHostConnections = 16  - Libcurl will limit the number of connections to a host
LogInit:  - LocalHostAddr = Default
LogInit:  - BufferSize = 65536
LogInit: WinSock: version 1.1 (2.2), MaxSocks=32767, MaxUdp=65467
LogInit: Build: ++UE4+Release-4.20-CL-4369336
LogInit: Engine Version: 4.20.3-4369336+++UE4+Release-4.20
LogInit: Compatible Engine Version: 4.20.0-4212847+++UE4+Release-4.20
LogInit: Net CL: 4212847
LogInit: OS: Windows 10 (), CPU:        Intel(R) Xeon(R) CPU E5-1620 0 @ 3.60GHz, GPU: NVIDIA GeForce GTX 660 Ti
LogInit: Compiled (64-bit): Sep 17 2018 12:26:19
LogInit: Compiled with Visual C++: 19.13.26129.00
LogInit: Build Configuration: Development
LogInit: Branch Name: ++UE4+Release-4.20
LogInit: Command Line:  -skipcompile
LogInit: Base Directory: C:/Epic/UE4/UE_4.20/Engine/Binaries/Win64/
LogInit: Installed Engine Build: 1
LogDevObjectVersion: Number of dev versions registered: 20
LogDevObjectVersion:   Dev-Blueprints (B0D832E4-1F89-4F0D-ACCF-7EB736FD4AA2): 10
LogDevObjectVersion:   Dev-Build (E1C64328-A22C-4D53-A36C-8E866417BD8C): 0
LogDevObjectVersion:   Dev-Core (375EC13C-06E4-48FB-B500-84F0262A717E): 2
LogDevObjectVersion:   Dev-Editor (E4B068ED-F494-42E9-A231-DA0B2E46BB41): 24
LogDevObjectVersion:   Dev-Framework (CFFC743F-43B0-4480-9391-14DF171D2073): 34
LogDevObjectVersion:   Dev-Mobile (B02B49B5-BB20-44E9-A304-32B752E40360): 2
LogDevObjectVersion:   Dev-Networking (A4E4105C-59A1-49B5-A7C5-40C4547EDFEE): 0
LogDevObjectVersion:   Dev-Online (39C831C9-5AE6-47DC-9A44-9C173E1C8E7C): 0
LogDevObjectVersion:   Dev-Physics (78F01B33-EBEA-4F98-B9B4-84EACCB95AA2): 0
LogDevObjectVersion:   Dev-Platform (6631380F-2D4D-43E0-8009-CF276956A95A): 0
LogDevObjectVersion:   Dev-Rendering (12F88B9F-8875-4AFC-A67C-D90C383ABD29): 26
LogDevObjectVersion:   Dev-Sequencer (7B5AE74C-D270-4C10-A958-57980B212A5A): 9
LogDevObjectVersion:   Dev-VR (D7296918-1DD6-4BDD-9DE2-64A83CC13884): 2
LogDevObjectVersion:   Dev-LoadTimes (C2A15278-BFE7-4AFE-6C17-90FF531DF755): 1
LogDevObjectVersion:   Private-Geometry (6EACA3D4-40EC-4CC1-B786-8BED09428FC5): 3
LogDevObjectVersion:   Dev-AnimPhys (29E575DD-E0A3-4627-9D10-D276232CDCEA): 17
LogDevObjectVersion:   Dev-ReflectionCapture (6B266CEC-1EC7-4B8F-A30B-E4D90942FC07): 1
LogDevObjectVersion:   Dev-Automation (0DF73D61-A23F-47EA-B727-89E90C41499A): 1
LogDevObjectVersion:   FortniteMain (601D1886-AC64-4F84-AA16-D3DE0DEAC7D6): 12
LogDevObjectVersion:   Dev-Enterprise (9DFFBCD6-494F-0158-E221-12823C92A888): 1
LogStreaming: Display: Took  0.005s to delete old logs.
LogInit: Presizing for max 8388607 objects, including 0 objects not considered by GC, pre-allocating 0 bytes for permanent pool.
LogInit: Object subsystem initialized
[2019.03.22-12.37.47:072][  0]LogInit: Selected Device Profile: [Windows]
[2019.03.22-12.37.47:072][  0]LogInit: Applying CVar settings loaded from the selected device profile: [Windows]
[2019.03.22-12.37.47:090][  0]LogHAL: Display: Platform has ~ 16 GB [17100050432 / 17179869184 / 16], which maps to Larger [LargestMinGB=32, LargerMinGB=12, DefaultMinGB=8, SmallerMinGB=6, SmallestMinGB=0)
[2019.03.22-12.37.47:090][  0]LogInit: Setting Device Profile CVar: [[r.Vulkan.UseRealUBs:1]]
[2019.03.22-12.37.47:091][  0]LogInit: Going up to parent DeviceProfile []
[2019.03.22-12.37.47:091][  0]LogInit: Computer: C108-38
[2019.03.22-12.37.47:091][  0]LogInit: User: a016430f
[2019.03.22-12.37.47:091][  0]LogInit: CPU Page size=4096, Cores=4
[2019.03.22-12.37.47:091][  0]LogInit: High frequency timer resolution =3.507175 MHz
[2019.03.22-12.37.47:092][  0]LogMemory: Memory total: Physical=15.9GB (16GB approx)
[2019.03.22-12.37.47:092][  0]LogMemory: Platform Memory Stats for Windows
[2019.03.22-12.37.47:092][  0]LogMemory: Process Physical Memory: 102.65 MB used, 102.65 MB peak
[2019.03.22-12.37.47:092][  0]LogMemory: Process Virtual Memory: 97.89 MB used, 97.89 MB peak
[2019.03.22-12.37.47:092][  0]LogMemory: Physical Memory: 6035.82 MB used,  10272.06 MB free, 16307.88 MB total
[2019.03.22-12.37.47:092][  0]LogMemory: Virtual Memory: 4646.03 MB used,  10272.06 MB free, 134217728.00 MB total
[2019.03.22-12.37.47:233][  0]LogInit: Using OS detected language (en-US).
[2019.03.22-12.37.47:233][  0]LogInit: Using OS detected locale (en-GB).
[2019.03.22-12.37.47:235][  0]LogTextLocalizationManager: No specific localization for 'en-US' exists, so the 'en' localization will be used.
[2019.03.22-12.37.47:668][  0]LogStreaming: Display: Took  0.435s to InitEngineTextLocalization.
[2019.03.22-12.37.47:669][  0]LogInit: Setting process to per monitor DPI aware
[2019.03.22-12.37.47:733][  0]LogSlate: New Slate User Created.  User Index 0, Is Virtual User: 0
[2019.03.22-12.37.47:733][  0]LogSlate: Slate User Registered.  User Index 0, Is Virtual User: 0
[2019.03.22-12.37.48:103][  0]LogHMD: Failed to initialize OpenVR with code 110
[2019.03.22-12.37.48:103][  0]LogD3D11RHI: D3D11 adapters:
[2019.03.22-12.37.48:199][  0]LogD3D11RHI:    0. 'NVIDIA GeForce GTX 660 Ti' (Feature Level 11_0)
[2019.03.22-12.37.48:199][  0]LogD3D11RHI:       1998/0/8153 MB DedicatedVideo/DedicatedSystem/SharedSystem, Outputs:2, VendorId:0x10de
[2019.03.22-12.37.48:205][  0]LogD3D11RHI:    1. 'Microsoft Basic Render Driver' (Feature Level 11_0)
[2019.03.22-12.37.48:205][  0]LogD3D11RHI:       0/0/8153 MB DedicatedVideo/DedicatedSystem/SharedSystem, Outputs:0, VendorId:0x1414
[2019.03.22-12.37.48:205][  0]LogD3D11RHI: Chosen D3D11 Adapter: 0
[2019.03.22-12.37.48:214][  0]LogD3D11RHI: Creating new Direct3DDevice
[2019.03.22-12.37.48:214][  0]LogD3D11RHI:     GPU DeviceId: 0x1183 (for the marketing name, search the web for "GPU Device Id")
[2019.03.22-12.37.48:214][  0]LogWindows: EnumDisplayDevices:
[2019.03.22-12.37.48:214][  0]LogWindows:    0. 'NVIDIA GeForce GTX 660 Ti' (P:1 D:1)
[2019.03.22-12.37.48:215][  0]LogWindows:    1. 'NVIDIA GeForce GTX 660 Ti' (P:0 D:1)
[2019.03.22-12.37.48:215][  0]LogWindows:    2. 'NVIDIA GeForce GTX 660 Ti' (P:0 D:0)
[2019.03.22-12.37.48:216][  0]LogWindows:    3. 'NVIDIA GeForce GTX 660 Ti' (P:0 D:0)
[2019.03.22-12.37.48:216][  0]LogWindows: DebugString: FoundDriverCount:4 
[2019.03.22-12.37.48:216][  0]LogD3D11RHI:     Adapter Name: NVIDIA GeForce GTX 660 Ti
[2019.03.22-12.37.48:216][  0]LogD3D11RHI:   Driver Version: 398.82 (internal:24.21.13.9882, unified:398.82)
[2019.03.22-12.37.48:216][  0]LogD3D11RHI:      Driver Date: 7-30-2018
[2019.03.22-12.37.48:216][  0]LogRHI: Texture pool is 1398 MB (70% of 1998 MB)
[2019.03.22-12.37.48:273][  0]LogD3D11RHI: Async texture creation enabled
[2019.03.22-12.37.48:293][  0]LogD3D11RHI: GPU Timing Frequency: 1000.000000 (Debug: 2 2)
[2019.03.22-12.37.48:297][  0]LogShaderCompilers: Guid format shader working directory is -22 characters bigger than the processId version (../../../../../../Users/a016430f.STUDENT.000/Documents/TGP-Group-Project/FingerGunz/Intermediate/Shaders/WorkingDirectory/9212/).
[2019.03.22-12.37.48:297][  0]LogShaderCompilers: Cleaned the shader compiler working directory 'C:/Users/a016430f.STUDENT.000/AppData/Local/Temp/UnrealShaderWorkingDir/0EC3B6844E0DC263C55E089F65C42AD8/'.
[2019.03.22-12.37.48:804][  0]LogTemp: Display: Loaded TP AllDesktopTargetPlatform
[2019.03.22-12.37.48:826][  0]LogTemp: Display: Loaded TP MacClientTargetPlatform
[2019.03.22-12.37.48:850][  0]LogTemp: Display: Loaded TP MacNoEditorTargetPlatform
[2019.03.22-12.37.48:872][  0]LogTemp: Display: Loaded TP MacServerTargetPlatform
[2019.03.22-12.37.48:895][  0]LogTemp: Display: Loaded TP MacTargetPlatform
[2019.03.22-12.37.48:919][  0]LogTemp: Display: Loaded TP WindowsClientTargetPlatform
[2019.03.22-12.37.48:952][  0]LogTemp: Display: Loaded TP WindowsNoEditorTargetPlatform
[2019.03.22-12.37.48:981][  0]LogTemp: Display: Loaded TP WindowsServerTargetPlatform
[2019.03.22-12.37.48:997][  0]LogTemp: Display: Loaded TP WindowsTargetPlatform
[2019.03.22-12.37.49:116][  0]LogTemp: Display: Loaded TP AndroidTargetPlatform
[2019.03.22-12.37.49:117][  0]LogTemp: Display: Loaded TP AndroidTargetPlatform
[2019.03.22-12.37.49:117][  0]LogTemp: Display: Loaded TP AndroidTargetPlatform
[2019.03.22-12.37.49:117][  0]LogTemp: Display: Loaded TP AndroidTargetPlatform
[2019.03.22-12.37.49:117][  0]LogTemp: Display: Loaded TP AndroidTargetPlatform
[2019.03.22-12.37.49:117][  0]LogTemp: Display: Loaded TP AndroidTargetPlatform
[2019.03.22-12.37.49:117][  0]LogTemp: Display: Loaded TP AndroidTargetPlatform
[2019.03.22-12.37.49:117][  0]LogTemp: Display: Loaded TP AndroidTargetPlatform
[2019.03.22-12.37.49:117][  0]LogTemp: Display: Loaded TP AndroidTargetPlatform
[2019.03.22-12.37.49:117][  0]LogTemp: Display: Loaded TP AndroidTargetPlatform
[2019.03.22-12.37.49:117][  0]LogTemp: Display: Loaded TP AndroidTargetPlatform
[2019.03.22-12.37.49:117][  0]LogTemp: Display: Loaded TP AndroidTargetPlatform
[2019.03.22-12.37.49:117][  0]LogTemp: Display: Loaded TP AndroidTargetPlatform
[2019.03.22-12.37.49:117][  0]LogTemp: Display: Loaded TP AndroidTargetPlatform
[2019.03.22-12.37.49:117][  0]LogTemp: Display: Loaded TP AndroidTargetPlatform
[2019.03.22-12.37.49:117][  0]LogTemp: Display: Loaded TP AndroidTargetPlatform
[2019.03.22-12.37.49:117][  0]LogTemp: Display: Loaded TP AndroidTargetPlatform
[2019.03.22-12.37.49:117][  0]LogTemp: Display: Loaded TP AndroidTargetPlatform
[2019.03.22-12.37.49:123][  0]LogTemp: Display: Loaded TP HTML5TargetPlatform
[2019.03.22-12.37.49:207][  0]LogTemp: Display: Loaded TP IOSTargetPlatform
[2019.03.22-12.37.49:207][  0]LogTemp: Display: Loaded TP IOSTargetPlatform
[2019.03.22-12.37.49:254][  0]LogTemp: Display: Loaded TP TVOSTargetPlatform
[2019.03.22-12.37.49:254][  0]LogTemp: Display: Loaded TP TVOSTargetPlatform
[2019.03.22-12.37.49:294][  0]LogTemp: Display: Loaded TP LinuxClientTargetPlatform
[2019.03.22-12.37.49:323][  0]LogTemp: Display: Loaded TP LinuxNoEditorTargetPlatform
[2019.03.22-12.37.49:347][  0]LogTemp: Display: Loaded TP LinuxServerTargetPlatform
[2019.03.22-12.37.49:368][  0]LogTemp: Display: Loaded TP LinuxTargetPlatform
[2019.03.22-12.37.49:394][  0]LogTemp: Display: Loaded TP LuminTargetPlatform
[2019.03.22-12.37.49:395][  0]LogTargetPlatformManager: Display: Building Assets For Windows
[2019.03.22-12.37.49:652][  0]LogXGEController: Cleaning working directory: C:/Users/a016430f.STUDENT.000/AppData/Local/Temp/UnrealXGEWorkingDir/
[2019.03.22-12.37.49:653][  0]LogXGEController: Cannot use XGE Controller as Incredibuild is not installed on this machine.
[2019.03.22-12.37.49:653][  0]LogShaderCompilers: Cannot use XGE Shader Compiler as Incredibuild is not installed on this machine.
[2019.03.22-12.37.49:653][  0]LogShaderCompilers: Display: Using Local Shader Compiler.
[2019.03.22-12.37.50:933][  0]LogDerivedDataCache: Display: Max Cache Size: 512 MB
[2019.03.22-12.37.51:028][  0]LogDerivedDataCache: Loaded boot cache 0.09s 88MB C:/Users/a016430f.STUDENT.000/AppData/Local/UnrealEngine/4.20/DerivedDataCache/Boot.ddc.
[2019.03.22-12.37.51:030][  0]LogDerivedDataCache: Display: Loaded Boot cache: C:/Users/a016430f.STUDENT.000/AppData/Local/UnrealEngine/4.20/DerivedDataCache/Boot.ddc
[2019.03.22-12.37.51:030][  0]LogDerivedDataCache: FDerivedDataBackendGraph:  Pak pak cache file ../../../../../../Users/a016430f.STUDENT.000/Documents/TGP-Group-Project/FingerGunz/DerivedDataCache/DDC.ddp not found, will not use a pak cache.
[2019.03.22-12.37.51:030][  0]LogDerivedDataCache: Unable to find inner node Pak for hierarchical cache Hierarchy.
[2019.03.22-12.37.51:030][  0]LogDerivedDataCache: FDerivedDataBackendGraph:  CompressedPak pak cache file ../../../../../../Users/a016430f.STUDENT.000/Documents/TGP-Group-Project/FingerGunz/DerivedDataCache/Compressed.ddp not found, will not use a pak cache.
[2019.03.22-12.37.51:031][  0]LogDerivedDataCache: Unable to find inner node CompressedPak for hierarchical cache Hierarchy.
[2019.03.22-12.37.51:064][  0]LogDerivedDataCache: Display: Pak cache opened for reading ../../../Engine/DerivedDataCache/Compressed.ddp.
[2019.03.22-12.37.51:081][  0]LogDerivedDataCache: Using Local data cache path C:/Users/a016430f.STUDENT.000/AppData/Local/UnrealEngine/Common/DerivedDataCache: Writable
[2019.03.22-12.37.51:081][  0]LogDerivedDataCache: Shared data cache path not found in *engine.ini, will not use an Shared cache.
[2019.03.22-12.37.51:081][  0]LogDerivedDataCache: Unable to find inner node Shared for hierarchical cache Hierarchy.
[2019.03.22-12.37.51:106][  0]LogMaterial: Verifying Global Shaders for PCD3D_SM5
[2019.03.22-12.37.51:110][  0]LogSlate: Using FreeType 2.6.0
[2019.03.22-12.37.51:113][  0]LogSlate: SlateFontServices - WITH_FREETYPE: 1, WITH_HARFBUZZ: 1
[2019.03.22-12.37.51:250][  0]LogAssetRegistry: FAssetRegistry took 0.0333 seconds to start up
[2019.03.22-12.37.51:816][  0]LogInit: Selected Device Profile: [Windows]
[2019.03.22-12.37.52:045][  0]LogSimplygon: Simplygon DLL not present - disabling.
[2019.03.22-12.37.52:057][  0]LogMeshReduction: Using SimplygonSwarm for distributed automatic mesh merging
[2019.03.22-12.37.52:057][  0]LogMeshReduction: Using ProxyLODMeshReduction for automatic mesh merging
[2019.03.22-12.37.52:057][  0]LogMeshReduction: Using QuadricMeshReduction for automatic static mesh reduction
[2019.03.22-12.37.52:057][  0]LogMeshReduction: No automatic skeletal mesh reduction module available
[2019.03.22-12.37.52:079][  0]LogNetVersion: FingerGunz 1.0.0, NetCL: 4212847, EngineNetVer: 5, GameNetVer: 0 (Checksum: 1181982473)
[2019.03.22-12.37.53:078][  0]LogPackageLocalizationCache: Processed 11 localized package path(s) for 2 prioritized culture(s) in 0.201106 seconds
[2019.03.22-12.37.53:086][  0]LogUObjectArray: 38425 objects as part of root set at end of initial load.
[2019.03.22-12.37.53:086][  0]LogUObjectAllocator: 6690872 out of 0 bytes used by permanent object pool.
[2019.03.22-12.37.53:086][  0]LogUObjectArray: CloseDisregardForGC: 0/0 objects in disregard for GC pool
[2019.03.22-12.37.54:568][  0]LogTcpMessaging: Initializing TcpMessaging bridge
[2019.03.22-12.37.54:586][  0]LogUdpMessaging: Initializing bridge on interface 0.0.0.0:0 to multicast group 230.0.0.1:6666.
[2019.03.22-12.37.54:836][  0]LogUObjectGlobals: Warning: Failed to find object 'StaticMesh /Game/Meshes/HeavyPistolArm.HeavyPistolArm''
[2019.03.22-12.37.54:836][  0]Error: CDO Constructor (HeavyPistol): Failed to find StaticMesh'/Game/Meshes/HeavyPistolArm.HeavyPistolArm''

[2019.03.22-12.37.54:855][  0]LogUObjectBase: Warning: -------------- Default Property warnings and errors:
[2019.03.22-12.37.54:855][  0]LogUObjectBase: Warning: Error: CDO Constructor (HeavyPistol): Failed to find StaticMesh'/Game/Meshes/HeavyPistolArm.HeavyPistolArm''

[2019.03.22-12.37.54:874][  0]LogWindowsTextInputMethodSystem: Display: IME system now deactivated.
[2019.03.22-12.38.21:112][  0]LogWindowsTextInputMethodSystem: Display: IME system now deactivated.
[2019.03.22-12.38.21:114][  0]LogWindowsTextInputMethodSystem: Display: IME system now deactivated.
[2019.03.22-12.38.21:183][  0]SourceControl: Source control is disabled
[2019.03.22-12.38.21:183][  0]SourceControl: Source control is disabled
[2019.03.22-12.38.21:187][  0]SourceControl: Source control is disabled
[2019.03.22-12.38.21:191][  0]SourceControl: Source control is disabled
[2019.03.22-12.38.21:530][  0]LogAndroidPermission: UAndroidPermissionCallbackProxy::GetInstance
[2019.03.22-12.38.21:629][  0]LogOcInput: OculusInput pre-init called
[2019.03.22-12.38.21:715][  0]LogEngine: Initializing Engine...
[2019.03.22-12.38.21:716][  0]LogHMD: Failed to initialize OpenVR with code 110
[2019.03.22-12.38.21:718][  0]LogStats: UGameplayTagsManager::ConstructGameplayTagTree: ImportINI prefixes -  0.000 s
[2019.03.22-12.38.21:718][  0]LogStats: UGameplayTagsManager::ConstructGameplayTagTree: Construct from data asset -  0.000 s
[2019.03.22-12.38.21:719][  0]LogStats: UGameplayTagsManager::ConstructGameplayTagTree: ImportINI -  0.000 s
[2019.03.22-12.38.21:719][  0]LogStats: UGameplayTagsManager::ConstructGameplayTagTree: GameplayTagTreeChangedEvent.Broadcast -  0.000 s
[2019.03.22-12.38.22:070][  0]LogInit: Initializing FReadOnlyCVARCache
[2019.03.22-12.38.22:102][  0]LogAIModule: Creating AISystem for world Untitled
[2019.03.22-12.38.22:124][  0]LogInit: XAudio2 using 'Speakers (Realtek High Definition Audio)' : 2 channels at 48 kHz using 32 bits per sample (channel mask 0x3)
[2019.03.22-12.38.22:191][  0]LogInit: FAudioDevice initialized.
[2019.03.22-12.38.22:191][  0]LogNetVersion: Set ProjectVersion to 1.0.0.0. Version Checksum will be recalculated on next use.
[2019.03.22-12.38.22:337][  0]LogDerivedDataCache: Saved boot cache 0.15s 72MB C:/Users/a016430f.STUDENT.000/AppData/Local/UnrealEngine/4.20/DerivedDataCache/Boot.ddc.
[2019.03.22-12.38.22:379][  0]LogInit: Texture streaming: Enabled
[2019.03.22-12.38.22:446][  0]LogEngineSessionManager: EngineSessionManager initialized
[2019.03.22-12.38.22:498][  0]LogInit: Transaction tracking system initialized
[2019.03.22-12.38.22:604][  0]BlueprintLog: New page: Editor Load
[2019.03.22-12.38.22:871][  0]LocalizationService: Localization service is disabled
[2019.03.22-12.38.23:281][  0]LogCook: Display: Max memory allowance for cook 16384mb min free memory 0mb
[2019.03.22-12.38.23:281][  0]LogCook: Display: Mobile HDR setting 1
[2019.03.22-12.38.23:282][  0]LogGameplayTags: Display: UGameplayTagsManager::DoneAddingNativeTags. DelegateIsBound: 0
[2019.03.22-12.38.23:282][  0]LogStats: UGameplayTagsManager::ConstructGameplayTagTree: ImportINI prefixes -  0.000 s
[2019.03.22-12.38.23:282][  0]LogStats: UGameplayTagsManager::ConstructGameplayTagTree: Construct from data asset -  0.000 s
[2019.03.22-12.38.23:282][  0]LogStats: UGameplayTagsManager::ConstructGameplayTagTree: ImportINI -  0.000 s
[2019.03.22-12.38.23:283][  0]LogStats: UGameplayTagsManager::ConstructGameplayTagTree: GameplayTagTreeChangedEvent.Broadcast -  0.000 s
[2019.03.22-12.38.23:396][  0]LogFileCache: Scanning file cache for directory 'C:/Users/a016430f.STUDENT.000/Documents/TGP-Group-Project/FingerGunz/Content/' took 0.02s
[2019.03.22-12.38.23:396][  0]LogLinker: Warning: Can't find file '/Engine/BasicShapes/Cube'
[2019.03.22-12.38.23:397][  0]LogLinker: Warning: Can't find file '/Engine/BasicShapes/Cube'
[2019.03.22-12.38.23:397][  0]LogUObjectGlobals: Warning: Failed to find object 'StaticMesh /Engine/BasicShapes/Cube.Cube'
[2019.03.22-12.38.23:563][  0]SourceControl: Source control is disabled
[2019.03.22-12.38.23:563][  0]Cmd: MAP LOAD FILE="../../../../../../Users/a016430f.STUDENT.000/Documents/TGP-Group-Project/FingerGunz/Content/Maps/Test.umap" TEMPLATE=0 SHOWPROGRESS=1 FEATURELEVEL=3
[2019.03.22-12.38.23:564][  0]LightingResults: New page: Lighting Build
[2019.03.22-12.38.23:570][  0]MapCheck: New page: Map Check
[2019.03.22-12.38.23:571][  0]LightingResults: New page: Lighting Build
[2019.03.22-12.38.23:745][  0]LogLinker: Warning: Can't find file '/Game/Maps/Test_BuiltData'
[2019.03.22-12.38.23:746][  0]LogLinker: Warning: Can't find file for asset '/Game/Maps/Test_BuiltData' while loading ../../../../../../Users/a016430f.STUDENT.000/Documents/TGP-Group-Project/FingerGunz/Content/Maps/Test.umap.
[2019.03.22-12.38.23:746][  0]LoadErrors: Error: /Game/Maps/Test : Can't find file for asset. /Game/Maps/Test_BuiltData
[2019.03.22-12.38.23:778][  0]LogLinker: Warning: Can't find file '/Game/Maps/Test_BuiltData'
[2019.03.22-12.38.23:779][  0]LogLinker: Warning: Can't find file for asset '/Game/Maps/Test_BuiltData' while loading ../../../../../../Users/a016430f.STUDENT.000/Documents/TGP-Group-Project/FingerGunz/Content/Maps/Test.umap.
[2019.03.22-12.38.23:779][  0]LoadErrors: Error: /Game/Maps/Test : Can't find file for asset. /Game/Maps/Test_BuiltData
[2019.03.22-12.38.23:785][  0]LogLinker: Warning: Can't find file '/Game/Maps/Test_BuiltData'
[2019.03.22-12.38.23:786][  0]LogLinker: Warning: Can't find file for asset '/Game/Maps/Test_BuiltData' while loading NULL.
[2019.03.22-12.38.23:787][  0]LogLinker: Warning: Can't find file '/Game/Maps/Test_BuiltData'
[2019.03.22-12.38.23:788][  0]LogLinker: Warning: Can't find file for asset '/Game/Maps/Test_BuiltData' while loading NULL.
[2019.03.22-12.38.23:869][  0]LogLinker: Warning: Can't find file '/Game/Maps/Test_BuiltData'
[2019.03.22-12.38.23:869][  0]LoadErrors: Failed to load /Game/Maps/Test_BuiltData.Test_BuiltData Referenced by PersistentLevel
[2019.03.22-12.38.23:870][  0]LogLinker: Warning: Can't find file for asset '/Game/Maps/Test_BuiltData' while loading NULL.
[2019.03.22-12.38.23:870][  0]LoadErrors: Failed to load /Game/Maps/Test_BuiltData.Test_BuiltData Referenced by PersistentLevel
[2019.03.22-12.38.24:045][  0]LogAIModule: Creating AISystem for world Test
[2019.03.22-12.38.24:375][  0]LogEditorServer: Finished looking for orphan Actors (0.000 secs)
[2019.03.22-12.38.24:416][  0]Cmd: MAP CHECKDEP NOCLEARLOG
[2019.03.22-12.38.24:716][  0]MapCheck: Map check complete: 0 Error(s), 0 Warning(s), took 300.092ms to complete.
[2019.03.22-12.38.24:717][  0]LogFileHelpers: Loading map 'Test' took 1.155
[2019.03.22-12.38.24:895][  0]LogSlate: Updating window title bar state: overlay mode, drag disabled, window buttons hidden, title bar hidden
[2019.03.22-12.38.24:904][  0]LogSlate: Updating window title bar state: overlay mode, drag disabled, window buttons hidden, title bar hidden
[2019.03.22-12.38.24:913][  0]LogSlate: Updating window title bar state: overlay mode, drag disabled, window buttons hidden, title bar hidden
[2019.03.22-12.38.24:922][  0]LogSlate: Updating window title bar state: overlay mode, drag disabled, window buttons hidden, title bar hidden
[2019.03.22-12.38.24:940][  0]LogCollectionManager: Loaded 0 collections in 0.006541 seconds
[2019.03.22-12.38.25:003][  0]LogFileCache: Scanning file cache for directory 'C:/Users/a016430f.STUDENT.000/Documents/TGP-Group-Project/FingerGunz/Saved/Collections/' took 0.01s
[2019.03.22-12.38.25:003][  0]LogFileCache: Scanning file cache for directory 'C:/Users/a016430f.STUDENT.000/Documents/TGP-Group-Project/FingerGunz/Content/Developers/a016430f/Collections/' took 0.01s
[2019.03.22-12.38.25:003][  0]LogFileCache: Scanning file cache for directory 'C:/Users/a016430f.STUDENT.000/Documents/TGP-Group-Project/FingerGunz/Content/Collections/' took 0.01s
[2019.03.22-12.38.25:004][  0]LogCollectionManager: Rebuilt the GUID cache for 0 collections in 0.000001 seconds
[2019.03.22-12.38.25:017][  0]LogContentBrowser: Native class hierarchy populated in 0.0127 seconds. Added 2578 classes and 605 folders.
[2019.03.22-12.38.25:032][  0]LogContentBrowser: Native class hierarchy updated for 'WidgetCarousel' in 0.0008 seconds. Added 0 classes and 0 folders.
[2019.03.22-12.38.25:174][  0]LogContentBrowser: Native class hierarchy updated for 'AddContentDialog' in 0.0014 seconds. Added 0 classes and 0 folders.
[2019.03.22-12.38.25:196][  0]LogContentBrowser: Native class hierarchy updated for 'SceneOutliner' in 0.0008 seconds. Added 1 classes and 2 folders.
[2019.03.22-12.38.25:228][  0]LogSlate: Took 0.000388 seconds to synchronously load lazily loaded font '../../../Engine/Content/Slate/Fonts/Roboto-Regular.ttf' (155K)
[2019.03.22-12.38.25:233][  0]LogSlate: Took 0.000322 seconds to synchronously load lazily loaded font '../../../Engine/Content/Slate/Fonts/Roboto-Bold.ttf' (160K)
[2019.03.22-12.38.25:248][  0]LogSlate: Took 0.000440 seconds to synchronously load lazily loaded font '../../../Engine/Content/Editor/Slate/Fonts/FontAwesome.ttf' (139K)
[2019.03.22-12.38.25:371][  0]LogRenderer: Reallocating scene render targets to support 1208x576 Format 10 NumSamples 1 (Frame:1).
[2019.03.22-12.38.25:534][  0]LogSlate: FSceneViewport::OnFocusLost() reason 2
[2019.03.22-12.38.25:554][  0]LogSlate: Window 'Tutorials' being destroyed
[2019.03.22-12.38.25:595][  0]LogContentBrowser: Native class hierarchy updated for 'HierarchicalLODOutliner' in 0.0006 seconds. Added 0 classes and 0 folders.
[2019.03.22-12.38.25:596][  0]LogLoad: (Engine Initialization) Total time: 42.59 seconds
[2019.03.22-12.38.25:596][  0]LogLoad: (Engine Initialization) Total Blueprint compile time: 0.00 seconds
[2019.03.22-12.38.25:647][  0]LogContentStreaming: Texture pool size now 1000 MB
[2019.03.22-12.38.25:655][  0]LogSlate: FSceneViewport::OnFocusLost() reason 2
[2019.03.22-12.38.25:697][  0]LogSlate: Took 0.000259 seconds to synchronously load lazily loaded font '../../../Engine/Content/Slate/Fonts/Roboto-Light.ttf' (167K)
[2019.03.22-12.38.25:711][  1]LogFileCache: Retrieving MD5 hashes for directory 'C:/Users/a016430f.STUDENT.000/Documents/TGP-Group-Project/FingerGunz/Content/' took 0.09s
[2019.03.22-12.38.25:824][  2]LogAssetRegistry: Asset discovery search completed in 34.6017 seconds
[2019.03.22-12.38.25:826][  2]LogCollectionManager: Rebuilt the object cache for 0 collections in 0.000001 seconds (found 0 objects)
[2019.03.22-12.38.25:827][  2]LogCollectionManager: Fixed up redirectors for 0 collections in 0.000275 seconds (updated 0 objects)
[2019.03.22-12.38.28:562][313]LogSlate: Window 'Message Log' being destroyed
[2019.03.22-12.38.28:565][313]LogSlate: Window 'Message Log' being destroyed
[2019.03.22-12.38.30:588][547]LogSlate: FSceneViewport::OnFocusLost() reason 0
[2019.03.22-12.38.30:710][561]LogTemp: Repeating last play command: New Editor Window (PIE)
[2019.03.22-12.38.30:739][561]LogBlueprintUserMessages: Early PlayInEditor Detection: Level '/Game/Maps/Test.Test:PersistentLevel' has LevelScriptBlueprint '/Game/Maps/Test.Test:PersistentLevel.Test' with GeneratedClass '/Game/Maps/Test.Test_C' with ClassGeneratedBy '/Game/Maps/Test.Test:PersistentLevel.Test'
[2019.03.22-12.38.30:739][561]LogPlayLevel: PlayLevel: No blueprints needed recompiling
[2019.03.22-12.38.30:754][561]PIE: New page: PIE session: Test (22 Mar 2019 12:38:30)
[2019.03.22-12.38.30:754][561]LogPlayLevel: Creating play world package: /Game/Maps/UEDPIE_0_Test
[2019.03.22-12.38.30:801][561]LogPlayLevel: PIE: StaticDuplicateObject took: (0.047025s)
[2019.03.22-12.38.30:802][561]LogAIModule: Creating AISystem for world Test
[2019.03.22-12.38.30:802][561]LogPlayLevel: PIE: World Init took: (0.000979s)
[2019.03.22-12.38.30:802][561]LogPlayLevel: PIE: Created PIE world by copying editor world from /Game/Maps/Test.Test to /Game/Maps/UEDPIE_0_Test.Test (0.048467s)
[2019.03.22-12.38.30:833][561]LogInit: XAudio2 using 'Speakers (Realtek High Definition Audio)' : 2 channels at 48 kHz using 32 bits per sample (channel mask 0x3)
[2019.03.22-12.38.30:853][561]LogInit: FAudioDevice initialized.
[2019.03.22-12.38.30:865][561]LogSlate: Updating window title bar state: overlay mode, drag disabled, window buttons hidden, title bar hidden
[2019.03.22-12.38.30:942][561]LogLoad: Game class is 'FingerGunzGamemode_C'
[2019.03.22-12.38.30:975][561]LogWorld: Bringing World /Game/Maps/UEDPIE_0_Test.Test up for play (max tick rate 0) at 2019.03.22-12.38.30
[2019.03.22-12.38.30:978][561]LogWorld: Bringing up level for play took: 0.033703
[2019.03.22-12.38.31:002][561]LogContentBrowser: Native class hierarchy updated for 'MovieSceneCapture' in 0.0006 seconds. Added 10 classes and 0 folders.
[2019.03.22-12.38.31:012][561]PIE: Play in editor start time for /Game/Maps/UEDPIE_0_Test 0.998
[2019.03.22-12.38.31:013][561]LogBlueprintUserMessages: Late PlayInEditor Detection: Level '/Game/Maps/Test.Test:PersistentLevel' has LevelScriptBlueprint '/Game/Maps/Test.Test:PersistentLevel.Test' with GeneratedClass '/Game/Maps/Test.Test_C' with ClassGeneratedBy '/Game/Maps/Test.Test:PersistentLevel.Test'
[2019.03.22-12.38.31:051][561]LogRenderer: Reallocating scene render targets to support 1292x760 Format 10 NumSamples 1 (Frame:1).
[2019.03.22-12.38.32:795][744]LogActor: Warning: LightPistol /Game/Maps/UEDPIE_0_Test.Test:PersistentLevel.LightPistol_0 has natively added scene component(s), but none of them were set as the actor's RootComponent - picking one arbitrarily
[2019.03.22-12.38.32:916][758]LogActor: Warning: LightPistol /Game/Maps/UEDPIE_0_Test.Test:PersistentLevel.LightPistol_1 has natively added scene component(s), but none of them were set as the actor's RootComponent - picking one arbitrarily
[2019.03.22-12.38.33:575][832]LogActor: Warning: LightPistol /Game/Maps/UEDPIE_0_Test.Test:PersistentLevel.LightPistol_2 has natively added scene component(s), but none of them were set as the actor's RootComponent - picking one arbitrarily
[2019.03.22-12.38.33:732][847]LogActor: Warning: LightPistol /Game/Maps/UEDPIE_0_Test.Test:PersistentLevel.LightPistol_3 has natively added scene component(s), but none of them were set as the actor's RootComponent - picking one arbitrarily
[2019.03.22-12.38.33:928][870]LogActor: Warning: LightPistol /Game/Maps/UEDPIE_0_Test.Test:PersistentLevel.LightPistol_4 has natively added scene component(s), but none of them were set as the actor's RootComponent - picking one arbitrarily
[2019.03.22-12.38.34:476][924]LogActor: Warning: LightPistol /Game/Maps/UEDPIE_0_Test.Test:PersistentLevel.LightPistol_5 has natively added scene component(s), but none of them were set as the actor's RootComponent - picking one arbitrarily
[2019.03.22-12.38.35:154][997]LogActor: Warning: LightPistol /Game/Maps/UEDPIE_0_Test.Test:PersistentLevel.LightPistol_6 has natively added scene component(s), but none of them were set as the actor's RootComponent - picking one arbitrarily
[2019.03.22-12.38.35:663][ 56]LogActor: Warning: LightPistol /Game/Maps/UEDPIE_0_Test.Test:PersistentLevel.LightPistol_7 has natively added scene component(s), but none of them were set as the actor's RootComponent - picking one arbitrarily
[2019.03.22-12.38.36:016][ 97]LogActor: Warning: LightPistol /Game/Maps/UEDPIE_0_Test.Test:PersistentLevel.LightPistol_8 has natively added scene component(s), but none of them were set as the actor's RootComponent - picking one arbitrarily
[2019.03.22-12.38.36:261][121]LogActor: Warning: LightPistol /Game/Maps/UEDPIE_0_Test.Test:PersistentLevel.LightPistol_9 has natively added scene component(s), but none of them were set as the actor's RootComponent - picking one arbitrarily
[2019.03.22-12.38.36:464][142]LogActor: Warning: LightPistol /Game/Maps/UEDPIE_0_Test.Test:PersistentLevel.LightPistol_10 has natively added scene component(s), but none of them were set as the actor's RootComponent - picking one arbitrarily
[2019.03.22-12.38.36:716][170]LogActor: Warning: LightPistol /Game/Maps/UEDPIE_0_Test.Test:PersistentLevel.LightPistol_11 has natively added scene component(s), but none of them were set as the actor's RootComponent - picking one arbitrarily
[2019.03.22-12.38.36:993][202]LogActor: Warning: LightPistol /Game/Maps/UEDPIE_0_Test.Test:PersistentLevel.LightPistol_12 has natively added scene component(s), but none of them were set as the actor's RootComponent - picking one arbitrarily
[2019.03.22-12.38.37:472][257]LogActor: Warning: LightPistol /Game/Maps/UEDPIE_0_Test.Test:PersistentLevel.LightPistol_13 has natively added scene component(s), but none of them were set as the actor's RootComponent - picking one arbitrarily
[2019.03.22-12.38.38:029][315]LogActor: Warning: LightPistol /Game/Maps/UEDPIE_0_Test.Test:PersistentLevel.LightPistol_14 has natively added scene component(s), but none of them were set as the actor's RootComponent - picking one arbitrarily
[2019.03.22-12.38.38:475][367]LogActor: Warning: LightPistol /Game/Maps/UEDPIE_0_Test.Test:PersistentLevel.LightPistol_15 has natively added scene component(s), but none of them were set as the actor's RootComponent - picking one arbitrarily
[2019.03.22-12.38.39:040][428]LogActor: Warning: LightPistol /Game/Maps/UEDPIE_0_Test.Test:PersistentLevel.LightPistol_16 has natively added scene component(s), but none of them were set as the actor's RootComponent - picking one arbitrarily
[2019.03.22-12.38.39:228][448]LogActor: Warning: LightPistol /Game/Maps/UEDPIE_0_Test.Test:PersistentLevel.LightPistol_17 has natively added scene component(s), but none of them were set as the actor's RootComponent - picking one arbitrarily
[2019.03.22-12.38.39:410][469]LogActor: Warning: LightPistol /Game/Maps/UEDPIE_0_Test.Test:PersistentLevel.LightPistol_18 has natively added scene component(s), but none of them were set as the actor's RootComponent - picking one arbitrarily
[2019.03.22-12.38.39:823][516]LogBlueprintUserMessages: Early EndPlayMap Detection: Level '/Game/Maps/Test.Test:PersistentLevel' has LevelScriptBlueprint '/Game/Maps/Test.Test:PersistentLevel.Test' with GeneratedClass '/Game/Maps/Test.Test_C' with ClassGeneratedBy '/Game/Maps/Test.Test:PersistentLevel.Test'
[2019.03.22-12.38.39:823][516]LogSlate: Updating window title bar state: overlay mode, drag disabled, window buttons hidden, title bar hidden
[2019.03.22-12.38.39:850][516]LogSlate: Window 'FingerGunz Game Preview Standalone (64-bit/PCD3D_SM5)' being destroyed
[2019.03.22-12.38.39:890][516]LogPlayLevel: Display: Shutting down PIE online subsystems
[2019.03.22-12.38.39:891][516]LogBlueprintUserMessages: Late EndPlayMap Detection: Level '/Game/Maps/Test.Test:PersistentLevel' has LevelScriptBlueprint '/Game/Maps/Test.Test:PersistentLevel.Test' with GeneratedClass '/Game/Maps/Test.Test_C' with ClassGeneratedBy '/Game/Maps/Test.Test:PersistentLevel.Test'
[2019.03.22-12.38.39:941][517]LogPlayLevel: Display: Destroying online subsystem :Context_2
[2019.03.22-12.39.03:822][293]Candidate modules for hot reload:
[2019.03.22-12.39.03:822][293]  FingerGunz
[2019.03.22-12.39.03:823][293]Launching UnrealBuildTool... [C:/Epic/UE4/UE_4.20/Engine/Binaries/DotNET/UnrealBuildTool.exe  -ModuleWithSuffix=FingerGunz,6427 Win64 Development -TargetType=Editor -Project="../../../../../../Users/a016430f.STUDENT.000/Documents/TGP-Group-Project/FingerGunz/FingerGunz.uproject" -canskiplink "C:/Users/a016430f.STUDENT.000/Documents/TGP-Group-Project/FingerGunz/FingerGunz.uproject" ]
[2019.03.22-12.39.03:872][293]Warning: Starting HotReload took  0.1s.
[2019.03.22-12.39.13:765][367]CompilerResultsLog: New page: Compilation - 22 Mar 2019 12:39:13
[2019.03.22-12.39.13:765][367]CompilerResultsLog: Using 'git status' to determine working set for adaptive non-unity build.
[2019.03.22-12.39.13:765][367]CompilerResultsLog: Compiling game modules for hot reload
[2019.03.22-12.39.13:765][367]CompilerResultsLog: Building 3 actions with 8 processes...
[2019.03.22-12.39.13:765][367]CompilerResultsLog:   [1/3] player_cpp.cpp
[2019.03.22-12.39.13:766][367]CompilerResultsLog:   c:\users\a016430f.student.000\documents\tgp-group-project\fingergunz\source\fingergunz\player_cpp.h(99): warning C4263: 'void Aplayer_cpp::TakeDamage(float)': member function does not override any base class virtual member function
[2019.03.22-12.39.13:766][367]CompilerResultsLog:   c:\users\a016430f.student.000\documents\tgp-group-project\fingergunz\source\fingergunz\player_cpp.h(100): warning C4264: 'float APawn::TakeDamage(float,const FDamageEvent &,AController *,AActor *)': no override available for virtual member function from base 'APawn'; function is hidden
[2019.03.22-12.39.13:766][367]CompilerResultsLog:   C:\Epic\UE4\UE_4.20\Engine\Source\Runtime\Engine\Classes\GameFramework/Pawn.h(218): note: see declaration of 'APawn::TakeDamage'
[2019.03.22-12.39.13:766][367]CompilerResultsLog:   C:\Epic\UE4\UE_4.20\Engine\Intermediate\Build\Win64\UE4Editor\Inc\Engine\AnimInstance.generated.h(23): note: see declaration of 'APawn'
[2019.03.22-12.39.13:766][367]CompilerResultsLog:   [2/3] UE4Editor-FingerGunz-6427.lib
[2019.03.22-12.39.13:766][367]CompilerResultsLog:      Creating library C:\Users\a016430f.STUDENT.000\Documents\TGP-Group-Project\FingerGunz\Intermediate\Build\Win64\UE4Editor\Development\FingerGunz\UE4Editor-FingerGunz-6427.lib and object C:\Users\a016430f.STUDENT.000\Documents\TGP-Group-Project\FingerGunz\Intermediate\Build\Win64\UE4Editor\Development\FingerGunz\UE4Editor-FingerGunz-6427.exp
[2019.03.22-12.39.13:766][367]CompilerResultsLog:   [3/3] UE4Editor-FingerGunz-6427.dll
[2019.03.22-12.39.13:766][367]CompilerResultsLog:      Creating library C:\Users\a016430f.STUDENT.000\Documents\TGP-Group-Project\FingerGunz\Intermediate\Build\Win64\UE4Editor\Development\FingerGunz\UE4Editor-FingerGunz-6427.suppressed.lib and object C:\Users\a016430f.STUDENT.000\Documents\TGP-Group-Project\FingerGunz\Intermediate\Build\Win64\UE4Editor\Development\FingerGunz\UE4Editor-FingerGunz-6427.suppressed.exp
[2019.03.22-12.39.13:767][367]CompilerResultsLog: Total build time: 9.46 seconds (Parallel executor: 5.46 seconds)
[2019.03.22-12.39.13:767][367]LogMainFrame: MainFrame: Module compiling took 9.960 seconds
[2019.03.22-12.39.13:828][367]Error: CDO Constructor (HeavyPistol): Failed to find StaticMesh'/Game/Meshes/HeavyPistolArm.HeavyPistolArm''

[2019.03.22-12.39.13:829][367]LogHotReload: Re-instancing player_cpp after hot-reload.
[2019.03.22-12.39.13:889][367]LogContentBrowser: Native class hierarchy updated for 'FingerGunz' in 0.0006 seconds. Added 6 classes and 2 folders.
[2019.03.22-12.39.13:889][367]Warning: Some classes could not be reloaded:
Error: CDO Constructor (HeavyPistol): Failed to find StaticMesh'/Game/Meshes/HeavyPistolArm.HeavyPistolArm''


[2019.03.22-12.39.13:893][367]Display: HotReload successful (0 functions remapped  0 scriptstructs remapped)
[2019.03.22-12.39.14:069][367]LogContentBrowser: Native class hierarchy populated in 0.0112 seconds. Added 2579 classes and 607 folders.
[2019.03.22-12.39.14:071][367]Display: HotReload took 10.3s.
[2019.03.22-12.39.16:404][633]LogTemp: Repeating last play command: New Editor Window (PIE)
[2019.03.22-12.39.16:434][633]LogBlueprintUserMessages: Early PlayInEditor Detection: Level '/Game/Maps/Test.Test:PersistentLevel' has LevelScriptBlueprint '/Game/Maps/Test.Test:PersistentLevel.Test' with GeneratedClass '/Game/Maps/Test.Test_C' with ClassGeneratedBy '/Game/Maps/Test.Test:PersistentLevel.Test'
[2019.03.22-12.39.16:434][633]LogPlayLevel: PlayLevel: No blueprints needed recompiling
[2019.03.22-12.39.16:434][633]PIE: New page: PIE session: Test (22 Mar 2019 12:39:16)
[2019.03.22-12.39.16:434][633]LogPlayLevel: Creating play world package: /Game/Maps/UEDPIE_0_Test
[2019.03.22-12.39.16:488][633]LogPlayLevel: PIE: StaticDuplicateObject took: (0.053227s)
[2019.03.22-12.39.16:489][633]LogAIModule: Creating AISystem for world Test
[2019.03.22-12.39.16:489][633]LogPlayLevel: PIE: World Init took: (0.001137s)
[2019.03.22-12.39.16:489][633]LogPlayLevel: PIE: Created PIE world by copying editor world from /Game/Maps/Test.Test to /Game/Maps/UEDPIE_0_Test.Test (0.054926s)
[2019.03.22-12.39.16:519][633]LogInit: XAudio2 using 'Speakers (Realtek High Definition Audio)' : 2 channels at 48 kHz using 32 bits per sample (channel mask 0x3)
[2019.03.22-12.39.16:537][633]LogInit: FAudioDevice initialized.
[2019.03.22-12.39.16:548][633]LogSlate: Updating window title bar state: overlay mode, drag disabled, window buttons hidden, title bar hidden
[2019.03.22-12.39.16:599][633]LogLoad: Game class is 'FingerGunzGamemode_C'
[2019.03.22-12.39.16:626][633]LogWorld: Bringing World /Game/Maps/UEDPIE_0_Test.Test up for play (max tick rate 0) at 2019.03.22-12.39.16
[2019.03.22-12.39.16:629][633]LogWorld: Bringing up level for play took: 0.029172
[2019.03.22-12.39.16:651][633]PIE: Play in editor start time for /Game/Maps/UEDPIE_0_Test 0.637
[2019.03.22-12.39.16:651][633]LogBlueprintUserMessages: Late PlayInEditor Detection: Level '/Game/Maps/Test.Test:PersistentLevel' has LevelScriptBlueprint '/Game/Maps/Test.Test:PersistentLevel.Test' with GeneratedClass '/Game/Maps/Test.Test_C' with ClassGeneratedBy '/Game/Maps/Test.Test:PersistentLevel.Test'
