Log file open, 02/16/19 00:21:21
LogWindows: Failed to load 'aqProf.dll' (GetLastError=126)
LogWindows: File 'aqProf.dll' does not exist
LogWindows: Failed to load 'VSPerf140.dll' (GetLastError=126)
LogWindows: File 'VSPerf140.dll' does not exist
LogWindows: Failed to load 'VtuneApi.dll' (GetLastError=126)
LogWindows: File 'VtuneApi.dll' does not exist
LogWindows: Failed to load 'VtuneApi32e.dll' (GetLastError=126)
LogWindows: File 'VtuneApi32e.dll' does not exist
LogInit: Display: Running engine for game: FingerGunz
LogPlatformFile: Not using cached read wrapper
LogTaskGraph: Started task graph with 5 named threads and 23 total threads with 3 sets of task threads.
LogStats: Stats thread started at 1.208686
LogD3D11RHI: Loaded GFSDK_Aftermath_Lib.x64.dll
LogICUInternationalization: Display: ICU TimeZone Detection - Raw Offset: +0:00, Platform Override: ''
LogPluginManager: Mounting plugin Paper2D
LogPluginManager: Mounting plugin AISupport
LogPluginManager: Mounting plugin LightPropagationVolume
LogPluginManager: Mounting plugin CLionSourceCodeAccess
LogPluginManager: Mounting plugin CodeLiteSourceCodeAccess
LogPluginManager: Mounting plugin GitSourceControl
LogPluginManager: Mounting plugin KDevelopSourceCodeAccess
LogPluginManager: Mounting plugin NullSourceCodeAccess
LogPluginManager: Mounting plugin PerforceSourceControl
LogPluginManager: Mounting plugin SubversionSourceControl
LogPluginManager: Mounting plugin UObjectPlugin
LogPluginManager: Mounting plugin VisualStudioCodeSourceCodeAccess
LogPluginManager: Mounting plugin VisualStudioSourceCodeAccess
LogPluginManager: Mounting plugin XCodeSourceCodeAccess
LogPluginManager: Mounting plugin AssetManagerEditor
LogPluginManager: Mounting plugin CryptoKeys
LogPluginManager: Mounting plugin DataValidation
LogPluginManager: Mounting plugin FacialAnimation
LogPluginManager: Mounting plugin GameplayTagsEditor
LogPluginManager: Mounting plugin MacGraphicsSwitching
LogPluginManager: Mounting plugin MeshEditor
LogPluginManager: Mounting plugin MobileLauncherProfileWizard
LogPluginManager: Mounting plugin PluginBrowser
LogPluginManager: Mounting plugin SpeedTreeImporter
LogPluginManager: Mounting plugin DatasmithContent
LogPluginManager: Mounting plugin AlembicImporter
LogPluginManager: Mounting plugin AppleImageUtils
LogPluginManager: Mounting plugin AppleVision
LogPluginManager: Mounting plugin BackChannel
LogPluginManager: Mounting plugin CharacterAI
LogPluginManager: Mounting plugin GeometryCache
LogPluginManager: Mounting plugin HTML5Networking
LogPluginManager: Mounting plugin ProxyLODPlugin
LogPluginManager: Mounting plugin MagicLeap
LogPluginManager: Mounting plugin MagicLeapEmulator
LogPluginManager: Mounting plugin MagicLeapMedia
LogPluginManager: Mounting plugin AndroidMedia
LogPluginManager: Mounting plugin AvfMedia
LogPluginManager: Mounting plugin ImgMedia
LogPluginManager: Mounting plugin LinearTimecode
LogPluginManager: Mounting plugin MediaCompositing
LogPluginManager: Mounting plugin MediaPlayerEditor
LogPluginManager: Mounting plugin WmfMedia
LogPluginManager: Mounting plugin TcpMessaging
LogPluginManager: Mounting plugin UdpMessaging
LogPluginManager: Mounting plugin ActorSequence
LogPluginManager: Mounting plugin LevelSequenceEditor
LogPluginManager: Mounting plugin MatineeToLevelSequence
LogPluginManager: Mounting plugin NetcodeUnitTest
LogPluginManager: Mounting plugin NUTUnrealEngine4
LogPluginManager: Mounting plugin OnlineSubsystemGooglePlay
LogPluginManager: Mounting plugin OnlineSubsystemIOS
LogPluginManager: Mounting plugin OnlineSubsystem
LogPluginManager: Mounting plugin OnlineSubsystemNull
LogPluginManager: Mounting plugin OnlineSubsystemUtils
LogPluginManager: Mounting plugin LauncherChunkInstaller
LogPluginManager: Mounting plugin AndroidDeviceProfileSelector
LogPluginManager: Mounting plugin AndroidMoviePlayer
LogPluginManager: Mounting plugin AndroidPermission
LogPluginManager: Mounting plugin AppleMoviePlayer
LogPluginManager: Mounting plugin ArchVisCharacter
LogPluginManager: Mounting plugin AudioCapture
LogPluginManager: Mounting plugin CableComponent
LogPluginManager: Mounting plugin CustomMeshComponent
LogPluginManager: Mounting plugin EditableMesh
LogPluginManager: Mounting plugin ExampleDeviceProfileSelector
LogPluginManager: Mounting plugin GoogleCloudMessaging
LogPluginManager: Mounting plugin ImmediatePhysics
LogPluginManager: Mounting plugin IOSDeviceProfileSelector
LogPluginManager: Mounting plugin LinuxDeviceProfileSelector
LogPluginManager: Mounting plugin LocationServicesBPLibrary
LogPluginManager: Mounting plugin MobilePatchingUtils
LogPluginManager: Mounting plugin OculusVR
LogPluginManager: Plugin shader directory ../../../Engine/Plugins/Runtime/Oculus/OculusVR/Shaders found
LogPluginManager: Mapping shader source directory ../../../Engine/Plugins/Runtime/Oculus/OculusVR/Shaders to virtual directory /Plugin/OculusVR
LogPluginManager: Mounting plugin PhysXVehicles
LogPluginManager: Mounting plugin ProceduralMeshComponent
LogPluginManager: Mounting plugin RuntimePhysXCooking
LogPluginManager: Mounting plugin SteamVR
LogPluginManager: Mounting plugin WindowsMoviePlayer
LogStreaming: Display: Took  0.322s to configure plugins.
LogInit: Using libcurl 7.55.1-DEV
LogInit:  - built for x86_64-pc-win32
LogInit:  - supports SSL with OpenSSL/1.0.2h
LogInit:  - supports HTTP deflate (compression) using libz 1.2.8
LogInit:  - other features:
LogInit:      CURL_VERSION_SSL
LogInit:      CURL_VERSION_LIBZ
LogInit:      CURL_VERSION_IPV6
LogInit:      CURL_VERSION_ASYNCHDNS
LogInit:      CURL_VERSION_LARGEFILE
LogInit:      CURL_VERSION_IDN
LogInit:  CurlRequestOptions (configurable via config and command line):
LogInit:  - bVerifyPeer = false  - Libcurl will NOT verify peer certificate
LogInit:  - bUseHttpProxy = false  - Libcurl will NOT use HTTP proxy
LogInit:  - bDontReuseConnections = false  - Libcurl will reuse connections
LogInit:  - CertBundlePath = nullptr  - Libcurl will use whatever was configured at build time.
LogInit:  - MaxHostConnections = 16  - Libcurl will limit the number of connections to a host
LogInit:  - LocalHostAddr = Default
LogInit:  - BufferSize = 65536
LogInit: WinSock: version 1.1 (2.2), MaxSocks=32767, MaxUdp=65467
LogInit: Build: ++UE4+Release-4.20-CL-4369336
LogInit: Engine Version: 4.20.3-4369336+++UE4+Release-4.20
LogInit: Compatible Engine Version: 4.20.0-4212847+++UE4+Release-4.20
LogInit: Net CL: 4212847
LogInit: OS: Windows 10 (), CPU:        Intel(R) Xeon(R) CPU E5-1620 0 @ 3.60GHz, GPU: NVIDIA GeForce GTX 660 Ti
LogInit: Compiled (64-bit): Sep 17 2018 12:26:19
LogInit: Compiled with Visual C++: 19.13.26129.00
LogInit: Build Configuration: Development
LogInit: Branch Name: ++UE4+Release-4.20
LogInit: Command Line:  -skipcompile
LogInit: Base Directory: C:/Epic/UE4/UE_4.20/Engine/Binaries/Win64/
LogInit: Installed Engine Build: 1
LogDevObjectVersion: Number of dev versions registered: 20
LogDevObjectVersion:   Dev-Blueprints (B0D832E4-1F89-4F0D-ACCF-7EB736FD4AA2): 10
LogDevObjectVersion:   Dev-Build (E1C64328-A22C-4D53-A36C-8E866417BD8C): 0
LogDevObjectVersion:   Dev-Core (375EC13C-06E4-48FB-B500-84F0262A717E): 2
LogDevObjectVersion:   Dev-Editor (E4B068ED-F494-42E9-A231-DA0B2E46BB41): 24
LogDevObjectVersion:   Dev-Framework (CFFC743F-43B0-4480-9391-14DF171D2073): 34
LogDevObjectVersion:   Dev-Mobile (B02B49B5-BB20-44E9-A304-32B752E40360): 2
LogDevObjectVersion:   Dev-Networking (A4E4105C-59A1-49B5-A7C5-40C4547EDFEE): 0
LogDevObjectVersion:   Dev-Online (39C831C9-5AE6-47DC-9A44-9C173E1C8E7C): 0
LogDevObjectVersion:   Dev-Physics (78F01B33-EBEA-4F98-B9B4-84EACCB95AA2): 0
LogDevObjectVersion:   Dev-Platform (6631380F-2D4D-43E0-8009-CF276956A95A): 0
LogDevObjectVersion:   Dev-Rendering (12F88B9F-8875-4AFC-A67C-D90C383ABD29): 26
LogDevObjectVersion:   Dev-Sequencer (7B5AE74C-D270-4C10-A958-57980B212A5A): 9
LogDevObjectVersion:   Dev-VR (D7296918-1DD6-4BDD-9DE2-64A83CC13884): 2
LogDevObjectVersion:   Dev-LoadTimes (C2A15278-BFE7-4AFE-6C17-90FF531DF755): 1
LogDevObjectVersion:   Private-Geometry (6EACA3D4-40EC-4CC1-B786-8BED09428FC5): 3
LogDevObjectVersion:   Dev-AnimPhys (29E575DD-E0A3-4627-9D10-D276232CDCEA): 17
LogDevObjectVersion:   Dev-ReflectionCapture (6B266CEC-1EC7-4B8F-A30B-E4D90942FC07): 1
LogDevObjectVersion:   Dev-Automation (0DF73D61-A23F-47EA-B727-89E90C41499A): 1
LogDevObjectVersion:   FortniteMain (601D1886-AC64-4F84-AA16-D3DE0DEAC7D6): 12
LogDevObjectVersion:   Dev-Enterprise (9DFFBCD6-494F-0158-E221-12823C92A888): 1
LogStreaming: Display: Took  0.010s to delete old logs.
LogInit: Presizing for max 8388607 objects, including 0 objects not considered by GC, pre-allocating 0 bytes for permanent pool.
LogInit: Object subsystem initialized
[2019.02.16-00.21.22:652][  0]LogInit: Selected Device Profile: [Windows]
[2019.02.16-00.21.22:652][  0]LogInit: Applying CVar settings loaded from the selected device profile: [Windows]
[2019.02.16-00.21.22:694][  0]LogHAL: Display: Platform has ~ 16 GB [17100050432 / 17179869184 / 16], which maps to Larger [LargestMinGB=32, LargerMinGB=12, DefaultMinGB=8, SmallerMinGB=6, SmallestMinGB=0)
[2019.02.16-00.21.22:694][  0]LogInit: Setting Device Profile CVar: [[r.Vulkan.UseRealUBs:1]]
[2019.02.16-00.21.22:694][  0]LogInit: Going up to parent DeviceProfile []
[2019.02.16-00.21.22:695][  0]LogInit: Computer: C108-05
[2019.02.16-00.21.22:695][  0]LogInit: User: w019563h
[2019.02.16-00.21.22:695][  0]LogInit: CPU Page size=4096, Cores=4
[2019.02.16-00.21.22:695][  0]LogInit: High frequency timer resolution =3.507181 MHz
[2019.02.16-00.21.22:696][  0]LogMemory: Memory total: Physical=15.9GB (16GB approx)
[2019.02.16-00.21.22:696][  0]LogMemory: Platform Memory Stats for Windows
[2019.02.16-00.21.22:696][  0]LogMemory: Process Physical Memory: 102.26 MB used, 102.26 MB peak
[2019.02.16-00.21.22:696][  0]LogMemory: Process Virtual Memory: 92.99 MB used, 92.99 MB peak
[2019.02.16-00.21.22:696][  0]LogMemory: Physical Memory: 6613.70 MB used,  9694.18 MB free, 16307.88 MB total
[2019.02.16-00.21.22:696][  0]LogMemory: Virtual Memory: 4642.46 MB used,  9694.18 MB free, 134217728.00 MB total
[2019.02.16-00.21.23:320][  0]LogInit: Using OS detected language (en-US).
[2019.02.16-00.21.23:320][  0]LogInit: Using OS detected locale (en-GB).
[2019.02.16-00.21.23:322][  0]LogTextLocalizationManager: No specific localization for 'en-US' exists, so the 'en' localization will be used.
[2019.02.16-00.21.23:917][  0]LogStreaming: Display: Took  0.598s to InitEngineTextLocalization.
[2019.02.16-00.21.23:917][  0]LogInit: Setting process to per monitor DPI aware
[2019.02.16-00.21.24:383][  0]LogSlate: New Slate User Created.  User Index 0, Is Virtual User: 0
[2019.02.16-00.21.24:383][  0]LogSlate: Slate User Registered.  User Index 0, Is Virtual User: 0
[2019.02.16-00.21.27:660][  0]LogHMD: Failed to initialize OpenVR with code 110
[2019.02.16-00.21.27:660][  0]LogD3D11RHI: D3D11 adapters:
[2019.02.16-00.21.27:802][  0]LogD3D11RHI:    0. 'NVIDIA GeForce GTX 660 Ti' (Feature Level 11_0)
[2019.02.16-00.21.27:802][  0]LogD3D11RHI:       1998/0/8153 MB DedicatedVideo/DedicatedSystem/SharedSystem, Outputs:2, VendorId:0x10de
[2019.02.16-00.21.27:865][  0]LogD3D11RHI:    1. 'Microsoft Basic Render Driver' (Feature Level 11_0)
[2019.02.16-00.21.27:865][  0]LogD3D11RHI:       0/0/8153 MB DedicatedVideo/DedicatedSystem/SharedSystem, Outputs:0, VendorId:0x1414
[2019.02.16-00.21.27:865][  0]LogD3D11RHI: Chosen D3D11 Adapter: 0
[2019.02.16-00.21.27:889][  0]LogD3D11RHI: Creating new Direct3DDevice
[2019.02.16-00.21.27:889][  0]LogD3D11RHI:     GPU DeviceId: 0x1183 (for the marketing name, search the web for "GPU Device Id")
[2019.02.16-00.21.27:889][  0]LogWindows: EnumDisplayDevices:
[2019.02.16-00.21.27:890][  0]LogWindows:    0. 'NVIDIA GeForce GTX 660 Ti' (P:1 D:1)
[2019.02.16-00.21.27:890][  0]LogWindows:    1. 'NVIDIA GeForce GTX 660 Ti' (P:0 D:1)
[2019.02.16-00.21.27:891][  0]LogWindows:    2. 'NVIDIA GeForce GTX 660 Ti' (P:0 D:0)
[2019.02.16-00.21.27:891][  0]LogWindows:    3. 'NVIDIA GeForce GTX 660 Ti' (P:0 D:0)
[2019.02.16-00.21.27:892][  0]LogWindows: DebugString: FoundDriverCount:4 
[2019.02.16-00.21.27:892][  0]LogD3D11RHI:     Adapter Name: NVIDIA GeForce GTX 660 Ti
[2019.02.16-00.21.27:892][  0]LogD3D11RHI:   Driver Version: 398.82 (internal:24.21.13.9882, unified:398.82)
[2019.02.16-00.21.27:892][  0]LogD3D11RHI:      Driver Date: 7-30-2018
[2019.02.16-00.21.27:892][  0]LogRHI: Texture pool is 1398 MB (70% of 1998 MB)
[2019.02.16-00.21.27:973][  0]LogD3D11RHI: Async texture creation enabled
[2019.02.16-00.21.27:992][  0]LogD3D11RHI: GPU Timing Frequency: 1000.000000 (Debug: 2 2)
[2019.02.16-00.21.27:996][  0]LogShaderCompilers: Guid format shader working directory is -23 characters bigger than the processId version (../../../../../../Users/w019563h/Documents/TGP-Group-Project/FingerGunz/Intermediate/Shaders/WorkingDirectory/11164/).
[2019.02.16-00.21.27:996][  0]LogShaderCompilers: Cleaned the shader compiler working directory 'C:/Users/w019563h/AppData/Local/Temp/UnrealShaderWorkingDir/6A8A0462445E047A9BF595B1F087AA53/'.
[2019.02.16-00.21.28:421][  0]LogTemp: Display: Loaded TP AllDesktopTargetPlatform
[2019.02.16-00.21.28:469][  0]LogTemp: Display: Loaded TP MacClientTargetPlatform
[2019.02.16-00.21.28:490][  0]LogTemp: Display: Loaded TP MacNoEditorTargetPlatform
[2019.02.16-00.21.28:511][  0]LogTemp: Display: Loaded TP MacServerTargetPlatform
[2019.02.16-00.21.28:551][  0]LogTemp: Display: Loaded TP MacTargetPlatform
[2019.02.16-00.21.28:600][  0]LogTemp: Display: Loaded TP WindowsClientTargetPlatform
[2019.02.16-00.21.28:624][  0]LogTemp: Display: Loaded TP WindowsNoEditorTargetPlatform
[2019.02.16-00.21.28:647][  0]LogTemp: Display: Loaded TP WindowsServerTargetPlatform
[2019.02.16-00.21.28:661][  0]LogTemp: Display: Loaded TP WindowsTargetPlatform
[2019.02.16-00.21.28:801][  0]LogTemp: Display: Loaded TP AndroidTargetPlatform
[2019.02.16-00.21.28:801][  0]LogTemp: Display: Loaded TP AndroidTargetPlatform
[2019.02.16-00.21.28:801][  0]LogTemp: Display: Loaded TP AndroidTargetPlatform
[2019.02.16-00.21.28:801][  0]LogTemp: Display: Loaded TP AndroidTargetPlatform
[2019.02.16-00.21.28:801][  0]LogTemp: Display: Loaded TP AndroidTargetPlatform
[2019.02.16-00.21.28:801][  0]LogTemp: Display: Loaded TP AndroidTargetPlatform
[2019.02.16-00.21.28:801][  0]LogTemp: Display: Loaded TP AndroidTargetPlatform
[2019.02.16-00.21.28:801][  0]LogTemp: Display: Loaded TP AndroidTargetPlatform
[2019.02.16-00.21.28:802][  0]LogTemp: Display: Loaded TP AndroidTargetPlatform
[2019.02.16-00.21.28:802][  0]LogTemp: Display: Loaded TP AndroidTargetPlatform
[2019.02.16-00.21.28:802][  0]LogTemp: Display: Loaded TP AndroidTargetPlatform
[2019.02.16-00.21.28:802][  0]LogTemp: Display: Loaded TP AndroidTargetPlatform
[2019.02.16-00.21.28:802][  0]LogTemp: Display: Loaded TP AndroidTargetPlatform
[2019.02.16-00.21.28:802][  0]LogTemp: Display: Loaded TP AndroidTargetPlatform
[2019.02.16-00.21.28:802][  0]LogTemp: Display: Loaded TP AndroidTargetPlatform
[2019.02.16-00.21.28:802][  0]LogTemp: Display: Loaded TP AndroidTargetPlatform
[2019.02.16-00.21.28:802][  0]LogTemp: Display: Loaded TP AndroidTargetPlatform
[2019.02.16-00.21.28:802][  0]LogTemp: Display: Loaded TP AndroidTargetPlatform
[2019.02.16-00.21.28:818][  0]LogTemp: Display: Loaded TP HTML5TargetPlatform
[2019.02.16-00.21.28:938][  0]LogTemp: Display: Loaded TP IOSTargetPlatform
[2019.02.16-00.21.28:938][  0]LogTemp: Display: Loaded TP IOSTargetPlatform
[2019.02.16-00.21.28:997][  0]LogTemp: Display: Loaded TP TVOSTargetPlatform
[2019.02.16-00.21.28:997][  0]LogTemp: Display: Loaded TP TVOSTargetPlatform
[2019.02.16-00.21.29:033][  0]LogTemp: Display: Loaded TP LinuxClientTargetPlatform
[2019.02.16-00.21.29:053][  0]LogTemp: Display: Loaded TP LinuxNoEditorTargetPlatform
[2019.02.16-00.21.29:072][  0]LogTemp: Display: Loaded TP LinuxServerTargetPlatform
[2019.02.16-00.21.29:115][  0]LogTemp: Display: Loaded TP LinuxTargetPlatform
[2019.02.16-00.21.29:130][  0]LogTemp: Display: Loaded TP LuminTargetPlatform
[2019.02.16-00.21.29:130][  0]LogTargetPlatformManager: Display: Building Assets For Windows
[2019.02.16-00.21.29:567][  0]LogXGEController: Cleaning working directory: C:/Users/w019563h/AppData/Local/Temp/UnrealXGEWorkingDir/
[2019.02.16-00.21.29:568][  0]LogXGEController: Cannot use XGE Controller as Incredibuild is not installed on this machine.
[2019.02.16-00.21.29:568][  0]LogShaderCompilers: Cannot use XGE Shader Compiler as Incredibuild is not installed on this machine.
[2019.02.16-00.21.29:568][  0]LogShaderCompilers: Display: Using Local Shader Compiler.
[2019.02.16-00.21.34:122][  0]LogDerivedDataCache: Display: Max Cache Size: 512 MB
[2019.02.16-00.21.34:781][  0]LogDerivedDataCache: Loaded boot cache 0.66s 71MB C:/Users/w019563h/AppData/Local/UnrealEngine/4.20/DerivedDataCache/Boot.ddc.
[2019.02.16-00.21.34:781][  0]LogDerivedDataCache: Display: Loaded Boot cache: C:/Users/w019563h/AppData/Local/UnrealEngine/4.20/DerivedDataCache/Boot.ddc
[2019.02.16-00.21.34:782][  0]LogDerivedDataCache: FDerivedDataBackendGraph:  Pak pak cache file ../../../../../../Users/w019563h/Documents/TGP-Group-Project/FingerGunz/DerivedDataCache/DDC.ddp not found, will not use a pak cache.
[2019.02.16-00.21.34:782][  0]LogDerivedDataCache: Unable to find inner node Pak for hierarchical cache Hierarchy.
[2019.02.16-00.21.34:782][  0]LogDerivedDataCache: FDerivedDataBackendGraph:  CompressedPak pak cache file ../../../../../../Users/w019563h/Documents/TGP-Group-Project/FingerGunz/DerivedDataCache/Compressed.ddp not found, will not use a pak cache.
[2019.02.16-00.21.34:782][  0]LogDerivedDataCache: Unable to find inner node CompressedPak for hierarchical cache Hierarchy.
[2019.02.16-00.21.34:800][  0]LogDerivedDataCache: Display: Pak cache opened for reading ../../../Engine/DerivedDataCache/Compressed.ddp.
[2019.02.16-00.21.34:827][  0]LogDerivedDataCache: Using Local data cache path C:/Users/w019563h/AppData/Local/UnrealEngine/Common/DerivedDataCache: Writable
[2019.02.16-00.21.34:827][  0]LogDerivedDataCache: Shared data cache path not found in *engine.ini, will not use an Shared cache.
[2019.02.16-00.21.34:827][  0]LogDerivedDataCache: Unable to find inner node Shared for hierarchical cache Hierarchy.
[2019.02.16-00.21.34:850][  0]LogMaterial: Verifying Global Shaders for PCD3D_SM5
[2019.02.16-00.21.34:852][  0]LogSlate: Using FreeType 2.6.0
[2019.02.16-00.21.34:927][  0]LogSlate: SlateFontServices - WITH_FREETYPE: 1, WITH_HARFBUZZ: 1
[2019.02.16-00.21.35:410][  0]LogAssetRegistry: FAssetRegistry took 0.0318 seconds to start up
[2019.02.16-00.21.36:020][  0]LogInit: Selected Device Profile: [Windows]
[2019.02.16-00.21.36:428][  0]LogSimplygon: Simplygon DLL not present - disabling.
[2019.02.16-00.21.36:463][  0]LogMeshReduction: Using SimplygonSwarm for distributed automatic mesh merging
[2019.02.16-00.21.36:463][  0]LogMeshReduction: Using ProxyLODMeshReduction for automatic mesh merging
[2019.02.16-00.21.36:463][  0]LogMeshReduction: Using QuadricMeshReduction for automatic static mesh reduction
[2019.02.16-00.21.36:463][  0]LogMeshReduction: No automatic skeletal mesh reduction module available
[2019.02.16-00.21.36:540][  0]LogNetVersion: FingerGunz 1.0.0, NetCL: 4212847, EngineNetVer: 5, GameNetVer: 0 (Checksum: 1181982473)
[2019.02.16-00.21.37:928][  0]LogPackageLocalizationCache: Processed 11 localized package path(s) for 2 prioritized culture(s) in 0.197621 seconds
[2019.02.16-00.21.37:936][  0]LogUObjectArray: 38425 objects as part of root set at end of initial load.
[2019.02.16-00.21.37:936][  0]LogUObjectAllocator: 6690872 out of 0 bytes used by permanent object pool.
[2019.02.16-00.21.37:936][  0]LogUObjectArray: CloseDisregardForGC: 0/0 objects in disregard for GC pool
[2019.02.16-00.21.44:328][  0]LogTcpMessaging: Initializing TcpMessaging bridge
[2019.02.16-00.21.44:347][  0]LogUdpMessaging: Initializing bridge on interface 0.0.0.0:0 to multicast group 230.0.0.1:6666.
[2019.02.16-00.21.45:130][  0]SourceControl: Source control is disabled
[2019.02.16-00.21.45:130][  0]SourceControl: Source control is disabled
[2019.02.16-00.21.45:142][  0]SourceControl: Source control is disabled
[2019.02.16-00.21.45:159][  0]SourceControl: Source control is disabled
[2019.02.16-00.21.45:885][  0]LogAndroidPermission: UAndroidPermissionCallbackProxy::GetInstance
[2019.02.16-00.21.46:077][  0]LogOcInput: OculusInput pre-init called
[2019.02.16-00.21.46:265][  0]LogEngine: Initializing Engine...
[2019.02.16-00.21.46:266][  0]LogHMD: Failed to initialize OpenVR with code 110
[2019.02.16-00.21.46:268][  0]LogStats: UGameplayTagsManager::ConstructGameplayTagTree: ImportINI prefixes -  0.000 s
[2019.02.16-00.21.46:268][  0]LogStats: UGameplayTagsManager::ConstructGameplayTagTree: Construct from data asset -  0.000 s
[2019.02.16-00.21.46:269][  0]LogStats: UGameplayTagsManager::ConstructGameplayTagTree: ImportINI -  0.000 s
[2019.02.16-00.21.46:269][  0]LogStats: UGameplayTagsManager::ConstructGameplayTagTree: GameplayTagTreeChangedEvent.Broadcast -  0.000 s
[2019.02.16-00.21.46:780][  0]LogInit: Initializing FReadOnlyCVARCache
[2019.02.16-00.21.46:822][  0]LogAIModule: Creating AISystem for world Untitled
[2019.02.16-00.21.46:840][  0]LogInit: XAudio2 using 'Speakers (Realtek High Definition Audio)' : 2 channels at 48 kHz using 32 bits per sample (channel mask 0x3)
[2019.02.16-00.21.46:918][  0]LogInit: FAudioDevice initialized.
[2019.02.16-00.21.46:919][  0]LogNetVersion: Set ProjectVersion to 1.0.0.0. Version Checksum will be recalculated on next use.
[2019.02.16-00.21.47:358][  0]LogDerivedDataCache: Saved boot cache 0.44s 71MB C:/Users/w019563h/AppData/Local/UnrealEngine/4.20/DerivedDataCache/Boot.ddc.
[2019.02.16-00.21.47:383][  0]LogInit: Texture streaming: Enabled
[2019.02.16-00.21.47:498][  0]LogEngineSessionManager: EngineSessionManager initialized
[2019.02.16-00.21.47:533][  0]LogEngineSessionManager: EngineSessionManager sent abnormal shutdown report. Type=Debugger, SessionId={9C791916-4784-1374-2A6E-7EAA5BAAC11A}
[2019.02.16-00.21.47:584][  0]LogInit: Transaction tracking system initialized
[2019.02.16-00.21.47:814][  0]BlueprintLog: New page: Editor Load
[2019.02.16-00.21.48:841][  0]LocalizationService: Localization service is disabled
[2019.02.16-00.21.51:508][  0]LogCook: Display: Max memory allowance for cook 16384mb min free memory 0mb
[2019.02.16-00.21.51:509][  0]LogCook: Display: Mobile HDR setting 1
[2019.02.16-00.21.51:509][  0]LogGameplayTags: Display: UGameplayTagsManager::DoneAddingNativeTags. DelegateIsBound: 0
[2019.02.16-00.21.51:509][  0]LogStats: UGameplayTagsManager::ConstructGameplayTagTree: ImportINI prefixes -  0.000 s
[2019.02.16-00.21.51:509][  0]LogStats: UGameplayTagsManager::ConstructGameplayTagTree: Construct from data asset -  0.000 s
[2019.02.16-00.21.51:509][  0]LogStats: UGameplayTagsManager::ConstructGameplayTagTree: ImportINI -  0.000 s
[2019.02.16-00.21.51:510][  0]LogStats: UGameplayTagsManager::ConstructGameplayTagTree: GameplayTagTreeChangedEvent.Broadcast -  0.000 s
[2019.02.16-00.21.52:294][  0]LogFileCache: Scanning file cache for directory 'C:/Users/w019563h/Documents/TGP-Group-Project/FingerGunz/Content/' took 0.02s
[2019.02.16-00.21.52:294][  0]SourceControl: Source control is disabled
[2019.02.16-00.21.52:294][  0]Cmd: MAP LOAD FILE="../../../Engine/Content/Maps/Templates/Template_Default.umap" TEMPLATE=1 SHOWPROGRESS=1 FEATURELEVEL=3
[2019.02.16-00.21.52:295][  0]LightingResults: New page: Lighting Build
[2019.02.16-00.21.52:303][  0]MapCheck: New page: Map Check
[2019.02.16-00.21.52:303][  0]LightingResults: New page: Lighting Build
[2019.02.16-00.21.52:883][  0]LogAIModule: Creating AISystem for world Untitled_1
[2019.02.16-00.21.52:932][  0]LogEditorServer: Finished looking for orphan Actors (0.000 secs)
[2019.02.16-00.21.52:962][  0]Cmd: MAP CHECKDEP NOCLEARLOG
[2019.02.16-00.21.53:184][  0]MapCheck: Map check complete: 0 Error(s), 0 Warning(s), took 221.374ms to complete.
[2019.02.16-00.21.53:184][  0]LogFileHelpers: Loading map 'Template_Default' took 0.890
[2019.02.16-00.21.53:438][  0]LogSlate: Updating window title bar state: overlay mode, drag disabled, window buttons hidden, title bar hidden
[2019.02.16-00.21.53:448][  0]LogSlate: Updating window title bar state: overlay mode, drag disabled, window buttons hidden, title bar hidden
[2019.02.16-00.21.53:457][  0]LogSlate: Updating window title bar state: overlay mode, drag disabled, window buttons hidden, title bar hidden
[2019.02.16-00.21.53:468][  0]LogSlate: Updating window title bar state: overlay mode, drag disabled, window buttons hidden, title bar hidden
[2019.02.16-00.21.53:499][  0]LogCollectionManager: Loaded 0 collections in 0.005791 seconds
[2019.02.16-00.21.53:558][  0]LogFileCache: Scanning file cache for directory 'C:/Users/w019563h/Documents/TGP-Group-Project/FingerGunz/Saved/Collections/' took 0.01s
[2019.02.16-00.21.53:558][  0]LogFileCache: Scanning file cache for directory 'C:/Users/w019563h/Documents/TGP-Group-Project/FingerGunz/Content/Developers/w019563h/Collections/' took 0.01s
[2019.02.16-00.21.53:558][  0]LogFileCache: Scanning file cache for directory 'C:/Users/w019563h/Documents/TGP-Group-Project/FingerGunz/Content/Collections/' took 0.01s
[2019.02.16-00.21.53:558][  0]LogCollectionManager: Rebuilt the GUID cache for 0 collections in 0.000001 seconds
[2019.02.16-00.21.53:574][  0]LogContentBrowser: Native class hierarchy populated in 0.0154 seconds. Added 2574 classes and 605 folders.
[2019.02.16-00.21.53:587][  0]LogContentBrowser: Native class hierarchy updated for 'WidgetCarousel' in 0.0010 seconds. Added 0 classes and 0 folders.
[2019.02.16-00.21.54:229][  0]LogContentBrowser: Native class hierarchy updated for 'AddContentDialog' in 0.0006 seconds. Added 0 classes and 0 folders.
[2019.02.16-00.21.54:249][  0]LogContentBrowser: Native class hierarchy updated for 'SceneOutliner' in 0.0007 seconds. Added 1 classes and 2 folders.
[2019.02.16-00.21.57:987][  0]LogSlate: Only BGRA pngs, bmps or icos are supported in by External Image Picker
[2019.02.16-00.21.58:185][  0]LogTemp: Executing iPhonePackager certificates Engine -bundlename com.YourCompany.FingerGunz
[2019.02.16-00.21.58:185][  0]LogTemp: CWD: C:\Epic\UE4\UE_4.20\Engine\Binaries\DotNET\IOS
[2019.02.16-00.21.58:185][  0]LogTemp: Initial Dir: C:\Epic\UE4\UE_4.20
[2019.02.16-00.21.58:185][  0]LogTemp: Env CWD: C:\Epic\UE4\UE_4.20\Engine\Binaries\DotNET\IOS
[2019.02.16-00.21.58:185][  0]LogTemp: BranchPath = C108-05/C/Epic/UE4/UE_4.20/Engine/Binaries --- GameBranchPath = C108-05/C/Epic/UE4/UE_4.20/Engine/Binaries
[2019.02.16-00.21.58:186][  0]LogSlate: Took 0.026737 seconds to synchronously load lazily loaded font '../../../Engine/Content/Slate/Fonts/Roboto-Regular.ttf' (155K)
[2019.02.16-00.21.58:220][  0]LogTemp: IPP ERROR: Could not find provision directory 'C:\Users\w019563h\AppData\Local/Apple Computer/MobileDevice/Provisioning Profiles/'.
[2019.02.16-00.21.58:220][  0]LogSlate: Took 0.030929 seconds to synchronously load lazily loaded font '../../../Engine/Content/Slate/Fonts/Roboto-Bold.ttf' (160K)
[2019.02.16-00.21.58:248][  0]LogSlate: Took 0.019050 seconds to synchronously load lazily loaded font '../../../Engine/Content/Editor/Slate/Fonts/FontAwesome.ttf' (139K)
[2019.02.16-00.21.58:464][  0]LogRenderer: Reallocating scene render targets to support 1208x576 Format 9 NumSamples 1 (Frame:1).
[2019.02.16-00.21.58:637][  0]LogContentBrowser: Native class hierarchy updated for 'HierarchicalLODOutliner' in 0.0012 seconds. Added 0 classes and 0 folders.
[2019.02.16-00.21.58:637][  0]LogLoad: (Engine Initialization) Total time: 44.77 seconds
[2019.02.16-00.21.58:638][  0]LogLoad: (Engine Initialization) Total Blueprint compile time: 0.00 seconds
[2019.02.16-00.21.58:695][  0]LogContentStreaming: Texture pool size now 400 MB
[2019.02.16-00.21.58:810][  2]LogAssetRegistry: Asset discovery search completed in 23.4261 seconds
[2019.02.16-00.21.58:828][  2]LogCollectionManager: Rebuilt the object cache for 0 collections in 0.000001 seconds (found 0 objects)
[2019.02.16-00.21.58:828][  2]LogCollectionManager: Fixed up redirectors for 0 collections in 0.000210 seconds (updated 0 objects)
[2019.02.16-00.22.02:841][ 14]LogSlate: Took 0.000236 seconds to synchronously load lazily loaded font '../../../Engine/Content/Slate/Fonts/Roboto-Light.ttf' (167K)
[2019.02.16-00.22.39:317][123]LogSlate: FSceneViewport::OnFocusLost() reason 0
[2019.02.16-00.22.44:085][667]LogSlate: Took 0.000269 seconds to synchronously load lazily loaded font '../../../Engine/Content/Slate/Fonts/Roboto-Light.ttf' (167K)
[2019.02.16-00.22.44:402][667]LogAIModule: Creating AISystem for world Test
[2019.02.16-00.22.44:579][667]LogAssetEditorManager: Opening Asset editor for World /Game/Maps/Test.Test
[2019.02.16-00.22.44:605][667]Cmd: MAP LOAD FILE="../../../../../../Users/w019563h/Documents/TGP-Group-Project/FingerGunz/Content/Maps/Test.umap" TEMPLATE=0 SHOWPROGRESS=1 FEATURELEVEL=3
[2019.02.16-00.22.44:606][667]LightingResults: New page: Lighting Build
[2019.02.16-00.22.44:607][667]LoadErrors: New page: Loading map: Test.umap
[2019.02.16-00.22.44:607][667]MapCheck: New page: Map Check
[2019.02.16-00.22.44:607][667]LightingResults: New page: Lighting Build
[2019.02.16-00.22.44:811][667]LogEditorServer: Finished looking for orphan Actors (0.000 secs)
[2019.02.16-00.22.44:878][667]Cmd: MAP CHECKDEP NOCLEARLOG
[2019.02.16-00.22.45:111][667]MapCheck: Map check complete: 0 Error(s), 0 Warning(s), took 232.683ms to complete.
[2019.02.16-00.22.45:113][667]LogFileHelpers: Loading map 'Test' took 0.508
[2019.02.16-00.23.01:019][492]LogTemp: Repeating last play command: New Editor Window (PIE)
[2019.02.16-00.23.01:046][492]LogBlueprintUserMessages: Early PlayInEditor Detection: Level '/Game/Maps/Test.Test:PersistentLevel' has LevelScriptBlueprint '/Game/Maps/Test.Test:PersistentLevel.Test' with GeneratedClass '/Game/Maps/Test.Test_C' with ClassGeneratedBy '/Game/Maps/Test.Test:PersistentLevel.Test'
[2019.02.16-00.23.01:047][492]LogPlayLevel: PlayLevel: No blueprints needed recompiling
[2019.02.16-00.23.01:062][492]PIE: New page: PIE session: Test (16 Feb 2019 00:23:01)
[2019.02.16-00.23.01:062][492]LogPlayLevel: Creating play world package: /Game/Maps/UEDPIE_0_Test
[2019.02.16-00.23.01:096][492]LogPlayLevel: PIE: StaticDuplicateObject took: (0.034386s)
[2019.02.16-00.23.01:097][492]LogAIModule: Creating AISystem for world Test
[2019.02.16-00.23.01:097][492]LogPlayLevel: PIE: World Init took: (0.001107s)
[2019.02.16-00.23.01:098][492]LogPlayLevel: PIE: Created PIE world by copying editor world from /Game/Maps/Test.Test to /Game/Maps/UEDPIE_0_Test.Test (0.035919s)
[2019.02.16-00.23.01:127][492]LogInit: XAudio2 using 'Speakers (Realtek High Definition Audio)' : 2 channels at 48 kHz using 32 bits per sample (channel mask 0x3)
[2019.02.16-00.23.01:148][492]LogInit: FAudioDevice initialized.
[2019.02.16-00.23.01:161][492]LogSlate: Updating window title bar state: overlay mode, drag disabled, window buttons hidden, title bar hidden
[2019.02.16-00.23.01:238][492]LogLoad: Game class is 'FingerGunzGamemode_C'
[2019.02.16-00.23.01:260][492]LogWorld: Bringing World /Game/Maps/UEDPIE_0_Test.Test up for play (max tick rate 0) at 2019.02.16-00.23.01
[2019.02.16-00.23.01:262][492]LogWorld: Bringing up level for play took: 0.021371
[2019.02.16-00.23.01:301][492]LogContentBrowser: Native class hierarchy updated for 'MovieSceneCapture' in 0.0008 seconds. Added 10 classes and 0 folders.
[2019.02.16-00.23.01:311][492]PIE: Play in editor start time for /Game/Maps/UEDPIE_0_Test -0.539
[2019.02.16-00.23.01:312][492]LogBlueprintUserMessages: Late PlayInEditor Detection: Level '/Game/Maps/Test.Test:PersistentLevel' has LevelScriptBlueprint '/Game/Maps/Test.Test:PersistentLevel.Test' with GeneratedClass '/Game/Maps/Test.Test_C' with ClassGeneratedBy '/Game/Maps/Test.Test:PersistentLevel.Test'
[2019.02.16-00.23.03:825][772]LogBlueprintUserMessages: Early EndPlayMap Detection: Level '/Game/Maps/Test.Test:PersistentLevel' has LevelScriptBlueprint '/Game/Maps/Test.Test:PersistentLevel.Test' with GeneratedClass '/Game/Maps/Test.Test_C' with ClassGeneratedBy '/Game/Maps/Test.Test:PersistentLevel.Test'
[2019.02.16-00.23.03:825][772]LogSlate: Updating window title bar state: overlay mode, drag disabled, window buttons hidden, title bar hidden
[2019.02.16-00.23.03:852][772]LogSlate: Window 'FingerGunz Game Preview Standalone (64-bit/PCD3D_SM5)' being destroyed
[2019.02.16-00.23.03:893][772]LogPlayLevel: Display: Shutting down PIE online subsystems
[2019.02.16-00.23.03:893][772]LogBlueprintUserMessages: Late EndPlayMap Detection: Level '/Game/Maps/Test.Test:PersistentLevel' has LevelScriptBlueprint '/Game/Maps/Test.Test:PersistentLevel.Test' with GeneratedClass '/Game/Maps/Test.Test_C' with ClassGeneratedBy '/Game/Maps/Test.Test:PersistentLevel.Test'
[2019.02.16-00.23.03:951][773]LogPlayLevel: Display: Destroying online subsystem :Context_2
[2019.02.16-00.23.42:697][ 55]LogTemp: Repeating last play command: New Editor Window (PIE)
[2019.02.16-00.23.42:721][ 55]LogBlueprintUserMessages: Early PlayInEditor Detection: Level '/Game/Maps/Test.Test:PersistentLevel' has LevelScriptBlueprint '/Game/Maps/Test.Test:PersistentLevel.Test' with GeneratedClass '/Game/Maps/Test.Test_C' with ClassGeneratedBy '/Game/Maps/Test.Test:PersistentLevel.Test'
[2019.02.16-00.23.42:721][ 55]LogPlayLevel: PlayLevel: No blueprints needed recompiling
[2019.02.16-00.23.42:721][ 55]PIE: New page: PIE session: Test (16 Feb 2019 00:23:42)
[2019.02.16-00.23.42:722][ 55]LogPlayLevel: Creating play world package: /Game/Maps/UEDPIE_0_Test
[2019.02.16-00.23.42:752][ 55]LogPlayLevel: PIE: StaticDuplicateObject took: (0.029848s)
[2019.02.16-00.23.42:752][ 55]LogAIModule: Creating AISystem for world Test
[2019.02.16-00.23.42:753][ 55]LogPlayLevel: PIE: World Init took: (0.001063s)
[2019.02.16-00.23.42:753][ 55]LogPlayLevel: PIE: Created PIE world by copying editor world from /Game/Maps/Test.Test to /Game/Maps/UEDPIE_0_Test.Test (0.031401s)
[2019.02.16-00.23.42:779][ 55]LogInit: XAudio2 using 'Speakers (Realtek High Definition Audio)' : 2 channels at 48 kHz using 32 bits per sample (channel mask 0x3)
[2019.02.16-00.23.42:801][ 55]LogInit: FAudioDevice initialized.
[2019.02.16-00.23.42:814][ 55]LogSlate: Updating window title bar state: overlay mode, drag disabled, window buttons hidden, title bar hidden
[2019.02.16-00.23.42:865][ 55]LogLoad: Game class is 'FingerGunzGamemode_C'
[2019.02.16-00.23.42:885][ 55]LogWorld: Bringing World /Game/Maps/UEDPIE_0_Test.Test up for play (max tick rate 0) at 2019.02.16-00.23.42
[2019.02.16-00.23.42:887][ 55]LogWorld: Bringing up level for play took: 0.020608
[2019.02.16-00.23.42:911][ 55]PIE: Play in editor start time for /Game/Maps/UEDPIE_0_Test 1.06
[2019.02.16-00.23.42:911][ 55]LogBlueprintUserMessages: Late PlayInEditor Detection: Level '/Game/Maps/Test.Test:PersistentLevel' has LevelScriptBlueprint '/Game/Maps/Test.Test:PersistentLevel.Test' with GeneratedClass '/Game/Maps/Test.Test_C' with ClassGeneratedBy '/Game/Maps/Test.Test:PersistentLevel.Test'
[2019.02.16-00.31.34:973][642]LogBlueprintUserMessages: Early EndPlayMap Detection: Level '/Game/Maps/Test.Test:PersistentLevel' has LevelScriptBlueprint '/Game/Maps/Test.Test:PersistentLevel.Test' with GeneratedClass '/Game/Maps/Test.Test_C' with ClassGeneratedBy '/Game/Maps/Test.Test:PersistentLevel.Test'
[2019.02.16-00.31.34:974][642]LogSlate: Updating window title bar state: overlay mode, drag disabled, window buttons hidden, title bar hidden
[2019.02.16-00.31.34:998][642]LogSlate: Window 'FingerGunz Game Preview Standalone (64-bit/PCD3D_SM5)' being destroyed
[2019.02.16-00.31.35:044][642]LogPlayLevel: Display: Shutting down PIE online subsystems
[2019.02.16-00.31.35:044][642]LogBlueprintUserMessages: Late EndPlayMap Detection: Level '/Game/Maps/Test.Test:PersistentLevel' has LevelScriptBlueprint '/Game/Maps/Test.Test:PersistentLevel.Test' with GeneratedClass '/Game/Maps/Test.Test_C' with ClassGeneratedBy '/Game/Maps/Test.Test:PersistentLevel.Test'
[2019.02.16-00.31.35:098][643]LogPlayLevel: Display: Destroying online subsystem :Context_5
