Log file open, 02/09/19 14:46:06
LogWindows: Failed to load 'aqProf.dll' (GetLastError=126)
LogWindows: File 'aqProf.dll' does not exist
LogWindows: Failed to load 'VSPerf140.dll' (GetLastError=126)
LogWindows: File 'VSPerf140.dll' does not exist
LogWindows: Failed to load 'VtuneApi.dll' (GetLastError=126)
LogWindows: File 'VtuneApi.dll' does not exist
LogWindows: Failed to load 'VtuneApi32e.dll' (GetLastError=126)
LogWindows: File 'VtuneApi32e.dll' does not exist
LogInit: Display: Running engine for game: FingerGunz
LogPlatformFile: Not using cached read wrapper
LogTaskGraph: Started task graph with 5 named threads and 14 total threads with 3 sets of task threads.
LogStats: Stats thread started at 0.664565
LogD3D11RHI: Loaded GFSDK_Aftermath_Lib.x64.dll
LogICUInternationalization: Display: ICU TimeZone Detection - Raw Offset: +0:00, Platform Override: ''
LogPluginManager: Mounting plugin Paper2D
LogPluginManager: Mounting plugin AISupport
LogPluginManager: Mounting plugin LightPropagationVolume
LogPluginManager: Mounting plugin CLionSourceCodeAccess
LogPluginManager: Mounting plugin CodeLiteSourceCodeAccess
LogPluginManager: Mounting plugin GitSourceControl
LogPluginManager: Mounting plugin KDevelopSourceCodeAccess
LogPluginManager: Mounting plugin NullSourceCodeAccess
LogPluginManager: Mounting plugin PerforceSourceControl
LogPluginManager: Mounting plugin SubversionSourceControl
LogPluginManager: Mounting plugin UObjectPlugin
LogPluginManager: Mounting plugin VisualStudioCodeSourceCodeAccess
LogPluginManager: Mounting plugin VisualStudioSourceCodeAccess
LogPluginManager: Mounting plugin XCodeSourceCodeAccess
LogPluginManager: Mounting plugin AssetManagerEditor
LogPluginManager: Mounting plugin CryptoKeys
LogPluginManager: Mounting plugin DataValidation
LogPluginManager: Mounting plugin FacialAnimation
LogPluginManager: Mounting plugin GameplayTagsEditor
LogPluginManager: Mounting plugin MacGraphicsSwitching
LogPluginManager: Mounting plugin MeshEditor
LogPluginManager: Mounting plugin MobileLauncherProfileWizard
LogPluginManager: Mounting plugin PluginBrowser
LogPluginManager: Mounting plugin SpeedTreeImporter
LogPluginManager: Mounting plugin DatasmithContent
LogPluginManager: Mounting plugin AlembicImporter
LogPluginManager: Mounting plugin AppleImageUtils
LogPluginManager: Mounting plugin AppleVision
LogPluginManager: Mounting plugin BackChannel
LogPluginManager: Mounting plugin CharacterAI
LogPluginManager: Mounting plugin GeometryCache
LogPluginManager: Mounting plugin HTML5Networking
LogPluginManager: Mounting plugin ProxyLODPlugin
LogPluginManager: Mounting plugin MagicLeap
LogPluginManager: Mounting plugin MagicLeapEmulator
LogPluginManager: Mounting plugin MagicLeapMedia
LogPluginManager: Mounting plugin AndroidMedia
LogPluginManager: Mounting plugin AvfMedia
LogPluginManager: Mounting plugin ImgMedia
LogPluginManager: Mounting plugin LinearTimecode
LogPluginManager: Mounting plugin MediaCompositing
LogPluginManager: Mounting plugin MediaPlayerEditor
LogPluginManager: Mounting plugin WmfMedia
LogPluginManager: Mounting plugin TcpMessaging
LogPluginManager: Mounting plugin UdpMessaging
LogPluginManager: Mounting plugin ActorSequence
LogPluginManager: Mounting plugin LevelSequenceEditor
LogPluginManager: Mounting plugin MatineeToLevelSequence
LogPluginManager: Mounting plugin NetcodeUnitTest
LogPluginManager: Mounting plugin NUTUnrealEngine4
LogPluginManager: Mounting plugin OnlineSubsystemGooglePlay
LogPluginManager: Mounting plugin OnlineSubsystemIOS
LogPluginManager: Mounting plugin OnlineSubsystem
LogPluginManager: Mounting plugin OnlineSubsystemNull
LogPluginManager: Mounting plugin OnlineSubsystemUtils
LogPluginManager: Mounting plugin LauncherChunkInstaller
LogPluginManager: Mounting plugin AndroidDeviceProfileSelector
LogPluginManager: Mounting plugin AndroidMoviePlayer
LogPluginManager: Mounting plugin AndroidPermission
LogPluginManager: Mounting plugin AppleMoviePlayer
LogPluginManager: Mounting plugin ArchVisCharacter
LogPluginManager: Mounting plugin AudioCapture
LogPluginManager: Mounting plugin CableComponent
LogPluginManager: Mounting plugin CustomMeshComponent
LogPluginManager: Mounting plugin EditableMesh
LogPluginManager: Mounting plugin ExampleDeviceProfileSelector
LogPluginManager: Mounting plugin GoogleCloudMessaging
LogPluginManager: Mounting plugin ImmediatePhysics
LogPluginManager: Mounting plugin IOSDeviceProfileSelector
LogPluginManager: Mounting plugin LinuxDeviceProfileSelector
LogPluginManager: Mounting plugin LocationServicesBPLibrary
LogPluginManager: Mounting plugin MobilePatchingUtils
LogPluginManager: Mounting plugin OculusVR
LogPluginManager: Plugin shader directory ../../../Engine/Plugins/Runtime/Oculus/OculusVR/Shaders found
LogPluginManager: Mapping shader source directory ../../../Engine/Plugins/Runtime/Oculus/OculusVR/Shaders to virtual directory /Plugin/OculusVR
LogPluginManager: Mounting plugin PhysXVehicles
LogPluginManager: Mounting plugin ProceduralMeshComponent
LogPluginManager: Mounting plugin RuntimePhysXCooking
LogPluginManager: Mounting plugin SteamVR
LogPluginManager: Mounting plugin WindowsMoviePlayer
LogStreaming: Display: Took  0.358s to configure plugins.
LogInit: Using libcurl 7.55.1-DEV
LogInit:  - built for x86_64-pc-win32
LogInit:  - supports SSL with OpenSSL/1.0.2h
LogInit:  - supports HTTP deflate (compression) using libz 1.2.8
LogInit:  - other features:
LogInit:      CURL_VERSION_SSL
LogInit:      CURL_VERSION_LIBZ
LogInit:      CURL_VERSION_IPV6
LogInit:      CURL_VERSION_ASYNCHDNS
LogInit:      CURL_VERSION_LARGEFILE
LogInit:      CURL_VERSION_IDN
LogInit:  CurlRequestOptions (configurable via config and command line):
LogInit:  - bVerifyPeer = false  - Libcurl will NOT verify peer certificate
LogInit:  - bUseHttpProxy = false  - Libcurl will NOT use HTTP proxy
LogInit:  - bDontReuseConnections = false  - Libcurl will reuse connections
LogInit:  - CertBundlePath = nullptr  - Libcurl will use whatever was configured at build time.
LogInit:  - MaxHostConnections = 16  - Libcurl will limit the number of connections to a host
LogInit:  - LocalHostAddr = Default
LogInit:  - BufferSize = 65536
LogInit: WinSock: version 1.1 (2.2), MaxSocks=32767, MaxUdp=65467
LogInit: Build: ++UE4+Release-4.20-CL-4369336
LogInit: Engine Version: 4.20.3-4369336+++UE4+Release-4.20
LogInit: Compatible Engine Version: 4.20.0-4212847+++UE4+Release-4.20
LogInit: Net CL: 4212847
LogInit: OS: Windows 10 (), CPU: Intel(R) Xeon(R) CPU E5-1607 v3 @ 3.10GHz, GPU: NVIDIA GeForce GTX 970
LogInit: Compiled (64-bit): Sep 17 2018 12:26:19
LogInit: Compiled with Visual C++: 19.13.26129.00
LogInit: Build Configuration: Development
LogInit: Branch Name: ++UE4+Release-4.20
LogInit: Command Line:  -skipcompile
LogInit: Base Directory: C:/Epic/UE4/UE_4.20/Engine/Binaries/Win64/
LogInit: Installed Engine Build: 1
LogDevObjectVersion: Number of dev versions registered: 20
LogDevObjectVersion:   Dev-Blueprints (B0D832E4-1F89-4F0D-ACCF-7EB736FD4AA2): 10
LogDevObjectVersion:   Dev-Build (E1C64328-A22C-4D53-A36C-8E866417BD8C): 0
LogDevObjectVersion:   Dev-Core (375EC13C-06E4-48FB-B500-84F0262A717E): 2
LogDevObjectVersion:   Dev-Editor (E4B068ED-F494-42E9-A231-DA0B2E46BB41): 24
LogDevObjectVersion:   Dev-Framework (CFFC743F-43B0-4480-9391-14DF171D2073): 34
LogDevObjectVersion:   Dev-Mobile (B02B49B5-BB20-44E9-A304-32B752E40360): 2
LogDevObjectVersion:   Dev-Networking (A4E4105C-59A1-49B5-A7C5-40C4547EDFEE): 0
LogDevObjectVersion:   Dev-Online (39C831C9-5AE6-47DC-9A44-9C173E1C8E7C): 0
LogDevObjectVersion:   Dev-Physics (78F01B33-EBEA-4F98-B9B4-84EACCB95AA2): 0
LogDevObjectVersion:   Dev-Platform (6631380F-2D4D-43E0-8009-CF276956A95A): 0
LogDevObjectVersion:   Dev-Rendering (12F88B9F-8875-4AFC-A67C-D90C383ABD29): 26
LogDevObjectVersion:   Dev-Sequencer (7B5AE74C-D270-4C10-A958-57980B212A5A): 9
LogDevObjectVersion:   Dev-VR (D7296918-1DD6-4BDD-9DE2-64A83CC13884): 2
LogDevObjectVersion:   Dev-LoadTimes (C2A15278-BFE7-4AFE-6C17-90FF531DF755): 1
LogDevObjectVersion:   Private-Geometry (6EACA3D4-40EC-4CC1-B786-8BED09428FC5): 3
LogDevObjectVersion:   Dev-AnimPhys (29E575DD-E0A3-4627-9D10-D276232CDCEA): 17
LogDevObjectVersion:   Dev-ReflectionCapture (6B266CEC-1EC7-4B8F-A30B-E4D90942FC07): 1
LogDevObjectVersion:   Dev-Automation (0DF73D61-A23F-47EA-B727-89E90C41499A): 1
LogDevObjectVersion:   FortniteMain (601D1886-AC64-4F84-AA16-D3DE0DEAC7D6): 12
LogDevObjectVersion:   Dev-Enterprise (9DFFBCD6-494F-0158-E221-12823C92A888): 1
LogStreaming: Display: Took  0.003s to delete old logs.
LogInit: Presizing for max 8388607 objects, including 0 objects not considered by GC, pre-allocating 0 bytes for permanent pool.
LogInit: Object subsystem initialized
[2019.02.09-14.46.07:228][  0]LogInit: Selected Device Profile: [Windows]
[2019.02.09-14.46.07:231][  0]LogInit: Applying CVar settings loaded from the selected device profile: [Windows]
[2019.02.09-14.46.07:270][  0]LogHAL: Display: Platform has ~ 16 GB [17083682816 / 17179869184 / 16], which maps to Larger [LargestMinGB=32, LargerMinGB=12, DefaultMinGB=8, SmallerMinGB=6, SmallestMinGB=0)
[2019.02.09-14.46.07:270][  0]LogInit: Setting Device Profile CVar: [[r.Vulkan.UseRealUBs:1]]
[2019.02.09-14.46.07:271][  0]LogInit: Going up to parent DeviceProfile []
[2019.02.09-14.46.07:271][  0]LogInit: Computer: S500-35
[2019.02.09-14.46.07:271][  0]LogInit: User: w019563h
[2019.02.09-14.46.07:271][  0]LogInit: CPU Page size=4096, Cores=4
[2019.02.09-14.46.07:271][  0]LogInit: High frequency timer resolution =3.020353 MHz
[2019.02.09-14.46.07:272][  0]LogMemory: Memory total: Physical=15.9GB (16GB approx)
[2019.02.09-14.46.07:272][  0]LogMemory: Platform Memory Stats for Windows
[2019.02.09-14.46.07:272][  0]LogMemory: Process Physical Memory: 100.98 MB used, 100.98 MB peak
[2019.02.09-14.46.07:272][  0]LogMemory: Process Virtual Memory: 84.75 MB used, 84.75 MB peak
[2019.02.09-14.46.07:272][  0]LogMemory: Physical Memory: 7508.47 MB used,  8783.80 MB free, 16292.27 MB total
[2019.02.09-14.46.07:272][  0]LogMemory: Virtual Memory: 4620.62 MB used,  8783.80 MB free, 134217728.00 MB total
[2019.02.09-14.46.07:868][  0]LogInit: Using OS detected language (en-US).
[2019.02.09-14.46.07:868][  0]LogInit: Using OS detected locale (en-GB).
[2019.02.09-14.46.07:870][  0]LogTextLocalizationManager: No specific localization for 'en-US' exists, so the 'en' localization will be used.
[2019.02.09-14.46.08:370][  0]LogStreaming: Display: Took  0.501s to InitEngineTextLocalization.
[2019.02.09-14.46.08:370][  0]LogInit: Setting process to per monitor DPI aware
[2019.02.09-14.46.08:573][  0]LogSlate: New Slate User Created.  User Index 0, Is Virtual User: 0
[2019.02.09-14.46.08:574][  0]LogSlate: Slate User Registered.  User Index 0, Is Virtual User: 0
[2019.02.09-14.46.12:178][  0]LogHMD: Failed to initialize OpenVR with code 110
[2019.02.09-14.46.12:178][  0]LogD3D11RHI: D3D11 adapters:
[2019.02.09-14.46.12:284][  0]LogD3D11RHI:    0. 'NVIDIA GeForce GTX 970' (Feature Level 11_0)
[2019.02.09-14.46.12:284][  0]LogD3D11RHI:       4043/0/8146 MB DedicatedVideo/DedicatedSystem/SharedSystem, Outputs:2, VendorId:0x10de
[2019.02.09-14.46.12:336][  0]LogD3D11RHI:    1. 'Microsoft Basic Render Driver' (Feature Level 11_0)
[2019.02.09-14.46.12:337][  0]LogD3D11RHI:       0/0/8146 MB DedicatedVideo/DedicatedSystem/SharedSystem, Outputs:0, VendorId:0x1414
[2019.02.09-14.46.12:337][  0]LogD3D11RHI: Chosen D3D11 Adapter: 0
[2019.02.09-14.46.12:348][  0]LogD3D11RHI: Creating new Direct3DDevice
[2019.02.09-14.46.12:348][  0]LogD3D11RHI:     GPU DeviceId: 0x13c2 (for the marketing name, search the web for "GPU Device Id")
[2019.02.09-14.46.12:348][  0]LogWindows: EnumDisplayDevices:
[2019.02.09-14.46.12:348][  0]LogWindows:    0. 'NVIDIA GeForce GTX 970' (P:1 D:1)
[2019.02.09-14.46.12:349][  0]LogWindows:    1. 'NVIDIA GeForce GTX 970' (P:0 D:1)
[2019.02.09-14.46.12:350][  0]LogWindows:    2. 'NVIDIA GeForce GTX 970' (P:0 D:0)
[2019.02.09-14.46.12:350][  0]LogWindows:    3. 'NVIDIA GeForce GTX 970' (P:0 D:0)
[2019.02.09-14.46.12:351][  0]LogWindows: DebugString: FoundDriverCount:4 
[2019.02.09-14.46.12:351][  0]LogD3D11RHI:     Adapter Name: NVIDIA GeForce GTX 970
[2019.02.09-14.46.12:351][  0]LogD3D11RHI:   Driver Version: 399.24 (internal:24.21.13.9924, unified:399.24)
[2019.02.09-14.46.12:351][  0]LogD3D11RHI:      Driver Date: 9-5-2018
[2019.02.09-14.46.12:351][  0]LogRHI: Texture pool is 2830 MB (70% of 4043 MB)
[2019.02.09-14.46.12:409][  0]LogD3D11RHI: Async texture creation enabled
[2019.02.09-14.46.12:428][  0]LogD3D11RHI: GPU Timing Frequency: 1000.000000 (Debug: 2 2)
[2019.02.09-14.46.12:515][  0]LogShaderCompilers: Guid format shader working directory is -15 characters bigger than the processId version (../../../../../../Users/w019563h/Documents/TGP_REPOS/FingerGunz/Intermediate/Shaders/WorkingDirectory/11408/).
[2019.02.09-14.46.12:515][  0]LogShaderCompilers: Cleaned the shader compiler working directory 'C:/Users/w019563h/AppData/Local/Temp/UnrealShaderWorkingDir/08E899A140AF9BED6B33A7B77CC19A0F/'.
[2019.02.09-14.46.13:022][  0]LogTemp: Display: Loaded TP AllDesktopTargetPlatform
[2019.02.09-14.46.13:052][  0]LogTemp: Display: Loaded TP MacClientTargetPlatform
[2019.02.09-14.46.13:083][  0]LogTemp: Display: Loaded TP MacNoEditorTargetPlatform
[2019.02.09-14.46.13:108][  0]LogTemp: Display: Loaded TP MacServerTargetPlatform
[2019.02.09-14.46.13:157][  0]LogTemp: Display: Loaded TP MacTargetPlatform
[2019.02.09-14.46.13:208][  0]LogTemp: Display: Loaded TP WindowsClientTargetPlatform
[2019.02.09-14.46.13:241][  0]LogTemp: Display: Loaded TP WindowsNoEditorTargetPlatform
[2019.02.09-14.46.13:268][  0]LogTemp: Display: Loaded TP WindowsServerTargetPlatform
[2019.02.09-14.46.13:285][  0]LogTemp: Display: Loaded TP WindowsTargetPlatform
[2019.02.09-14.46.13:423][  0]LogTemp: Display: Loaded TP AndroidTargetPlatform
[2019.02.09-14.46.13:423][  0]LogTemp: Display: Loaded TP AndroidTargetPlatform
[2019.02.09-14.46.13:423][  0]LogTemp: Display: Loaded TP AndroidTargetPlatform
[2019.02.09-14.46.13:423][  0]LogTemp: Display: Loaded TP AndroidTargetPlatform
[2019.02.09-14.46.13:423][  0]LogTemp: Display: Loaded TP AndroidTargetPlatform
[2019.02.09-14.46.13:424][  0]LogTemp: Display: Loaded TP AndroidTargetPlatform
[2019.02.09-14.46.13:424][  0]LogTemp: Display: Loaded TP AndroidTargetPlatform
[2019.02.09-14.46.13:424][  0]LogTemp: Display: Loaded TP AndroidTargetPlatform
[2019.02.09-14.46.13:424][  0]LogTemp: Display: Loaded TP AndroidTargetPlatform
[2019.02.09-14.46.13:424][  0]LogTemp: Display: Loaded TP AndroidTargetPlatform
[2019.02.09-14.46.13:424][  0]LogTemp: Display: Loaded TP AndroidTargetPlatform
[2019.02.09-14.46.13:424][  0]LogTemp: Display: Loaded TP AndroidTargetPlatform
[2019.02.09-14.46.13:424][  0]LogTemp: Display: Loaded TP AndroidTargetPlatform
[2019.02.09-14.46.13:424][  0]LogTemp: Display: Loaded TP AndroidTargetPlatform
[2019.02.09-14.46.13:424][  0]LogTemp: Display: Loaded TP AndroidTargetPlatform
[2019.02.09-14.46.13:424][  0]LogTemp: Display: Loaded TP AndroidTargetPlatform
[2019.02.09-14.46.13:424][  0]LogTemp: Display: Loaded TP AndroidTargetPlatform
[2019.02.09-14.46.13:424][  0]LogTemp: Display: Loaded TP AndroidTargetPlatform
[2019.02.09-14.46.13:440][  0]LogTemp: Display: Loaded TP HTML5TargetPlatform
[2019.02.09-14.46.13:561][  0]LogTemp: Display: Loaded TP IOSTargetPlatform
[2019.02.09-14.46.13:561][  0]LogTemp: Display: Loaded TP IOSTargetPlatform
[2019.02.09-14.46.13:603][  0]LogTemp: Display: Loaded TP TVOSTargetPlatform
[2019.02.09-14.46.13:604][  0]LogTemp: Display: Loaded TP TVOSTargetPlatform
[2019.02.09-14.46.13:626][  0]LogTemp: Display: Loaded TP LinuxClientTargetPlatform
[2019.02.09-14.46.13:650][  0]LogTemp: Display: Loaded TP LinuxNoEditorTargetPlatform
[2019.02.09-14.46.13:674][  0]LogTemp: Display: Loaded TP LinuxServerTargetPlatform
[2019.02.09-14.46.13:721][  0]LogTemp: Display: Loaded TP LinuxTargetPlatform
[2019.02.09-14.46.13:750][  0]LogTemp: Display: Loaded TP LuminTargetPlatform
[2019.02.09-14.46.13:751][  0]LogTargetPlatformManager: Display: Building Assets For Windows
[2019.02.09-14.46.14:149][  0]LogXGEController: Cleaning working directory: C:/Users/w019563h/AppData/Local/Temp/UnrealXGEWorkingDir/
[2019.02.09-14.46.14:150][  0]LogXGEController: Cannot use XGE Controller as Incredibuild is not installed on this machine.
[2019.02.09-14.46.14:150][  0]LogShaderCompilers: Cannot use XGE Shader Compiler as Incredibuild is not installed on this machine.
[2019.02.09-14.46.14:150][  0]LogShaderCompilers: Display: Using Local Shader Compiler.
[2019.02.09-14.46.16:737][  0]LogDerivedDataCache: Display: Max Cache Size: 512 MB
[2019.02.09-14.46.16:838][  0]LogDerivedDataCache: Loaded boot cache 0.10s 71MB C:/Users/w019563h/AppData/Local/UnrealEngine/4.20/DerivedDataCache/Boot.ddc.
[2019.02.09-14.46.16:839][  0]LogDerivedDataCache: Display: Loaded Boot cache: C:/Users/w019563h/AppData/Local/UnrealEngine/4.20/DerivedDataCache/Boot.ddc
[2019.02.09-14.46.16:839][  0]LogDerivedDataCache: FDerivedDataBackendGraph:  Pak pak cache file ../../../../../../Users/w019563h/Documents/TGP_REPOS/FingerGunz/DerivedDataCache/DDC.ddp not found, will not use a pak cache.
[2019.02.09-14.46.16:839][  0]LogDerivedDataCache: Unable to find inner node Pak for hierarchical cache Hierarchy.
[2019.02.09-14.46.16:840][  0]LogDerivedDataCache: FDerivedDataBackendGraph:  CompressedPak pak cache file ../../../../../../Users/w019563h/Documents/TGP_REPOS/FingerGunz/DerivedDataCache/Compressed.ddp not found, will not use a pak cache.
[2019.02.09-14.46.16:840][  0]LogDerivedDataCache: Unable to find inner node CompressedPak for hierarchical cache Hierarchy.
[2019.02.09-14.46.16:855][  0]LogDerivedDataCache: Display: Pak cache opened for reading ../../../Engine/DerivedDataCache/Compressed.ddp.
[2019.02.09-14.46.16:870][  0]LogDerivedDataCache: Using Local data cache path C:/Users/w019563h/AppData/Local/UnrealEngine/Common/DerivedDataCache: Writable
[2019.02.09-14.46.16:870][  0]LogDerivedDataCache: Shared data cache path not found in *engine.ini, will not use an Shared cache.
[2019.02.09-14.46.16:870][  0]LogDerivedDataCache: Unable to find inner node Shared for hierarchical cache Hierarchy.
[2019.02.09-14.46.16:892][  0]LogMaterial: Verifying Global Shaders for PCD3D_SM5
[2019.02.09-14.46.16:894][  0]LogSlate: Using FreeType 2.6.0
[2019.02.09-14.46.16:912][  0]LogSlate: SlateFontServices - WITH_FREETYPE: 1, WITH_HARFBUZZ: 1
[2019.02.09-14.46.17:244][  0]LogAssetRegistry: FAssetRegistry took 0.0391 seconds to start up
[2019.02.09-14.46.17:708][  0]LogInit: Selected Device Profile: [Windows]
[2019.02.09-14.46.18:145][  0]LogSimplygon: Simplygon DLL not present - disabling.
[2019.02.09-14.46.18:178][  0]LogMeshReduction: Using SimplygonSwarm for distributed automatic mesh merging
[2019.02.09-14.46.18:178][  0]LogMeshReduction: Using ProxyLODMeshReduction for automatic mesh merging
[2019.02.09-14.46.18:178][  0]LogMeshReduction: Using QuadricMeshReduction for automatic static mesh reduction
[2019.02.09-14.46.18:178][  0]LogMeshReduction: No automatic skeletal mesh reduction module available
[2019.02.09-14.46.18:260][  0]LogNetVersion: FingerGunz 1.0.0, NetCL: 4212847, EngineNetVer: 5, GameNetVer: 0 (Checksum: 1181982473)
[2019.02.09-14.46.19:785][  0]LogPackageLocalizationCache: Processed 11 localized package path(s) for 2 prioritized culture(s) in 0.170310 seconds
[2019.02.09-14.46.19:794][  0]LogUObjectArray: 38425 objects as part of root set at end of initial load.
[2019.02.09-14.46.19:796][  0]LogUObjectAllocator: 6690872 out of 0 bytes used by permanent object pool.
[2019.02.09-14.46.19:796][  0]LogUObjectArray: CloseDisregardForGC: 0/0 objects in disregard for GC pool
[2019.02.09-14.46.24:259][  0]LogTcpMessaging: Initializing TcpMessaging bridge
[2019.02.09-14.46.24:285][  0]LogUdpMessaging: Initializing bridge on interface 0.0.0.0:0 to multicast group 230.0.0.1:6666.
[2019.02.09-14.46.24:837][  0]SourceControl: Source control is disabled
[2019.02.09-14.46.24:837][  0]SourceControl: Source control is disabled
[2019.02.09-14.46.24:848][  0]SourceControl: Source control is disabled
[2019.02.09-14.46.24:861][  0]SourceControl: Source control is disabled
[2019.02.09-14.46.25:672][  0]LogAndroidPermission: UAndroidPermissionCallbackProxy::GetInstance
[2019.02.09-14.46.25:901][  0]LogOcInput: OculusInput pre-init called
[2019.02.09-14.46.26:101][  0]LogEngine: Initializing Engine...
[2019.02.09-14.46.26:102][  0]LogHMD: Failed to initialize OpenVR with code 110
[2019.02.09-14.46.26:103][  0]LogStats: UGameplayTagsManager::ConstructGameplayTagTree: ImportINI prefixes -  0.000 s
[2019.02.09-14.46.26:103][  0]LogStats: UGameplayTagsManager::ConstructGameplayTagTree: Construct from data asset -  0.000 s
[2019.02.09-14.46.26:104][  0]LogStats: UGameplayTagsManager::ConstructGameplayTagTree: ImportINI -  0.000 s
[2019.02.09-14.46.26:104][  0]LogStats: UGameplayTagsManager::ConstructGameplayTagTree: GameplayTagTreeChangedEvent.Broadcast -  0.000 s
[2019.02.09-14.46.26:716][  0]LogInit: Initializing FReadOnlyCVARCache
[2019.02.09-14.46.26:755][  0]LogAIModule: Creating AISystem for world Untitled
[2019.02.09-14.46.26:773][  0]LogInit: XAudio2 using 'Speakers (Realtek High Definition Audio)' : 2 channels at 48 kHz using 32 bits per sample (channel mask 0x3)
[2019.02.09-14.46.26:833][  0]LogInit: FAudioDevice initialized.
[2019.02.09-14.46.26:833][  0]LogNetVersion: Set ProjectVersion to 1.0.0.0. Version Checksum will be recalculated on next use.
[2019.02.09-14.46.27:144][  0]LogDerivedDataCache: Saved boot cache 0.31s 71MB C:/Users/w019563h/AppData/Local/UnrealEngine/4.20/DerivedDataCache/Boot.ddc.
[2019.02.09-14.46.27:159][  0]LogInit: Texture streaming: Enabled
[2019.02.09-14.46.27:251][  0]LogEngineSessionManager: EngineSessionManager initialized
[2019.02.09-14.46.27:293][  0]LogInit: Transaction tracking system initialized
[2019.02.09-14.46.27:504][  0]BlueprintLog: New page: Editor Load
[2019.02.09-14.46.28:148][  0]LocalizationService: Localization service is disabled
[2019.02.09-14.46.29:382][  0]LogCook: Display: Max memory allowance for cook 16384mb min free memory 0mb
[2019.02.09-14.46.29:382][  0]LogCook: Display: Mobile HDR setting 1
[2019.02.09-14.46.29:382][  0]LogGameplayTags: Display: UGameplayTagsManager::DoneAddingNativeTags. DelegateIsBound: 0
[2019.02.09-14.46.29:382][  0]LogStats: UGameplayTagsManager::ConstructGameplayTagTree: ImportINI prefixes -  0.000 s
[2019.02.09-14.46.29:382][  0]LogStats: UGameplayTagsManager::ConstructGameplayTagTree: Construct from data asset -  0.000 s
[2019.02.09-14.46.29:383][  0]LogFileCache: Scanning file cache for directory 'C:/Users/w019563h/Documents/TGP_REPOS/FingerGunz/Content/' took 0.02s
[2019.02.09-14.46.29:383][  0]LogStats: UGameplayTagsManager::ConstructGameplayTagTree: ImportINI -  0.000 s
[2019.02.09-14.46.29:383][  0]LogStats: UGameplayTagsManager::ConstructGameplayTagTree: GameplayTagTreeChangedEvent.Broadcast -  0.000 s
[2019.02.09-14.46.30:631][  0]SourceControl: Source control is disabled
[2019.02.09-14.46.30:632][  0]Cmd: MAP LOAD FILE="../../../Engine/Content/Maps/Templates/Template_Default.umap" TEMPLATE=1 SHOWPROGRESS=1 FEATURELEVEL=3
[2019.02.09-14.46.30:633][  0]LightingResults: New page: Lighting Build
[2019.02.09-14.46.30:638][  0]MapCheck: New page: Map Check
[2019.02.09-14.46.30:638][  0]LightingResults: New page: Lighting Build
[2019.02.09-14.46.30:932][  0]LogAIModule: Creating AISystem for world Untitled_1
[2019.02.09-14.46.30:959][  0]LogEditorServer: Finished looking for orphan Actors (0.000 secs)
[2019.02.09-14.46.30:988][  0]Cmd: MAP CHECKDEP NOCLEARLOG
[2019.02.09-14.46.31:207][  0]MapCheck: Map check complete: 0 Error(s), 0 Warning(s), took 218.671ms to complete.
[2019.02.09-14.46.31:207][  0]LogFileHelpers: Loading map 'Template_Default' took 0.576
[2019.02.09-14.46.31:446][  0]LogSlate: Updating window title bar state: overlay mode, drag disabled, window buttons hidden, title bar hidden
[2019.02.09-14.46.31:455][  0]LogSlate: Updating window title bar state: overlay mode, drag disabled, window buttons hidden, title bar hidden
[2019.02.09-14.46.31:463][  0]LogSlate: Updating window title bar state: overlay mode, drag disabled, window buttons hidden, title bar hidden
[2019.02.09-14.46.31:473][  0]LogSlate: Updating window title bar state: overlay mode, drag disabled, window buttons hidden, title bar hidden
[2019.02.09-14.46.31:500][  0]LogCollectionManager: Loaded 0 collections in 0.004138 seconds
[2019.02.09-14.46.31:573][  0]LogFileCache: Scanning file cache for directory 'C:/Users/w019563h/Documents/TGP_REPOS/FingerGunz/Saved/Collections/' took 0.01s
[2019.02.09-14.46.31:573][  0]LogFileCache: Scanning file cache for directory 'C:/Users/w019563h/Documents/TGP_REPOS/FingerGunz/Content/Developers/w019563h/Collections/' took 0.01s
[2019.02.09-14.46.31:573][  0]LogFileCache: Scanning file cache for directory 'C:/Users/w019563h/Documents/TGP_REPOS/FingerGunz/Content/Collections/' took 0.01s
[2019.02.09-14.46.31:573][  0]LogCollectionManager: Rebuilt the GUID cache for 0 collections in 0.000000 seconds
[2019.02.09-14.46.31:585][  0]LogContentBrowser: Native class hierarchy populated in 0.0116 seconds. Added 2574 classes and 605 folders.
[2019.02.09-14.46.31:619][  0]LogContentBrowser: Native class hierarchy updated for 'WidgetCarousel' in 0.0006 seconds. Added 0 classes and 0 folders.
[2019.02.09-14.46.32:090][  0]LogContentBrowser: Native class hierarchy updated for 'AddContentDialog' in 0.0007 seconds. Added 0 classes and 0 folders.
[2019.02.09-14.46.32:115][  0]LogContentBrowser: Native class hierarchy updated for 'SceneOutliner' in 0.0006 seconds. Added 1 classes and 2 folders.
[2019.02.09-14.46.32:144][  0]LogSlate: Took 0.012413 seconds to synchronously load lazily loaded font '../../../Engine/Content/Slate/Fonts/Roboto-Regular.ttf' (155K)
[2019.02.09-14.46.32:166][  0]LogSlate: Took 0.019785 seconds to synchronously load lazily loaded font '../../../Engine/Content/Slate/Fonts/Roboto-Bold.ttf' (160K)
[2019.02.09-14.46.32:188][  0]LogSlate: Took 0.017149 seconds to synchronously load lazily loaded font '../../../Engine/Content/Editor/Slate/Fonts/FontAwesome.ttf' (139K)
[2019.02.09-14.46.32:356][  0]LogRenderer: Reallocating scene render targets to support 1208x576 Format 10 NumSamples 1 (Frame:1).
[2019.02.09-14.46.32:500][  0]LogSlate: FSceneViewport::OnFocusLost() reason 2
[2019.02.09-14.46.32:626][  0]LogSlate: Window 'Tutorials' being destroyed
[2019.02.09-14.46.32:686][  0]LogContentBrowser: Native class hierarchy updated for 'HierarchicalLODOutliner' in 0.0006 seconds. Added 0 classes and 0 folders.
[2019.02.09-14.46.32:686][  0]LogLoad: (Engine Initialization) Total time: 30.53 seconds
[2019.02.09-14.46.32:686][  0]LogLoad: (Engine Initialization) Total Blueprint compile time: 0.00 seconds
[2019.02.09-14.46.32:716][  0]LogContentStreaming: Texture pool size now 1000 MB
[2019.02.09-14.46.32:788][  0]LogSlate: Took 0.012136 seconds to synchronously load lazily loaded font '../../../Engine/Content/Slate/Fonts/Roboto-Light.ttf' (167K)
[2019.02.09-14.46.32:814][  1]LogAssetRegistry: Asset discovery search completed in 15.6039 seconds
[2019.02.09-14.46.32:835][  1]LogCollectionManager: Rebuilt the object cache for 0 collections in 0.000000 seconds (found 0 objects)
[2019.02.09-14.46.32:835][  1]LogCollectionManager: Fixed up redirectors for 0 collections in 0.000155 seconds (updated 0 objects)
[2019.02.09-14.46.36:171][384]LogEditorViewport: Clicking on Actor (LMB): PlayerStart (Player Start)
[2019.02.09-14.46.37:979][491]LogEditorViewport: Clicking on Actor (LMB): BP_Sky_Sphere_C (Sky Sphere)
[2019.02.09-14.46.39:270][611]LogSlate: FSceneViewport::OnFocusLost() reason 0
[2019.02.09-14.46.43:264][908]LogSlate: FSceneViewport::OnFocusLost() reason 0
[2019.02.09-14.46.43:356][919]LogTemp: Repeating last play command: Selected Viewport
[2019.02.09-14.46.43:429][919]LogPlayLevel: PlayLevel: No blueprints needed recompiling
[2019.02.09-14.46.43:561][919]PIE: New page: PIE session: Untitled_1 (9 Feb 2019 14:46:43)
[2019.02.09-14.46.43:562][919]LogPlayLevel: Creating play world package: /Temp/UEDPIE_0_Untitled_1
[2019.02.09-14.46.43:612][919]LogPlayLevel: PIE: StaticDuplicateObject took: (0.050528s)
[2019.02.09-14.46.43:613][919]LogAIModule: Creating AISystem for world Untitled_1
[2019.02.09-14.46.43:627][919]LogPlayLevel: PIE: World Init took: (0.014337s)
[2019.02.09-14.46.43:642][919]LogPlayLevel: PIE: Created PIE world by copying editor world from /Temp/Untitled_1.Untitled_1 to /Temp/UEDPIE_0_Untitled_1.Untitled_1 (0.080286s)
[2019.02.09-14.46.43:753][919]LogInit: XAudio2 using 'Speakers (Realtek High Definition Audio)' : 2 channels at 48 kHz using 32 bits per sample (channel mask 0x3)
[2019.02.09-14.46.43:772][919]LogInit: FAudioDevice initialized.
[2019.02.09-14.46.43:850][919]LogLoad: Game class is 'GameModeBase'
[2019.02.09-14.46.44:012][919]LogWorld: Bringing World /Temp/UEDPIE_0_Untitled_1.Untitled_1 up for play (max tick rate 0) at 2019.02.09-14.46.44
[2019.02.09-14.46.44:062][919]LogWorld: Bringing up level for play took: 0.072481
[2019.02.09-14.46.44:241][919]LogContentBrowser: Native class hierarchy updated for 'MovieSceneCapture' in 0.0007 seconds. Added 10 classes and 0 folders.
[2019.02.09-14.46.44:295][919]PIE: Play in editor start time for /Temp/UEDPIE_0_Untitled_1 1.699
[2019.02.09-14.46.50:220][589]LogSlate: Updating window title bar state: overlay mode, drag disabled, window buttons hidden, title bar hidden
[2019.02.09-14.46.50:287][589]LogPlayLevel: Display: Shutting down PIE online subsystems
[2019.02.09-14.46.50:330][589]LogSlate: Updating window title bar state: overlay mode, drag disabled, window buttons hidden, title bar hidden
[2019.02.09-14.46.50:358][590]LogPlayLevel: Display: Destroying online subsystem :Context_1
[2019.02.09-14.46.52:452][837]LogSlate: FSceneViewport::OnFocusLost() reason 0
[2019.02.09-14.46.55:227][166]LogSlate: Took 0.000239 seconds to synchronously load lazily loaded font '../../../Engine/Content/Slate/Fonts/Roboto-Light.ttf' (167K)
[2019.02.09-14.46.55:235][166]LogAssetEditorManager: Opening Asset editor for Class /Script/FingerGunz.player_cpp
[2019.02.09-14.48.25:319][661]LogTemp: Executing iPhonePackager certificates Engine -bundlename com.YourCompany.FingerGunz
[2019.02.09-14.48.25:322][661]LogTemp: CWD: C:\Epic\UE4\UE_4.20\Engine\Binaries\DotNET\IOS
[2019.02.09-14.48.25:322][661]LogTemp: Initial Dir: C:\Epic\UE4\UE_4.20
[2019.02.09-14.48.25:322][661]LogTemp: Env CWD: C:\Epic\UE4\UE_4.20\Engine\Binaries\DotNET\IOS
[2019.02.09-14.48.25:323][661]LogTemp: BranchPath = S500-35/C/Epic/UE4/UE_4.20/Engine/Binaries --- GameBranchPath = S500-35/C/Epic/UE4/UE_4.20/Engine/Binaries
[2019.02.09-14.48.25:326][661]LogSlate: Only BGRA pngs, bmps or icos are supported in by External Image Picker
[2019.02.09-14.48.25:551][662]LogTemp: IPP ERROR: Could not find provision directory 'C:\Users\w019563h\AppData\Local/Apple Computer/MobileDevice/Provisioning Profiles/'.
[2019.02.09-14.48.28:070][900]LogSlate: Window 'Project Settings' being destroyed
[2019.02.09-14.51.38:410][998]Candidate modules for hot reload:
[2019.02.09-14.51.38:410][998]  FingerGunz
[2019.02.09-14.51.38:411][998]Launching UnrealBuildTool... [C:/Epic/UE4/UE_4.20/Engine/Binaries/DotNET/UnrealBuildTool.exe  -ModuleWithSuffix=FingerGunz,6522 Win64 Development -TargetType=Editor -Project="../../../../../../Users/w019563h/Documents/TGP_REPOS/FingerGunz/FingerGunz.uproject" -canskiplink "C:/Users/w019563h/Documents/TGP_REPOS/FingerGunz/FingerGunz.uproject" ]
[2019.02.09-14.51.38:507][998]Warning: Starting HotReload took  0.2s.
[2019.02.09-14.52.02:897][578]CompilerResultsLog: New page: Compilation - 9 Feb 2019 14:52:02
[2019.02.09-14.52.02:898][578]CompilerResultsLog: Performing full C++ include scan (hot reloading a new target)
[2019.02.09-14.52.02:898][578]CompilerResultsLog: Using 'git status' to determine working set for adaptive non-unity build.
[2019.02.09-14.52.02:898][578]CompilerResultsLog: Creating makefile for hot reloading FingerGunzEditor (game project files are newer)
[2019.02.09-14.52.02:898][578]CompilerResultsLog: Compiling game modules for hot reload
[2019.02.09-14.52.02:898][578]CompilerResultsLog: Using Visual Studio 2017 14.14.26428 toolchain (C:\Program Files (x86)\Microsoft Visual Studio\2017\Professional\VC\Tools\MSVC\14.14.26428) and Windows 10.0.17134.0 SDK (C:\Program Files (x86)\Windows Kits\10).
[2019.02.09-14.52.02:899][578]CompilerResultsLog: Building 3 actions with 4 processes...
[2019.02.09-14.52.02:899][578]CompilerResultsLog:   [1/3] player_cpp.cpp
[2019.02.09-14.52.02:900][578]CompilerResultsLog:   [2/3] UE4Editor-FingerGunz-6522.lib
[2019.02.09-14.52.02:900][578]CompilerResultsLog:      Creating library C:\Users\w019563h\Documents\TGP_REPOS\FingerGunz\Intermediate\Build\Win64\UE4Editor\Development\FingerGunz\UE4Editor-FingerGunz-6522.lib and object C:\Users\w019563h\Documents\TGP_REPOS\FingerGunz\Intermediate\Build\Win64\UE4Editor\Development\FingerGunz\UE4Editor-FingerGunz-6522.exp
[2019.02.09-14.52.02:900][578]CompilerResultsLog:   [3/3] UE4Editor-FingerGunz-6522.dll
[2019.02.09-14.52.02:900][578]CompilerResultsLog:      Creating library C:\Users\w019563h\Documents\TGP_REPOS\FingerGunz\Intermediate\Build\Win64\UE4Editor\Development\FingerGunz\UE4Editor-FingerGunz-6522.suppressed.lib and object C:\Users\w019563h\Documents\TGP_REPOS\FingerGunz\Intermediate\Build\Win64\UE4Editor\Development\FingerGunz\UE4Editor-FingerGunz-6522.suppressed.exp
[2019.02.09-14.52.02:901][578]CompilerResultsLog: Total build time: 23.72 seconds (Parallel executor: 5.81 seconds)
[2019.02.09-14.52.02:913][578]LogMainFrame: MainFrame: Module compiling took 24.541 seconds
[2019.02.09-14.52.03:015][578]LogContentBrowser: Native class hierarchy updated for 'FingerGunz' in 0.0006 seconds. Added 2 classes and 2 folders.
[2019.02.09-14.52.03:018][578]Display: HotReload successful (0 functions remapped  0 scriptstructs remapped)
[2019.02.09-14.52.03:830][578]LogContentBrowser: Native class hierarchy populated in 0.0104 seconds. Added 2575 classes and 607 folders.
[2019.02.09-14.52.04:520][578]Display: HotReload took 26.2s.
[2019.02.09-14.52.06:509][805]LogTemp: Repeating last play command: Selected Viewport
[2019.02.09-14.52.06:527][805]LogPlayLevel: PlayLevel: No blueprints needed recompiling
[2019.02.09-14.52.06:527][805]PIE: New page: PIE session: Untitled_1 (9 Feb 2019 14:52:06)
[2019.02.09-14.52.06:527][805]LogPlayLevel: Creating play world package: /Temp/UEDPIE_0_Untitled_1
[2019.02.09-14.52.06:531][805]LogPlayLevel: PIE: StaticDuplicateObject took: (0.002708s)
[2019.02.09-14.52.06:532][805]LogAIModule: Creating AISystem for world Untitled_1
[2019.02.09-14.52.06:532][805]LogPlayLevel: PIE: World Init took: (0.001098s)
[2019.02.09-14.52.06:532][805]LogPlayLevel: PIE: Created PIE world by copying editor world from /Temp/Untitled_1.Untitled_1 to /Temp/UEDPIE_0_Untitled_1.Untitled_1 (0.004902s)
[2019.02.09-14.52.06:561][805]LogInit: XAudio2 using 'Speakers (Realtek High Definition Audio)' : 2 channels at 48 kHz using 32 bits per sample (channel mask 0x3)
[2019.02.09-14.52.06:580][805]LogInit: FAudioDevice initialized.
[2019.02.09-14.52.06:629][805]LogLoad: Game class is 'GameModeBase'
[2019.02.09-14.52.06:631][805]LogWorld: Bringing World /Temp/UEDPIE_0_Untitled_1.Untitled_1 up for play (max tick rate 0) at 2019.02.09-14.52.06
[2019.02.09-14.52.06:631][805]LogWorld: Bringing up level for play took: 0.000930
[2019.02.09-14.52.06:645][805]PIE: Play in editor start time for /Temp/UEDPIE_0_Untitled_1 0.051
[2019.02.09-14.52.16:604][955]LogSlate: Updating window title bar state: overlay mode, drag disabled, window buttons hidden, title bar hidden
[2019.02.09-14.52.16:643][955]LogPlayLevel: Display: Shutting down PIE online subsystems
[2019.02.09-14.52.16:670][955]LogSlate: Updating window title bar state: overlay mode, drag disabled, window buttons hidden, title bar hidden
[2019.02.09-14.52.16:698][956]LogPlayLevel: Display: Destroying online subsystem :Context_3
[2019.02.09-14.52.41:758][223]LogSlate: FSceneViewport::OnFocusLost() reason 0
[2019.02.09-14.52.45:733][662]LogAssetEditorManager: Opening Asset editor for Blueprint /Game/Player/Player_Blueprint.Player_Blueprint
[2019.02.09-14.52.54:762][662]LogContentBrowser: Native class hierarchy updated for 'BlueprintGraph' in 0.0010 seconds. Added 116 classes and 0 folders.
[2019.02.09-14.52.59:990][841]LogSlate: Window 'Player_Blueprint' being destroyed
[2019.02.09-14.54.04:873][487]BlueprintLog: New page: Compile Player_Blueprint
[2019.02.09-14.54.06:906][663]LogTemp: Repeating last play command: Selected Viewport
[2019.02.09-14.54.06:929][663]LogPlayLevel: PlayLevel: No blueprints needed recompiling
[2019.02.09-14.54.06:929][663]PIE: New page: PIE session: Untitled_1 (9 Feb 2019 14:54:06)
[2019.02.09-14.54.06:929][663]LogPlayLevel: Creating play world package: /Temp/UEDPIE_0_Untitled_1
[2019.02.09-14.54.06:932][663]LogPlayLevel: PIE: StaticDuplicateObject took: (0.002472s)
[2019.02.09-14.54.06:933][663]LogAIModule: Creating AISystem for world Untitled_1
[2019.02.09-14.54.06:934][663]LogPlayLevel: PIE: World Init took: (0.001495s)
[2019.02.09-14.54.06:934][663]LogPlayLevel: PIE: Created PIE world by copying editor world from /Temp/Untitled_1.Untitled_1 to /Temp/UEDPIE_0_Untitled_1.Untitled_1 (0.005110s)
[2019.02.09-14.54.06:964][663]LogInit: XAudio2 using 'Speakers (Realtek High Definition Audio)' : 2 channels at 48 kHz using 32 bits per sample (channel mask 0x3)
[2019.02.09-14.54.06:981][663]LogInit: FAudioDevice initialized.
[2019.02.09-14.54.07:018][663]LogLoad: Game class is 'GameModeBase'
[2019.02.09-14.54.07:019][663]LogWorld: Bringing World /Temp/UEDPIE_0_Untitled_1.Untitled_1 up for play (max tick rate 0) at 2019.02.09-14.54.07
[2019.02.09-14.54.07:020][663]LogWorld: Bringing up level for play took: 0.000840
[2019.02.09-14.54.07:033][663]PIE: Play in editor start time for /Temp/UEDPIE_0_Untitled_1 0.438
[2019.02.09-14.54.26:344][960]LogSlate: Updating window title bar state: overlay mode, drag disabled, window buttons hidden, title bar hidden
[2019.02.09-14.54.26:387][960]LogPlayLevel: Display: Shutting down PIE online subsystems
[2019.02.09-14.54.26:422][960]LogSlate: Updating window title bar state: overlay mode, drag disabled, window buttons hidden, title bar hidden
[2019.02.09-14.54.26:444][961]LogPlayLevel: Display: Destroying online subsystem :Context_5
[2019.02.09-14.54.27:814][124]LogSlate: FSceneViewport::OnFocusLost() reason 0
[2019.02.09-14.54.48:933][653]LogTemp: Repeating last play command: Selected Viewport
[2019.02.09-14.54.48:951][653]LogPlayLevel: PlayLevel: No blueprints needed recompiling
[2019.02.09-14.54.48:951][653]PIE: New page: PIE session: Untitled_1 (9 Feb 2019 14:54:48)
[2019.02.09-14.54.48:952][653]LogPlayLevel: Creating play world package: /Temp/UEDPIE_0_Untitled_1
[2019.02.09-14.54.48:954][653]LogPlayLevel: PIE: StaticDuplicateObject took: (0.002560s)
[2019.02.09-14.54.48:955][653]LogAIModule: Creating AISystem for world Untitled_1
[2019.02.09-14.54.48:955][653]LogPlayLevel: PIE: World Init took: (0.001135s)
[2019.02.09-14.54.48:956][653]LogPlayLevel: PIE: Created PIE world by copying editor world from /Temp/Untitled_1.Untitled_1 to /Temp/UEDPIE_0_Untitled_1.Untitled_1 (0.003999s)
[2019.02.09-14.54.48:989][653]LogInit: XAudio2 using 'Speakers (Realtek High Definition Audio)' : 2 channels at 48 kHz using 32 bits per sample (channel mask 0x3)
[2019.02.09-14.54.49:005][653]LogInit: FAudioDevice initialized.
[2019.02.09-14.54.49:039][653]LogLoad: Game class is 'GameModeBase'
[2019.02.09-14.54.49:040][653]LogWorld: Bringing World /Temp/UEDPIE_0_Untitled_1.Untitled_1 up for play (max tick rate 0) at 2019.02.09-14.54.49
[2019.02.09-14.54.49:041][653]LogWorld: Bringing up level for play took: 0.000830
[2019.02.09-14.54.49:054][653]PIE: Play in editor start time for /Temp/UEDPIE_0_Untitled_1 0.459
[2019.02.09-14.54.55:951][477]LogSlate: Updating window title bar state: overlay mode, drag disabled, window buttons hidden, title bar hidden
[2019.02.09-14.54.55:992][477]LogPlayLevel: Display: Shutting down PIE online subsystems
[2019.02.09-14.54.56:025][477]LogSlate: Updating window title bar state: overlay mode, drag disabled, window buttons hidden, title bar hidden
[2019.02.09-14.54.56:058][480]LogPlayLevel: Display: Destroying online subsystem :Context_6
[2019.02.09-14.54.57:182][610]LogEditorViewport: Clicking on Actor (LMB): StaticMeshActor (Floor)
[2019.02.09-14.54.58:610][749]LogSlate: FSceneViewport::OnFocusLost() reason 0
[2019.02.09-14.54.58:740][762]LogAssetEditorManager: Opening Asset editor for Material /Engine/EngineMaterials/DefaultMaterial.DefaultMaterial
[2019.02.09-14.54.58:764][762]LogMaterial: Display: Missing cached shader map for material DefaultMaterial, compiling. 
[2019.02.09-14.55.00:233][762]LogMaterial: Display: Missing cached shader map for material DefaultMaterial, compiling. 
[2019.02.09-14.55.00:300][762]LogShaderCompilers: Display: Shaders left to compile 68
[2019.02.09-14.55.00:300][762]LogShaderCompilers: Display: Shaders left to compile 67
[2019.02.09-14.55.00:300][762]LogShaderCompilers: Display: Shaders left to compile 66
[2019.02.09-14.55.00:343][762]LogMaterial: Display: Missing cached shader map for material FMatExpressionPreview MaterialExpressionTextureSample_14, compiling. 
[2019.02.09-14.55.00:352][762]LogMaterial: Display: Missing cached shader map for material FMatExpressionPreview MaterialExpressionTextureSample_15, compiling. 
[2019.02.09-14.55.00:359][762]LogMaterial: Display: Missing cached shader map for material FMatExpressionPreview MaterialExpressionTextureSample_16, compiling. 
[2019.02.09-14.55.00:367][762]LogMaterial: Display: Missing cached shader map for material FMatExpressionPreview MaterialExpressionConstant3Vector_3, compiling. 
[2019.02.09-14.55.00:375][762]LogMaterial: Display: Missing cached shader map for material FMatExpressionPreview MaterialExpressionTextureSample_17, compiling. 
[2019.02.09-14.55.00:501][762]LogSlate: Took 0.056673 seconds to synchronously load lazily loaded font '../../../Engine/Content/Slate/Fonts/Roboto-BoldCondensed.ttf' (158K)
[2019.02.09-14.55.03:181][976]LogShaderCompilers: Display: Shaders left to compile 75
[2019.02.09-14.55.03:232][982]LogShaderCompilers: Display: Shaders left to compile 74
[2019.02.09-14.55.03:266][986]LogShaderCompilers: Display: Shaders left to compile 73
[2019.02.09-14.55.03:573][ 21]LogShaderCompilers: Display: Shaders left to compile 72
[2019.02.09-14.55.03:629][ 27]LogShaderCompilers: Display: Shaders left to compile 71
[2019.02.09-14.55.03:652][ 29]LogShaderCompilers: Display: Shaders left to compile 70
[2019.02.09-14.55.04:063][ 68]LogShaderCompilers: Display: Shaders left to compile 69
[2019.02.09-14.55.04:083][ 70]LogShaderCompilers: Display: Shaders left to compile 68
[2019.02.09-14.55.04:101][ 72]LogShaderCompilers: Display: Shaders left to compile 67
[2019.02.09-14.55.04:929][156]LogShaderCompilers: Display: Shaders left to compile 66
[2019.02.09-14.55.05:467][210]LogShaderCompilers: Display: Shaders left to compile 65
[2019.02.09-14.55.05:609][225]LogShaderCompilers: Display: Shaders left to compile 64
[2019.02.09-14.55.06:058][273]LogShaderCompilers: Display: Shaders left to compile 63
[2019.02.09-14.55.06:351][302]LogShaderCompilers: Display: Shaders left to compile 62
[2019.02.09-14.55.06:690][336]LogShaderCompilers: Display: Shaders left to compile 61
[2019.02.09-14.55.07:145][382]LogShaderCompilers: Display: Shaders left to compile 60
[2019.02.09-14.55.07:437][412]LogShaderCompilers: Display: Shaders left to compile 59
[2019.02.09-14.55.07:456][414]LogShaderCompilers: Display: Shaders left to compile 58
[2019.02.09-14.55.07:835][424]LogShaderCompilers: Display: Shaders left to compile 47
[2019.02.09-14.55.07:902][424]LogShaderCompilers: Display: Shaders left to compile 46
[2019.02.09-14.55.08:040][437]LogShaderCompilers: Display: Shaders left to compile 45
[2019.02.09-14.55.08:418][479]LogShaderCompilers: Display: Shaders left to compile 44
[2019.02.09-14.55.08:454][483]LogShaderCompilers: Display: Shaders left to compile 43
[2019.02.09-14.55.08:616][501]LogShaderCompilers: Display: Shaders left to compile 42
[2019.02.09-14.55.08:990][544]LogShaderCompilers: Display: Shaders left to compile 41
[2019.02.09-14.55.09:064][552]LogShaderCompilers: Display: Shaders left to compile 40
[2019.02.09-14.55.09:118][558]LogShaderCompilers: Display: Shaders left to compile 39
[2019.02.09-14.55.09:657][619]LogShaderCompilers: Display: Shaders left to compile 38
[2019.02.09-14.55.09:741][629]LogShaderCompilers: Display: Shaders left to compile 37
[2019.02.09-14.55.09:869][643]LogShaderCompilers: Display: Shaders left to compile 36
[2019.02.09-14.55.10:116][671]LogShaderCompilers: Display: Shaders left to compile 35
[2019.02.09-14.55.10:185][679]LogShaderCompilers: Display: Shaders left to compile 34
[2019.02.09-14.55.10:615][724]LogShaderCompilers: Display: Shaders left to compile 33
[2019.02.09-14.55.10:757][739]LogShaderCompilers: Display: Shaders left to compile 32
[2019.02.09-14.55.10:767][740]LogShaderCompilers: Display: Shaders left to compile 31
[2019.02.09-14.55.11:051][771]LogShaderCompilers: Display: Shaders left to compile 30
[2019.02.09-14.55.11:340][803]LogShaderCompilers: Display: Shaders left to compile 29
[2019.02.09-14.55.12:037][874]LogShaderCompilers: Display: Shaders left to compile 28
[2019.02.09-14.55.12:130][883]LogShaderCompilers: Display: Shaders left to compile 27
[2019.02.09-14.55.12:199][891]LogShaderCompilers: Display: Shaders left to compile 26
[2019.02.09-14.55.12:786][954]LogSlate: FSceneViewport::OnFocusLost() reason 0
[2019.02.09-14.55.12:862][963]LogShaderCompilers: Display: Shaders left to compile 25
[2019.02.09-14.55.13:115][992]LogShaderCompilers: Display: Shaders left to compile 24
[2019.02.09-14.55.13:188][  0]LogShaderCompilers: Display: Shaders left to compile 23
[2019.02.09-14.55.13:553][ 41]LogShaderCompilers: Display: Shaders left to compile 22
[2019.02.09-14.55.13:569][ 43]LogShaderCompilers: Display: Shaders left to compile 21
[2019.02.09-14.55.13:844][ 74]LogShaderCompilers: Display: Shaders left to compile 20
[2019.02.09-14.55.14:126][106]LogShaderCompilers: Display: Shaders left to compile 19
[2019.02.09-14.55.14:171][111]LogShaderCompilers: Display: Shaders left to compile 18
[2019.02.09-14.55.14:256][121]LogShaderCompilers: Display: Shaders left to compile 17
[2019.02.09-14.55.14:496][148]LogShaderCompilers: Display: Shaders left to compile 16
[2019.02.09-14.55.14:610][161]LogShaderCompilers: Display: Shaders left to compile 15
[2019.02.09-14.55.14:652][166]LogShaderCompilers: Display: Shaders left to compile 14
[2019.02.09-14.55.14:794][182]LogShaderCompilers: Display: Shaders left to compile 13
[2019.02.09-14.55.14:883][192]LogShaderCompilers: Display: Shaders left to compile 12
[2019.02.09-14.55.14:954][200]LogShaderCompilers: Display: Shaders left to compile 11
[2019.02.09-14.55.15:084][215]LogShaderCompilers: Display: Shaders left to compile 10
[2019.02.09-14.55.15:467][258]LogShaderCompilers: Display: Shaders left to compile 9
[2019.02.09-14.55.15:527][265]LogShaderCompilers: Display: Shaders left to compile 8
[2019.02.09-14.55.15:578][271]LogShaderCompilers: Display: Shaders left to compile 7
[2019.02.09-14.55.15:927][310]LogShaderCompilers: Display: Shaders left to compile 6
[2019.02.09-14.55.16:119][332]LogShaderCompilers: Display: Shaders left to compile 5
[2019.02.09-14.55.16:308][353]LogShaderCompilers: Display: Shaders left to compile 4
[2019.02.09-14.55.16:685][396]LogShaderCompilers: Display: Shaders left to compile 3
[2019.02.09-14.55.16:701][398]LogShaderCompilers: Display: Shaders left to compile 2
[2019.02.09-14.55.16:930][424]LogShaderCompilers: Display: Shaders left to compile 1
[2019.02.09-14.55.22:093][ 33]BlueprintLog: New page: Compile Player_Blueprint
[2019.02.09-14.55.26:146][456]LogEditorViewport: Clicking on Actor (LMB): BP_Sky_Sphere_C (Sky Sphere)
[2019.02.09-14.55.26:369][475]LogSlate: FSceneViewport::OnFocusLost() reason 0
[2019.02.09-14.55.30:611][950]LogEditorViewport: Clicking on Actor (LMB): StaticMeshActor (Floor)
[2019.02.09-14.55.32:336][144]Cmd: EDIT COPY
[2019.02.09-14.55.32:594][144]Cmd: EDIT PASTE
[2019.02.09-14.55.34:078][283]Cmd: EDIT COPY
[2019.02.09-14.55.34:285][306]Cmd: EDIT PASTE
[2019.02.09-14.55.35:559][447]Cmd: EDIT COPY
[2019.02.09-14.55.35:764][470]Cmd: EDIT PASTE
[2019.02.09-14.55.37:462][660]Cmd: EDIT COPY
[2019.02.09-14.55.37:669][683]Cmd: EDIT PASTE
[2019.02.09-14.55.38:702][795]Cmd: EDIT COPY
[2019.02.09-14.55.38:891][816]Cmd: EDIT PASTE
[2019.02.09-14.55.39:834][915]LogEditorViewport: Clicking on Actor (LMB): StaticMeshActor (Floor2)
[2019.02.09-14.55.42:329][183]Cmd: EDIT COPY
[2019.02.09-14.55.42:515][196]Cmd: EDIT PASTE
[2019.02.09-14.55.44:781][427]LogSlate: FSceneViewport::OnFocusLost() reason 0
[2019.02.09-14.55.46:757][631]LogEditorViewport: Clicking on Actor (LMB): StaticMeshActor (Floor2)
[2019.02.09-14.55.48:464][796]LogEditorViewport: Clicking on Actor (LMB): StaticMeshActor (Floor)
[2019.02.09-14.55.51:850][172]LogEditorViewport: Clicking on Actor (LMB): StaticMeshActor (Floor6)
[2019.02.09-14.55.53:137][292]LogEditorViewport: Clicking on Actor (LMB): StaticMeshActor (Floor6)
[2019.02.09-14.55.58:851][862]LogEditorViewport: Clicking on Actor (LMB): SphereReflectionCapture (SphereReflectionCapture)
[2019.02.09-14.56.02:555][258]LogEditorViewport: Clicking on Actor (LMB): StaticMeshActor (Floor)
[2019.02.09-14.56.03:642][377]LogEditorViewport: Clicking on Actor (LMB): Player_Blueprint_C (Player_Blueprint)
[2019.02.09-14.56.05:669][585]LogSlate: FSceneViewport::OnFocusLost() reason 0
[2019.02.09-14.56.05:757][595]LogTemp: Repeating last play command: Selected Viewport
[2019.02.09-14.56.05:777][595]LogPlayLevel: PlayLevel: No blueprints needed recompiling
[2019.02.09-14.56.05:778][595]PIE: New page: PIE session: Untitled_1 (9 Feb 2019 14:56:05)
[2019.02.09-14.56.05:778][595]LogPlayLevel: Creating play world package: /Temp/UEDPIE_0_Untitled_1
[2019.02.09-14.56.05:781][595]LogPlayLevel: PIE: StaticDuplicateObject took: (0.002960s)
[2019.02.09-14.56.05:782][595]LogAIModule: Creating AISystem for world Untitled_1
[2019.02.09-14.56.05:782][595]LogPlayLevel: PIE: World Init took: (0.001104s)
[2019.02.09-14.56.05:782][595]LogPlayLevel: PIE: Created PIE world by copying editor world from /Temp/Untitled_1.Untitled_1 to /Temp/UEDPIE_0_Untitled_1.Untitled_1 (0.004366s)
[2019.02.09-14.56.05:847][595]LogInit: XAudio2 using 'Speakers (Realtek High Definition Audio)' : 2 channels at 48 kHz using 32 bits per sample (channel mask 0x3)
[2019.02.09-14.56.05:863][595]LogInit: FAudioDevice initialized.
[2019.02.09-14.56.05:900][595]LogLoad: Game class is 'GameModeBase'
[2019.02.09-14.56.05:902][595]LogWorld: Bringing World /Temp/UEDPIE_0_Untitled_1.Untitled_1 up for play (max tick rate 0) at 2019.02.09-14.56.05
[2019.02.09-14.56.05:902][595]LogWorld: Bringing up level for play took: 0.001072
[2019.02.09-14.56.05:918][595]PIE: Play in editor start time for /Temp/UEDPIE_0_Untitled_1 -0.676
[2019.02.09-14.56.14:181][579]LogSlate: Updating window title bar state: overlay mode, drag disabled, window buttons hidden, title bar hidden
[2019.02.09-14.56.14:227][579]LogPlayLevel: Display: Shutting down PIE online subsystems
[2019.02.09-14.56.14:274][579]LogSlate: Updating window title bar state: overlay mode, drag disabled, window buttons hidden, title bar hidden
[2019.02.09-14.56.14:294][580]LogPlayLevel: Display: Destroying online subsystem :Context_9
[2019.02.09-14.56.15:557][730]LogSlate: FSceneViewport::OnFocusLost() reason 0
[2019.02.09-14.56.20:172][281]BlueprintLog: New page: Compile Player_Blueprint
[2019.02.09-14.56.21:588][405]LogTemp: Repeating last play command: Selected Viewport
[2019.02.09-14.56.21:609][405]LogPlayLevel: PlayLevel: No blueprints needed recompiling
[2019.02.09-14.56.21:609][405]PIE: New page: PIE session: Untitled_1 (9 Feb 2019 14:56:21)
[2019.02.09-14.56.21:609][405]LogPlayLevel: Creating play world package: /Temp/UEDPIE_0_Untitled_1
[2019.02.09-14.56.21:612][405]LogPlayLevel: PIE: StaticDuplicateObject took: (0.002744s)
[2019.02.09-14.56.21:613][405]LogAIModule: Creating AISystem for world Untitled_1
[2019.02.09-14.56.21:613][405]LogPlayLevel: PIE: World Init took: (0.000960s)
[2019.02.09-14.56.21:613][405]LogPlayLevel: PIE: Created PIE world by copying editor world from /Temp/Untitled_1.Untitled_1 to /Temp/UEDPIE_0_Untitled_1.Untitled_1 (0.004067s)
[2019.02.09-14.56.21:649][405]LogInit: XAudio2 using 'Speakers (Realtek High Definition Audio)' : 2 channels at 48 kHz using 32 bits per sample (channel mask 0x3)
[2019.02.09-14.56.21:666][405]LogInit: FAudioDevice initialized.
[2019.02.09-14.56.21:701][405]LogLoad: Game class is 'GameModeBase'
[2019.02.09-14.56.21:703][405]LogWorld: Bringing World /Temp/UEDPIE_0_Untitled_1.Untitled_1 up for play (max tick rate 0) at 2019.02.09-14.56.21
[2019.02.09-14.56.21:703][405]LogWorld: Bringing up level for play took: 0.001025
[2019.02.09-14.56.21:716][405]PIE: Play in editor start time for /Temp/UEDPIE_0_Untitled_1 -0.878
[2019.02.09-14.56.37:403][278]LogSlate: Updating window title bar state: overlay mode, drag disabled, window buttons hidden, title bar hidden
[2019.02.09-14.56.37:448][278]LogPlayLevel: Display: Shutting down PIE online subsystems
[2019.02.09-14.56.37:482][278]LogSlate: Updating window title bar state: overlay mode, drag disabled, window buttons hidden, title bar hidden
[2019.02.09-14.56.37:509][280]LogPlayLevel: Display: Destroying online subsystem :Context_10
[2019.02.09-14.56.37:953][332]LogSlate: FSceneViewport::OnFocusLost() reason 0
[2019.02.09-14.56.45:676][254]BlueprintLog: New page: Compile Player_Blueprint
[2019.02.09-14.56.46:980][364]LogTemp: Repeating last play command: Selected Viewport
[2019.02.09-14.56.47:002][364]LogPlayLevel: PlayLevel: No blueprints needed recompiling
[2019.02.09-14.56.47:003][364]PIE: New page: PIE session: Untitled_1 (9 Feb 2019 14:56:47)
[2019.02.09-14.56.47:003][364]LogPlayLevel: Creating play world package: /Temp/UEDPIE_0_Untitled_1
[2019.02.09-14.56.47:005][364]LogPlayLevel: PIE: StaticDuplicateObject took: (0.002722s)
[2019.02.09-14.56.47:006][364]LogAIModule: Creating AISystem for world Untitled_1
[2019.02.09-14.56.47:007][364]LogPlayLevel: PIE: World Init took: (0.001071s)
[2019.02.09-14.56.47:007][364]LogPlayLevel: PIE: Created PIE world by copying editor world from /Temp/Untitled_1.Untitled_1 to /Temp/UEDPIE_0_Untitled_1.Untitled_1 (0.004098s)
[2019.02.09-14.56.47:036][364]LogInit: XAudio2 using 'Speakers (Realtek High Definition Audio)' : 2 channels at 48 kHz using 32 bits per sample (channel mask 0x3)
[2019.02.09-14.56.47:052][364]LogInit: FAudioDevice initialized.
[2019.02.09-14.56.47:089][364]LogLoad: Game class is 'GameModeBase'
[2019.02.09-14.56.47:090][364]LogWorld: Bringing World /Temp/UEDPIE_0_Untitled_1.Untitled_1 up for play (max tick rate 0) at 2019.02.09-14.56.47
[2019.02.09-14.56.47:090][364]LogWorld: Bringing up level for play took: 0.001096
[2019.02.09-14.56.47:104][364]PIE: Play in editor start time for /Temp/UEDPIE_0_Untitled_1 0.51
[2019.02.09-14.56.53:301][104]LogSlate: Updating window title bar state: overlay mode, drag disabled, window buttons hidden, title bar hidden
[2019.02.09-14.56.53:343][104]LogPlayLevel: Display: Shutting down PIE online subsystems
[2019.02.09-14.56.53:403][104]LogSlate: Updating window title bar state: overlay mode, drag disabled, window buttons hidden, title bar hidden
[2019.02.09-14.56.53:423][105]LogPlayLevel: Display: Destroying online subsystem :Context_11
[2019.02.09-14.56.53:682][136]LogSlate: FSceneViewport::OnFocusLost() reason 0
[2019.02.09-14.56.56:381][458]BlueprintLog: New page: Compile Player_Blueprint
[2019.02.09-14.56.57:852][588]LogTemp: Repeating last play command: Selected Viewport
[2019.02.09-14.56.57:875][588]LogPlayLevel: PlayLevel: No blueprints needed recompiling
[2019.02.09-14.56.57:875][588]PIE: New page: PIE session: Untitled_1 (9 Feb 2019 14:56:57)
[2019.02.09-14.56.57:875][588]LogPlayLevel: Creating play world package: /Temp/UEDPIE_0_Untitled_1
[2019.02.09-14.56.57:878][588]LogPlayLevel: PIE: StaticDuplicateObject took: (0.002729s)
[2019.02.09-14.56.57:879][588]LogAIModule: Creating AISystem for world Untitled_1
[2019.02.09-14.56.57:879][588]LogPlayLevel: PIE: World Init took: (0.001036s)
[2019.02.09-14.56.57:879][588]LogPlayLevel: PIE: Created PIE world by copying editor world from /Temp/Untitled_1.Untitled_1 to /Temp/UEDPIE_0_Untitled_1.Untitled_1 (0.004108s)
[2019.02.09-14.56.57:921][588]LogInit: XAudio2 using 'Speakers (Realtek High Definition Audio)' : 2 channels at 48 kHz using 32 bits per sample (channel mask 0x3)
[2019.02.09-14.56.57:938][588]LogInit: FAudioDevice initialized.
[2019.02.09-14.56.57:973][588]LogLoad: Game class is 'GameModeBase'
[2019.02.09-14.56.57:975][588]LogWorld: Bringing World /Temp/UEDPIE_0_Untitled_1.Untitled_1 up for play (max tick rate 0) at 2019.02.09-14.56.57
[2019.02.09-14.56.57:975][588]LogWorld: Bringing up level for play took: 0.000983
[2019.02.09-14.56.57:989][588]PIE: Play in editor start time for /Temp/UEDPIE_0_Untitled_1 -0.605
[2019.02.09-14.57.02:004][ 65]LogSlate: Updating window title bar state: overlay mode, drag disabled, window buttons hidden, title bar hidden
[2019.02.09-14.57.02:045][ 65]LogPlayLevel: Display: Shutting down PIE online subsystems
[2019.02.09-14.57.02:078][ 65]LogSlate: Updating window title bar state: overlay mode, drag disabled, window buttons hidden, title bar hidden
[2019.02.09-14.57.02:109][ 67]LogPlayLevel: Display: Destroying online subsystem :Context_12
[2019.02.09-14.57.02:893][160]LogSlate: FSceneViewport::OnFocusLost() reason 0
[2019.02.09-14.57.06:570][599]BlueprintLog: New page: Compile Player_Blueprint
[2019.02.09-14.57.08:299][757]LogTemp: Repeating last play command: Selected Viewport
[2019.02.09-14.57.08:322][757]LogPlayLevel: PlayLevel: No blueprints needed recompiling
[2019.02.09-14.57.08:322][757]PIE: New page: PIE session: Untitled_1 (9 Feb 2019 14:57:08)
[2019.02.09-14.57.08:322][757]LogPlayLevel: Creating play world package: /Temp/UEDPIE_0_Untitled_1
[2019.02.09-14.57.08:325][757]LogPlayLevel: PIE: StaticDuplicateObject took: (0.002593s)
[2019.02.09-14.57.08:325][757]LogAIModule: Creating AISystem for world Untitled_1
[2019.02.09-14.57.08:326][757]LogPlayLevel: PIE: World Init took: (0.000876s)
[2019.02.09-14.57.08:326][757]LogPlayLevel: PIE: Created PIE world by copying editor world from /Temp/Untitled_1.Untitled_1 to /Temp/UEDPIE_0_Untitled_1.Untitled_1 (0.003753s)
[2019.02.09-14.57.08:356][757]LogInit: XAudio2 using 'Speakers (Realtek High Definition Audio)' : 2 channels at 48 kHz using 32 bits per sample (channel mask 0x3)
[2019.02.09-14.57.08:373][757]LogInit: FAudioDevice initialized.
[2019.02.09-14.57.08:410][757]LogLoad: Game class is 'GameModeBase'
[2019.02.09-14.57.08:412][757]LogWorld: Bringing World /Temp/UEDPIE_0_Untitled_1.Untitled_1 up for play (max tick rate 0) at 2019.02.09-14.57.08
[2019.02.09-14.57.08:412][757]LogWorld: Bringing up level for play took: 0.001064
[2019.02.09-14.57.08:426][757]PIE: Play in editor start time for /Temp/UEDPIE_0_Untitled_1 -0.168
[2019.02.09-14.57.14:957][536]LogSlate: Updating window title bar state: overlay mode, drag disabled, window buttons hidden, title bar hidden
[2019.02.09-14.57.15:000][536]LogPlayLevel: Display: Shutting down PIE online subsystems
[2019.02.09-14.57.15:033][536]LogSlate: Updating window title bar state: overlay mode, drag disabled, window buttons hidden, title bar hidden
[2019.02.09-14.57.15:058][538]LogPlayLevel: Display: Destroying online subsystem :Context_13
[2019.02.09-14.57.15:562][598]LogSlate: FSceneViewport::OnFocusLost() reason 0
[2019.02.09-14.57.23:708][569]BlueprintLog: New page: Compile Player_Blueprint
[2019.02.09-14.57.25:019][681]LogTemp: Repeating last play command: Selected Viewport
[2019.02.09-14.57.25:044][681]LogPlayLevel: PlayLevel: No blueprints needed recompiling
[2019.02.09-14.57.25:044][681]PIE: New page: PIE session: Untitled_1 (9 Feb 2019 14:57:25)
[2019.02.09-14.57.25:044][681]LogPlayLevel: Creating play world package: /Temp/UEDPIE_0_Untitled_1
[2019.02.09-14.57.25:047][681]LogPlayLevel: PIE: StaticDuplicateObject took: (0.002738s)
[2019.02.09-14.57.25:047][681]LogAIModule: Creating AISystem for world Untitled_1
[2019.02.09-14.57.25:048][681]LogPlayLevel: PIE: World Init took: (0.000835s)
[2019.02.09-14.57.25:048][681]LogPlayLevel: PIE: Created PIE world by copying editor world from /Temp/Untitled_1.Untitled_1 to /Temp/UEDPIE_0_Untitled_1.Untitled_1 (0.003923s)
[2019.02.09-14.57.25:082][681]LogInit: XAudio2 using 'Speakers (Realtek High Definition Audio)' : 2 channels at 48 kHz using 32 bits per sample (channel mask 0x3)
[2019.02.09-14.57.25:100][681]LogInit: FAudioDevice initialized.
[2019.02.09-14.57.25:136][681]LogLoad: Game class is 'GameModeBase'
[2019.02.09-14.57.25:138][681]LogWorld: Bringing World /Temp/UEDPIE_0_Untitled_1.Untitled_1 up for play (max tick rate 0) at 2019.02.09-14.57.25
[2019.02.09-14.57.25:138][681]LogWorld: Bringing up level for play took: 0.001046
[2019.02.09-14.57.25:152][681]PIE: Play in editor start time for /Temp/UEDPIE_0_Untitled_1 0.558
[2019.02.09-14.57.34:302][775]LogSlate: Updating window title bar state: overlay mode, drag disabled, window buttons hidden, title bar hidden
[2019.02.09-14.57.34:340][775]LogPlayLevel: Display: Shutting down PIE online subsystems
[2019.02.09-14.57.34:372][775]LogSlate: Updating window title bar state: overlay mode, drag disabled, window buttons hidden, title bar hidden
[2019.02.09-14.57.34:407][778]LogPlayLevel: Display: Destroying online subsystem :Context_14
[2019.02.09-14.57.38:939][311]LogSlate: FSceneViewport::OnFocusLost() reason 0
[2019.02.09-14.57.44:695][997]BlueprintLog: New page: Compile Player_Blueprint
[2019.02.09-14.57.45:993][108]LogTemp: Repeating last play command: Selected Viewport
[2019.02.09-14.57.46:016][108]LogPlayLevel: PlayLevel: No blueprints needed recompiling
[2019.02.09-14.57.46:017][108]PIE: New page: PIE session: Untitled_1 (9 Feb 2019 14:57:46)
[2019.02.09-14.57.46:017][108]LogPlayLevel: Creating play world package: /Temp/UEDPIE_0_Untitled_1
[2019.02.09-14.57.46:020][108]LogPlayLevel: PIE: StaticDuplicateObject took: (0.002870s)
[2019.02.09-14.57.46:021][108]LogAIModule: Creating AISystem for world Untitled_1
[2019.02.09-14.57.46:021][108]LogPlayLevel: PIE: World Init took: (0.001089s)
[2019.02.09-14.57.46:021][108]LogPlayLevel: PIE: Created PIE world by copying editor world from /Temp/Untitled_1.Untitled_1 to /Temp/UEDPIE_0_Untitled_1.Untitled_1 (0.004292s)
[2019.02.09-14.57.46:054][108]LogInit: XAudio2 using 'Speakers (Realtek High Definition Audio)' : 2 channels at 48 kHz using 32 bits per sample (channel mask 0x3)
[2019.02.09-14.57.46:074][108]LogInit: FAudioDevice initialized.
[2019.02.09-14.57.46:115][108]LogLoad: Game class is 'GameModeBase'
[2019.02.09-14.57.46:116][108]LogWorld: Bringing World /Temp/UEDPIE_0_Untitled_1.Untitled_1 up for play (max tick rate 0) at 2019.02.09-14.57.46
[2019.02.09-14.57.46:116][108]LogWorld: Bringing up level for play took: 0.001043
[2019.02.09-14.57.46:130][108]PIE: Play in editor start time for /Temp/UEDPIE_0_Untitled_1 -0.464
[2019.02.09-14.58.17:220][829]LogSlate: Updating window title bar state: overlay mode, drag disabled, window buttons hidden, title bar hidden
[2019.02.09-14.58.17:261][829]LogPlayLevel: Display: Shutting down PIE online subsystems
[2019.02.09-14.58.17:294][829]LogSlate: Updating window title bar state: overlay mode, drag disabled, window buttons hidden, title bar hidden
[2019.02.09-14.58.17:326][831]LogPlayLevel: Display: Destroying online subsystem :Context_15
[2019.02.09-14.58.42:814][874]LogEditorViewport: Clicking on Actor (LMB): StaticMeshActor (Floor7)
[2019.02.09-14.58.43:973][992]Cmd: EDIT COPY
[2019.02.09-14.58.44:224][ 20]Cmd: EDIT PASTE
[2019.02.09-14.58.49:972][651]LogSlate: FSceneViewport::OnFocusLost() reason 0
[2019.02.09-14.58.50:043][659]LogTemp: Repeating last play command: Selected Viewport
[2019.02.09-14.58.50:062][659]LogPlayLevel: PlayLevel: No blueprints needed recompiling
[2019.02.09-14.58.50:062][659]PIE: New page: PIE session: Untitled_1 (9 Feb 2019 14:58:50)
[2019.02.09-14.58.50:063][659]LogPlayLevel: Creating play world package: /Temp/UEDPIE_0_Untitled_1
[2019.02.09-14.58.50:066][659]LogPlayLevel: PIE: StaticDuplicateObject took: (0.002824s)
[2019.02.09-14.58.50:066][659]LogAIModule: Creating AISystem for world Untitled_1
[2019.02.09-14.58.50:067][659]LogPlayLevel: PIE: World Init took: (0.001011s)
[2019.02.09-14.58.50:067][659]LogPlayLevel: PIE: Created PIE world by copying editor world from /Temp/Untitled_1.Untitled_1 to /Temp/UEDPIE_0_Untitled_1.Untitled_1 (0.004148s)
[2019.02.09-14.58.50:102][659]LogInit: XAudio2 using 'Speakers (Realtek High Definition Audio)' : 2 channels at 48 kHz using 32 bits per sample (channel mask 0x3)
[2019.02.09-14.58.50:122][659]LogInit: FAudioDevice initialized.
[2019.02.09-14.58.50:156][659]LogLoad: Game class is 'GameModeBase'
[2019.02.09-14.58.50:158][659]LogWorld: Bringing World /Temp/UEDPIE_0_Untitled_1.Untitled_1 up for play (max tick rate 0) at 2019.02.09-14.58.50
[2019.02.09-14.58.50:158][659]LogWorld: Bringing up level for play took: 0.001112
[2019.02.09-14.58.50:172][659]PIE: Play in editor start time for /Temp/UEDPIE_0_Untitled_1 -0.422
[2019.02.09-14.58.54:793][208]LogSlate: Updating window title bar state: overlay mode, drag disabled, window buttons hidden, title bar hidden
[2019.02.09-14.58.54:834][208]LogPlayLevel: Display: Shutting down PIE online subsystems
[2019.02.09-14.58.54:867][208]LogSlate: Updating window title bar state: overlay mode, drag disabled, window buttons hidden, title bar hidden
[2019.02.09-14.58.54:892][210]LogPlayLevel: Display: Destroying online subsystem :Context_16
[2019.02.09-14.58.58:155][584]LogEditorViewport: Clicking on Actor (LMB): StaticMeshActor (Floor10)
[2019.02.09-14.59.03:924][212]LogEditorViewport: Clicking on Actor (LMB): StaticMeshActor (Floor9)
[2019.02.09-14.59.05:471][382]Cmd: EDIT COPY
[2019.02.09-14.59.05:691][398]Cmd: EDIT PASTE
[2019.02.09-14.59.11:940][ 80]LogSlate: FSceneViewport::OnFocusLost() reason 0
[2019.02.09-14.59.12:041][ 92]LogTemp: Repeating last play command: Selected Viewport
[2019.02.09-14.59.12:063][ 92]LogPlayLevel: PlayLevel: No blueprints needed recompiling
[2019.02.09-14.59.12:063][ 92]PIE: New page: PIE session: Untitled_1 (9 Feb 2019 14:59:12)
[2019.02.09-14.59.12:063][ 92]LogPlayLevel: Creating play world package: /Temp/UEDPIE_0_Untitled_1
[2019.02.09-14.59.12:066][ 92]LogPlayLevel: PIE: StaticDuplicateObject took: (0.002818s)
[2019.02.09-14.59.12:067][ 92]LogAIModule: Creating AISystem for world Untitled_1
[2019.02.09-14.59.12:068][ 92]LogPlayLevel: PIE: World Init took: (0.001214s)
[2019.02.09-14.59.12:068][ 92]LogPlayLevel: PIE: Created PIE world by copying editor world from /Temp/Untitled_1.Untitled_1 to /Temp/UEDPIE_0_Untitled_1.Untitled_1 (0.004442s)
[2019.02.09-14.59.12:101][ 92]LogInit: XAudio2 using 'Speakers (Realtek High Definition Audio)' : 2 channels at 48 kHz using 32 bits per sample (channel mask 0x3)
[2019.02.09-14.59.12:117][ 92]LogInit: FAudioDevice initialized.
[2019.02.09-14.59.12:153][ 92]LogLoad: Game class is 'GameModeBase'
[2019.02.09-14.59.12:155][ 92]LogWorld: Bringing World /Temp/UEDPIE_0_Untitled_1.Untitled_1 up for play (max tick rate 0) at 2019.02.09-14.59.12
[2019.02.09-14.59.12:155][ 92]LogWorld: Bringing up level for play took: 0.001064
[2019.02.09-14.59.12:169][ 92]PIE: Play in editor start time for /Temp/UEDPIE_0_Untitled_1 -0.426
[2019.02.09-14.59.15:909][537]LogSlate: Updating window title bar state: overlay mode, drag disabled, window buttons hidden, title bar hidden
[2019.02.09-14.59.15:949][537]LogPlayLevel: Display: Shutting down PIE online subsystems
[2019.02.09-14.59.15:983][537]LogSlate: Updating window title bar state: overlay mode, drag disabled, window buttons hidden, title bar hidden
[2019.02.09-14.59.16:018][540]LogPlayLevel: Display: Destroying online subsystem :Context_17
[2019.02.09-14.59.16:890][636]LogSlate: FSceneViewport::OnFocusLost() reason 2
[2019.02.09-14.59.17:890][748]LogSlate: FSceneViewport::OnFocusLost() reason 2
[2019.02.09-14.59.26:940][748]LogTextFormatter: Warning: Failed to parse argument "ExistingAsset" as a number (using "0" as a fallback). Please check your format string for errors: "{ExistingAsset} already exists. Do you want to replace it?".
[2019.02.09-14.59.28:340][748]LogSlate: Window 'Message' being destroyed
[2019.02.09-14.59.28:346][748]LogSlate: Window 'Save Level As' being destroyed
[2019.02.09-14.59.28:638][748]Cmd: OBJ SAVEPACKAGE PACKAGE="/Game/Maps/Test" FILE="../../../../../../Users/w019563h/Documents/TGP_REPOS/FingerGunz/Content/Maps/Test.umap" SILENT=true AUTOSAVING=false KEEPDIRTY=false
[2019.02.09-14.59.28:773][748]LogSavePackage: Moving '../../../../../../Users/w019563h/Documents/TGP_REPOS/FingerGunz/Saved/Test6E1686EF491EE691143A1082CDAB3A7A.tmp' to '../../../../../../Users/w019563h/Documents/TGP_REPOS/FingerGunz/Content/Maps/Test.umap'
[2019.02.09-14.59.28:818][748]LogFileHelpers: Saving map 'Test' took 0.465
[2019.02.09-14.59.28:823][748]Cmd: OBJ SAVEPACKAGE PACKAGE="/Game/Player/Player_Blueprint" FILE="../../../../../../Users/w019563h/Documents/TGP_REPOS/FingerGunz/Content/Player/Player_Blueprint.uasset" SILENT=true
[2019.02.09-14.59.28:894][748]LogSavePackage: Moving '../../../../../../Users/w019563h/Documents/TGP_REPOS/FingerGunz/Saved/Player_Blueprint27F098F949843B5E94E66E9D0D00F290.tmp' to '../../../../../../Users/w019563h/Documents/TGP_REPOS/FingerGunz/Content/Player/Player_Blueprint.uasset'
