Log file open, 03/01/19 12:38:00
LogWindows: Failed to load 'aqProf.dll' (GetLastError=126)
LogWindows: File 'aqProf.dll' does not exist
LogWindows: Failed to load 'VtuneApi.dll' (GetLastError=126)
LogWindows: File 'VtuneApi.dll' does not exist
LogWindows: Failed to load 'VtuneApi32e.dll' (GetLastError=126)
LogWindows: File 'VtuneApi32e.dll' does not exist
LogInit: Display: Running engine for game: FingerGunz
LogPlatformFile: Not using cached read wrapper
LogTaskGraph: Started task graph with 5 named threads and 23 total threads with 3 sets of task threads.
LogStats: Stats thread started at 0.344168
LogD3D11RHI: Loaded GFSDK_Aftermath_Lib.x64.dll
LogICUInternationalization: Display: ICU TimeZone Detection - Raw Offset: +0:00, Platform Override: ''
LogPluginManager: Mounting plugin Paper2D
LogPluginManager: Mounting plugin AISupport
LogPluginManager: Mounting plugin LightPropagationVolume
LogPluginManager: Mounting plugin CLionSourceCodeAccess
LogPluginManager: Mounting plugin CodeLiteSourceCodeAccess
LogPluginManager: Mounting plugin GitSourceControl
LogPluginManager: Mounting plugin KDevelopSourceCodeAccess
LogPluginManager: Mounting plugin NullSourceCodeAccess
LogPluginManager: Mounting plugin PerforceSourceControl
LogPluginManager: Mounting plugin SubversionSourceControl
LogPluginManager: Mounting plugin UObjectPlugin
LogPluginManager: Mounting plugin VisualStudioCodeSourceCodeAccess
LogPluginManager: Mounting plugin VisualStudioSourceCodeAccess
LogPluginManager: Mounting plugin XCodeSourceCodeAccess
LogPluginManager: Mounting plugin AssetManagerEditor
LogPluginManager: Mounting plugin CryptoKeys
LogPluginManager: Mounting plugin DataValidation
LogPluginManager: Mounting plugin FacialAnimation
LogPluginManager: Mounting plugin GameplayTagsEditor
LogPluginManager: Mounting plugin MacGraphicsSwitching
LogPluginManager: Mounting plugin MeshEditor
LogPluginManager: Mounting plugin MobileLauncherProfileWizard
LogPluginManager: Mounting plugin PluginBrowser
LogPluginManager: Mounting plugin SpeedTreeImporter
LogPluginManager: Mounting plugin DatasmithContent
LogPluginManager: Mounting plugin AlembicImporter
LogPluginManager: Mounting plugin AppleImageUtils
LogPluginManager: Mounting plugin AppleVision
LogPluginManager: Mounting plugin BackChannel
LogPluginManager: Mounting plugin CharacterAI
LogPluginManager: Mounting plugin GeometryCache
LogPluginManager: Mounting plugin HTML5Networking
LogPluginManager: Mounting plugin ProxyLODPlugin
LogPluginManager: Mounting plugin MagicLeap
LogPluginManager: Mounting plugin MagicLeapEmulator
LogPluginManager: Mounting plugin MagicLeapMedia
LogPluginManager: Mounting plugin AndroidMedia
LogPluginManager: Mounting plugin AvfMedia
LogPluginManager: Mounting plugin ImgMedia
LogPluginManager: Mounting plugin LinearTimecode
LogPluginManager: Mounting plugin MediaCompositing
LogPluginManager: Mounting plugin MediaPlayerEditor
LogPluginManager: Mounting plugin WmfMedia
LogPluginManager: Mounting plugin TcpMessaging
LogPluginManager: Mounting plugin UdpMessaging
LogPluginManager: Mounting plugin ActorSequence
LogPluginManager: Mounting plugin LevelSequenceEditor
LogPluginManager: Mounting plugin MatineeToLevelSequence
LogPluginManager: Mounting plugin NetcodeUnitTest
LogPluginManager: Mounting plugin NUTUnrealEngine4
LogPluginManager: Mounting plugin OnlineSubsystemGooglePlay
LogPluginManager: Mounting plugin OnlineSubsystemIOS
LogPluginManager: Mounting plugin OnlineSubsystem
LogPluginManager: Mounting plugin OnlineSubsystemNull
LogPluginManager: Mounting plugin OnlineSubsystemUtils
LogPluginManager: Mounting plugin LauncherChunkInstaller
LogPluginManager: Mounting plugin AndroidDeviceProfileSelector
LogPluginManager: Mounting plugin AndroidMoviePlayer
LogPluginManager: Mounting plugin AndroidPermission
LogPluginManager: Mounting plugin AppleMoviePlayer
LogPluginManager: Mounting plugin ArchVisCharacter
LogPluginManager: Mounting plugin AudioCapture
LogPluginManager: Mounting plugin CableComponent
LogPluginManager: Mounting plugin CustomMeshComponent
LogPluginManager: Mounting plugin EditableMesh
LogPluginManager: Mounting plugin ExampleDeviceProfileSelector
LogPluginManager: Mounting plugin GoogleCloudMessaging
LogPluginManager: Mounting plugin ImmediatePhysics
LogPluginManager: Mounting plugin IOSDeviceProfileSelector
LogPluginManager: Mounting plugin LinuxDeviceProfileSelector
LogPluginManager: Mounting plugin LocationServicesBPLibrary
LogPluginManager: Mounting plugin MobilePatchingUtils
LogPluginManager: Mounting plugin OculusVR
LogPluginManager: Plugin shader directory ../../../Engine/Plugins/Runtime/Oculus/OculusVR/Shaders found
LogPluginManager: Mapping shader source directory ../../../Engine/Plugins/Runtime/Oculus/OculusVR/Shaders to virtual directory /Plugin/OculusVR
LogPluginManager: Mounting plugin PhysXVehicles
LogPluginManager: Mounting plugin ProceduralMeshComponent
LogPluginManager: Mounting plugin RuntimePhysXCooking
LogPluginManager: Mounting plugin SteamVR
LogPluginManager: Mounting plugin WindowsMoviePlayer
LogStreaming: Display: Took  0.154s to configure plugins.
LogInit: Using libcurl 7.55.1-DEV
LogInit:  - built for x86_64-pc-win32
LogInit:  - supports SSL with OpenSSL/1.0.2h
LogInit:  - supports HTTP deflate (compression) using libz 1.2.8
LogInit:  - other features:
LogInit:      CURL_VERSION_SSL
LogInit:      CURL_VERSION_LIBZ
LogInit:      CURL_VERSION_IPV6
LogInit:      CURL_VERSION_ASYNCHDNS
LogInit:      CURL_VERSION_LARGEFILE
LogInit:      CURL_VERSION_IDN
LogInit:  CurlRequestOptions (configurable via config and command line):
LogInit:  - bVerifyPeer = false  - Libcurl will NOT verify peer certificate
LogInit:  - bUseHttpProxy = false  - Libcurl will NOT use HTTP proxy
LogInit:  - bDontReuseConnections = false  - Libcurl will reuse connections
LogInit:  - CertBundlePath = nullptr  - Libcurl will use whatever was configured at build time.
LogInit:  - MaxHostConnections = 16  - Libcurl will limit the number of connections to a host
LogInit:  - LocalHostAddr = Default
LogInit:  - BufferSize = 65536
LogInit: WinSock: version 1.1 (2.2), MaxSocks=32767, MaxUdp=65467
LogInit: Build: ++UE4+Release-4.20-CL-4369336
LogInit: Engine Version: 4.20.3-4369336+++UE4+Release-4.20
LogInit: Compatible Engine Version: 4.20.0-4212847+++UE4+Release-4.20
LogInit: Net CL: 4212847
LogInit: OS: Windows 10 (), CPU: Intel(R) Core(TM) i7-7700HQ CPU @ 2.80GHz, GPU: Intel(R) HD Graphics 630
LogInit: Compiled (64-bit): Sep 17 2018 12:26:19
LogInit: Compiled with Visual C++: 19.13.26129.00
LogInit: Build Configuration: Development
LogInit: Branch Name: ++UE4+Release-4.20
LogInit: Command Line:  
LogInit: Base Directory: D:/Unreal Engine 4/UE_4.20/Engine/Binaries/Win64/
LogInit: Installed Engine Build: 1
LogDevObjectVersion: Number of dev versions registered: 20
LogDevObjectVersion:   Dev-Blueprints (B0D832E4-1F89-4F0D-ACCF-7EB736FD4AA2): 10
LogDevObjectVersion:   Dev-Build (E1C64328-A22C-4D53-A36C-8E866417BD8C): 0
LogDevObjectVersion:   Dev-Core (375EC13C-06E4-48FB-B500-84F0262A717E): 2
LogDevObjectVersion:   Dev-Editor (E4B068ED-F494-42E9-A231-DA0B2E46BB41): 24
LogDevObjectVersion:   Dev-Framework (CFFC743F-43B0-4480-9391-14DF171D2073): 34
LogDevObjectVersion:   Dev-Mobile (B02B49B5-BB20-44E9-A304-32B752E40360): 2
LogDevObjectVersion:   Dev-Networking (A4E4105C-59A1-49B5-A7C5-40C4547EDFEE): 0
LogDevObjectVersion:   Dev-Online (39C831C9-5AE6-47DC-9A44-9C173E1C8E7C): 0
LogDevObjectVersion:   Dev-Physics (78F01B33-EBEA-4F98-B9B4-84EACCB95AA2): 0
LogDevObjectVersion:   Dev-Platform (6631380F-2D4D-43E0-8009-CF276956A95A): 0
LogDevObjectVersion:   Dev-Rendering (12F88B9F-8875-4AFC-A67C-D90C383ABD29): 26
LogDevObjectVersion:   Dev-Sequencer (7B5AE74C-D270-4C10-A958-57980B212A5A): 9
LogDevObjectVersion:   Dev-VR (D7296918-1DD6-4BDD-9DE2-64A83CC13884): 2
LogDevObjectVersion:   Dev-LoadTimes (C2A15278-BFE7-4AFE-6C17-90FF531DF755): 1
LogDevObjectVersion:   Private-Geometry (6EACA3D4-40EC-4CC1-B786-8BED09428FC5): 3
LogDevObjectVersion:   Dev-AnimPhys (29E575DD-E0A3-4627-9D10-D276232CDCEA): 17
LogDevObjectVersion:   Dev-ReflectionCapture (6B266CEC-1EC7-4B8F-A30B-E4D90942FC07): 1
LogDevObjectVersion:   Dev-Automation (0DF73D61-A23F-47EA-B727-89E90C41499A): 1
LogDevObjectVersion:   FortniteMain (601D1886-AC64-4F84-AA16-D3DE0DEAC7D6): 12
LogDevObjectVersion:   Dev-Enterprise (9DFFBCD6-494F-0158-E221-12823C92A888): 1
LogStreaming: Display: Took  0.002s to delete old logs.
LogInit: Presizing for max 8388607 objects, including 0 objects not considered by GC, pre-allocating 0 bytes for permanent pool.
LogInit: Object subsystem initialized
[2019.03.01-12.38.00:884][  0]LogInit: Selected Device Profile: [Windows]
[2019.03.01-12.38.00:884][  0]LogInit: Applying CVar settings loaded from the selected device profile: [Windows]
[2019.03.01-12.38.00:908][  0]LogHAL: Display: Platform has ~ 16 GB [17061756928 / 17179869184 / 16], which maps to Larger [LargestMinGB=32, LargerMinGB=12, DefaultMinGB=8, SmallerMinGB=6, SmallestMinGB=0)
[2019.03.01-12.38.00:908][  0]LogInit: Setting Device Profile CVar: [[r.Vulkan.UseRealUBs:1]]
[2019.03.01-12.38.00:908][  0]LogInit: Going up to parent DeviceProfile []
[2019.03.01-12.38.00:909][  0]LogInit: Computer: MSI
[2019.03.01-12.38.00:909][  0]LogInit: User: Xyvn
[2019.03.01-12.38.00:909][  0]LogInit: CPU Page size=4096, Cores=4
[2019.03.01-12.38.00:909][  0]LogInit: High frequency timer resolution =2.742190 MHz
[2019.03.01-12.38.00:909][  0]LogMemory: Memory total: Physical=15.9GB (16GB approx)
[2019.03.01-12.38.00:909][  0]LogMemory: Platform Memory Stats for Windows
[2019.03.01-12.38.00:909][  0]LogMemory: Process Physical Memory: 102.06 MB used, 102.06 MB peak
[2019.03.01-12.38.00:909][  0]LogMemory: Process Virtual Memory: 98.13 MB used, 98.13 MB peak
[2019.03.01-12.38.00:909][  0]LogMemory: Physical Memory: 5055.08 MB used,  11216.28 MB free, 16271.36 MB total
[2019.03.01-12.38.00:909][  0]LogMemory: Virtual Memory: 4647.82 MB used,  11216.28 MB free, 134217728.00 MB total
[2019.03.01-12.38.00:946][  0]LogInit: Using OS detected language (en-US).
[2019.03.01-12.38.00:946][  0]LogInit: Using OS detected locale (en-GB).
[2019.03.01-12.38.00:948][  0]LogTextLocalizationManager: No specific localization for 'en-US' exists, so the 'en' localization will be used.
[2019.03.01-12.38.01:631][  0]LogStreaming: Display: Took  0.684s to InitEngineTextLocalization.
[2019.03.01-12.38.01:697][  0]LogSlate: New Slate User Created.  User Index 0, Is Virtual User: 0
[2019.03.01-12.38.01:697][  0]LogSlate: Slate User Registered.  User Index 0, Is Virtual User: 0
[2019.03.01-12.38.02:074][  0]LogHMD: Failed to initialize OpenVR with code 110
[2019.03.01-12.38.02:074][  0]LogD3D11RHI: D3D11 adapters:
[2019.03.01-12.38.02:169][  0]LogD3D11RHI:    0. 'NVIDIA GeForce GTX 960M' (Feature Level 11_0)
[2019.03.01-12.38.02:170][  0]LogD3D11RHI:       2010/0/8135 MB DedicatedVideo/DedicatedSystem/SharedSystem, Outputs:1, VendorId:0x10de
[2019.03.01-12.38.02:189][  0]LogD3D11RHI:    1. 'Intel(R) HD Graphics 630' (Feature Level 11_0)
[2019.03.01-12.38.02:189][  0]LogD3D11RHI:       128/0/8135 MB DedicatedVideo/DedicatedSystem/SharedSystem, Outputs:0, VendorId:0x8086
[2019.03.01-12.38.02:192][  0]LogD3D11RHI:    2. 'Microsoft Basic Render Driver' (Feature Level 11_0)
[2019.03.01-12.38.02:192][  0]LogD3D11RHI:       0/0/8135 MB DedicatedVideo/DedicatedSystem/SharedSystem, Outputs:0, VendorId:0x1414
[2019.03.01-12.38.02:192][  0]LogD3D11RHI: Chosen D3D11 Adapter: 0
[2019.03.01-12.38.02:245][  0]LogD3D11RHI: Creating new Direct3DDevice
[2019.03.01-12.38.02:245][  0]LogD3D11RHI:     GPU DeviceId: 0x139b (for the marketing name, search the web for "GPU Device Id")
[2019.03.01-12.38.02:245][  0]LogWindows: EnumDisplayDevices:
[2019.03.01-12.38.02:245][  0]LogWindows:    0. 'Intel(R) HD Graphics 630' (P:1 D:1)
[2019.03.01-12.38.02:246][  0]LogWindows:    1. 'Intel(R) HD Graphics 630' (P:0 D:0)
[2019.03.01-12.38.02:246][  0]LogWindows:    2. 'Intel(R) HD Graphics 630' (P:0 D:0)
[2019.03.01-12.38.02:247][  0]LogWindows: DebugString: PrimaryIsNotTheChoosenAdapter PrimaryIsNotTheChoosenAdapter PrimaryIsNotTheChoosenAdapter FoundDriverCount:0 
[2019.03.01-12.38.02:247][  0]LogD3D11RHI:     Adapter Name: NVIDIA GeForce GTX 960M
[2019.03.01-12.38.02:247][  0]LogD3D11RHI:   Driver Version: Unknown (internal:Unknown, unified:Unknown)
[2019.03.01-12.38.02:247][  0]LogD3D11RHI:      Driver Date: Unknown
[2019.03.01-12.38.02:247][  0]LogRHI: Texture pool is 1407 MB (70% of 2010 MB)
[2019.03.01-12.38.02:315][  0]LogD3D11RHI: Async texture creation enabled
[2019.03.01-12.38.02:332][  0]LogD3D11RHI: GPU Timing Frequency: 1000.000000 (Debug: 2 1)
[2019.03.01-12.38.02:334][  0]LogShaderCompilers: Guid format shader working directory is -7 characters bigger than the processId version (../../../../../Y2/SourceTreeRepositories/FingerGunz/Intermediate/Shaders/WorkingDirectory/32120/).
[2019.03.01-12.38.02:334][  0]LogShaderCompilers: Cleaned the shader compiler working directory 'C:/Users/Xyvn/AppData/Local/Temp/UnrealShaderWorkingDir/C4F24CE9491DFE331F0E4A84697300C9/'.
[2019.03.01-12.38.02:860][  0]LogTemp: Display: Loaded TP AllDesktopTargetPlatform
[2019.03.01-12.38.02:883][  0]LogTemp: Display: Loaded TP MacClientTargetPlatform
[2019.03.01-12.38.02:908][  0]LogTemp: Display: Loaded TP MacNoEditorTargetPlatform
[2019.03.01-12.38.02:930][  0]LogTemp: Display: Loaded TP MacServerTargetPlatform
[2019.03.01-12.38.02:955][  0]LogTemp: Display: Loaded TP MacTargetPlatform
[2019.03.01-12.38.02:982][  0]LogTemp: Display: Loaded TP WindowsClientTargetPlatform
[2019.03.01-12.38.03:010][  0]LogTemp: Display: Loaded TP WindowsNoEditorTargetPlatform
[2019.03.01-12.38.03:038][  0]LogTemp: Display: Loaded TP WindowsServerTargetPlatform
[2019.03.01-12.38.03:056][  0]LogTemp: Display: Loaded TP WindowsTargetPlatform
[2019.03.01-12.38.03:218][  0]LogTemp: Display: Loaded TP AndroidTargetPlatform
[2019.03.01-12.38.03:218][  0]LogTemp: Display: Loaded TP AndroidTargetPlatform
[2019.03.01-12.38.03:218][  0]LogTemp: Display: Loaded TP AndroidTargetPlatform
[2019.03.01-12.38.03:218][  0]LogTemp: Display: Loaded TP AndroidTargetPlatform
[2019.03.01-12.38.03:218][  0]LogTemp: Display: Loaded TP AndroidTargetPlatform
[2019.03.01-12.38.03:219][  0]LogTemp: Display: Loaded TP AndroidTargetPlatform
[2019.03.01-12.38.03:219][  0]LogTemp: Display: Loaded TP AndroidTargetPlatform
[2019.03.01-12.38.03:219][  0]LogTemp: Display: Loaded TP AndroidTargetPlatform
[2019.03.01-12.38.03:219][  0]LogTemp: Display: Loaded TP AndroidTargetPlatform
[2019.03.01-12.38.03:219][  0]LogTemp: Display: Loaded TP AndroidTargetPlatform
[2019.03.01-12.38.03:219][  0]LogTemp: Display: Loaded TP AndroidTargetPlatform
[2019.03.01-12.38.03:219][  0]LogTemp: Display: Loaded TP AndroidTargetPlatform
[2019.03.01-12.38.03:219][  0]LogTemp: Display: Loaded TP AndroidTargetPlatform
[2019.03.01-12.38.03:219][  0]LogTemp: Display: Loaded TP AndroidTargetPlatform
[2019.03.01-12.38.03:219][  0]LogTemp: Display: Loaded TP AndroidTargetPlatform
[2019.03.01-12.38.03:219][  0]LogTemp: Display: Loaded TP AndroidTargetPlatform
[2019.03.01-12.38.03:219][  0]LogTemp: Display: Loaded TP AndroidTargetPlatform
[2019.03.01-12.38.03:219][  0]LogTemp: Display: Loaded TP AndroidTargetPlatform
[2019.03.01-12.38.03:221][  0]LogTemp: Display: Loaded TP HTML5TargetPlatform
[2019.03.01-12.38.03:299][  0]LogTemp: Display: Loaded TP IOSTargetPlatform
[2019.03.01-12.38.03:299][  0]LogTemp: Display: Loaded TP IOSTargetPlatform
[2019.03.01-12.38.03:342][  0]LogTemp: Display: Loaded TP TVOSTargetPlatform
[2019.03.01-12.38.03:342][  0]LogTemp: Display: Loaded TP TVOSTargetPlatform
[2019.03.01-12.38.03:364][  0]LogTemp: Display: Loaded TP LinuxClientTargetPlatform
[2019.03.01-12.38.03:387][  0]LogTemp: Display: Loaded TP LinuxNoEditorTargetPlatform
[2019.03.01-12.38.03:409][  0]LogTemp: Display: Loaded TP LinuxServerTargetPlatform
[2019.03.01-12.38.03:432][  0]LogTemp: Display: Loaded TP LinuxTargetPlatform
[2019.03.01-12.38.03:447][  0]LogTemp: Display: Loaded TP LuminTargetPlatform
[2019.03.01-12.38.03:447][  0]LogTargetPlatformManager: Display: Building Assets For Windows
[2019.03.01-12.38.03:530][  0]LogXGEController: Cleaning working directory: C:/Users/Xyvn/AppData/Local/Temp/UnrealXGEWorkingDir/
[2019.03.01-12.38.03:531][  0]LogXGEController: Cannot use XGE Controller as Incredibuild is not installed on this machine.
[2019.03.01-12.38.03:531][  0]LogShaderCompilers: Cannot use XGE Shader Compiler as Incredibuild is not installed on this machine.
[2019.03.01-12.38.03:531][  0]LogShaderCompilers: Display: Using Local Shader Compiler.
[2019.03.01-12.38.05:004][  0]LogDerivedDataCache: Display: Max Cache Size: 512 MB
[2019.03.01-12.38.05:114][  0]LogDerivedDataCache: Loaded boot cache 0.11s 71MB C:/Users/Xyvn/AppData/Local/UnrealEngine/4.20/DerivedDataCache/Boot.ddc.
[2019.03.01-12.38.05:115][  0]LogDerivedDataCache: Display: Loaded Boot cache: C:/Users/Xyvn/AppData/Local/UnrealEngine/4.20/DerivedDataCache/Boot.ddc
[2019.03.01-12.38.05:115][  0]LogDerivedDataCache: FDerivedDataBackendGraph:  Pak pak cache file ../../../../../Y2/SourceTreeRepositories/FingerGunz/DerivedDataCache/DDC.ddp not found, will not use a pak cache.
[2019.03.01-12.38.05:115][  0]LogDerivedDataCache: Unable to find inner node Pak for hierarchical cache Hierarchy.
[2019.03.01-12.38.05:115][  0]LogDerivedDataCache: FDerivedDataBackendGraph:  CompressedPak pak cache file ../../../../../Y2/SourceTreeRepositories/FingerGunz/DerivedDataCache/Compressed.ddp not found, will not use a pak cache.
[2019.03.01-12.38.05:115][  0]LogDerivedDataCache: Unable to find inner node CompressedPak for hierarchical cache Hierarchy.
[2019.03.01-12.38.05:141][  0]LogDerivedDataCache: Display: Pak cache opened for reading ../../../Engine/DerivedDataCache/Compressed.ddp.
[2019.03.01-12.38.05:155][  0]LogDerivedDataCache: Using Local data cache path C:/Users/Xyvn/AppData/Local/UnrealEngine/Common/DerivedDataCache: Writable
[2019.03.01-12.38.05:155][  0]LogDerivedDataCache: Shared data cache path not found in *engine.ini, will not use an Shared cache.
[2019.03.01-12.38.05:155][  0]LogDerivedDataCache: Unable to find inner node Shared for hierarchical cache Hierarchy.
[2019.03.01-12.38.05:191][  0]LogMaterial: Verifying Global Shaders for PCD3D_SM5
[2019.03.01-12.38.05:194][  0]LogSlate: Using FreeType 2.6.0
[2019.03.01-12.38.05:195][  0]LogSlate: SlateFontServices - WITH_FREETYPE: 1, WITH_HARFBUZZ: 1
[2019.03.01-12.38.05:315][  0]LogAssetRegistry: FAssetRegistry took 0.0302 seconds to start up
[2019.03.01-12.38.05:925][  0]LogInit: Selected Device Profile: [Windows]
[2019.03.01-12.38.06:157][  0]LogSimplygon: Simplygon DLL not present - disabling.
[2019.03.01-12.38.06:162][  0]LogMeshReduction: Using SimplygonSwarm for distributed automatic mesh merging
[2019.03.01-12.38.06:162][  0]LogMeshReduction: Using ProxyLODMeshReduction for automatic mesh merging
[2019.03.01-12.38.06:163][  0]LogMeshReduction: Using QuadricMeshReduction for automatic static mesh reduction
[2019.03.01-12.38.06:163][  0]LogMeshReduction: No automatic skeletal mesh reduction module available
[2019.03.01-12.38.06:193][  0]LogNetVersion: FingerGunz 1.0.0, NetCL: 4212847, EngineNetVer: 5, GameNetVer: 0 (Checksum: 1181982473)
[2019.03.01-12.38.07:046][  0]LogPackageLocalizationCache: Processed 11 localized package path(s) for 2 prioritized culture(s) in 0.149606 seconds
[2019.03.01-12.38.07:061][  0]LogUObjectArray: 38425 objects as part of root set at end of initial load.
[2019.03.01-12.38.07:061][  0]LogUObjectAllocator: 6690864 out of 0 bytes used by permanent object pool.
[2019.03.01-12.38.07:061][  0]LogUObjectArray: CloseDisregardForGC: 0/0 objects in disregard for GC pool
[2019.03.01-12.38.08:574][  0]LogTcpMessaging: Initializing TcpMessaging bridge
[2019.03.01-12.38.08:588][  0]LogUdpMessaging: Initializing bridge on interface 0.0.0.0:0 to multicast group 230.0.0.1:6666.
[2019.03.01-12.38.08:836][  0]SourceControl: Source control is disabled
[2019.03.01-12.38.08:836][  0]SourceControl: Source control is disabled
[2019.03.01-12.38.08:838][  0]SourceControl: Source control is disabled
[2019.03.01-12.38.08:840][  0]SourceControl: Source control is disabled
[2019.03.01-12.38.09:033][  0]LogAndroidPermission: UAndroidPermissionCallbackProxy::GetInstance
[2019.03.01-12.38.09:118][  0]LogOcInput: OculusInput pre-init called
[2019.03.01-12.38.09:207][  0]LogEngine: Initializing Engine...
[2019.03.01-12.38.09:208][  0]LogHMD: Failed to initialize OpenVR with code 110
[2019.03.01-12.38.09:210][  0]LogStats: UGameplayTagsManager::ConstructGameplayTagTree: ImportINI prefixes -  0.000 s
[2019.03.01-12.38.09:210][  0]LogStats: UGameplayTagsManager::ConstructGameplayTagTree: Construct from data asset -  0.000 s
[2019.03.01-12.38.09:210][  0]LogStats: UGameplayTagsManager::ConstructGameplayTagTree: ImportINI -  0.000 s
[2019.03.01-12.38.09:211][  0]LogStats: UGameplayTagsManager::ConstructGameplayTagTree: GameplayTagTreeChangedEvent.Broadcast -  0.000 s
[2019.03.01-12.38.09:585][  0]LogInit: Initializing FReadOnlyCVARCache
[2019.03.01-12.38.09:606][  0]LogAIModule: Creating AISystem for world Untitled
[2019.03.01-12.38.09:643][  0]LogInit: XAudio2 using 'Speakers (Realtek High Definition Audio)' : 2 channels at 48 kHz using 32 bits per sample (channel mask 0x3)
[2019.03.01-12.38.09:885][  0]LogInit: FAudioDevice initialized.
[2019.03.01-12.38.09:886][  0]LogNetVersion: Set ProjectVersion to 1.0.0.0. Version Checksum will be recalculated on next use.
[2019.03.01-12.38.10:124][  0]LogDerivedDataCache: Saved boot cache 0.24s 71MB C:/Users/Xyvn/AppData/Local/UnrealEngine/4.20/DerivedDataCache/Boot.ddc.
[2019.03.01-12.38.10:131][  0]LogInit: Texture streaming: Enabled
[2019.03.01-12.38.10:152][  0]LogEngineSessionManager: EngineSessionManager initialized
[2019.03.01-12.38.10:173][  0]LogInit: Transaction tracking system initialized
[2019.03.01-12.38.10:212][  0]BlueprintLog: New page: Editor Load
[2019.03.01-12.38.10:323][  0]LocalizationService: Localization service is disabled
[2019.03.01-12.38.10:721][  0]LogCook: Display: Max memory allowance for cook 16384mb min free memory 0mb
[2019.03.01-12.38.10:721][  0]LogCook: Display: Mobile HDR setting 1
[2019.03.01-12.38.10:721][  0]LogGameplayTags: Display: UGameplayTagsManager::DoneAddingNativeTags. DelegateIsBound: 0
[2019.03.01-12.38.10:721][  0]LogStats: UGameplayTagsManager::ConstructGameplayTagTree: ImportINI prefixes -  0.000 s
[2019.03.01-12.38.10:721][  0]LogStats: UGameplayTagsManager::ConstructGameplayTagTree: Construct from data asset -  0.000 s
[2019.03.01-12.38.10:721][  0]LogStats: UGameplayTagsManager::ConstructGameplayTagTree: ImportINI -  0.000 s
[2019.03.01-12.38.10:722][  0]LogStats: UGameplayTagsManager::ConstructGameplayTagTree: GameplayTagTreeChangedEvent.Broadcast -  0.000 s
[2019.03.01-12.38.10:905][  0]LogFileCache: Scanning file cache for directory 'D:/Y2/SourceTreeRepositories/FingerGunz/Content/' took 0.01s
[2019.03.01-12.38.10:905][  0]SourceControl: Source control is disabled
[2019.03.01-12.38.10:905][  0]Cmd: MAP LOAD FILE="../../../../../Y2/SourceTreeRepositories/FingerGunz/Content/Maps/Test.umap" TEMPLATE=0 SHOWPROGRESS=1 FEATURELEVEL=3
[2019.03.01-12.38.10:906][  0]LightingResults: New page: Lighting Build
[2019.03.01-12.38.10:909][  0]MapCheck: New page: Map Check
[2019.03.01-12.38.10:909][  0]LightingResults: New page: Lighting Build
[2019.03.01-12.38.11:543][  0]LogAIModule: Creating AISystem for world Test
[2019.03.01-12.38.11:920][  0]LogEditorServer: Finished looking for orphan Actors (0.000 secs)
[2019.03.01-12.38.11:978][  0]Cmd: MAP CHECKDEP NOCLEARLOG
[2019.03.01-12.38.12:085][  0]MapCheck: Map check complete: 0 Error(s), 0 Warning(s), took 105.78ms to complete.
[2019.03.01-12.38.12:085][  0]LogFileHelpers: Loading map 'Test' took 1.180
[2019.03.01-12.38.12:225][  0]LogSlate: Updating window title bar state: overlay mode, drag disabled, window buttons hidden, title bar hidden
[2019.03.01-12.38.12:240][  0]LogSlate: Updating window title bar state: overlay mode, drag disabled, window buttons hidden, title bar hidden
[2019.03.01-12.38.12:256][  0]LogSlate: Updating window title bar state: overlay mode, drag disabled, window buttons hidden, title bar hidden
[2019.03.01-12.38.12:271][  0]LogSlate: Updating window title bar state: overlay mode, drag disabled, window buttons hidden, title bar hidden
[2019.03.01-12.38.12:279][  0]LogCollectionManager: Loaded 0 collections in 0.001746 seconds
[2019.03.01-12.38.12:322][  0]LogFileCache: Scanning file cache for directory 'D:/Y2/SourceTreeRepositories/FingerGunz/Saved/Collections/' took 0.01s
[2019.03.01-12.38.12:322][  0]LogFileCache: Scanning file cache for directory 'D:/Y2/SourceTreeRepositories/FingerGunz/Content/Developers/Xyvn/Collections/' took 0.01s
[2019.03.01-12.38.12:322][  0]LogFileCache: Scanning file cache for directory 'D:/Y2/SourceTreeRepositories/FingerGunz/Content/Collections/' took 0.01s
[2019.03.01-12.38.12:322][  0]LogCollectionManager: Rebuilt the GUID cache for 0 collections in 0.000000 seconds
[2019.03.01-12.38.12:340][  0]LogContentBrowser: Native class hierarchy populated in 0.0168 seconds. Added 2577 classes and 605 folders.
[2019.03.01-12.38.12:350][  0]LogContentBrowser: Native class hierarchy updated for 'WidgetCarousel' in 0.0007 seconds. Added 0 classes and 0 folders.
[2019.03.01-12.38.12:431][  0]LogContentBrowser: Native class hierarchy updated for 'AddContentDialog' in 0.0006 seconds. Added 0 classes and 0 folders.
[2019.03.01-12.38.12:438][  0]LogContentBrowser: Native class hierarchy updated for 'SceneOutliner' in 0.0006 seconds. Added 1 classes and 2 folders.
[2019.03.01-12.38.12:463][  0]LogSlate: Took 0.000373 seconds to synchronously load lazily loaded font '../../../Engine/Content/Slate/Fonts/Roboto-Regular.ttf' (155K)
[2019.03.01-12.38.12:468][  0]LogSlate: Took 0.000370 seconds to synchronously load lazily loaded font '../../../Engine/Content/Slate/Fonts/Roboto-Bold.ttf' (160K)
[2019.03.01-12.38.12:480][  0]LogSlate: Took 0.000346 seconds to synchronously load lazily loaded font '../../../Engine/Content/Editor/Slate/Fonts/FontAwesome.ttf' (139K)
[2019.03.01-12.38.12:657][  0]LogRenderer: Reallocating scene render targets to support 1168x584 Format 10 NumSamples 1 (Frame:1).
[2019.03.01-12.38.12:937][  0]LogContentBrowser: Native class hierarchy updated for 'HierarchicalLODOutliner' in 0.0006 seconds. Added 0 classes and 0 folders.
[2019.03.01-12.38.12:938][  0]LogLoad: (Engine Initialization) Total time: 14.44 seconds
[2019.03.01-12.38.12:938][  0]LogLoad: (Engine Initialization) Total Blueprint compile time: 0.00 seconds
[2019.03.01-12.38.12:957][  0]LogWindowsTextInputMethodSystem: Display: IME system now deactivated.
[2019.03.01-12.38.12:993][  0]LogContentStreaming: Texture pool size now 1000 MB
[2019.03.01-12.38.13:042][  0]LogSlate: Took 0.000272 seconds to synchronously load lazily loaded font '../../../Engine/Content/Slate/Fonts/Roboto-Light.ttf' (167K)
[2019.03.01-12.38.13:047][  1]LogFileCache: Retrieving MD5 hashes for directory 'D:/Y2/SourceTreeRepositories/FingerGunz/Content/' took 0.08s
[2019.03.01-12.38.13:310][  2]LogAssetRegistry: Asset discovery search completed in 8.0178 seconds
[2019.03.01-12.38.13:313][  2]LogCollectionManager: Rebuilt the object cache for 0 collections in 0.000001 seconds (found 0 objects)
[2019.03.01-12.38.13:313][  2]LogCollectionManager: Fixed up redirectors for 0 collections in 0.000155 seconds (updated 0 objects)
[2019.03.01-12.38.13:999][ 40]LogSlate: Took 0.000311 seconds to synchronously load lazily loaded font '../../../Engine/Content/Slate/Fonts/Roboto-Light.ttf' (167K)
[2019.03.01-12.40.49:274][512]LogSlate: FSceneViewport::OnFocusLost() reason 0
[2019.03.01-12.40.50:021][553]LogAssetEditorManager: Opening Asset editor for Blueprint /Game/Blueprints/GlowWalls/Slope2-3.Slope2-3
[2019.03.01-12.40.50:683][553]LogContentBrowser: Native class hierarchy updated for 'BlueprintGraph' in 0.0011 seconds. Added 116 classes and 0 folders.
[2019.03.01-12.40.51:818][553]LogAssetEditorManager: Opening Asset editor for Blueprint /Game/Blueprints/GlowWalls/Slope1-3.Slope1-3
[2019.03.01-12.40.52:287][553]LogAssetEditorManager: Opening Asset editor for Blueprint /Game/Blueprints/GlowWalls/Cube1-1.Cube1-1
[2019.03.01-12.40.52:788][553]LogAssetEditorManager: Opening Asset editor for StaticMesh /Game/Meshes/Player_Mesh_Armless.Player_Mesh_Armless
[2019.03.01-12.40.53:521][553]LogAssetEditorManager: Opening Asset editor for StaticMesh /Game/Player/Player_Mesh_Armless.Player_Mesh_Armless
[2019.03.01-12.40.53:876][553]LogAssetEditorManager: Opening Asset editor for SkeletalMesh /Game/Player/skinned_temp_test_armless.skinned_temp_test_armless
[2019.03.01-12.40.53:886][553]LogContentBrowser: Native class hierarchy updated for 'SkeletonEditor' in 0.0007 seconds. Added 1 classes and 2 folders.
[2019.03.01-12.40.53:899][553]LogActorComponent: RegisterComponentWithWorld: (/Engine/Transient.World_5:PersistentLevel.AnimationEditorPreviewActor_0.DebugSkelMeshComponent_0) Already registered. Aborting.
[2019.03.01-12.40.53:902][553]LogContentBrowser: Native class hierarchy updated for 'PinnedCommandList' in 0.0006 seconds. Added 1 classes and 0 folders.
[2019.03.01-12.40.53:958][553]LogSkeletalMesh: USkeletalMeshComponent::InitArticulated : Bodies already created (/Engine/Transient.World_5:PersistentLevel.AnimationEditorPreviewActor_0.DebugSkelMeshComponent_0) - call TermArticulated first.
[2019.03.01-12.40.54:288][553]LogAssetEditorManager: Opening Asset editor for Skeleton /Game/Player/skinned_temp_test_armless_Skeleton.skinned_temp_test_armless_Skeleton
[2019.03.01-12.40.54:317][553]LogActorComponent: RegisterComponentWithWorld: (/Engine/Transient.World_6:PersistentLevel.AnimationEditorPreviewActor_0.DebugSkelMeshComponent_0) Already registered. Aborting.
[2019.03.01-12.40.54:375][553]LogSkeletalMesh: USkeletalMeshComponent::InitArticulated : Bodies already created (/Engine/Transient.World_6:PersistentLevel.AnimationEditorPreviewActor_0.DebugSkelMeshComponent_0) - call TermArticulated first.
[2019.03.01-12.40.54:922][553]LogSlate: Took 0.000243 seconds to synchronously load lazily loaded font '../../../Engine/Content/Slate/Fonts/Roboto-BoldCondensed.ttf' (158K)
[2019.03.01-12.40.55:005][553]LogContentBrowser: Native class hierarchy updated for 'ClothingSystemEditorInterface' in 0.0005 seconds. Added 1 classes and 0 folders.
[2019.03.01-12.41.01:014][905]LogSlate: Took 0.000229 seconds to synchronously load lazily loaded font '../../../Engine/Content/Slate/Fonts/Roboto-Italic.ttf' (157K)
[2019.03.01-12.41.09:028][319]LogSlate: Window 'Cube1-1' being destroyed
[2019.03.01-12.41.10:927][428]LogActorComponent: UnregisterComponent: (/Engine/Transient.EditorFloorComp) Not registered. Aborting.
[2019.03.01-12.41.11:810][474]LogActorComponent: UnregisterComponent: (/Engine/Transient.EditorFloorComp) Not registered. Aborting.
[2019.03.01-12.44.53:813][999]LogSkeletalMesh: Building Skeletal Mesh skinned_temp_test_arm...
[2019.03.01-12.44.53:814][999]LogSkeletalMesh: Built Skeletal Mesh [0.01s] /Game/Player/skinned_temp_test_arm.skinned_temp_test_arm
[2019.03.01-12.44.53:836][999]LogAssetEditorManager: Opening Asset editor for SkeletalMesh /Game/Player/skinned_temp_test_arm.skinned_temp_test_arm
[2019.03.01-12.44.53:854][999]LogActorComponent: RegisterComponentWithWorld: (/Engine/Transient.World_11:PersistentLevel.AnimationEditorPreviewActor_0.DebugSkelMeshComponent_0) Already registered. Aborting.
[2019.03.01-12.44.53:917][999]LogSkeletalMesh: USkeletalMeshComponent::InitArticulated : Bodies already created (/Engine/Transient.World_11:PersistentLevel.AnimationEditorPreviewActor_0.DebugSkelMeshComponent_0) - call TermArticulated first.
[2019.03.01-12.45.03:493][441]LogRenderer: Reallocating scene render targets to support 1168x888 Format 10 NumSamples 1 (Frame:453).
[2019.03.01-12.45.06:515][577]LogAssetEditorManager: Opening Asset editor for Skeleton /Game/Player/skinned_temp_test_arm_Skeleton.skinned_temp_test_arm_Skeleton
[2019.03.01-12.45.06:536][577]LogActorComponent: RegisterComponentWithWorld: (/Engine/Transient.World_12:PersistentLevel.AnimationEditorPreviewActor_0.DebugSkelMeshComponent_0) Already registered. Aborting.
[2019.03.01-12.45.06:587][577]LogSkeletalMesh: USkeletalMeshComponent::InitArticulated : Bodies already created (/Engine/Transient.World_12:PersistentLevel.AnimationEditorPreviewActor_0.DebugSkelMeshComponent_0) - call TermArticulated first.
[2019.03.01-12.45.15:324][ 46]LogAssetEditorManager: Opening Asset editor for PhysicsAsset /Game/Player/skinned_temp_test_arm_PhysicsAsset.skinned_temp_test_arm_PhysicsAsset
[2019.03.01-12.45.15:478][ 46]LogContentBrowser: Native class hierarchy updated for 'PhysicsAssetEditor' in 0.0006 seconds. Added 7 classes and 3 folders.
[2019.03.01-12.45.15:491][ 46]LogActorComponent: RegisterComponentWithWorld: (/Engine/Transient.World_13:PersistentLevel.AnimationEditorPreviewActor_0.PhysicsAssetEditorSkeletalMeshComponent_0) Already registered. Aborting.
[2019.03.01-12.47.44:637][769]LogSlate: FSceneViewport::OnFocusLost() reason 2
[2019.03.01-12.47.55:016][245]LogSlate: FSceneViewport::OnFocusLost() reason 2
[2019.03.01-12.51.15:587][519]LogSlate: Window 'skinned_temp_test_arm_PhysicsAsset' being destroyed
[2019.03.01-12.52.53:225][330]LogSlate: FSceneViewport::OnFocusLost() reason 0
[2019.03.01-12.54.38:736][464]LogAssetEditorManager: Opening Asset editor for SkeletalMesh /Game/Player/skinned_temp_test_arm.skinned_temp_test_arm
[2019.03.01-12.54.38:757][464]LogActorComponent: RegisterComponentWithWorld: (/Engine/Transient.World_14:PersistentLevel.AnimationEditorPreviewActor_0.DebugSkelMeshComponent_0) Already registered. Aborting.
[2019.03.01-12.54.38:800][464]LogSkeletalMesh: USkeletalMeshComponent::InitArticulated : Bodies already created (/Engine/Transient.World_14:PersistentLevel.AnimationEditorPreviewActor_0.DebugSkelMeshComponent_0) - call TermArticulated first.
[2019.03.01-12.55.08:325][926]LogSlate: FSceneViewport::OnFocusLost() reason 2
[2019.03.01-12.56.57:256][335]LogSlate: FSceneViewport::OnFocusLost() reason 0
[2019.03.01-13.02.04:094][849]LogSlate: FSceneViewport::OnFocusLost() reason 0
[2019.03.01-13.09.28:026][893]LogAIModule: Creating AISystem for world Map1
[2019.03.01-13.09.28:337][893]LogAssetEditorManager: Opening Asset editor for World /Game/Maps/Map1.Map1
[2019.03.01-13.09.28:414][893]Cmd: MAP LOAD FILE="../../../../../Y2/SourceTreeRepositories/FingerGunz/Content/Maps/Map1.umap" TEMPLATE=0 SHOWPROGRESS=1 FEATURELEVEL=3
[2019.03.01-13.09.28:414][893]LightingResults: New page: Lighting Build
[2019.03.01-13.09.28:415][893]LoadErrors: New page: Loading map: Map1.umap
[2019.03.01-13.09.28:419][893]MapCheck: New page: Map Check
[2019.03.01-13.09.28:420][893]LightingResults: New page: Lighting Build
[2019.03.01-13.09.28:957][893]LogEditorServer: Finished looking for orphan Actors (0.000 secs)
[2019.03.01-13.09.29:056][893]Cmd: MAP CHECKDEP NOCLEARLOG
[2019.03.01-13.09.29:154][893]MapCheck: Map check complete: 0 Error(s), 0 Warning(s), took 97.978ms to complete.
[2019.03.01-13.09.29:156][893]LogFileHelpers: Loading map 'Map1' took 0.744
[2019.03.01-13.09.41:742][207]LogEditorViewport: Clicking on Actor (LMB): Slope1-2_C (Slope1-2)
[2019.03.01-13.10.03:370][283]LogSlate: FSceneViewport::OnFocusLost() reason 0
[2019.03.01-13.10.53:308][107]LogSlate: FSceneViewport::OnFocusLost() reason 0
[2019.03.01-13.11.01:452][853]LogActorFactory: Actor Factory created Cube
[2019.03.01-13.11.01:864][889]LogActorFactory: Actor Factory created Cube
[2019.03.01-13.11.04:039][ 81]Cmd: TRANSACTION UNDO
[2019.03.01-13.11.04:039][ 81]LogEditorTransaction: Undo Create Actors
[2019.03.01-13.11.04:328][ 81]LogActorComponent: RegisterComponentWithWorld: (/Engine/Transient.World_12:PersistentLevel.AnimationEditorPreviewActor_0.DebugSkelMeshComponent_0) Already registered. Aborting.
[2019.03.01-13.11.04:337][ 81]LogActorComponent: RegisterComponentWithWorld: (/Engine/Transient.World_14:PersistentLevel.AnimationEditorPreviewActor_0.DebugSkelMeshComponent_0) Already registered. Aborting.
[2019.03.01-13.11.12:397][789]LogSlate: FSceneViewport::OnFocusLost() reason 0
[2019.03.01-13.11.24:540][806]LogEditorViewport: Clicking on Actor (LMB): Wall_C (Wall212)
[2019.03.01-13.11.30:159][348]LogEditorViewport: Clicking on Actor (LMB): Cube1-1_C (Cube1-1)
[2019.03.01-13.12.07:090][105]Cmd: TRANSACTION UNDO
[2019.03.01-13.12.07:090][105]LogEditorTransaction: Undo Clicking on Actors
[2019.03.01-13.12.07:370][105]LogActorComponent: RegisterComponentWithWorld: (/Engine/Transient.World_12:PersistentLevel.AnimationEditorPreviewActor_0.DebugSkelMeshComponent_0) Already registered. Aborting.
[2019.03.01-13.12.07:388][105]LogActorComponent: RegisterComponentWithWorld: (/Engine/Transient.World_14:PersistentLevel.AnimationEditorPreviewActor_0.DebugSkelMeshComponent_0) Already registered. Aborting.
[2019.03.01-13.12.08:115][156]Cmd: TRANSACTION UNDO
[2019.03.01-13.12.08:115][156]LogEditorTransaction: Undo Clicking on Actors
[2019.03.01-13.12.08:396][156]LogActorComponent: RegisterComponentWithWorld: (/Engine/Transient.World_12:PersistentLevel.AnimationEditorPreviewActor_0.DebugSkelMeshComponent_0) Already registered. Aborting.
[2019.03.01-13.12.08:412][156]LogActorComponent: RegisterComponentWithWorld: (/Engine/Transient.World_14:PersistentLevel.AnimationEditorPreviewActor_0.DebugSkelMeshComponent_0) Already registered. Aborting.
[2019.03.01-13.12.09:060][203]Cmd: TRANSACTION UNDO
[2019.03.01-13.12.09:061][203]LogEditorTransaction: Undo Create Actors
[2019.03.01-13.12.09:352][203]LogActorComponent: RegisterComponentWithWorld: (/Engine/Transient.World_12:PersistentLevel.AnimationEditorPreviewActor_0.DebugSkelMeshComponent_0) Already registered. Aborting.
[2019.03.01-13.12.09:368][203]LogActorComponent: RegisterComponentWithWorld: (/Engine/Transient.World_14:PersistentLevel.AnimationEditorPreviewActor_0.DebugSkelMeshComponent_0) Already registered. Aborting.
[2019.03.01-13.12.11:415][379]LogEditorViewport: Clicking on Actor (LMB): BP_Sky_Sphere_C (BP_Sky_Sphere)
[2019.03.01-13.12.14:283][622]LogSlate: FSceneViewport::OnFocusLost() reason 0
[2019.03.01-13.12.17:564][813]LogSlate: Window 'FingerGunz - Unreal Editor' being destroyed
[2019.03.01-13.12.17:789][814]Cmd: QUIT_EDITOR
[2019.03.01-13.12.17:823][814]LogWindowsTextInputMethodSystem: Display: IME system now deactivated.
[2019.03.01-13.12.17:842][814]LogExit: Preparing to exit.
[2019.03.01-13.12.18:718][814]LogExit: Editor shut down
[2019.03.01-13.12.18:719][814]LogExit: Transaction tracking system shut down
[2019.03.01-13.12.19:275][814]LogExit: Object subsystem successfully closed.
[2019.03.01-13.12.19:303][814]LogShaderCompilers: Display: Shaders left to compile 0
[2019.03.01-13.12.19:307][814]LogD3D11RHI: Shutdown
[2019.03.01-13.12.19:307][814]LogD3D11RHI: CleanupD3DDevice
[2019.03.01-13.12.19:332][814]LogD3D11RHI: ~FD3D11DynamicRHI
[2019.03.01-13.12.19:348][814]LogModuleManager: Shutting down and abandoning module PhysicsAssetEditor (624)
[2019.03.01-13.12.19:348][814]LogModuleManager: Shutting down and abandoning module ClothingSystemEditorInterface (622)
[2019.03.01-13.12.19:348][814]LogModuleManager: Shutting down and abandoning module PinnedCommandList (620)
[2019.03.01-13.12.19:348][814]LogModuleManager: Shutting down and abandoning module SkeletonEditor (618)
[2019.03.01-13.12.19:348][814]LogModuleManager: Shutting down and abandoning module StaticMeshEditor (616)
[2019.03.01-13.12.19:348][814]LogModuleManager: Shutting down and abandoning module BlueprintGraph (614)
[2019.03.01-13.12.19:348][814]LogModuleManager: Shutting down and abandoning module HierarchicalLODOutliner (612)
[2019.03.01-13.12.19:348][814]LogModuleManager: Shutting down and abandoning module SceneOutliner (610)
[2019.03.01-13.12.19:348][814]LogModuleManager: Shutting down and abandoning module AddContentDialog (608)
[2019.03.01-13.12.19:349][814]LogModuleManager: Shutting down and abandoning module WidgetCarousel (607)
[2019.03.01-13.12.19:349][814]LogModuleManager: Shutting down and abandoning module EditorWidgets (604)
[2019.03.01-13.12.19:349][814]LogModuleManager: Shutting down and abandoning module CollectionManager (602)
[2019.03.01-13.12.19:349][814]LogModuleManager: Shutting down and abandoning module StatsViewer (600)
[2019.03.01-13.12.19:349][814]LogModuleManager: Shutting down and abandoning module FoliageEdit (598)
[2019.03.01-13.12.19:349][814]LogModuleManager: Shutting down and abandoning module LandscapeEditor (596)
[2019.03.01-13.12.19:349][814]LogModuleManager: Shutting down and abandoning module MeshPaintMode (594)
[2019.03.01-13.12.19:349][814]LogModuleManager: Shutting down and abandoning module SceneDepthPickerMode (592)
[2019.03.01-13.12.19:349][814]LogModuleManager: Shutting down and abandoning module ActorPickerMode (590)
[2019.03.01-13.12.19:349][814]LogModuleManager: Shutting down and abandoning module GeometryMode (588)
[2019.03.01-13.12.19:349][814]LogModuleManager: Shutting down and abandoning module TextureAlignMode (586)
[2019.03.01-13.12.19:349][814]LogModuleManager: Shutting down and abandoning module BspMode (584)
[2019.03.01-13.12.19:349][814]LogModuleManager: Shutting down and abandoning module PIEPreviewDeviceProfileSelector (582)
[2019.03.01-13.12.19:350][814]LogModuleManager: Shutting down and abandoning module SequenceRecorderSections (580)
[2019.03.01-13.12.19:350][814]LogModuleManager: Shutting down and abandoning module AutomationWorker (578)
[2019.03.01-13.12.19:350][814]LogModuleManager: Shutting down and abandoning module AudioCaptureEditor (576)
[2019.03.01-13.12.19:350][814]LogModuleManager: Shutting down and abandoning module SequenceRecorder (575)
[2019.03.01-13.12.19:350][814]LogModuleManager: Shutting down and abandoning module MatineeToLevelSequence (572)
[2019.03.01-13.12.19:350][814]LogModuleManager: Shutting down and abandoning module LevelSequenceEditor (570)
[2019.03.01-13.12.19:350][814]LogModuleManager: Shutting down and abandoning module PlacementMode (569)
[2019.03.01-13.12.19:350][814]LogModuleManager: Shutting down and abandoning module MaterialEditor (568)
[2019.03.01-13.12.19:350][814]LogModuleManager: Shutting down and abandoning module WmfMediaFactory (564)
[2019.03.01-13.12.19:350][814]LogModuleManager: Shutting down and abandoning module WmfMediaEditor (562)
[2019.03.01-13.12.19:350][814]LogModuleManager: Shutting down and abandoning module MediaPlayerEditor (560)
[2019.03.01-13.12.19:350][814]LogModuleManager: Shutting down and abandoning module OpenExrWrapper (558)
[2019.03.01-13.12.19:350][814]LogModuleManager: Shutting down and abandoning module ImgMediaFactory (556)
[2019.03.01-13.12.19:350][814]LogModuleManager: Shutting down and abandoning module ImgMediaEditor (554)
[2019.03.01-13.12.19:350][814]LogModuleManager: Shutting down and abandoning module AvfMediaFactory (552)
[2019.03.01-13.12.19:350][814]LogModuleManager: Shutting down and abandoning module AvfMediaEditor (550)
[2019.03.01-13.12.19:350][814]LogModuleManager: Shutting down and abandoning module AndroidMediaFactory (548)
[2019.03.01-13.12.19:350][814]LogModuleManager: Shutting down and abandoning module AndroidMediaEditor (546)
[2019.03.01-13.12.19:350][814]LogModuleManager: Shutting down and abandoning module MagicLeapCameraPreviewFactory (544)
[2019.03.01-13.12.19:350][814]LogModuleManager: Shutting down and abandoning module MagicLeapMediaFactory (542)
[2019.03.01-13.12.19:350][814]LogModuleManager: Shutting down and abandoning module MagicLeapMediaEditor (540)
[2019.03.01-13.12.19:350][814]LogModuleManager: Shutting down and abandoning module CharacterAI (538)
[2019.03.01-13.12.19:350][814]LogModuleManager: Shutting down and abandoning module SmartSnapping (536)
[2019.03.01-13.12.19:350][814]LogModuleManager: Shutting down and abandoning module SessionServices (534)
[2019.03.01-13.12.19:350][814]LogModuleManager: Shutting down and abandoning module ViewportSnapping (532)
[2019.03.01-13.12.19:350][814]LogModuleManager: Shutting down and abandoning module ViewportInteraction (530)
[2019.03.01-13.12.19:350][814]LogModuleManager: Shutting down and abandoning module ClothPainter (528)
[2019.03.01-13.12.19:350][814]LogModuleManager: Shutting down and abandoning module SkeletalMeshEditor (527)
[2019.03.01-13.12.19:350][814]LogModuleManager: Shutting down and abandoning module LogVisualizer (524)
[2019.03.01-13.12.19:351][814]LogModuleManager: Shutting down and abandoning module IntroTutorials (522)
[2019.03.01-13.12.19:351][814]LogModuleManager: Shutting down and abandoning module GameProjectGeneration (521)
[2019.03.01-13.12.19:351][814]LogModuleManager: Shutting down and abandoning module LuminPlatformEditor (518)
[2019.03.01-13.12.19:351][814]LogModuleManager: Shutting down and abandoning module IOSPlatformEditor (516)
[2019.03.01-13.12.19:351][814]LogModuleManager: Shutting down and abandoning module HTML5PlatformEditor (514)
[2019.03.01-13.12.19:351][814]LogModuleManager: Shutting down and abandoning module AndroidPlatformEditor (512)
[2019.03.01-13.12.19:351][814]LogModuleManager: Shutting down and abandoning module AndroidDeviceDetection (511)
[2019.03.01-13.12.19:510][814]LogModuleManager: Shutting down and abandoning module WindowsPlatformEditor (508)
[2019.03.01-13.12.19:511][814]LogModuleManager: Shutting down and abandoning module LuminRuntimeSettings (506)
[2019.03.01-13.12.19:511][814]LogModuleManager: Shutting down and abandoning module IOSRuntimeSettings (504)
[2019.03.01-13.12.19:511][814]LogModuleManager: Shutting down and abandoning module AndroidRuntimeSettings (502)
[2019.03.01-13.12.19:511][814]LogModuleManager: Shutting down and abandoning module InputBindingEditor (500)
[2019.03.01-13.12.19:511][814]LogModuleManager: Shutting down and abandoning module MergeActors (498)
[2019.03.01-13.12.19:511][814]LogModuleManager: Shutting down and abandoning module LocalizationDashboard (496)
[2019.03.01-13.12.19:511][814]LogModuleManager: Shutting down and abandoning module LocalizationService (495)
[2019.03.01-13.12.19:511][814]LogModuleManager: Shutting down and abandoning module HardwareTargeting (492)
[2019.03.01-13.12.19:511][814]LogModuleManager: Shutting down and abandoning module DeviceProfileEditor (490)
[2019.03.01-13.12.19:511][814]LogModuleManager: Shutting down and abandoning module UndoHistory (488)
[2019.03.01-13.12.19:511][814]LogModuleManager: Shutting down and abandoning module XmlParser (486)
[2019.03.01-13.12.19:511][814]LogModuleManager: Shutting down and abandoning module Blutility (484)
[2019.03.01-13.12.19:511][814]LogModuleManager: Shutting down and abandoning module ProjectSettingsViewer (482)
[2019.03.01-13.12.19:511][814]LogModuleManager: Shutting down and abandoning module ProjectTargetPlatformEditor (481)
[2019.03.01-13.12.19:511][814]LogModuleManager: Shutting down and abandoning module EditorSettingsViewer (478)
[2019.03.01-13.12.19:511][814]LogModuleManager: Shutting down and abandoning module SettingsEditor (476)
[2019.03.01-13.12.19:511][814]LogModuleManager: Shutting down and abandoning module ProjectLauncher (474)
[2019.03.01-13.12.19:511][814]LogModuleManager: Shutting down and abandoning module SessionFrontend (472)
[2019.03.01-13.12.19:511][814]LogModuleManager: Shutting down and abandoning module ProfilerClient (470)
[2019.03.01-13.12.19:511][814]LogModuleManager: Shutting down and abandoning module DeviceManager (468)
[2019.03.01-13.12.19:511][814]LogModuleManager: Shutting down and abandoning module TargetDeviceServices (467)
[2019.03.01-13.12.19:577][814]LogModuleManager: Shutting down and abandoning module AutomationController (464)
[2019.03.01-13.12.19:577][814]LogModuleManager: Shutting down and abandoning module AutomationWindow (462)
[2019.03.01-13.12.19:577][814]LogModuleManager: Shutting down and abandoning module Layers (460)
[2019.03.01-13.12.19:577][814]LogModuleManager: Shutting down and abandoning module ComponentVisualizers (458)
[2019.03.01-13.12.19:577][814]LogModuleManager: Shutting down and abandoning module DetailCustomizations (456)
[2019.03.01-13.12.19:577][814]LogModuleManager: Shutting down and abandoning module PackagesDialog (454)
[2019.03.01-13.12.19:577][814]LogModuleManager: Shutting down and abandoning module Persona (452)
[2019.03.01-13.12.19:577][814]LogModuleManager: Shutting down and abandoning module AdvancedPreviewScene (451)
[2019.03.01-13.12.19:577][814]LogModuleManager: Shutting down and abandoning module AnimGraph (449)
[2019.03.01-13.12.19:578][814]LogModuleManager: Shutting down and abandoning module Kismet (446)
[2019.03.01-13.12.19:584][814]LogModuleManager: Shutting down and abandoning module GraphEditor (444)
[2019.03.01-13.12.19:584][814]LogModuleManager: Shutting down and abandoning module ClassViewer (442)
[2019.03.01-13.12.19:584][814]LogModuleManager: Shutting down and abandoning module Toolbox (440)
[2019.03.01-13.12.19:584][814]LogModuleManager: Shutting down and abandoning module DesktopPlatform (439)
[2019.03.01-13.12.19:584][814]LogModuleManager: Shutting down and abandoning module ModuleUI (436)
[2019.03.01-13.12.19:584][814]LogModuleManager: Shutting down and abandoning module MovieSceneTools (434)
[2019.03.01-13.12.19:584][814]LogModuleManager: Shutting down and abandoning module OutputLog (432)
[2019.03.01-13.12.19:584][814]LogModuleManager: Shutting down and abandoning module GammaUI (430)
[2019.03.01-13.12.19:584][814]LogModuleManager: Shutting down and abandoning module Documentation (428)
[2019.03.01-13.12.19:584][814]LogModuleManager: Shutting down and abandoning module MovieSceneTracks (426)
[2019.03.01-13.12.19:584][814]LogModuleManager: Shutting down and abandoning module MovieScene (424)
[2019.03.01-13.12.19:584][814]LogModuleManager: Shutting down and abandoning module StreamingPauseRendering (422)
[2019.03.01-13.12.19:584][814]LogModuleManager: Shutting down and abandoning module LauncherPlatform (420)
[2019.03.01-13.12.19:584][814]LogModuleManager: Shutting down and abandoning module AnalyticsET (418)
[2019.03.01-13.12.19:584][814]LogModuleManager: Shutting down and abandoning module PortalServices (416)
[2019.03.01-13.12.19:585][814]LogModuleManager: Shutting down and abandoning module PortalRpc (414)
[2019.03.01-13.12.19:585][814]LogModuleManager: Shutting down and abandoning module MessagingRpc (412)
[2019.03.01-13.12.19:585][814]LogModuleManager: Shutting down and abandoning module AIModule (410)
[2019.03.01-13.12.19:585][814]LogModuleManager: Shutting down and abandoning module GameplayDebugger (409)
[2019.03.01-13.12.19:585][814]LogModuleManager: Shutting down and abandoning module AITestSuite (407)
[2019.03.01-13.12.19:585][814]LogModuleManager: Shutting down and abandoning module NavigationSystem (405)
[2019.03.01-13.12.19:585][814]LogModuleManager: Shutting down and abandoning module ProfilerService (402)
[2019.03.01-13.12.19:678][814]LogModuleManager: Shutting down and abandoning module TaskGraph (400)
[2019.03.01-13.12.19:678][814]LogModuleManager: Shutting down and abandoning module SteamVRController (398)
[2019.03.01-13.12.19:678][814]LogModuleManager: Shutting down and abandoning module ProceduralMeshComponentEditor (396)
[2019.03.01-13.12.19:678][814]LogModuleManager: Shutting down and abandoning module ProceduralMeshComponent (394)
[2019.03.01-13.12.19:678][814]LogModuleManager: Shutting down and abandoning module OculusInput (392)
[2019.03.01-13.12.19:678][814]LogModuleManager: Shutting down and abandoning module MobilePatchingUtils (390)
[2019.03.01-13.12.19:678][814]LogModuleManager: Shutting down and abandoning module EditableMesh (388)
[2019.03.01-13.12.19:678][814]LogModuleManager: Shutting down and abandoning module CustomMeshComponent (386)
[2019.03.01-13.12.19:678][814]LogModuleManager: Shutting down and abandoning module CableComponent (384)
[2019.03.01-13.12.19:678][814]LogModuleManager: Shutting down and abandoning module AudioCapture (382)
[2019.03.01-13.12.19:678][814]LogModuleManager: Shutting down and abandoning module ArchVisCharacter (380)
[2019.03.01-13.12.19:678][814]LogModuleManager: Shutting down and abandoning module AndroidPermission (378)
[2019.03.01-13.12.19:678][814]LogModuleManager: Shutting down and abandoning module NUTUnrealEngine4 (376)
[2019.03.01-13.12.19:678][814]LogModuleManager: Shutting down and abandoning module NetcodeUnitTest (374)
[2019.03.01-13.12.19:678][814]LogModuleManager: Shutting down and abandoning module MediaCompositingEditor (372)
[2019.03.01-13.12.19:679][814]LogModuleManager: Shutting down and abandoning module MediaCompositing (370)
[2019.03.01-13.12.19:679][814]LogModuleManager: Shutting down and abandoning module LinearTimecode (368)
[2019.03.01-13.12.19:679][814]LogModuleManager: Shutting down and abandoning module ImgMedia (366)
[2019.03.01-13.12.19:685][814]LogModuleManager: Shutting down and abandoning module HTML5Networking (364)
[2019.03.01-13.12.19:685][814]LogModuleManager: Shutting down and abandoning module GeometryCacheTracks (362)
[2019.03.01-13.12.19:685][814]LogModuleManager: Shutting down and abandoning module GeometryCacheSequencer (360)
[2019.03.01-13.12.19:685][814]LogModuleManager: Shutting down and abandoning module BackChannel (358)
[2019.03.01-13.12.19:685][814]LogModuleManager: Shutting down and abandoning module AppleVision (356)
[2019.03.01-13.12.19:685][814]LogModuleManager: Shutting down and abandoning module AppleImageUtils (354)
[2019.03.01-13.12.19:685][814]LogModuleManager: Shutting down and abandoning module AlembicImporter (352)
[2019.03.01-13.12.19:685][814]LogModuleManager: Shutting down and abandoning module AlembicLibrary (351)
[2019.03.01-13.12.19:685][814]LogModuleManager: Shutting down and abandoning module GeometryCache (350)
[2019.03.01-13.12.19:686][814]LogModuleManager: Shutting down and abandoning module GeometryCacheEd (349)
[2019.03.01-13.12.19:686][814]LogModuleManager: Shutting down and abandoning module DatasmithContentEditor (344)
[2019.03.01-13.12.19:686][814]LogModuleManager: Shutting down and abandoning module DatasmithContent (342)
[2019.03.01-13.12.19:686][814]LogModuleManager: Shutting down and abandoning module SpeedTreeImporter (340)
[2019.03.01-13.12.19:686][814]LogModuleManager: Shutting down and abandoning module PluginBrowser (338)
[2019.03.01-13.12.19:686][814]LogModuleManager: Shutting down and abandoning module MobileLauncherProfileWizard (336)
[2019.03.01-13.12.19:686][814]LogModuleManager: Shutting down and abandoning module PolygonModeling (334)
[2019.03.01-13.12.19:686][814]LogModuleManager: Shutting down and abandoning module MeshEditor (332)
[2019.03.01-13.12.19:686][814]LogModuleManager: Shutting down and abandoning module CryptoKeysOpenSSL (330)
[2019.03.01-13.12.19:686][814]LogModuleManager: Shutting down and abandoning module CryptoKeys (328)
[2019.03.01-13.12.19:686][814]LogModuleManager: Shutting down and abandoning module VisualStudioSourceCodeAccess (326)
[2019.03.01-13.12.19:687][814]LogModuleManager: Shutting down and abandoning module VisualStudioCodeSourceCodeAccess (324)
[2019.03.01-13.12.19:687][814]LogModuleManager: Shutting down and abandoning module UObjectPlugin (322)
[2019.03.01-13.12.19:687][814]LogModuleManager: Shutting down and abandoning module SubversionSourceControl (320)
[2019.03.01-13.12.19:687][814]LogModuleManager: Shutting down and abandoning module PerforceSourceControl (318)
[2019.03.01-13.12.19:687][814]LogModuleManager: Shutting down and abandoning module GitSourceControl (316)
[2019.03.01-13.12.19:687][814]LogModuleManager: Shutting down and abandoning module SourceControl (315)
[2019.03.01-13.12.19:687][814]LogModuleManager: Shutting down and abandoning module CLionSourceCodeAccess (312)
[2019.03.01-13.12.19:687][814]LogModuleManager: Shutting down and abandoning module LightPropagationVolumeEditor (310)
[2019.03.01-13.12.19:687][814]LogModuleManager: Shutting down and abandoning module PaperTiledImporter (308)
[2019.03.01-13.12.19:687][814]LogModuleManager: Shutting down and abandoning module PaperSpriteSheetImporter (306)
[2019.03.01-13.12.19:687][814]LogModuleManager: Shutting down and abandoning module Paper2DEditor (304)
[2019.03.01-13.12.19:687][814]LogModuleManager: Shutting down and abandoning module MeshPaint (303)
[2019.03.01-13.12.19:687][814]LogModuleManager: Shutting down and abandoning module FingerGunz (300)
[2019.03.01-13.12.19:687][814]LogModuleManager: Shutting down and abandoning module RuntimePhysXCooking (298)
[2019.03.01-13.12.19:687][814]LogModuleManager: Shutting down and abandoning module PhysXVehiclesEditor (296)
[2019.03.01-13.12.19:687][814]LogModuleManager: Shutting down and abandoning module PhysXVehicles (294)
[2019.03.01-13.12.19:687][814]LogModuleManager: Shutting down and abandoning module OculusEditor (292)
[2019.03.01-13.12.19:687][814]LogModuleManager: Shutting down and abandoning module LocationServicesBPLibrary (290)
[2019.03.01-13.12.19:687][814]LogModuleManager: Shutting down and abandoning module ImmediatePhysicsEditor (288)
[2019.03.01-13.12.19:687][814]LogModuleManager: Shutting down and abandoning module ImmediatePhysics (286)
[2019.03.01-13.12.19:687][814]LogModuleManager: Shutting down and abandoning module ActorSequence (284)
[2019.03.01-13.12.19:687][814]LogModuleManager: Shutting down and abandoning module UdpMessaging (282)
[2019.03.01-13.12.19:789][814]LogModuleManager: Shutting down and abandoning module TcpMessaging (280)
[2019.03.01-13.12.19:890][814]LogModuleManager: Shutting down and abandoning module MagicLeapAudio (278)
[2019.03.01-13.12.19:890][814]LogModuleManager: Shutting down and abandoning module GameplayTagsEditor (276)
[2019.03.01-13.12.19:890][814]LogModuleManager: Shutting down and abandoning module FacialAnimationEditor (274)
[2019.03.01-13.12.19:890][814]LogModuleManager: Shutting down and abandoning module FacialAnimation (272)
[2019.03.01-13.12.19:890][814]LogModuleManager: Shutting down and abandoning module DataValidation (270)
[2019.03.01-13.12.19:890][814]LogModuleManager: Shutting down and abandoning module AssetManagerEditor (268)
[2019.03.01-13.12.19:890][814]LogModuleManager: Shutting down and abandoning module LevelEditor (267)
[2019.03.01-13.12.19:891][814]LogModuleManager: Shutting down and abandoning module PixelInspectorModule (266)
[2019.03.01-13.12.19:891][814]LogModuleManager: Shutting down and abandoning module CommonMenuExtensions (264)
[2019.03.01-13.12.19:891][814]LogModuleManager: Shutting down and abandoning module MainFrame (262)
[2019.03.01-13.12.19:891][814]LogModuleManager: Shutting down and abandoning module HotReload (261)
[2019.03.01-13.12.19:892][814]LogModuleManager: Shutting down and abandoning module ContentBrowser (257)
[2019.03.01-13.12.19:893][814]LogModuleManager: Shutting down and abandoning module TreeMap (255)
[2019.03.01-13.12.19:893][814]LogModuleManager: Shutting down and abandoning module LightPropagationVolumeRuntime (252)
[2019.03.01-13.12.19:893][814]LogModuleManager: Shutting down and abandoning module AISupportModule (250)
[2019.03.01-13.12.19:893][814]LogModuleManager: Shutting down and abandoning module Paper2D (248)
[2019.03.01-13.12.19:893][814]LogModuleManager: Shutting down and abandoning module WindowsMoviePlayer (246)
[2019.03.01-13.12.19:893][814]LogModuleManager: Shutting down and abandoning module WmfMedia (244)
[2019.03.01-13.12.19:895][814]LogModuleManager: Shutting down and abandoning module Media (243)
[2019.03.01-13.12.19:901][814]LogModuleManager: Shutting down and abandoning module PacketHandler (240)
[2019.03.01-13.12.19:902][814]LogModuleManager: Shutting down and abandoning module ClothingSystemEditor (238)
[2019.03.01-13.12.19:902][814]LogModuleManager: Shutting down and abandoning module ClothingSystemRuntime (236)
[2019.03.01-13.12.19:902][814]LogModuleManager: Shutting down and abandoning module MediaAssets (234)
[2019.03.01-13.12.19:902][814]LogModuleManager: Shutting down and abandoning module Overlay (232)
[2019.03.01-13.12.19:902][814]LogModuleManager: Shutting down and abandoning module OverlayEditor (231)
[2019.03.01-13.12.19:902][814]LogModuleManager: Shutting down and abandoning module VREditor (228)
[2019.03.01-13.12.19:902][814]LogModuleManager: Shutting down and abandoning module StringTableEditor (226)
[2019.03.01-13.12.19:902][814]LogModuleManager: Shutting down and abandoning module GameplayTasksEditor (224)
[2019.03.01-13.12.19:902][814]LogModuleManager: Shutting down and abandoning module BehaviorTreeEditor (222)
[2019.03.01-13.12.19:902][814]LogModuleManager: Shutting down and abandoning module FunctionalTesting (220)
[2019.03.01-13.12.19:902][814]LogModuleManager: Shutting down and abandoning module CollisionAnalyzer (218)
[2019.03.01-13.12.19:902][814]LogModuleManager: Shutting down and abandoning module WorkspaceMenuStructure (217)
[2019.03.01-13.12.19:902][814]LogModuleManager: Shutting down and abandoning module UMG (214)
[2019.03.01-13.12.19:902][814]LogModuleManager: Shutting down and abandoning module UMGEditor (213)
[2019.03.01-13.12.19:902][814]LogModuleManager: Shutting down and abandoning module Sequencer (212)
[2019.03.01-13.12.19:902][814]LogModuleManager: Shutting down and abandoning module MessageLog (209)
[2019.03.01-13.12.19:902][814]LogModuleManager: Shutting down and abandoning module SlateReflector (204)
[2019.03.01-13.12.19:902][814]LogModuleManager: Shutting down and abandoning module Slate (202)
[2019.03.01-13.12.19:902][814]LogModuleManager: Shutting down and abandoning module EditorStyle (200)
[2019.03.01-13.12.19:904][814]LogModuleManager: Shutting down and abandoning module MRMesh (198)
[2019.03.01-13.12.19:904][814]LogModuleManager: Shutting down and abandoning module SourceCodeAccess (196)
[2019.03.01-13.12.19:904][814]LogModuleManager: Shutting down and abandoning module HeadMountedDisplay (194)
[2019.03.01-13.12.19:904][814]LogModuleManager: Shutting down and abandoning module XAudio2 (192)
[2019.03.01-13.12.19:904][814]LogModuleManager: Shutting down and abandoning module Networking (190)
[2019.03.01-13.12.19:904][814]LogModuleManager: Shutting down and abandoning module Core (188)
[2019.03.01-13.12.19:904][814]LogModuleManager: Shutting down and abandoning module LevelSequence (186)
[2019.03.01-13.12.19:904][814]LogModuleManager: Shutting down and abandoning module KismetCompiler (184)
[2019.03.01-13.12.19:904][814]LogModuleManager: Shutting down and abandoning module MeshUtilities (182)
[2019.03.01-13.12.19:905][814]LogModuleManager: Shutting down and abandoning module MeshMergeUtilities (181)
[2019.03.01-13.12.19:905][814]LogModuleManager: Shutting down and abandoning module MeshReductionInterface (180)
[2019.03.01-13.12.19:905][814]LogModuleManager: Shutting down and abandoning module SimplygonSwarm (179)
[2019.03.01-13.12.19:905][814]LogModuleManager: Shutting down and abandoning module ProxyLODMeshReduction (177)
[2019.03.01-13.12.19:905][814]LogModuleManager: Shutting down and abandoning module SimplygonMeshReduction (175)
[2019.03.01-13.12.19:905][814]LogModuleManager: Shutting down and abandoning module QuadricMeshReduction (173)
[2019.03.01-13.12.19:905][814]LogModuleManager: Shutting down and abandoning module MaterialBaking (169)
[2019.03.01-13.12.19:905][814]LogModuleManager: Shutting down and abandoning module DirectoryWatcher (165)
[2019.03.01-13.12.19:905][814]LogModuleManager: Shutting down and abandoning module DerivedDataCache (162)
[2019.03.01-13.12.19:906][814]LogDerivedDataCache: Shutdown
[2019.03.01-13.12.19:906][814]LogModuleManager: Shutting down and abandoning module XGEController (160)
[2019.03.01-13.12.19:906][814]LogXGEController: Cleaning working directory: C:/Users/Xyvn/AppData/Local/Temp/UnrealXGEWorkingDir/
[2019.03.01-13.12.19:906][814]LogModuleManager: Shutting down and abandoning module TargetPlatform (158)
[2019.03.01-13.12.19:906][814]LogModuleManager: Shutting down and abandoning module VulkanShaderFormat (157)
[2019.03.01-13.12.19:906][814]LogModuleManager: Shutting down and abandoning module ShaderFormatVectorVM (155)
[2019.03.01-13.12.19:906][814]LogModuleManager: Shutting down and abandoning module ShaderFormatOpenGL (153)
[2019.03.01-13.12.19:906][814]LogModuleManager: Shutting down and abandoning module ShaderFormatD3D (151)
[2019.03.01-13.12.19:906][814]LogModuleManager: Shutting down and abandoning module MetalShaderFormat (149)
[2019.03.01-13.12.19:906][814]LogModuleManager: Shutting down and abandoning module TextureFormatUncompressed (147)
[2019.03.01-13.12.19:906][814]LogModuleManager: Shutting down and abandoning module TextureFormatPVR (145)
[2019.03.01-13.12.19:906][814]LogModuleManager: Shutting down and abandoning module TextureFormatDXT (143)
[2019.03.01-13.12.19:906][814]LogModuleManager: Shutting down and abandoning module TextureFormatIntelISPCTexComp (141)
[2019.03.01-13.12.19:906][814]LogModuleManager: Shutting down and abandoning module TextureFormatASTC (139)
[2019.03.01-13.12.19:906][814]LogModuleManager: Shutting down and abandoning module ImageWrapper (138)
[2019.03.01-13.12.19:906][814]LogModuleManager: Shutting down and abandoning module TextureFormatAndroid (135)
[2019.03.01-13.12.19:906][814]LogModuleManager: Shutting down and abandoning module AudioFormatOpus (133)
[2019.03.01-13.12.19:907][814]LogModuleManager: Shutting down and abandoning module AudioFormatOgg (131)
[2019.03.01-13.12.19:907][814]LogModuleManager: Shutting down and abandoning module AudioFormatADPCM (129)
[2019.03.01-13.12.19:907][814]LogModuleManager: Shutting down and abandoning module LuminTargetPlatform (127)
[2019.03.01-13.12.19:907][814]LogModuleManager: Shutting down and abandoning module LinuxTargetPlatform (125)
[2019.03.01-13.12.19:907][814]LogModuleManager: Shutting down and abandoning module LinuxServerTargetPlatform (123)
[2019.03.01-13.12.19:907][814]LogModuleManager: Shutting down and abandoning module LinuxNoEditorTargetPlatform (121)
[2019.03.01-13.12.19:907][814]LogModuleManager: Shutting down and abandoning module LinuxClientTargetPlatform (119)
[2019.03.01-13.12.19:907][814]LogModuleManager: Shutting down and abandoning module TVOSTargetPlatform (117)
[2019.03.01-13.12.19:908][814]LogModuleManager: Shutting down and abandoning module Messaging (115)
[2019.03.01-13.12.19:908][814]LogModuleManager: Shutting down and abandoning module IOSTargetPlatform (113)
[2019.03.01-13.12.19:909][814]LogModuleManager: Shutting down and abandoning module HTML5TargetPlatform (111)
[2019.03.01-13.12.19:909][814]LogModuleManager: Shutting down and abandoning module AndroidTargetPlatform (109)
[2019.03.01-13.12.19:916][814]LogModuleManager: Shutting down and abandoning module WindowsTargetPlatform (107)
[2019.03.01-13.12.19:916][814]LogModuleManager: Shutting down and abandoning module WindowsServerTargetPlatform (105)
[2019.03.01-13.12.19:916][814]LogModuleManager: Shutting down and abandoning module WindowsNoEditorTargetPlatform (103)
[2019.03.01-13.12.19:916][814]LogModuleManager: Shutting down and abandoning module WindowsClientTargetPlatform (101)
[2019.03.01-13.12.19:916][814]LogModuleManager: Shutting down and abandoning module MacTargetPlatform (99)
[2019.03.01-13.12.19:916][814]LogModuleManager: Shutting down and abandoning module MacServerTargetPlatform (97)
[2019.03.01-13.12.19:916][814]LogModuleManager: Shutting down and abandoning module MacNoEditorTargetPlatform (95)
[2019.03.01-13.12.19:917][814]LogModuleManager: Shutting down and abandoning module MacClientTargetPlatform (93)
[2019.03.01-13.12.19:917][814]LogModuleManager: Shutting down and abandoning module AllDesktopTargetPlatform (91)
[2019.03.01-13.12.19:917][814]LogModuleManager: Shutting down and abandoning module InputCore (88)
[2019.03.01-13.12.19:917][814]LogModuleManager: Shutting down and abandoning module Settings (86)
[2019.03.01-13.12.19:917][814]LogModuleManager: Shutting down and abandoning module PhysXCooking (84)
[2019.03.01-13.12.19:917][814]LogModuleManager: Shutting down and abandoning module SteamVR (82)
[2019.03.01-13.12.19:917][814]LogModuleManager: Shutting down and abandoning module OculusHMD (80)
[2019.03.01-13.12.19:917][814]LogModuleManager: Shutting down and abandoning module ExampleDeviceProfileSelector (78)
[2019.03.01-13.12.19:917][814]LogModuleManager: Shutting down and abandoning module LauncherChunkInstaller (76)
[2019.03.01-13.12.19:917][814]LogModuleManager: Shutting down and abandoning module OnlineBlueprintSupport (74)
[2019.03.01-13.12.19:917][814]LogModuleManager: Shutting down and abandoning module OnlineSubsystem (70)
[2019.03.01-13.12.19:918][814]LogModuleManager: Shutting down and abandoning module XMPP (65)
[2019.03.01-13.12.19:918][814]LogModuleManager: Shutting down and abandoning module WebSockets (64)
[2019.03.01-13.12.19:928][814]LogModuleManager: Shutting down and abandoning module HTTP (61)
[2019.03.01-13.12.19:928][814]LogHttp: Display: Http module shutting down, but needs to wait on 1 outstanding Http requests:
[2019.03.01-13.12.19:928][814]LogHttp: Display: 	verb=[POST] url=[https://datarouter.ol.epicgames.com/datarouter/api/v1/public/data?SessionID=%7B3AADB855-4985-5B8D-B3AE-67897951C728%7D&AppID=UEEditor.Rocket.Release&AppVersion=4.20.3-4369336%2B%2B%2BUE4%2BRelease-4.20&UserID=70c2058d4c394d2edab8608effb2c826%7Ced7a3a59b4454b0890177a5c2b24cf86%7C74699b4c-49b7-4138-846f-8caedc6a2162&AppEnvironment=datacollector-binary&UploadType=eteventstream] status=Processing
[2019.03.01-13.12.19:933][814]LogModuleManager: Shutting down and abandoning module SSL (60)
[2019.03.01-13.12.19:934][814]LogModuleManager: Shutting down and abandoning module MagicLeapEmulator (56)
[2019.03.01-13.12.19:934][814]LogModuleManager: Shutting down and abandoning module MagicLeapPrivileges (54)
[2019.03.01-13.12.19:934][814]LogModuleManager: Shutting down and abandoning module MagicLeapIdentity (52)
[2019.03.01-13.12.19:934][814]LogModuleManager: Shutting down and abandoning module MagicLeapHelperVulkan (50)
[2019.03.01-13.12.19:934][814]LogModuleManager: Shutting down and abandoning module MagicLeapHelperOpenGL (48)
[2019.03.01-13.12.19:934][814]LogModuleManager: Shutting down and abandoning module MagicLeapSecureStorage (46)
[2019.03.01-13.12.19:934][814]LogModuleManager: Shutting down and abandoning module MagicLeapGestures (44)
[2019.03.01-13.12.19:934][814]LogModuleManager: Shutting down and abandoning module MagicLeapEyeTracker (42)
[2019.03.01-13.12.19:934][814]LogModuleManager: Shutting down and abandoning module MagicLeapController (40)
[2019.03.01-13.12.19:935][814]LogSlate: Slate User Destroyed.  User Index 0, Is Virtual User: 0
[2019.03.01-13.12.19:935][814]LogModuleManager: Shutting down and abandoning module MagicLeap (38)
[2019.03.01-13.12.19:935][814]LogModuleManager: Shutting down and abandoning module AnimationModifiers (36)
[2019.03.01-13.12.19:935][814]LogModuleManager: Shutting down and abandoning module PropertyEditor (35)
[2019.03.01-13.12.19:935][814]LogModuleManager: Shutting down and abandoning module AudioEditor (32)
[2019.03.01-13.12.19:935][814]LogModuleManager: Shutting down and abandoning module TextureCompressor (30)
[2019.03.01-13.12.19:935][814]LogModuleManager: Shutting down and abandoning module ShaderCore (28)
[2019.03.01-13.12.19:935][814]LogModuleManager: Shutting down and abandoning module Landscape (26)
[2019.03.01-13.12.19:935][814]LogModuleManager: Shutting down and abandoning module SlateRHIRenderer (24)
[2019.03.01-13.12.19:936][814]LogModuleManager: Shutting down and abandoning module OpenGLDrv (22)
[2019.03.01-13.12.19:936][814]LogModuleManager: Shutting down and abandoning module D3D11RHI (20)
[2019.03.01-13.12.19:936][814]LogModuleManager: Shutting down and abandoning module AnimGraphRuntime (18)
[2019.03.01-13.12.19:936][814]LogModuleManager: Shutting down and abandoning module Renderer (16)
[2019.03.01-13.12.19:936][814]LogModuleManager: Shutting down and abandoning module Engine (14)
[2019.03.01-13.12.19:936][814]LogModuleManager: Shutting down and abandoning module CoreUObject (12)
[2019.03.01-13.12.19:936][814]LogModuleManager: Shutting down and abandoning module NetworkFile (10)
[2019.03.01-13.12.19:936][814]LogModuleManager: Shutting down and abandoning module CookedIterativeFile (8)
[2019.03.01-13.12.19:936][814]LogModuleManager: Shutting down and abandoning module StreamingFile (6)
[2019.03.01-13.12.19:936][814]LogModuleManager: Shutting down and abandoning module SandboxFile (4)
[2019.03.01-13.12.19:936][814]LogModuleManager: Shutting down and abandoning module PakFile (2)
[2019.03.01-13.12.19:945][814]LogExit: Exiting.
[2019.03.01-13.12.19:984][814]Log file closed, 03/01/19 13:12:19
