Log file open, 02/16/19 02:07:42
LogWindows: Failed to load 'aqProf.dll' (GetLastError=126)
LogWindows: File 'aqProf.dll' does not exist
LogWindows: Failed to load 'VSPerf140.dll' (GetLastError=126)
LogWindows: File 'VSPerf140.dll' does not exist
LogWindows: Failed to load 'VtuneApi.dll' (GetLastError=126)
LogWindows: File 'VtuneApi.dll' does not exist
LogWindows: Failed to load 'VtuneApi32e.dll' (GetLastError=126)
LogWindows: File 'VtuneApi32e.dll' does not exist
LogInit: Display: Running engine for game: FingerGunz
LogPlatformFile: Not using cached read wrapper
LogTaskGraph: Started task graph with 5 named threads and 23 total threads with 3 sets of task threads.
LogStats: Stats thread started at 0.441601
LogD3D11RHI: Loaded GFSDK_Aftermath_Lib.x64.dll
LogICUInternationalization: Display: ICU TimeZone Detection - Raw Offset: +0:00, Platform Override: ''
LogPluginManager: Mounting plugin Paper2D
LogPluginManager: Mounting plugin AISupport
LogPluginManager: Mounting plugin LightPropagationVolume
LogPluginManager: Mounting plugin CLionSourceCodeAccess
LogPluginManager: Mounting plugin CodeLiteSourceCodeAccess
LogPluginManager: Mounting plugin GitSourceControl
LogPluginManager: Mounting plugin KDevelopSourceCodeAccess
LogPluginManager: Mounting plugin NullSourceCodeAccess
LogPluginManager: Mounting plugin PerforceSourceControl
LogPluginManager: Mounting plugin SubversionSourceControl
LogPluginManager: Mounting plugin UObjectPlugin
LogPluginManager: Mounting plugin VisualStudioCodeSourceCodeAccess
LogPluginManager: Mounting plugin VisualStudioSourceCodeAccess
LogPluginManager: Mounting plugin XCodeSourceCodeAccess
LogPluginManager: Mounting plugin AssetManagerEditor
LogPluginManager: Mounting plugin CryptoKeys
LogPluginManager: Mounting plugin DataValidation
LogPluginManager: Mounting plugin FacialAnimation
LogPluginManager: Mounting plugin GameplayTagsEditor
LogPluginManager: Mounting plugin MacGraphicsSwitching
LogPluginManager: Mounting plugin MeshEditor
LogPluginManager: Mounting plugin MobileLauncherProfileWizard
LogPluginManager: Mounting plugin PluginBrowser
LogPluginManager: Mounting plugin SpeedTreeImporter
LogPluginManager: Mounting plugin DatasmithContent
LogPluginManager: Mounting plugin AlembicImporter
LogPluginManager: Mounting plugin AppleImageUtils
LogPluginManager: Mounting plugin AppleVision
LogPluginManager: Mounting plugin BackChannel
LogPluginManager: Mounting plugin CharacterAI
LogPluginManager: Mounting plugin GeometryCache
LogPluginManager: Mounting plugin HTML5Networking
LogPluginManager: Mounting plugin ProxyLODPlugin
LogPluginManager: Mounting plugin MagicLeap
LogPluginManager: Mounting plugin MagicLeapEmulator
LogPluginManager: Mounting plugin MagicLeapMedia
LogPluginManager: Mounting plugin AndroidMedia
LogPluginManager: Mounting plugin AvfMedia
LogPluginManager: Mounting plugin ImgMedia
LogPluginManager: Mounting plugin LinearTimecode
LogPluginManager: Mounting plugin MediaCompositing
LogPluginManager: Mounting plugin MediaPlayerEditor
LogPluginManager: Mounting plugin WmfMedia
LogPluginManager: Mounting plugin TcpMessaging
LogPluginManager: Mounting plugin UdpMessaging
LogPluginManager: Mounting plugin ActorSequence
LogPluginManager: Mounting plugin LevelSequenceEditor
LogPluginManager: Mounting plugin MatineeToLevelSequence
LogPluginManager: Mounting plugin NetcodeUnitTest
LogPluginManager: Mounting plugin NUTUnrealEngine4
LogPluginManager: Mounting plugin OnlineSubsystemGooglePlay
LogPluginManager: Mounting plugin OnlineSubsystemIOS
LogPluginManager: Mounting plugin OnlineSubsystem
LogPluginManager: Mounting plugin OnlineSubsystemNull
LogPluginManager: Mounting plugin OnlineSubsystemUtils
LogPluginManager: Mounting plugin LauncherChunkInstaller
LogPluginManager: Mounting plugin AndroidDeviceProfileSelector
LogPluginManager: Mounting plugin AndroidMoviePlayer
LogPluginManager: Mounting plugin AndroidPermission
LogPluginManager: Mounting plugin AppleMoviePlayer
LogPluginManager: Mounting plugin ArchVisCharacter
LogPluginManager: Mounting plugin AudioCapture
LogPluginManager: Mounting plugin CableComponent
LogPluginManager: Mounting plugin CustomMeshComponent
LogPluginManager: Mounting plugin EditableMesh
LogPluginManager: Mounting plugin ExampleDeviceProfileSelector
LogPluginManager: Mounting plugin GoogleCloudMessaging
LogPluginManager: Mounting plugin ImmediatePhysics
LogPluginManager: Mounting plugin IOSDeviceProfileSelector
LogPluginManager: Mounting plugin LinuxDeviceProfileSelector
LogPluginManager: Mounting plugin LocationServicesBPLibrary
LogPluginManager: Mounting plugin MobilePatchingUtils
LogPluginManager: Mounting plugin OculusVR
LogPluginManager: Plugin shader directory ../../../Engine/Plugins/Runtime/Oculus/OculusVR/Shaders found
LogPluginManager: Mapping shader source directory ../../../Engine/Plugins/Runtime/Oculus/OculusVR/Shaders to virtual directory /Plugin/OculusVR
LogPluginManager: Mounting plugin PhysXVehicles
LogPluginManager: Mounting plugin ProceduralMeshComponent
LogPluginManager: Mounting plugin RuntimePhysXCooking
LogPluginManager: Mounting plugin SteamVR
LogPluginManager: Mounting plugin WindowsMoviePlayer
LogStreaming: Display: Took  0.330s to configure plugins.
LogInit: Using libcurl 7.55.1-DEV
LogInit:  - built for x86_64-pc-win32
LogInit:  - supports SSL with OpenSSL/1.0.2h
LogInit:  - supports HTTP deflate (compression) using libz 1.2.8
LogInit:  - other features:
LogInit:      CURL_VERSION_SSL
LogInit:      CURL_VERSION_LIBZ
LogInit:      CURL_VERSION_IPV6
LogInit:      CURL_VERSION_ASYNCHDNS
LogInit:      CURL_VERSION_LARGEFILE
LogInit:      CURL_VERSION_IDN
LogInit:  CurlRequestOptions (configurable via config and command line):
LogInit:  - bVerifyPeer = false  - Libcurl will NOT verify peer certificate
LogInit:  - bUseHttpProxy = false  - Libcurl will NOT use HTTP proxy
LogInit:  - bDontReuseConnections = false  - Libcurl will reuse connections
LogInit:  - CertBundlePath = nullptr  - Libcurl will use whatever was configured at build time.
LogInit:  - MaxHostConnections = 16  - Libcurl will limit the number of connections to a host
LogInit:  - LocalHostAddr = Default
LogInit:  - BufferSize = 65536
LogInit: WinSock: version 1.1 (2.2), MaxSocks=32767, MaxUdp=65467
LogInit: Build: ++UE4+Release-4.20-CL-4369336
LogInit: Engine Version: 4.20.3-4369336+++UE4+Release-4.20
LogInit: Compatible Engine Version: 4.20.0-4212847+++UE4+Release-4.20
LogInit: Net CL: 4212847
LogInit: OS: Windows 10 (), CPU:        Intel(R) Xeon(R) CPU E5-1620 0 @ 3.60GHz, GPU: NVIDIA GeForce GTX 660 Ti
LogInit: Compiled (64-bit): Sep 17 2018 12:26:19
LogInit: Compiled with Visual C++: 19.13.26129.00
LogInit: Build Configuration: Development
LogInit: Branch Name: ++UE4+Release-4.20
LogInit: Command Line:  -skipcompile
LogInit: Base Directory: C:/Epic/UE4/UE_4.20/Engine/Binaries/Win64/
LogInit: Installed Engine Build: 1
LogDevObjectVersion: Number of dev versions registered: 20
LogDevObjectVersion:   Dev-Blueprints (B0D832E4-1F89-4F0D-ACCF-7EB736FD4AA2): 10
LogDevObjectVersion:   Dev-Build (E1C64328-A22C-4D53-A36C-8E866417BD8C): 0
LogDevObjectVersion:   Dev-Core (375EC13C-06E4-48FB-B500-84F0262A717E): 2
LogDevObjectVersion:   Dev-Editor (E4B068ED-F494-42E9-A231-DA0B2E46BB41): 24
LogDevObjectVersion:   Dev-Framework (CFFC743F-43B0-4480-9391-14DF171D2073): 34
LogDevObjectVersion:   Dev-Mobile (B02B49B5-BB20-44E9-A304-32B752E40360): 2
LogDevObjectVersion:   Dev-Networking (A4E4105C-59A1-49B5-A7C5-40C4547EDFEE): 0
LogDevObjectVersion:   Dev-Online (39C831C9-5AE6-47DC-9A44-9C173E1C8E7C): 0
LogDevObjectVersion:   Dev-Physics (78F01B33-EBEA-4F98-B9B4-84EACCB95AA2): 0
LogDevObjectVersion:   Dev-Platform (6631380F-2D4D-43E0-8009-CF276956A95A): 0
LogDevObjectVersion:   Dev-Rendering (12F88B9F-8875-4AFC-A67C-D90C383ABD29): 26
LogDevObjectVersion:   Dev-Sequencer (7B5AE74C-D270-4C10-A958-57980B212A5A): 9
LogDevObjectVersion:   Dev-VR (D7296918-1DD6-4BDD-9DE2-64A83CC13884): 2
LogDevObjectVersion:   Dev-LoadTimes (C2A15278-BFE7-4AFE-6C17-90FF531DF755): 1
LogDevObjectVersion:   Private-Geometry (6EACA3D4-40EC-4CC1-B786-8BED09428FC5): 3
LogDevObjectVersion:   Dev-AnimPhys (29E575DD-E0A3-4627-9D10-D276232CDCEA): 17
LogDevObjectVersion:   Dev-ReflectionCapture (6B266CEC-1EC7-4B8F-A30B-E4D90942FC07): 1
LogDevObjectVersion:   Dev-Automation (0DF73D61-A23F-47EA-B727-89E90C41499A): 1
LogDevObjectVersion:   FortniteMain (601D1886-AC64-4F84-AA16-D3DE0DEAC7D6): 12
LogDevObjectVersion:   Dev-Enterprise (9DFFBCD6-494F-0158-E221-12823C92A888): 1
LogStreaming: Display: Took  0.010s to delete old logs.
LogInit: Presizing for max 8388607 objects, including 0 objects not considered by GC, pre-allocating 0 bytes for permanent pool.
LogInit: Object subsystem initialized
[2019.02.16-02.07.42:925][  0]LogInit: Selected Device Profile: [Windows]
[2019.02.16-02.07.42:925][  0]LogInit: Applying CVar settings loaded from the selected device profile: [Windows]
[2019.02.16-02.07.43:010][  0]LogHAL: Display: Platform has ~ 16 GB [17100050432 / 17179869184 / 16], which maps to Larger [LargestMinGB=32, LargerMinGB=12, DefaultMinGB=8, SmallerMinGB=6, SmallestMinGB=0)
[2019.02.16-02.07.43:011][  0]LogInit: Setting Device Profile CVar: [[r.Vulkan.UseRealUBs:1]]
[2019.02.16-02.07.43:011][  0]LogInit: Going up to parent DeviceProfile []
[2019.02.16-02.07.43:012][  0]LogInit: Computer: C108-05
[2019.02.16-02.07.43:012][  0]LogInit: User: w019563h
[2019.02.16-02.07.43:012][  0]LogInit: CPU Page size=4096, Cores=4
[2019.02.16-02.07.43:012][  0]LogInit: High frequency timer resolution =3.507181 MHz
[2019.02.16-02.07.43:012][  0]LogMemory: Memory total: Physical=15.9GB (16GB approx)
[2019.02.16-02.07.43:012][  0]LogMemory: Platform Memory Stats for Windows
[2019.02.16-02.07.43:012][  0]LogMemory: Process Physical Memory: 102.42 MB used, 102.42 MB peak
[2019.02.16-02.07.43:013][  0]LogMemory: Process Virtual Memory: 93.27 MB used, 93.27 MB peak
[2019.02.16-02.07.43:013][  0]LogMemory: Physical Memory: 6106.25 MB used,  10201.63 MB free, 16307.88 MB total
[2019.02.16-02.07.43:013][  0]LogMemory: Virtual Memory: 4642.46 MB used,  10201.63 MB free, 134217728.00 MB total
[2019.02.16-02.07.43:386][  0]LogInit: Using OS detected language (en-US).
[2019.02.16-02.07.43:386][  0]LogInit: Using OS detected locale (en-GB).
[2019.02.16-02.07.43:388][  0]LogTextLocalizationManager: No specific localization for 'en-US' exists, so the 'en' localization will be used.
[2019.02.16-02.07.43:982][  0]LogStreaming: Display: Took  0.596s to InitEngineTextLocalization.
[2019.02.16-02.07.43:983][  0]LogInit: Setting process to per monitor DPI aware
[2019.02.16-02.07.44:164][  0]LogSlate: New Slate User Created.  User Index 0, Is Virtual User: 0
[2019.02.16-02.07.44:164][  0]LogSlate: Slate User Registered.  User Index 0, Is Virtual User: 0
[2019.02.16-02.07.48:208][  0]LogHMD: Failed to initialize OpenVR with code 110
[2019.02.16-02.07.48:208][  0]LogD3D11RHI: D3D11 adapters:
[2019.02.16-02.07.48:373][  0]LogD3D11RHI:    0. 'NVIDIA GeForce GTX 660 Ti' (Feature Level 11_0)
[2019.02.16-02.07.48:373][  0]LogD3D11RHI:       1998/0/8153 MB DedicatedVideo/DedicatedSystem/SharedSystem, Outputs:2, VendorId:0x10de
[2019.02.16-02.07.48:388][  0]LogD3D11RHI:    1. 'Microsoft Basic Render Driver' (Feature Level 11_0)
[2019.02.16-02.07.48:389][  0]LogD3D11RHI:       0/0/8153 MB DedicatedVideo/DedicatedSystem/SharedSystem, Outputs:0, VendorId:0x1414
[2019.02.16-02.07.48:389][  0]LogD3D11RHI: Chosen D3D11 Adapter: 0
[2019.02.16-02.07.48:407][  0]LogD3D11RHI: Creating new Direct3DDevice
[2019.02.16-02.07.48:408][  0]LogD3D11RHI:     GPU DeviceId: 0x1183 (for the marketing name, search the web for "GPU Device Id")
[2019.02.16-02.07.48:408][  0]LogWindows: EnumDisplayDevices:
[2019.02.16-02.07.48:409][  0]LogWindows:    0. 'NVIDIA GeForce GTX 660 Ti' (P:1 D:1)
[2019.02.16-02.07.48:410][  0]LogWindows:    1. 'NVIDIA GeForce GTX 660 Ti' (P:0 D:1)
[2019.02.16-02.07.48:411][  0]LogWindows:    2. 'NVIDIA GeForce GTX 660 Ti' (P:0 D:0)
[2019.02.16-02.07.48:413][  0]LogWindows:    3. 'NVIDIA GeForce GTX 660 Ti' (P:0 D:0)
[2019.02.16-02.07.48:414][  0]LogWindows: DebugString: FoundDriverCount:4 
[2019.02.16-02.07.48:414][  0]LogD3D11RHI:     Adapter Name: NVIDIA GeForce GTX 660 Ti
[2019.02.16-02.07.48:414][  0]LogD3D11RHI:   Driver Version: 398.82 (internal:24.21.13.9882, unified:398.82)
[2019.02.16-02.07.48:414][  0]LogD3D11RHI:      Driver Date: 7-30-2018
[2019.02.16-02.07.48:414][  0]LogRHI: Texture pool is 1398 MB (70% of 1998 MB)
[2019.02.16-02.07.48:532][  0]LogD3D11RHI: Async texture creation enabled
[2019.02.16-02.07.48:556][  0]LogD3D11RHI: GPU Timing Frequency: 1000.000000 (Debug: 2 2)
[2019.02.16-02.07.48:564][  0]LogShaderCompilers: Guid format shader working directory is -23 characters bigger than the processId version (../../../../../../Users/w019563h/Documents/TGP-Group-Project/FingerGunz/Intermediate/Shaders/WorkingDirectory/13300/).
[2019.02.16-02.07.48:565][  0]LogShaderCompilers: Cleaned the shader compiler working directory 'C:/Users/w019563h/AppData/Local/Temp/UnrealShaderWorkingDir/EC8D655447D846601DF32F8996020E7C/'.
[2019.02.16-02.07.48:992][  0]LogTemp: Display: Loaded TP AllDesktopTargetPlatform
[2019.02.16-02.07.49:017][  0]LogTemp: Display: Loaded TP MacClientTargetPlatform
[2019.02.16-02.07.49:057][  0]LogTemp: Display: Loaded TP MacNoEditorTargetPlatform
[2019.02.16-02.07.49:113][  0]LogTemp: Display: Loaded TP MacServerTargetPlatform
[2019.02.16-02.07.49:204][  0]LogTemp: Display: Loaded TP MacTargetPlatform
[2019.02.16-02.07.49:264][  0]LogTemp: Display: Loaded TP WindowsClientTargetPlatform
[2019.02.16-02.07.49:328][  0]LogTemp: Display: Loaded TP WindowsNoEditorTargetPlatform
[2019.02.16-02.07.49:379][  0]LogTemp: Display: Loaded TP WindowsServerTargetPlatform
[2019.02.16-02.07.49:403][  0]LogTemp: Display: Loaded TP WindowsTargetPlatform
[2019.02.16-02.07.49:599][  0]LogTemp: Display: Loaded TP AndroidTargetPlatform
[2019.02.16-02.07.49:599][  0]LogTemp: Display: Loaded TP AndroidTargetPlatform
[2019.02.16-02.07.49:599][  0]LogTemp: Display: Loaded TP AndroidTargetPlatform
[2019.02.16-02.07.49:599][  0]LogTemp: Display: Loaded TP AndroidTargetPlatform
[2019.02.16-02.07.49:599][  0]LogTemp: Display: Loaded TP AndroidTargetPlatform
[2019.02.16-02.07.49:599][  0]LogTemp: Display: Loaded TP AndroidTargetPlatform
[2019.02.16-02.07.49:599][  0]LogTemp: Display: Loaded TP AndroidTargetPlatform
[2019.02.16-02.07.49:599][  0]LogTemp: Display: Loaded TP AndroidTargetPlatform
[2019.02.16-02.07.49:600][  0]LogTemp: Display: Loaded TP AndroidTargetPlatform
[2019.02.16-02.07.49:600][  0]LogTemp: Display: Loaded TP AndroidTargetPlatform
[2019.02.16-02.07.49:600][  0]LogTemp: Display: Loaded TP AndroidTargetPlatform
[2019.02.16-02.07.49:600][  0]LogTemp: Display: Loaded TP AndroidTargetPlatform
[2019.02.16-02.07.49:600][  0]LogTemp: Display: Loaded TP AndroidTargetPlatform
[2019.02.16-02.07.49:600][  0]LogTemp: Display: Loaded TP AndroidTargetPlatform
[2019.02.16-02.07.49:600][  0]LogTemp: Display: Loaded TP AndroidTargetPlatform
[2019.02.16-02.07.49:600][  0]LogTemp: Display: Loaded TP AndroidTargetPlatform
[2019.02.16-02.07.49:600][  0]LogTemp: Display: Loaded TP AndroidTargetPlatform
[2019.02.16-02.07.49:600][  0]LogTemp: Display: Loaded TP AndroidTargetPlatform
[2019.02.16-02.07.49:607][  0]LogTemp: Display: Loaded TP HTML5TargetPlatform
[2019.02.16-02.07.49:776][  0]LogTemp: Display: Loaded TP IOSTargetPlatform
[2019.02.16-02.07.49:776][  0]LogTemp: Display: Loaded TP IOSTargetPlatform
[2019.02.16-02.07.49:872][  0]LogTemp: Display: Loaded TP TVOSTargetPlatform
[2019.02.16-02.07.49:873][  0]LogTemp: Display: Loaded TP TVOSTargetPlatform
[2019.02.16-02.07.49:912][  0]LogTemp: Display: Loaded TP LinuxClientTargetPlatform
[2019.02.16-02.07.49:943][  0]LogTemp: Display: Loaded TP LinuxNoEditorTargetPlatform
[2019.02.16-02.07.49:967][  0]LogTemp: Display: Loaded TP LinuxServerTargetPlatform
[2019.02.16-02.07.50:012][  0]LogTemp: Display: Loaded TP LinuxTargetPlatform
[2019.02.16-02.07.50:033][  0]LogTemp: Display: Loaded TP LuminTargetPlatform
[2019.02.16-02.07.50:033][  0]LogTargetPlatformManager: Display: Building Assets For Windows
[2019.02.16-02.07.50:446][  0]LogXGEController: Cleaning working directory: C:/Users/w019563h/AppData/Local/Temp/UnrealXGEWorkingDir/
[2019.02.16-02.07.50:447][  0]LogXGEController: Cannot use XGE Controller as Incredibuild is not installed on this machine.
[2019.02.16-02.07.50:448][  0]LogShaderCompilers: Cannot use XGE Shader Compiler as Incredibuild is not installed on this machine.
[2019.02.16-02.07.50:448][  0]LogShaderCompilers: Display: Using Local Shader Compiler.
[2019.02.16-02.07.56:213][  0]LogDerivedDataCache: Display: Max Cache Size: 512 MB
[2019.02.16-02.07.56:583][  0]LogDerivedDataCache: Loaded boot cache 0.37s 71MB C:/Users/w019563h/AppData/Local/UnrealEngine/4.20/DerivedDataCache/Boot.ddc.
[2019.02.16-02.07.56:587][  0]LogDerivedDataCache: Display: Loaded Boot cache: C:/Users/w019563h/AppData/Local/UnrealEngine/4.20/DerivedDataCache/Boot.ddc
[2019.02.16-02.07.56:587][  0]LogDerivedDataCache: FDerivedDataBackendGraph:  Pak pak cache file ../../../../../../Users/w019563h/Documents/TGP-Group-Project/FingerGunz/DerivedDataCache/DDC.ddp not found, will not use a pak cache.
[2019.02.16-02.07.56:588][  0]LogDerivedDataCache: Unable to find inner node Pak for hierarchical cache Hierarchy.
[2019.02.16-02.07.56:588][  0]LogDerivedDataCache: FDerivedDataBackendGraph:  CompressedPak pak cache file ../../../../../../Users/w019563h/Documents/TGP-Group-Project/FingerGunz/DerivedDataCache/Compressed.ddp not found, will not use a pak cache.
[2019.02.16-02.07.56:588][  0]LogDerivedDataCache: Unable to find inner node CompressedPak for hierarchical cache Hierarchy.
[2019.02.16-02.07.56:624][  0]LogDerivedDataCache: Display: Pak cache opened for reading ../../../Engine/DerivedDataCache/Compressed.ddp.
[2019.02.16-02.07.56:642][  0]LogDerivedDataCache: Using Local data cache path C:/Users/w019563h/AppData/Local/UnrealEngine/Common/DerivedDataCache: Writable
[2019.02.16-02.07.56:643][  0]LogDerivedDataCache: Shared data cache path not found in *engine.ini, will not use an Shared cache.
[2019.02.16-02.07.56:643][  0]LogDerivedDataCache: Unable to find inner node Shared for hierarchical cache Hierarchy.
[2019.02.16-02.07.56:672][  0]LogMaterial: Verifying Global Shaders for PCD3D_SM5
[2019.02.16-02.07.56:674][  0]LogSlate: Using FreeType 2.6.0
[2019.02.16-02.07.56:711][  0]LogSlate: SlateFontServices - WITH_FREETYPE: 1, WITH_HARFBUZZ: 1
[2019.02.16-02.07.57:164][  0]LogAssetRegistry: FAssetRegistry took 0.0347 seconds to start up
[2019.02.16-02.07.57:687][  0]LogInit: Selected Device Profile: [Windows]
[2019.02.16-02.07.58:015][  0]LogSimplygon: Simplygon DLL not present - disabling.
[2019.02.16-02.07.58:040][  0]LogMeshReduction: Using SimplygonSwarm for distributed automatic mesh merging
[2019.02.16-02.07.58:041][  0]LogMeshReduction: Using ProxyLODMeshReduction for automatic mesh merging
[2019.02.16-02.07.58:041][  0]LogMeshReduction: Using QuadricMeshReduction for automatic static mesh reduction
[2019.02.16-02.07.58:041][  0]LogMeshReduction: No automatic skeletal mesh reduction module available
[2019.02.16-02.07.58:079][  0]LogNetVersion: FingerGunz 1.0.0, NetCL: 4212847, EngineNetVer: 5, GameNetVer: 0 (Checksum: 1181982473)
[2019.02.16-02.07.59:036][  0]LogPackageLocalizationCache: Processed 11 localized package path(s) for 2 prioritized culture(s) in 0.251333 seconds
[2019.02.16-02.07.59:044][  0]LogUObjectArray: 38425 objects as part of root set at end of initial load.
[2019.02.16-02.07.59:044][  0]LogUObjectAllocator: 6690872 out of 0 bytes used by permanent object pool.
[2019.02.16-02.07.59:044][  0]LogUObjectArray: CloseDisregardForGC: 0/0 objects in disregard for GC pool
[2019.02.16-02.08.06:529][  0]LogTcpMessaging: Initializing TcpMessaging bridge
[2019.02.16-02.08.06:557][  0]LogUdpMessaging: Initializing bridge on interface 0.0.0.0:0 to multicast group 230.0.0.1:6666.
[2019.02.16-02.08.07:164][  0]SourceControl: Source control is disabled
[2019.02.16-02.08.07:165][  0]SourceControl: Source control is disabled
[2019.02.16-02.08.07:172][  0]SourceControl: Source control is disabled
[2019.02.16-02.08.07:180][  0]SourceControl: Source control is disabled
[2019.02.16-02.08.07:755][  0]LogAndroidPermission: UAndroidPermissionCallbackProxy::GetInstance
[2019.02.16-02.08.07:889][  0]LogOcInput: OculusInput pre-init called
[2019.02.16-02.08.08:024][  0]LogEngine: Initializing Engine...
[2019.02.16-02.08.08:026][  0]LogHMD: Failed to initialize OpenVR with code 110
[2019.02.16-02.08.08:028][  0]LogStats: UGameplayTagsManager::ConstructGameplayTagTree: ImportINI prefixes -  0.000 s
[2019.02.16-02.08.08:028][  0]LogStats: UGameplayTagsManager::ConstructGameplayTagTree: Construct from data asset -  0.000 s
[2019.02.16-02.08.08:029][  0]LogStats: UGameplayTagsManager::ConstructGameplayTagTree: ImportINI -  0.001 s
[2019.02.16-02.08.08:029][  0]LogStats: UGameplayTagsManager::ConstructGameplayTagTree: GameplayTagTreeChangedEvent.Broadcast -  0.000 s
[2019.02.16-02.08.08:369][  0]LogInit: Initializing FReadOnlyCVARCache
[2019.02.16-02.08.08:407][  0]LogAIModule: Creating AISystem for world Untitled
[2019.02.16-02.08.08:427][  0]LogInit: XAudio2 using 'Speakers (Realtek High Definition Audio)' : 2 channels at 48 kHz using 32 bits per sample (channel mask 0x3)
[2019.02.16-02.08.08:495][  0]LogInit: FAudioDevice initialized.
[2019.02.16-02.08.08:495][  0]LogNetVersion: Set ProjectVersion to 1.0.0.0. Version Checksum will be recalculated on next use.
[2019.02.16-02.08.08:623][  0]LogDerivedDataCache: Saved boot cache 0.13s 71MB C:/Users/w019563h/AppData/Local/UnrealEngine/4.20/DerivedDataCache/Boot.ddc.
[2019.02.16-02.08.08:645][  0]LogInit: Texture streaming: Enabled
[2019.02.16-02.08.08:696][  0]LogEngineSessionManager: EngineSessionManager initialized
[2019.02.16-02.08.08:726][  0]LogInit: Transaction tracking system initialized
[2019.02.16-02.08.08:807][  0]BlueprintLog: New page: Editor Load
[2019.02.16-02.08.09:148][  0]LocalizationService: Localization service is disabled
[2019.02.16-02.08.09:767][  0]LogCook: Display: Max memory allowance for cook 16384mb min free memory 0mb
[2019.02.16-02.08.09:768][  0]LogCook: Display: Mobile HDR setting 1
[2019.02.16-02.08.09:768][  0]LogGameplayTags: Display: UGameplayTagsManager::DoneAddingNativeTags. DelegateIsBound: 0
[2019.02.16-02.08.09:768][  0]LogStats: UGameplayTagsManager::ConstructGameplayTagTree: ImportINI prefixes -  0.000 s
[2019.02.16-02.08.09:768][  0]LogStats: UGameplayTagsManager::ConstructGameplayTagTree: Construct from data asset -  0.000 s
[2019.02.16-02.08.09:769][  0]LogStats: UGameplayTagsManager::ConstructGameplayTagTree: ImportINI -  0.000 s
[2019.02.16-02.08.09:769][  0]LogStats: UGameplayTagsManager::ConstructGameplayTagTree: GameplayTagTreeChangedEvent.Broadcast -  0.000 s
[2019.02.16-02.08.09:851][  0]LogFileCache: Scanning file cache for directory 'C:/Users/w019563h/Documents/TGP-Group-Project/FingerGunz/Content/' took 0.02s
[2019.02.16-02.08.10:224][  0]SourceControl: Source control is disabled
[2019.02.16-02.08.10:225][  0]Cmd: MAP LOAD FILE="../../../Engine/Content/Maps/Templates/Template_Default.umap" TEMPLATE=1 SHOWPROGRESS=1 FEATURELEVEL=3
[2019.02.16-02.08.10:226][  0]LightingResults: New page: Lighting Build
[2019.02.16-02.08.10:232][  0]MapCheck: New page: Map Check
[2019.02.16-02.08.10:232][  0]LightingResults: New page: Lighting Build
[2019.02.16-02.08.10:562][  0]LogAIModule: Creating AISystem for world Untitled_1
[2019.02.16-02.08.10:576][  0]LogEditorServer: Finished looking for orphan Actors (0.000 secs)
[2019.02.16-02.08.10:599][  0]Cmd: MAP CHECKDEP NOCLEARLOG
[2019.02.16-02.08.10:837][  0]MapCheck: Map check complete: 0 Error(s), 0 Warning(s), took 237.695ms to complete.
[2019.02.16-02.08.10:838][  0]LogFileHelpers: Loading map 'Template_Default' took 0.613
[2019.02.16-02.08.11:066][  0]LogSlate: Updating window title bar state: overlay mode, drag disabled, window buttons hidden, title bar hidden
[2019.02.16-02.08.11:077][  0]LogSlate: Updating window title bar state: overlay mode, drag disabled, window buttons hidden, title bar hidden
[2019.02.16-02.08.11:087][  0]LogSlate: Updating window title bar state: overlay mode, drag disabled, window buttons hidden, title bar hidden
[2019.02.16-02.08.11:097][  0]LogSlate: Updating window title bar state: overlay mode, drag disabled, window buttons hidden, title bar hidden
[2019.02.16-02.08.11:127][  0]LogCollectionManager: Loaded 0 collections in 0.009468 seconds
[2019.02.16-02.08.11:216][  0]LogFileCache: Scanning file cache for directory 'C:/Users/w019563h/Documents/TGP-Group-Project/FingerGunz/Saved/Collections/' took 0.01s
[2019.02.16-02.08.11:216][  0]LogFileCache: Scanning file cache for directory 'C:/Users/w019563h/Documents/TGP-Group-Project/FingerGunz/Content/Developers/w019563h/Collections/' took 0.01s
[2019.02.16-02.08.11:216][  0]LogFileCache: Scanning file cache for directory 'C:/Users/w019563h/Documents/TGP-Group-Project/FingerGunz/Content/Collections/' took 0.02s
[2019.02.16-02.08.11:217][  0]LogCollectionManager: Rebuilt the GUID cache for 0 collections in 0.000001 seconds
[2019.02.16-02.08.11:253][  0]LogContentBrowser: Native class hierarchy populated in 0.0356 seconds. Added 2574 classes and 605 folders.
[2019.02.16-02.08.11:288][  0]LogContentBrowser: Native class hierarchy updated for 'WidgetCarousel' in 0.0016 seconds. Added 0 classes and 0 folders.
[2019.02.16-02.08.12:124][  0]LogContentBrowser: Native class hierarchy updated for 'AddContentDialog' in 0.0010 seconds. Added 0 classes and 0 folders.
[2019.02.16-02.08.12:149][  0]LogContentBrowser: Native class hierarchy updated for 'SceneOutliner' in 0.0012 seconds. Added 1 classes and 2 folders.
[2019.02.16-02.08.14:847][  0]LogSlate: Only BGRA pngs, bmps or icos are supported in by External Image Picker
[2019.02.16-02.08.14:942][  0]LogTemp: Executing iPhonePackager certificates Engine -bundlename com.YourCompany.FingerGunz
[2019.02.16-02.08.14:943][  0]LogTemp: CWD: C:\Epic\UE4\UE_4.20\Engine\Binaries\DotNET\IOS
[2019.02.16-02.08.14:943][  0]LogTemp: Initial Dir: C:\Epic\UE4\UE_4.20
[2019.02.16-02.08.14:943][  0]LogTemp: Env CWD: C:\Epic\UE4\UE_4.20\Engine\Binaries\DotNET\IOS
[2019.02.16-02.08.14:943][  0]LogTemp: BranchPath = C108-05/C/Epic/UE4/UE_4.20/Engine/Binaries --- GameBranchPath = C108-05/C/Epic/UE4/UE_4.20/Engine/Binaries
[2019.02.16-02.08.14:943][  0]LogTemp: IPP ERROR: Could not find provision directory 'C:\Users\w019563h\AppData\Local/Apple Computer/MobileDevice/Provisioning Profiles/'.
[2019.02.16-02.08.14:943][  0]LogSlate: Took 0.028309 seconds to synchronously load lazily loaded font '../../../Engine/Content/Slate/Fonts/Roboto-Regular.ttf' (155K)
[2019.02.16-02.08.15:030][  0]LogSlate: Took 0.084527 seconds to synchronously load lazily loaded font '../../../Engine/Content/Slate/Fonts/Roboto-Bold.ttf' (160K)
[2019.02.16-02.08.15:074][  0]LogSlate: Took 0.032743 seconds to synchronously load lazily loaded font '../../../Engine/Content/Editor/Slate/Fonts/FontAwesome.ttf' (139K)
[2019.02.16-02.08.15:239][  0]LogRenderer: Reallocating scene render targets to support 1208x576 Format 10 NumSamples 1 (Frame:1).
[2019.02.16-02.08.15:430][  0]LogContentBrowser: Native class hierarchy updated for 'HierarchicalLODOutliner' in 0.0007 seconds. Added 0 classes and 0 folders.
[2019.02.16-02.08.15:431][  0]LogLoad: (Engine Initialization) Total time: 37.22 seconds
[2019.02.16-02.08.15:431][  0]LogLoad: (Engine Initialization) Total Blueprint compile time: 0.00 seconds
[2019.02.16-02.08.15:443][  0]LogWindowsTextInputMethodSystem: Display: IME system now deactivated.
[2019.02.16-02.08.15:473][  0]LogContentStreaming: Texture pool size now 1000 MB
[2019.02.16-02.08.15:532][  0]LogSlate: Took 0.000277 seconds to synchronously load lazily loaded font '../../../Engine/Content/Slate/Fonts/Roboto-Light.ttf' (167K)
[2019.02.16-02.08.15:569][  1]LogAssetRegistry: Asset discovery search completed in 18.4317 seconds
[2019.02.16-02.08.15:572][  1]LogCollectionManager: Rebuilt the object cache for 0 collections in 0.000001 seconds (found 0 objects)
[2019.02.16-02.08.15:573][  1]LogCollectionManager: Fixed up redirectors for 0 collections in 0.000289 seconds (updated 0 objects)
[2019.02.16-02.09.29:267][679]LogSlate: FSceneViewport::OnFocusLost() reason 0
[2019.02.16-02.09.29:350][689]LogTemp: Repeating last play command: New Editor Window (PIE)
[2019.02.16-02.09.29:373][689]LogPlayLevel: PlayLevel: No blueprints needed recompiling
[2019.02.16-02.09.29:388][689]PIE: New page: PIE session: Untitled_1 (16 Feb 2019 02:09:29)
[2019.02.16-02.09.29:388][689]LogPlayLevel: Creating play world package: /Temp/UEDPIE_0_Untitled_1
[2019.02.16-02.09.29:392][689]LogPlayLevel: PIE: StaticDuplicateObject took: (0.003710s)
[2019.02.16-02.09.29:393][689]LogAIModule: Creating AISystem for world Untitled_1
[2019.02.16-02.09.29:393][689]LogPlayLevel: PIE: World Init took: (0.001132s)
[2019.02.16-02.09.29:393][689]LogPlayLevel: PIE: Created PIE world by copying editor world from /Temp/Untitled_1.Untitled_1 to /Temp/UEDPIE_0_Untitled_1.Untitled_1 (0.005212s)
[2019.02.16-02.09.29:418][689]LogInit: XAudio2 using 'Speakers (Realtek High Definition Audio)' : 2 channels at 48 kHz using 32 bits per sample (channel mask 0x3)
[2019.02.16-02.09.29:438][689]LogInit: FAudioDevice initialized.
[2019.02.16-02.09.29:449][689]LogSlate: Updating window title bar state: overlay mode, drag disabled, window buttons hidden, title bar hidden
