Log file open, 04/25/19 00:50:31
LogWindows: Failed to load 'aqProf.dll' (GetLastError=126)
LogWindows: File 'aqProf.dll' does not exist
LogWindows: Failed to load 'VSPerf140.dll' (GetLastError=126)
LogWindows: File 'VSPerf140.dll' does not exist
LogWindows: Failed to load 'VtuneApi.dll' (GetLastError=126)
LogWindows: File 'VtuneApi.dll' does not exist
LogWindows: Failed to load 'VtuneApi32e.dll' (GetLastError=126)
LogWindows: File 'VtuneApi32e.dll' does not exist
LogInit: Display: Running engine for game: FingerGunz
LogPlatformFile: Not using cached read wrapper
LogTaskGraph: Started task graph with 5 named threads and 47 total threads with 3 sets of task threads.
LogStats: Stats thread started at 0.799493
LogD3D11RHI: Loaded GFSDK_Aftermath_Lib.x64.dll
LogICUInternationalization: Display: ICU TimeZone Detection - Raw Offset: +0:00, Platform Override: ''
LogPluginManager: Mounting plugin Paper2D
LogPluginManager: Mounting plugin AISupport
LogPluginManager: Mounting plugin LightPropagationVolume
LogPluginManager: Mounting plugin CLionSourceCodeAccess
LogPluginManager: Mounting plugin CodeLiteSourceCodeAccess
LogPluginManager: Mounting plugin GitSourceControl
LogPluginManager: Mounting plugin KDevelopSourceCodeAccess
LogPluginManager: Mounting plugin NullSourceCodeAccess
LogPluginManager: Mounting plugin PerforceSourceControl
LogPluginManager: Mounting plugin SubversionSourceControl
LogPluginManager: Mounting plugin UObjectPlugin
LogPluginManager: Mounting plugin VisualStudioCodeSourceCodeAccess
LogPluginManager: Mounting plugin VisualStudioSourceCodeAccess
LogPluginManager: Mounting plugin XCodeSourceCodeAccess
LogPluginManager: Mounting plugin AssetManagerEditor
LogPluginManager: Mounting plugin CryptoKeys
LogPluginManager: Mounting plugin DataValidation
LogPluginManager: Mounting plugin FacialAnimation
LogPluginManager: Mounting plugin GameplayTagsEditor
LogPluginManager: Mounting plugin MacGraphicsSwitching
LogPluginManager: Mounting plugin MeshEditor
LogPluginManager: Mounting plugin MobileLauncherProfileWizard
LogPluginManager: Mounting plugin PluginBrowser
LogPluginManager: Mounting plugin SpeedTreeImporter
LogPluginManager: Mounting plugin DatasmithContent
LogPluginManager: Mounting plugin AlembicImporter
LogPluginManager: Mounting plugin AppleImageUtils
LogPluginManager: Mounting plugin AppleVision
LogPluginManager: Mounting plugin BackChannel
LogPluginManager: Mounting plugin CharacterAI
LogPluginManager: Mounting plugin GeometryCache
LogPluginManager: Mounting plugin HTML5Networking
LogPluginManager: Mounting plugin ProxyLODPlugin
LogPluginManager: Mounting plugin MagicLeap
LogPluginManager: Mounting plugin MagicLeapEmulator
LogPluginManager: Mounting plugin MagicLeapMedia
LogPluginManager: Mounting plugin AndroidMedia
LogPluginManager: Mounting plugin AvfMedia
LogPluginManager: Mounting plugin ImgMedia
LogPluginManager: Mounting plugin LinearTimecode
LogPluginManager: Mounting plugin MediaCompositing
LogPluginManager: Mounting plugin MediaPlayerEditor
LogPluginManager: Mounting plugin WmfMedia
LogPluginManager: Mounting plugin TcpMessaging
LogPluginManager: Mounting plugin UdpMessaging
LogPluginManager: Mounting plugin ActorSequence
LogPluginManager: Mounting plugin LevelSequenceEditor
LogPluginManager: Mounting plugin MatineeToLevelSequence
LogPluginManager: Mounting plugin NetcodeUnitTest
LogPluginManager: Mounting plugin NUTUnrealEngine4
LogPluginManager: Mounting plugin OnlineSubsystemGooglePlay
LogPluginManager: Mounting plugin OnlineSubsystemIOS
LogPluginManager: Mounting plugin OnlineSubsystem
LogPluginManager: Mounting plugin OnlineSubsystemNull
LogPluginManager: Mounting plugin OnlineSubsystemUtils
LogPluginManager: Mounting plugin LauncherChunkInstaller
LogPluginManager: Mounting plugin AndroidDeviceProfileSelector
LogPluginManager: Mounting plugin AndroidMoviePlayer
LogPluginManager: Mounting plugin AndroidPermission
LogPluginManager: Mounting plugin AppleMoviePlayer
LogPluginManager: Mounting plugin ArchVisCharacter
LogPluginManager: Mounting plugin AudioCapture
LogPluginManager: Mounting plugin CableComponent
LogPluginManager: Mounting plugin CustomMeshComponent
LogPluginManager: Mounting plugin EditableMesh
LogPluginManager: Mounting plugin ExampleDeviceProfileSelector
LogPluginManager: Mounting plugin GoogleCloudMessaging
LogPluginManager: Mounting plugin ImmediatePhysics
LogPluginManager: Mounting plugin IOSDeviceProfileSelector
LogPluginManager: Mounting plugin LinuxDeviceProfileSelector
LogPluginManager: Mounting plugin LocationServicesBPLibrary
LogPluginManager: Mounting plugin MobilePatchingUtils
LogPluginManager: Mounting plugin OculusVR
LogPluginManager: Plugin shader directory ../../../Engine/Plugins/Runtime/Oculus/OculusVR/Shaders found
LogPluginManager: Mapping shader source directory ../../../Engine/Plugins/Runtime/Oculus/OculusVR/Shaders to virtual directory /Plugin/OculusVR
LogPluginManager: Mounting plugin PhysXVehicles
LogPluginManager: Mounting plugin ProceduralMeshComponent
LogPluginManager: Mounting plugin RuntimePhysXCooking
LogPluginManager: Mounting plugin SteamVR
LogPluginManager: Mounting plugin WindowsMoviePlayer
LogStreaming: Display: Took  0.718s to configure plugins.
LogInit: Using libcurl 7.55.1-DEV
LogInit:  - built for x86_64-pc-win32
LogInit:  - supports SSL with OpenSSL/1.0.2h
LogInit:  - supports HTTP deflate (compression) using libz 1.2.8
LogInit:  - other features:
LogInit:      CURL_VERSION_SSL
LogInit:      CURL_VERSION_LIBZ
LogInit:      CURL_VERSION_IPV6
LogInit:      CURL_VERSION_ASYNCHDNS
LogInit:      CURL_VERSION_LARGEFILE
LogInit:      CURL_VERSION_IDN
LogInit:  CurlRequestOptions (configurable via config and command line):
LogInit:  - bVerifyPeer = false  - Libcurl will NOT verify peer certificate
LogInit:  - bUseHttpProxy = false  - Libcurl will NOT use HTTP proxy
LogInit:  - bDontReuseConnections = false  - Libcurl will reuse connections
LogInit:  - CertBundlePath = nullptr  - Libcurl will use whatever was configured at build time.
LogInit:  - MaxHostConnections = 16  - Libcurl will limit the number of connections to a host
LogInit:  - LocalHostAddr = Default
LogInit:  - BufferSize = 65536
LogInit: WinSock: version 1.1 (2.2), MaxSocks=32767, MaxUdp=65467
LogInit: Build: ++UE4+Release-4.20-CL-4369336
LogInit: Engine Version: 4.20.3-4369336+++UE4+Release-4.20
LogInit: Compatible Engine Version: 4.20.0-4212847+++UE4+Release-4.20
LogInit: Net CL: 4212847
LogInit: OS: Windows 10 (), CPU: Intel(R) Core(TM) i7-7820X CPU @ 3.60GHz, GPU: NVIDIA GeForce GTX 1080 Ti
LogInit: Compiled (64-bit): Sep 17 2018 12:26:19
LogInit: Compiled with Visual C++: 19.13.26129.00
LogInit: Build Configuration: Development
LogInit: Branch Name: ++UE4+Release-4.20
LogInit: Command Line:  
LogInit: Base Directory: C:/Program Files/Epic Games/UE_4.20/Engine/Binaries/Win64/
LogInit: Installed Engine Build: 1
LogDevObjectVersion: Number of dev versions registered: 20
LogDevObjectVersion:   Dev-Blueprints (B0D832E4-1F89-4F0D-ACCF-7EB736FD4AA2): 10
LogDevObjectVersion:   Dev-Build (E1C64328-A22C-4D53-A36C-8E866417BD8C): 0
LogDevObjectVersion:   Dev-Core (375EC13C-06E4-48FB-B500-84F0262A717E): 2
LogDevObjectVersion:   Dev-Editor (E4B068ED-F494-42E9-A231-DA0B2E46BB41): 24
LogDevObjectVersion:   Dev-Framework (CFFC743F-43B0-4480-9391-14DF171D2073): 34
LogDevObjectVersion:   Dev-Mobile (B02B49B5-BB20-44E9-A304-32B752E40360): 2
LogDevObjectVersion:   Dev-Networking (A4E4105C-59A1-49B5-A7C5-40C4547EDFEE): 0
LogDevObjectVersion:   Dev-Online (39C831C9-5AE6-47DC-9A44-9C173E1C8E7C): 0
LogDevObjectVersion:   Dev-Physics (78F01B33-EBEA-4F98-B9B4-84EACCB95AA2): 0
LogDevObjectVersion:   Dev-Platform (6631380F-2D4D-43E0-8009-CF276956A95A): 0
LogDevObjectVersion:   Dev-Rendering (12F88B9F-8875-4AFC-A67C-D90C383ABD29): 26
LogDevObjectVersion:   Dev-Sequencer (7B5AE74C-D270-4C10-A958-57980B212A5A): 9
LogDevObjectVersion:   Dev-VR (D7296918-1DD6-4BDD-9DE2-64A83CC13884): 2
LogDevObjectVersion:   Dev-LoadTimes (C2A15278-BFE7-4AFE-6C17-90FF531DF755): 1
LogDevObjectVersion:   Private-Geometry (6EACA3D4-40EC-4CC1-B786-8BED09428FC5): 3
LogDevObjectVersion:   Dev-AnimPhys (29E575DD-E0A3-4627-9D10-D276232CDCEA): 17
LogDevObjectVersion:   Dev-ReflectionCapture (6B266CEC-1EC7-4B8F-A30B-E4D90942FC07): 1
LogDevObjectVersion:   Dev-Automation (0DF73D61-A23F-47EA-B727-89E90C41499A): 1
LogDevObjectVersion:   FortniteMain (601D1886-AC64-4F84-AA16-D3DE0DEAC7D6): 12
LogDevObjectVersion:   Dev-Enterprise (9DFFBCD6-494F-0158-E221-12823C92A888): 1
LogStreaming: Display: Took  0.092s to delete old logs.
LogInit: Presizing for max 8388607 objects, including 0 objects not considered by GC, pre-allocating 0 bytes for permanent pool.
LogInit: Object subsystem initialized
[2019.04.24-23.50.32:910][  0]LogInit: Selected Device Profile: [Windows]
[2019.04.24-23.50.32:910][  0]LogInit: Applying CVar settings loaded from the selected device profile: [Windows]
[2019.04.24-23.50.32:954][  0]LogHAL: Display: Platform has ~ 64 GB [68376305664 / 68719476736 / 64], which maps to Largest [LargestMinGB=32, LargerMinGB=12, DefaultMinGB=8, SmallerMinGB=6, SmallestMinGB=0)
[2019.04.24-23.50.32:955][  0]LogInit: Setting Device Profile CVar: [[r.Vulkan.UseRealUBs:1]]
[2019.04.24-23.50.32:955][  0]LogInit: Going up to parent DeviceProfile []
[2019.04.24-23.50.32:959][  0]LogInit: Computer: STAMMYPC
[2019.04.24-23.50.32:959][  0]LogInit: User: Jared
[2019.04.24-23.50.32:959][  0]LogInit: CPU Page size=4096, Cores=8
[2019.04.24-23.50.32:959][  0]LogInit: High frequency timer resolution =10.000000 MHz
[2019.04.24-23.50.32:960][  0]LogMemory: Memory total: Physical=63.7GB (64GB approx)
[2019.04.24-23.50.32:960][  0]LogMemory: Platform Memory Stats for Windows
[2019.04.24-23.50.32:960][  0]LogMemory: Process Physical Memory: 102.61 MB used, 102.62 MB peak
[2019.04.24-23.50.32:960][  0]LogMemory: Process Virtual Memory: 91.34 MB used, 91.34 MB peak
[2019.04.24-23.50.32:960][  0]LogMemory: Physical Memory: 33703.16 MB used,  31505.57 MB free, 65208.73 MB total
[2019.04.24-23.50.32:960][  0]LogMemory: Virtual Memory: 4676.38 MB used,  31505.57 MB free, 134217728.00 MB total
[2019.04.24-23.50.33:142][  0]LogInit: Using OS detected language (en-US).
[2019.04.24-23.50.33:142][  0]LogInit: Using OS detected locale (en-GB).
[2019.04.24-23.50.33:143][  0]LogTextLocalizationManager: No specific localization for 'en-US' exists, so the 'en' localization will be used.
[2019.04.24-23.50.33:613][  0]LogStreaming: Display: Took  0.471s to InitEngineTextLocalization.
[2019.04.24-23.50.33:613][  0]LogInit: Setting process to per monitor DPI aware
[2019.04.24-23.50.33:714][  0]LogSlate: New Slate User Created.  User Index 0, Is Virtual User: 0
[2019.04.24-23.50.33:714][  0]LogSlate: Slate User Registered.  User Index 0, Is Virtual User: 0
[2019.04.24-23.50.35:088][  0]LogHMD: Failed to initialize OpenVR with code 110
[2019.04.24-23.50.35:088][  0]LogD3D11RHI: D3D11 adapters:
[2019.04.24-23.50.35:156][  0]LogD3D11RHI:    0. 'NVIDIA GeForce GTX 1080 Ti' (Feature Level 11_0)
[2019.04.24-23.50.35:156][  0]LogD3D11RHI:       11127/0/32604 MB DedicatedVideo/DedicatedSystem/SharedSystem, Outputs:3, VendorId:0x10de
[2019.04.24-23.50.35:159][  0]LogD3D11RHI:    1. 'Microsoft Basic Render Driver' (Feature Level 11_0)
[2019.04.24-23.50.35:159][  0]LogD3D11RHI:       0/0/32604 MB DedicatedVideo/DedicatedSystem/SharedSystem, Outputs:0, VendorId:0x1414
[2019.04.24-23.50.35:159][  0]LogD3D11RHI: Chosen D3D11 Adapter: 0
[2019.04.24-23.50.35:178][  0]LogD3D11RHI: Creating new Direct3DDevice
[2019.04.24-23.50.35:178][  0]LogD3D11RHI:     GPU DeviceId: 0x1b06 (for the marketing name, search the web for "GPU Device Id")
[2019.04.24-23.50.35:178][  0]LogWindows: EnumDisplayDevices:
[2019.04.24-23.50.35:178][  0]LogWindows:    0. 'NVIDIA GeForce GTX 1080 Ti' (P:1 D:1)
[2019.04.24-23.50.35:179][  0]LogWindows:    1. 'NVIDIA GeForce GTX 1080 Ti' (P:0 D:1)
[2019.04.24-23.50.35:179][  0]LogWindows:    2. 'NVIDIA GeForce GTX 1080 Ti' (P:0 D:1)
[2019.04.24-23.50.35:179][  0]LogWindows:    3. 'NVIDIA GeForce GTX 1080 Ti' (P:0 D:0)
[2019.04.24-23.50.35:179][  0]LogWindows: DebugString: FoundDriverCount:4 
[2019.04.24-23.50.35:179][  0]LogD3D11RHI:     Adapter Name: NVIDIA GeForce GTX 1080 Ti
[2019.04.24-23.50.35:180][  0]LogD3D11RHI:   Driver Version: 425.31 (internal:25.21.14.2531, unified:425.31)
[2019.04.24-23.50.35:180][  0]LogD3D11RHI:      Driver Date: 4-9-2019
[2019.04.24-23.50.35:180][  0]LogRHI: Texture pool is 7788 MB (70% of 11127 MB)
[2019.04.24-23.50.35:223][  0]LogD3D11RHI: Async texture creation enabled
[2019.04.24-23.50.35:251][  0]LogD3D11RHI: GPU Timing Frequency: 1000.000000 (Debug: 2 1)
[2019.04.24-23.50.35:351][  0]LogShaderCompilers: Guid format shader working directory is -38 characters bigger than the processId version (D:/University/Technical Games Production/Group Project/TGP-Group-Project/FingerGunz/Intermediate/Shaders/WorkingDirectory/59132/).
[2019.04.24-23.50.35:351][  0]LogShaderCompilers: Cleaned the shader compiler working directory 'C:/Users/Jared/AppData/Local/Temp/UnrealShaderWorkingDir/DF24E7814ED9D1987BB44D9042921BE3/'.
[2019.04.24-23.50.35:867][  0]LogTemp: Display: Loaded TP AllDesktopTargetPlatform
[2019.04.24-23.50.35:890][  0]LogTemp: Display: Loaded TP MacClientTargetPlatform
[2019.04.24-23.50.35:913][  0]LogTemp: Display: Loaded TP MacNoEditorTargetPlatform
[2019.04.24-23.50.35:935][  0]LogTemp: Display: Loaded TP MacServerTargetPlatform
[2019.04.24-23.50.35:963][  0]LogTemp: Display: Loaded TP MacTargetPlatform
[2019.04.24-23.50.35:985][  0]LogTemp: Display: Loaded TP WindowsClientTargetPlatform
[2019.04.24-23.50.36:008][  0]LogTemp: Display: Loaded TP WindowsNoEditorTargetPlatform
[2019.04.24-23.50.36:031][  0]LogTemp: Display: Loaded TP WindowsServerTargetPlatform
[2019.04.24-23.50.36:048][  0]LogTemp: Display: Loaded TP WindowsTargetPlatform
[2019.04.24-23.50.36:140][  0]LogTemp: Display: Loaded TP AndroidTargetPlatform
[2019.04.24-23.50.36:140][  0]LogTemp: Display: Loaded TP AndroidTargetPlatform
[2019.04.24-23.50.36:140][  0]LogTemp: Display: Loaded TP AndroidTargetPlatform
[2019.04.24-23.50.36:140][  0]LogTemp: Display: Loaded TP AndroidTargetPlatform
[2019.04.24-23.50.36:140][  0]LogTemp: Display: Loaded TP AndroidTargetPlatform
[2019.04.24-23.50.36:140][  0]LogTemp: Display: Loaded TP AndroidTargetPlatform
[2019.04.24-23.50.36:140][  0]LogTemp: Display: Loaded TP AndroidTargetPlatform
[2019.04.24-23.50.36:140][  0]LogTemp: Display: Loaded TP AndroidTargetPlatform
[2019.04.24-23.50.36:140][  0]LogTemp: Display: Loaded TP AndroidTargetPlatform
[2019.04.24-23.50.36:140][  0]LogTemp: Display: Loaded TP AndroidTargetPlatform
[2019.04.24-23.50.36:140][  0]LogTemp: Display: Loaded TP AndroidTargetPlatform
[2019.04.24-23.50.36:140][  0]LogTemp: Display: Loaded TP AndroidTargetPlatform
[2019.04.24-23.50.36:140][  0]LogTemp: Display: Loaded TP AndroidTargetPlatform
[2019.04.24-23.50.36:140][  0]LogTemp: Display: Loaded TP AndroidTargetPlatform
[2019.04.24-23.50.36:140][  0]LogTemp: Display: Loaded TP AndroidTargetPlatform
[2019.04.24-23.50.36:140][  0]LogTemp: Display: Loaded TP AndroidTargetPlatform
[2019.04.24-23.50.36:140][  0]LogTemp: Display: Loaded TP AndroidTargetPlatform
[2019.04.24-23.50.36:140][  0]LogTemp: Display: Loaded TP AndroidTargetPlatform
[2019.04.24-23.50.36:152][  0]LogTemp: Display: Loaded TP HTML5TargetPlatform
[2019.04.24-23.50.36:248][  0]LogTemp: Display: Loaded TP IOSTargetPlatform
[2019.04.24-23.50.36:248][  0]LogTemp: Display: Loaded TP IOSTargetPlatform
[2019.04.24-23.50.36:285][  0]LogTemp: Display: Loaded TP TVOSTargetPlatform
[2019.04.24-23.50.36:285][  0]LogTemp: Display: Loaded TP TVOSTargetPlatform
[2019.04.24-23.50.36:308][  0]LogTemp: Display: Loaded TP LinuxClientTargetPlatform
[2019.04.24-23.50.36:330][  0]LogTemp: Display: Loaded TP LinuxNoEditorTargetPlatform
[2019.04.24-23.50.36:352][  0]LogTemp: Display: Loaded TP LinuxServerTargetPlatform
[2019.04.24-23.50.36:381][  0]LogTemp: Display: Loaded TP LinuxTargetPlatform
[2019.04.24-23.50.36:400][  0]LogTemp: Display: Loaded TP LuminTargetPlatform
[2019.04.24-23.50.36:400][  0]LogTargetPlatformManager: Display: Building Assets For Windows
[2019.04.24-23.50.36:766][  0]LogXGEController: Cannot use XGE Controller as Incredibuild is not installed on this machine.
[2019.04.24-23.50.36:766][  0]LogShaderCompilers: Cannot use XGE Shader Compiler as Incredibuild is not installed on this machine.
[2019.04.24-23.50.36:766][  0]LogShaderCompilers: Display: Using Local Shader Compiler.
[2019.04.24-23.50.38:625][  0]LogDerivedDataCache: Display: Max Cache Size: 512 MB
[2019.04.24-23.50.38:826][  0]LogDerivedDataCache: Loaded boot cache 0.20s 72MB C:/Users/Jared/AppData/Local/UnrealEngine/4.20/DerivedDataCache/Boot.ddc.
[2019.04.24-23.50.38:827][  0]LogDerivedDataCache: Display: Loaded Boot cache: C:/Users/Jared/AppData/Local/UnrealEngine/4.20/DerivedDataCache/Boot.ddc
[2019.04.24-23.50.38:827][  0]LogDerivedDataCache: FDerivedDataBackendGraph:  Pak pak cache file D:/University/Technical Games Production/Group Project/TGP-Group-Project/FingerGunz/DerivedDataCache/DDC.ddp not found, will not use a pak cache.
[2019.04.24-23.50.38:827][  0]LogDerivedDataCache: Unable to find inner node Pak for hierarchical cache Hierarchy.
[2019.04.24-23.50.38:827][  0]LogDerivedDataCache: FDerivedDataBackendGraph:  CompressedPak pak cache file D:/University/Technical Games Production/Group Project/TGP-Group-Project/FingerGunz/DerivedDataCache/Compressed.ddp not found, will not use a pak cache.
[2019.04.24-23.50.38:827][  0]LogDerivedDataCache: Unable to find inner node CompressedPak for hierarchical cache Hierarchy.
[2019.04.24-23.50.38:847][  0]LogDerivedDataCache: Display: Pak cache opened for reading ../../../Engine/DerivedDataCache/Compressed.ddp.
[2019.04.24-23.50.38:859][  0]LogDerivedDataCache: Using Local data cache path C:/Users/Jared/AppData/Local/UnrealEngine/Common/DerivedDataCache: Writable
[2019.04.24-23.50.38:859][  0]LogDerivedDataCache: Shared data cache path not found in *engine.ini, will not use an Shared cache.
[2019.04.24-23.50.38:859][  0]LogDerivedDataCache: Unable to find inner node Shared for hierarchical cache Hierarchy.
[2019.04.24-23.50.38:880][  0]LogMaterial: Verifying Global Shaders for PCD3D_SM5
[2019.04.24-23.50.38:884][  0]LogSlate: Using FreeType 2.6.0
[2019.04.24-23.50.38:893][  0]LogSlate: SlateFontServices - WITH_FREETYPE: 1, WITH_HARFBUZZ: 1
[2019.04.24-23.50.39:377][  0]LogAssetRegistry: FAssetRegistry took 0.0260 seconds to start up
[2019.04.24-23.50.39:781][  0]LogInit: Selected Device Profile: [Windows]
[2019.04.24-23.50.40:131][  0]LogSimplygon: Simplygon DLL not present - disabling.
[2019.04.24-23.50.40:181][  0]LogMeshReduction: Using SimplygonSwarm for distributed automatic mesh merging
[2019.04.24-23.50.40:182][  0]LogMeshReduction: Using ProxyLODMeshReduction for automatic mesh merging
[2019.04.24-23.50.40:182][  0]LogMeshReduction: Using QuadricMeshReduction for automatic static mesh reduction
[2019.04.24-23.50.40:182][  0]LogMeshReduction: No automatic skeletal mesh reduction module available
[2019.04.24-23.50.40:246][  0]LogNetVersion: FingerGunz 1.0.0, NetCL: 4212847, EngineNetVer: 5, GameNetVer: 0 (Checksum: 1181982473)
[2019.04.24-23.50.41:373][  0]LogPackageLocalizationCache: Processed 11 localized package path(s) for 2 prioritized culture(s) in 0.290510 seconds
[2019.04.24-23.50.41:382][  0]LogUObjectArray: 38425 objects as part of root set at end of initial load.
[2019.04.24-23.50.41:382][  0]LogUObjectAllocator: 6690872 out of 0 bytes used by permanent object pool.
[2019.04.24-23.50.41:382][  0]LogUObjectArray: CloseDisregardForGC: 0/0 objects in disregard for GC pool
[2019.04.24-23.50.47:758][  0]LogTcpMessaging: Initializing TcpMessaging bridge
[2019.04.24-23.50.47:784][  0]LogUdpMessaging: Initializing bridge on interface 0.0.0.0:0 to multicast group 230.0.0.1:6666.
[2019.04.24-23.50.48:443][  0]SourceControl: Source control is disabled
[2019.04.24-23.50.48:443][  0]SourceControl: Source control is disabled
[2019.04.24-23.50.48:476][  0]SourceControl: Source control is disabled
[2019.04.24-23.50.48:491][  0]SourceControl: Source control is disabled
[2019.04.24-23.50.49:209][  0]LogAndroidPermission: UAndroidPermissionCallbackProxy::GetInstance
[2019.04.24-23.50.49:369][  0]LogOcInput: OculusInput pre-init called
[2019.04.24-23.50.49:537][  0]LogEngine: Initializing Engine...
[2019.04.24-23.50.49:541][  0]LogHMD: Failed to initialize OpenVR with code 110
[2019.04.24-23.50.49:543][  0]LogStats: UGameplayTagsManager::ConstructGameplayTagTree: ImportINI prefixes -  0.000 s
[2019.04.24-23.50.49:543][  0]LogStats: UGameplayTagsManager::ConstructGameplayTagTree: Construct from data asset -  0.000 s
[2019.04.24-23.50.49:543][  0]LogStats: UGameplayTagsManager::ConstructGameplayTagTree: ImportINI -  0.000 s
[2019.04.24-23.50.49:543][  0]LogStats: UGameplayTagsManager::ConstructGameplayTagTree: GameplayTagTreeChangedEvent.Broadcast -  0.000 s
[2019.04.24-23.50.49:839][  0]LogInit: Initializing FReadOnlyCVARCache
[2019.04.24-23.50.49:882][  0]LogAIModule: Creating AISystem for world Untitled
[2019.04.24-23.50.49:925][  0]LogInit: XAudio2 using 'Speakers (Sennheiser Main Audio)' : 6 channels at 48 kHz using 16 bits per sample (channel mask 0x3f)
[2019.04.24-23.50.49:950][  0]LogInit: FAudioDevice initialized.
[2019.04.24-23.50.49:951][  0]LogNetVersion: Set ProjectVersion to 0.6.1. Version Checksum will be recalculated on next use.
[2019.04.24-23.50.50:081][  0]LogDerivedDataCache: Saved boot cache 0.13s 71MB C:/Users/Jared/AppData/Local/UnrealEngine/4.20/DerivedDataCache/Boot.ddc.
[2019.04.24-23.50.50:091][  0]LogInit: Texture streaming: Enabled
[2019.04.24-23.50.50:160][  0]LogEngineSessionManager: EngineSessionManager initialized
[2019.04.24-23.50.50:206][  0]LogInit: Transaction tracking system initialized
[2019.04.24-23.50.50:300][  0]BlueprintLog: New page: Editor Load
[2019.04.24-23.50.50:711][  0]LocalizationService: Localization service is disabled
[2019.04.24-23.50.51:378][  0]LogCook: Display: Max memory allowance for cook 16384mb min free memory 0mb
[2019.04.24-23.50.51:378][  0]LogCook: Display: Mobile HDR setting 1
[2019.04.24-23.50.51:378][  0]LogGameplayTags: Display: UGameplayTagsManager::DoneAddingNativeTags. DelegateIsBound: 0
[2019.04.24-23.50.51:378][  0]LogStats: UGameplayTagsManager::ConstructGameplayTagTree: ImportINI prefixes -  0.000 s
[2019.04.24-23.50.51:378][  0]LogStats: UGameplayTagsManager::ConstructGameplayTagTree: Construct from data asset -  0.000 s
[2019.04.24-23.50.51:378][  0]LogStats: UGameplayTagsManager::ConstructGameplayTagTree: ImportINI -  0.000 s
[2019.04.24-23.50.51:378][  0]LogStats: UGameplayTagsManager::ConstructGameplayTagTree: GameplayTagTreeChangedEvent.Broadcast -  0.000 s
[2019.04.24-23.50.52:039][  0]LogFileCache: Scanning file cache for directory 'D:/University/Technical Games Production/Group Project/TGP-Group-Project/FingerGunz/Content/' took 0.15s
[2019.04.24-23.50.52:039][  0]SourceControl: Source control is disabled
[2019.04.24-23.50.52:040][  0]Cmd: MAP LOAD FILE="D:/University/Technical Games Production/Group Project/TGP-Group-Project/FingerGunz/Content/Maps/Test.umap" TEMPLATE=0 SHOWPROGRESS=1 FEATURELEVEL=3
[2019.04.24-23.50.52:042][  0]LightingResults: New page: Lighting Build
[2019.04.24-23.50.52:048][  0]MapCheck: New page: Map Check
[2019.04.24-23.50.52:048][  0]LightingResults: New page: Lighting Build
[2019.04.24-23.50.52:122][  0]LogLinker: Error: HOTRELOADED_PlayerStats_0 has an inappropriate outermost, it was probably saved with a deprecated outer (file: D:/University/Technical Games Production/Group Project/TGP-Group-Project/FingerGunz/Content/Deathmatch.uasset)
[2019.04.24-23.50.52:123][  0]LogLinker: Error: HOTRELOADED_PlayerStats_0 has an inappropriate outermost, it was probably saved with a deprecated outer (file: D:/University/Technical Games Production/Group Project/TGP-Group-Project/FingerGunz/Content/Deathmatch.uasset)
[2019.04.24-23.50.52:123][  0]LogLinker: Error: HOTRELOADED_PlayerStats_0 has an inappropriate outermost, it was probably saved with a deprecated outer (file: D:/University/Technical Games Production/Group Project/TGP-Group-Project/FingerGunz/Content/Deathmatch.uasset)
[2019.04.24-23.50.52:124][  0]LogProperty: Error: UStructProperty::Serialize Loading: Property 'StructProperty /Game/Deathmatch.Deathmatch_C:ExecuteUbergraph_Deathmatch.CallFunc_Array_Get_Item'. Unknown structure.
[2019.04.24-23.50.52:124][  0]LogLinker: Error: HOTRELOADED_PlayerStats_0 has an inappropriate outermost, it was probably saved with a deprecated outer (file: D:/University/Technical Games Production/Group Project/TGP-Group-Project/FingerGunz/Content/Deathmatch.uasset)
[2019.04.24-23.50.52:124][  0]LogLinker: Error: HOTRELOADED_PlayerStats_0 has an inappropriate outermost, it was probably saved with a deprecated outer (file: D:/University/Technical Games Production/Group Project/TGP-Group-Project/FingerGunz/Content/Deathmatch.uasset)
[2019.04.24-23.50.52:124][  0]LogLinker: Error: HOTRELOADED_PlayerStats_0 has an inappropriate outermost, it was probably saved with a deprecated outer (file: D:/University/Technical Games Production/Group Project/TGP-Group-Project/FingerGunz/Content/Deathmatch.uasset)
[2019.04.24-23.50.52:125][  0]LogLinker: Error: HOTRELOADED_PlayerStats_0 has an inappropriate outermost, it was probably saved with a deprecated outer (file: D:/University/Technical Games Production/Group Project/TGP-Group-Project/FingerGunz/Content/Deathmatch.uasset)
[2019.04.24-23.50.52:125][  0]LogLinker: Error: HOTRELOADED_PlayerStats_0 has an inappropriate outermost, it was probably saved with a deprecated outer (file: D:/University/Technical Games Production/Group Project/TGP-Group-Project/FingerGunz/Content/Deathmatch.uasset)
[2019.04.24-23.50.52:125][  0]LogLinker: Error: HOTRELOADED_PlayerStats_0 has an inappropriate outermost, it was probably saved with a deprecated outer (file: D:/University/Technical Games Production/Group Project/TGP-Group-Project/FingerGunz/Content/Deathmatch.uasset)
[2019.04.24-23.50.52:129][  0]LogBlueprint: Error: [Compiler Deathmatch] In use pin  Array Element Total Kills  no longer exists on node  ForEachLoop . Please refresh node or break links to remove pin.
[2019.04.24-23.50.52:130][  0]LogBlueprint: Error: [Compiler Deathmatch] No structure in SubCategoryObject in pin  Array Element
[2019.04.24-23.50.52:132][  0]LogBlueprint: Error: [Compiler Deathmatch] In use pin  Players  no longer exists on node  Get . Please refresh node or break links to remove pin.
[2019.04.24-23.50.52:132][  0]LogBlueprint: Error: [Compiler Deathmatch] Could not find a function named "None" in 'Deathmatch'.
Make sure 'Deathmatch' has been compiled for  ForEachLoop
[2019.04.24-23.50.52:133][  0]LogBlueprint: Warning: [Compiler Deathmatch] Node  ForEachLoop . The node won't be pruned as isolated one. The node is not pure, but it has no exec pin(s). Verify IsNodePure implementation in K2Node Call Function.
[2019.04.24-23.50.52:135][  0]LogBlueprint: Error: [Compiler Deathmatch] Failed to create property CallFunc_Array_Length_TargetArray from  <None>  due to a bad or unknown type (Array of Structures)
[2019.04.24-23.50.52:136][  0]LogBlueprint: Warning: [Compiler Deathmatch] [0024.42] Compile of Deathmatch failed. 5 Fatal Issue(s) 1 Warning(s) [in 9 ms] (/Game/Deathmatch.Deathmatch)
[2019.04.24-23.50.54:771][  0]LogAIModule: Creating AISystem for world Test
[2019.04.24-23.50.54:800][  0]LogEditorServer: Finished looking for orphan Actors (0.000 secs)
[2019.04.24-23.50.54:842][  0]Cmd: MAP CHECKDEP NOCLEARLOG
[2019.04.24-23.50.54:904][  0]MapCheck: Map check complete: 0 Error(s), 0 Warning(s), took 60.965ms to complete.
[2019.04.24-23.50.54:904][  0]LogFileHelpers: Loading map 'Test' took 2.864
[2019.04.24-23.50.55:160][  0]LogSlate: Updating window title bar state: overlay mode, drag disabled, window buttons hidden, title bar hidden
[2019.04.24-23.50.55:167][  0]LogSlate: Updating window title bar state: overlay mode, drag disabled, window buttons hidden, title bar hidden
[2019.04.24-23.50.55:174][  0]LogSlate: Updating window title bar state: overlay mode, drag disabled, window buttons hidden, title bar hidden
[2019.04.24-23.50.55:182][  0]LogSlate: Updating window title bar state: overlay mode, drag disabled, window buttons hidden, title bar hidden
[2019.04.24-23.50.55:206][  0]LogCollectionManager: Loaded 0 collections in 0.001701 seconds
[2019.04.24-23.50.55:272][  0]LogFileCache: Scanning file cache for directory 'D:/University/Technical Games Production/Group Project/TGP-Group-Project/FingerGunz/Saved/Collections/' took 0.01s
[2019.04.24-23.50.55:273][  0]LogFileCache: Scanning file cache for directory 'D:/University/Technical Games Production/Group Project/TGP-Group-Project/FingerGunz/Content/Developers/Jared/Collections/' took 0.01s
[2019.04.24-23.50.55:273][  0]LogFileCache: Scanning file cache for directory 'D:/University/Technical Games Production/Group Project/TGP-Group-Project/FingerGunz/Content/Collections/' took 0.01s
[2019.04.24-23.50.55:273][  0]LogCollectionManager: Rebuilt the GUID cache for 0 collections in 0.000001 seconds
[2019.04.24-23.50.55:286][  0]LogContentBrowser: Native class hierarchy populated in 0.0097 seconds. Added 2580 classes and 607 folders.
[2019.04.24-23.50.55:300][  0]LogContentBrowser: Native class hierarchy updated for 'WidgetCarousel' in 0.0003 seconds. Added 0 classes and 0 folders.
[2019.04.24-23.50.55:553][  0]LogContentBrowser: Native class hierarchy updated for 'AddContentDialog' in 0.0003 seconds. Added 0 classes and 0 folders.
[2019.04.24-23.50.55:691][  0]LogSlate: Took 0.004710 seconds to synchronously load lazily loaded font '../../../Engine/Content/Slate/Fonts/Roboto-Regular.ttf' (155K)
[2019.04.24-23.50.55:698][  0]LogSlate: Took 0.004645 seconds to synchronously load lazily loaded font '../../../Engine/Content/Slate/Fonts/Roboto-Bold.ttf' (160K)
[2019.04.24-23.50.55:707][  0]LogSlate: Took 0.003609 seconds to synchronously load lazily loaded font '../../../Engine/Content/Editor/Slate/Fonts/FontAwesome.ttf' (139K)
[2019.04.24-23.50.55:819][  0]LogRenderer: Reallocating scene render targets to support 1064x580 Format 10 NumSamples 1 (Frame:1).
[2019.04.24-23.50.55:920][  0]LogSlate: Took 0.003996 seconds to synchronously load lazily loaded font '../../../Engine/Content/Slate/Fonts/Roboto-Light.ttf' (167K)
[2019.04.24-23.50.56:072][  0]LogContentBrowser: Native class hierarchy updated for 'HierarchicalLODOutliner' in 0.0004 seconds. Added 0 classes and 0 folders.
[2019.04.24-23.50.56:072][  0]LogLoad: (Engine Initialization) Total time: 28.35 seconds
[2019.04.24-23.50.56:072][  0]LogLoad: (Engine Initialization) Total Blueprint compile time: 0.00 seconds
[2019.04.24-23.50.56:119][  0]LogContentStreaming: Texture pool size now 1000 MB
[2019.04.24-23.50.56:177][  0]LogSlate: Took 0.000202 seconds to synchronously load lazily loaded font '../../../Engine/Content/Slate/Fonts/Roboto-Light.ttf' (167K)
[2019.04.24-23.50.56:180][  0]LogSlate: FSceneViewport::OnFocusLost() reason 2
[2019.04.24-23.50.56:279][  2]LogAssetRegistry: Asset discovery search completed in 16.9242 seconds
[2019.04.24-23.50.56:283][  2]LogCollectionManager: Rebuilt the object cache for 0 collections in 0.000001 seconds (found 0 objects)
[2019.04.24-23.50.56:283][  2]LogCollectionManager: Fixed up redirectors for 0 collections in 0.000110 seconds (updated 0 objects)
[2019.04.24-23.50.56:323][  2]LogSlate: FSceneViewport::OnFocusLost() reason 2
[2019.04.24-23.51.01:232][576]LogFileCache: Retrieving MD5 hashes for directory 'D:/University/Technical Games Production/Group Project/TGP-Group-Project/FingerGunz/Content/' took 5.14s
[2019.04.24-23.51.58:690][386]LogSlate: FSceneViewport::OnFocusLost() reason 0
[2019.04.24-23.52.00:547][497]LogAssetEditorManager: Opening Asset editor for Blueprint /Game/Player/Player_BluePrint.Player_BluePrint
[2019.04.24-23.52.01:228][497]LogContentBrowser: Native class hierarchy updated for 'BlueprintGraph' in 0.0008 seconds. Added 116 classes and 0 folders.
[2019.04.24-23.52.02:284][497]LogSlate: Took 0.003874 seconds to synchronously load lazily loaded font '../../../Engine/Content/Slate/Fonts/Roboto-BoldCondensed.ttf' (158K)
[2019.04.24-23.52.02:437][498]LogSlate: Took 0.003819 seconds to synchronously load lazily loaded font '../../../Engine/Content/Slate/Fonts/Roboto-Italic.ttf' (157K)
[2019.04.24-23.52.05:515][581]LogD3D11RHI: Error: SwapChain->ResizeBuffers(1,SizeX,SizeY,RenderTargetFormat,DXGI_SWAP_CHAIN_FLAG_ALLOW_MODE_SWITCH) failed 
 at D:\Build\++UE4\Sync\Engine\Source\Runtime\Windows\D3D11RHI\Private\D3D11Viewport.cpp:235 
 with error DXGI_ERROR_DEVICE_REMOVED, 
 Size=1936x1096 Format=DXGI_FORMAT_R10G10B10A2_UNORM(0x00000018)
[2019.04.24-23.52.05:515][581]LogD3D11RHI: [Aftermath] GDynamicRHI=00000220D5290080, GDX11NVAfterMathEnabled=0, Result=0xFFFFFFFF, bDeviceActive=0
[2019.04.24-23.52.05:515][581]LogWindows: Windows GetLastError: The operation completed successfully. (0)
