  Using 'git status' to determine working set for adaptive non-unity build.
  Creating makefile for FingerGunzEditor (no existing makefile)
  Using Visual Studio 2017 14.14.26428 toolchain (C:\Program Files (x86)\Microsoft Visual Studio\2017\Professional\VC\Tools\MSVC\14.14.26428) and Windows 10.0.17134.0 SDK (C:\Program Files (x86)\Windows Kits\10).
  Parsing headers for FingerGunzEditor
    Running UnrealHeaderTool "C:\Users\a016430f\Documents\TGP-Group-Project\FingerGunz\FingerGunz.uproject" "C:\Users\a016430f\Documents\TGP-Group-Project\FingerGunz\Intermediate\Build\Win64\FingerGunzEditor\Development\FingerGunzEditor.uhtmanifest" -LogCmds="loginit warning, logexit warning, logdatabase error" -Unattended -WarningsAsErrors -installed
  Reflection code generated for FingerGunzEditor in 21.1617349 seconds
  Building 18 actions with 8 processes...
    [1/18] SharedPCH.Engine.cpp
    [2/18] FingerGunz.init.gen.cpp
    [3/18] FingerGunzGameModeBase.gen.cpp
    [4/18] LightPistol.gen.cpp
    [5/18] HeavyPistol.gen.cpp
    [6/18] BeamActor.gen.cpp
    [7/18] player_cpp.gen.cpp
C:\Users\a016430f\Documents\TGP-Group-Project\FingerGunz\Source\FingerGunz/player_cpp.h(108): warning C4263: 'void Aplayer_cpp::TakeDamage(float)': member function does not override any base class virtual member function
C:\Users\a016430f\Documents\TGP-Group-Project\FingerGunz\Source\FingerGunz/player_cpp.h(109): warning C4264: 'float APawn::TakeDamage(float,const FDamageEvent &,AController *,AActor *)': no override available for virtual member function from base 'APawn'; function is hidden
    C:\Epic\UE4\UE_4.20\Engine\Source\Runtime\Engine\Classes\GameFramework/Pawn.h(218): note: see declaration of 'APawn::TakeDamage'
    C:\Epic\UE4\UE_4.20\Engine\Intermediate\Build\Win64\UE4Editor\Inc\Engine\AnimInstance.generated.h(23): note: see declaration of 'APawn'
    [8/18] FingerGunz.cpp
    [9/18] ShotGun.cpp
c:\users\a016430f\documents\tgp-group-project\fingergunz\source\fingergunz\player_cpp.h(108): warning C4263: 'void Aplayer_cpp::TakeDamage(float)': member function does not override any base class virtual member function
c:\users\a016430f\documents\tgp-group-project\fingergunz\source\fingergunz\player_cpp.h(109): warning C4264: 'float APawn::TakeDamage(float,const FDamageEvent &,AController *,AActor *)': no override available for virtual member function from base 'APawn'; function is hidden
    C:\Epic\UE4\UE_4.20\Engine\Source\Runtime\Engine\Classes\GameFramework/Pawn.h(218): note: see declaration of 'APawn::TakeDamage'
    C:\Epic\UE4\UE_4.20\Engine\Intermediate\Build\Win64\UE4Editor\Inc\Engine\AnimInstance.generated.h(23): note: see declaration of 'APawn'
    [10/18] Player_Hitbox.cpp
    [11/18] FingerGunzGameModeBase.cpp
    [12/18] LightPistol.cpp
c:\users\a016430f\documents\tgp-group-project\fingergunz\source\fingergunz\player_cpp.h(108): warning C4263: 'void Aplayer_cpp::TakeDamage(float)': member function does not override any base class virtual member function
c:\users\a016430f\documents\tgp-group-project\fingergunz\source\fingergunz\player_cpp.h(109): warning C4264: 'float APawn::TakeDamage(float,const FDamageEvent &,AController *,AActor *)': no override available for virtual member function from base 'APawn'; function is hidden
    C:\Epic\UE4\UE_4.20\Engine\Source\Runtime\Engine\Classes\GameFramework/Pawn.h(218): note: see declaration of 'APawn::TakeDamage'
    C:\Epic\UE4\UE_4.20\Engine\Intermediate\Build\Win64\UE4Editor\Inc\Engine\AnimInstance.generated.h(23): note: see declaration of 'APawn'
    [13/18] HeavyPistol.cpp
c:\users\a016430f\documents\tgp-group-project\fingergunz\source\fingergunz\player_cpp.h(108): warning C4263: 'void Aplayer_cpp::TakeDamage(float)': member function does not override any base class virtual member function
c:\users\a016430f\documents\tgp-group-project\fingergunz\source\fingergunz\player_cpp.h(109): warning C4264: 'float APawn::TakeDamage(float,const FDamageEvent &,AController *,AActor *)': no override available for virtual member function from base 'APawn'; function is hidden
    C:\Epic\UE4\UE_4.20\Engine\Source\Runtime\Engine\Classes\GameFramework/Pawn.h(218): note: see declaration of 'APawn::TakeDamage'
    C:\Epic\UE4\UE_4.20\Engine\Intermediate\Build\Win64\UE4Editor\Inc\Engine\AnimInstance.generated.h(23): note: see declaration of 'APawn'
    [14/18] BeamActor.cpp
    [15/18] ShotGun.gen.cpp
    [16/18] player_cpp.cpp
c:\users\a016430f\documents\tgp-group-project\fingergunz\source\fingergunz\player_cpp.h(108): warning C4263: 'void Aplayer_cpp::TakeDamage(float)': member function does not override any base class virtual member function
c:\users\a016430f\documents\tgp-group-project\fingergunz\source\fingergunz\player_cpp.h(109): warning C4264: 'float APawn::TakeDamage(float,const FDamageEvent &,AController *,AActor *)': no override available for virtual member function from base 'APawn'; function is hidden
    C:\Epic\UE4\UE_4.20\Engine\Source\Runtime\Engine\Classes\GameFramework/Pawn.h(218): note: see declaration of 'APawn::TakeDamage'
    C:\Epic\UE4\UE_4.20\Engine\Intermediate\Build\Win64\UE4Editor\Inc\Engine\AnimInstance.generated.h(23): note: see declaration of 'APawn'
    [17/18] UE4Editor-FingerGunz.lib
       Creating library C:\Users\a016430f\Documents\TGP-Group-Project\FingerGunz\Intermediate\Build\Win64\UE4Editor\Development\FingerGunz\UE4Editor-FingerGunz.lib and object C:\Users\a016430f\Documents\TGP-Group-Project\FingerGunz\Intermediate\Build\Win64\UE4Editor\Development\FingerGunz\UE4Editor-FingerGunz.exp
    [18/18] UE4Editor-FingerGunz.dll
       Creating library C:\Users\a016430f\Documents\TGP-Group-Project\FingerGunz\Intermediate\Build\Win64\UE4Editor\Development\FingerGunz\UE4Editor-FingerGunz.suppressed.lib and object C:\Users\a016430f\Documents\TGP-Group-Project\FingerGunz\Intermediate\Build\Win64\UE4Editor\Development\FingerGunz\UE4Editor-FingerGunz.suppressed.exp
  Deploying FingerGunzEditor Win64 Development...
  Total build time: 138.35 seconds (Parallel executor: 39.61 seconds)
