Log file open, 02/01/19 12:26:00
LogWindows: Failed to load 'aqProf.dll' (GetLastError=126)
LogWindows: File 'aqProf.dll' does not exist
LogWindows: Failed to load 'VSPerf140.dll' (GetLastError=126)
LogWindows: File 'VSPerf140.dll' does not exist
LogWindows: Failed to load 'VtuneApi.dll' (GetLastError=126)
LogWindows: File 'VtuneApi.dll' does not exist
LogWindows: Failed to load 'VtuneApi32e.dll' (GetLastError=126)
LogWindows: File 'VtuneApi32e.dll' does not exist
LogInit: Display: Running engine for game: FingerGuns
LogPlatformFile: Not using cached read wrapper
LogTaskGraph: Started task graph with 5 named threads and 23 total threads with 3 sets of task threads.
LogStats: Stats thread started at 1.029163
LogD3D11RHI: Loaded GFSDK_Aftermath_Lib.x64.dll
LogICUInternationalization: Display: ICU TimeZone Detection - Raw Offset: +0:00, Platform Override: ''
LogPluginManager: Mounting plugin Paper2D
LogPluginManager: Mounting plugin AISupport
LogPluginManager: Mounting plugin LightPropagationVolume
LogPluginManager: Mounting plugin CLionSourceCodeAccess
LogPluginManager: Mounting plugin CodeLiteSourceCodeAccess
LogPluginManager: Mounting plugin GitSourceControl
LogPluginManager: Mounting plugin KDevelopSourceCodeAccess
LogPluginManager: Mounting plugin NullSourceCodeAccess
LogPluginManager: Mounting plugin PerforceSourceControl
LogPluginManager: Mounting plugin SubversionSourceControl
LogPluginManager: Mounting plugin UObjectPlugin
LogPluginManager: Mounting plugin VisualStudioCodeSourceCodeAccess
LogPluginManager: Mounting plugin VisualStudioSourceCodeAccess
LogPluginManager: Mounting plugin XCodeSourceCodeAccess
LogPluginManager: Mounting plugin AssetManagerEditor
LogPluginManager: Mounting plugin CryptoKeys
LogPluginManager: Mounting plugin DataValidation
LogPluginManager: Mounting plugin FacialAnimation
LogPluginManager: Mounting plugin GameplayTagsEditor
LogPluginManager: Mounting plugin MacGraphicsSwitching
LogPluginManager: Mounting plugin MeshEditor
LogPluginManager: Mounting plugin MobileLauncherProfileWizard
LogPluginManager: Mounting plugin PluginBrowser
LogPluginManager: Mounting plugin SpeedTreeImporter
LogPluginManager: Mounting plugin DatasmithContent
LogPluginManager: Mounting plugin AlembicImporter
LogPluginManager: Mounting plugin AppleImageUtils
LogPluginManager: Mounting plugin AppleVision
LogPluginManager: Mounting plugin BackChannel
LogPluginManager: Mounting plugin CharacterAI
LogPluginManager: Mounting plugin GeometryCache
LogPluginManager: Mounting plugin HTML5Networking
LogPluginManager: Mounting plugin ProxyLODPlugin
LogPluginManager: Mounting plugin MagicLeap
LogPluginManager: Mounting plugin MagicLeapEmulator
LogPluginManager: Mounting plugin MagicLeapMedia
LogPluginManager: Mounting plugin AndroidMedia
LogPluginManager: Mounting plugin AvfMedia
LogPluginManager: Mounting plugin ImgMedia
LogPluginManager: Mounting plugin LinearTimecode
LogPluginManager: Mounting plugin MediaCompositing
LogPluginManager: Mounting plugin MediaPlayerEditor
LogPluginManager: Mounting plugin WmfMedia
LogPluginManager: Mounting plugin TcpMessaging
LogPluginManager: Mounting plugin UdpMessaging
LogPluginManager: Mounting plugin ActorSequence
LogPluginManager: Mounting plugin LevelSequenceEditor
LogPluginManager: Mounting plugin MatineeToLevelSequence
LogPluginManager: Mounting plugin NetcodeUnitTest
LogPluginManager: Mounting plugin NUTUnrealEngine4
LogPluginManager: Mounting plugin OnlineSubsystemGooglePlay
LogPluginManager: Mounting plugin OnlineSubsystemIOS
LogPluginManager: Mounting plugin OnlineSubsystem
LogPluginManager: Mounting plugin OnlineSubsystemNull
LogPluginManager: Mounting plugin OnlineSubsystemUtils
LogPluginManager: Mounting plugin LauncherChunkInstaller
LogPluginManager: Mounting plugin AndroidDeviceProfileSelector
LogPluginManager: Mounting plugin AndroidMoviePlayer
LogPluginManager: Mounting plugin AndroidPermission
LogPluginManager: Mounting plugin AppleMoviePlayer
LogPluginManager: Mounting plugin ArchVisCharacter
LogPluginManager: Mounting plugin AudioCapture
LogPluginManager: Mounting plugin CableComponent
LogPluginManager: Mounting plugin CustomMeshComponent
LogPluginManager: Mounting plugin EditableMesh
LogPluginManager: Mounting plugin ExampleDeviceProfileSelector
LogPluginManager: Mounting plugin GoogleCloudMessaging
LogPluginManager: Mounting plugin ImmediatePhysics
LogPluginManager: Mounting plugin IOSDeviceProfileSelector
LogPluginManager: Mounting plugin LinuxDeviceProfileSelector
LogPluginManager: Mounting plugin LocationServicesBPLibrary
LogPluginManager: Mounting plugin MobilePatchingUtils
LogPluginManager: Mounting plugin OculusVR
LogPluginManager: Plugin shader directory ../../../Engine/Plugins/Runtime/Oculus/OculusVR/Shaders found
LogPluginManager: Mapping shader source directory ../../../Engine/Plugins/Runtime/Oculus/OculusVR/Shaders to virtual directory /Plugin/OculusVR
LogPluginManager: Mounting plugin PhysXVehicles
LogPluginManager: Mounting plugin ProceduralMeshComponent
LogPluginManager: Mounting plugin RuntimePhysXCooking
LogPluginManager: Mounting plugin SteamVR
LogPluginManager: Mounting plugin WindowsMoviePlayer
LogStreaming: Display: Took  0.390s to configure plugins.
LogInit: Using libcurl 7.55.1-DEV
LogInit:  - built for x86_64-pc-win32
LogInit:  - supports SSL with OpenSSL/1.0.2h
LogInit:  - supports HTTP deflate (compression) using libz 1.2.8
LogInit:  - other features:
LogInit:      CURL_VERSION_SSL
LogInit:      CURL_VERSION_LIBZ
LogInit:      CURL_VERSION_IPV6
LogInit:      CURL_VERSION_ASYNCHDNS
LogInit:      CURL_VERSION_LARGEFILE
LogInit:      CURL_VERSION_IDN
LogInit:  CurlRequestOptions (configurable via config and command line):
LogInit:  - bVerifyPeer = false  - Libcurl will NOT verify peer certificate
LogInit:  - bUseHttpProxy = false  - Libcurl will NOT use HTTP proxy
LogInit:  - bDontReuseConnections = false  - Libcurl will reuse connections
LogInit:  - CertBundlePath = nullptr  - Libcurl will use whatever was configured at build time.
LogInit:  - MaxHostConnections = 16  - Libcurl will limit the number of connections to a host
LogInit:  - LocalHostAddr = Default
LogInit:  - BufferSize = 65536
LogInit: WinSock: version 1.1 (2.2), MaxSocks=32767, MaxUdp=65467
LogInit: Build: ++UE4+Release-4.20-CL-4369336
LogInit: Engine Version: 4.20.3-4369336+++UE4+Release-4.20
LogInit: Compatible Engine Version: 4.20.0-4212847+++UE4+Release-4.20
LogInit: Net CL: 4212847
LogInit: OS: Windows 10 (), CPU:        Intel(R) Xeon(R) CPU E5-1620 0 @ 3.60GHz, GPU: NVIDIA GeForce GTX 660 Ti
LogInit: Compiled (64-bit): Sep 17 2018 12:26:19
LogInit: Compiled with Visual C++: 19.13.26129.00
LogInit: Build Configuration: Development
LogInit: Branch Name: ++UE4+Release-4.20
LogInit: Command Line:  -skipcompile
LogInit: Base Directory: C:/Epic/UE4/UE_4.20/Engine/Binaries/Win64/
LogInit: Installed Engine Build: 1
LogDevObjectVersion: Number of dev versions registered: 20
LogDevObjectVersion:   Dev-Blueprints (B0D832E4-1F89-4F0D-ACCF-7EB736FD4AA2): 10
LogDevObjectVersion:   Dev-Build (E1C64328-A22C-4D53-A36C-8E866417BD8C): 0
LogDevObjectVersion:   Dev-Core (375EC13C-06E4-48FB-B500-84F0262A717E): 2
LogDevObjectVersion:   Dev-Editor (E4B068ED-F494-42E9-A231-DA0B2E46BB41): 24
LogDevObjectVersion:   Dev-Framework (CFFC743F-43B0-4480-9391-14DF171D2073): 34
LogDevObjectVersion:   Dev-Mobile (B02B49B5-BB20-44E9-A304-32B752E40360): 2
LogDevObjectVersion:   Dev-Networking (A4E4105C-59A1-49B5-A7C5-40C4547EDFEE): 0
LogDevObjectVersion:   Dev-Online (39C831C9-5AE6-47DC-9A44-9C173E1C8E7C): 0
LogDevObjectVersion:   Dev-Physics (78F01B33-EBEA-4F98-B9B4-84EACCB95AA2): 0
LogDevObjectVersion:   Dev-Platform (6631380F-2D4D-43E0-8009-CF276956A95A): 0
LogDevObjectVersion:   Dev-Rendering (12F88B9F-8875-4AFC-A67C-D90C383ABD29): 26
LogDevObjectVersion:   Dev-Sequencer (7B5AE74C-D270-4C10-A958-57980B212A5A): 9
LogDevObjectVersion:   Dev-VR (D7296918-1DD6-4BDD-9DE2-64A83CC13884): 2
LogDevObjectVersion:   Dev-LoadTimes (C2A15278-BFE7-4AFE-6C17-90FF531DF755): 1
LogDevObjectVersion:   Private-Geometry (6EACA3D4-40EC-4CC1-B786-8BED09428FC5): 3
LogDevObjectVersion:   Dev-AnimPhys (29E575DD-E0A3-4627-9D10-D276232CDCEA): 17
LogDevObjectVersion:   Dev-ReflectionCapture (6B266CEC-1EC7-4B8F-A30B-E4D90942FC07): 1
LogDevObjectVersion:   Dev-Automation (0DF73D61-A23F-47EA-B727-89E90C41499A): 1
LogDevObjectVersion:   FortniteMain (601D1886-AC64-4F84-AA16-D3DE0DEAC7D6): 12
LogDevObjectVersion:   Dev-Enterprise (9DFFBCD6-494F-0158-E221-12823C92A888): 1
LogStreaming: Display: Took  0.002s to delete old logs.
LogInit: Presizing for max 8388607 objects, including 0 objects not considered by GC, pre-allocating 0 bytes for permanent pool.
LogInit: Object subsystem initialized
[2019.02.01-12.26.01:899][  0]LogInit: Selected Device Profile: [Windows]
[2019.02.01-12.26.01:899][  0]LogInit: Applying CVar settings loaded from the selected device profile: [Windows]
[2019.02.01-12.26.01:937][  0]LogHAL: Display: Platform has ~ 16 GB [17100070912 / 17179869184 / 16], which maps to Larger [LargestMinGB=32, LargerMinGB=12, DefaultMinGB=8, SmallerMinGB=6, SmallestMinGB=0)
[2019.02.01-12.26.01:938][  0]LogInit: Setting Device Profile CVar: [[r.Vulkan.UseRealUBs:1]]
[2019.02.01-12.26.01:938][  0]LogInit: Going up to parent DeviceProfile []
[2019.02.01-12.26.01:938][  0]LogInit: Computer: C108-37
[2019.02.01-12.26.01:938][  0]LogInit: User: a016430f
[2019.02.01-12.26.01:938][  0]LogInit: CPU Page size=4096, Cores=4
[2019.02.01-12.26.01:939][  0]LogInit: High frequency timer resolution =3.507174 MHz
[2019.02.01-12.26.01:939][  0]LogMemory: Memory total: Physical=15.9GB (16GB approx)
[2019.02.01-12.26.01:939][  0]LogMemory: Platform Memory Stats for Windows
[2019.02.01-12.26.01:939][  0]LogMemory: Process Physical Memory: 99.77 MB used, 99.77 MB peak
[2019.02.01-12.26.01:939][  0]LogMemory: Process Virtual Memory: 82.84 MB used, 82.84 MB peak
[2019.02.01-12.26.01:939][  0]LogMemory: Physical Memory: 6248.86 MB used,  10059.04 MB free, 16307.90 MB total
[2019.02.01-12.26.01:939][  0]LogMemory: Virtual Memory: 4632.35 MB used,  10059.04 MB free, 134217728.00 MB total
[2019.02.01-12.26.03:215][  0]LogInit: Using OS detected language (en-US).
[2019.02.01-12.26.03:215][  0]LogInit: Using OS detected locale (en-GB).
[2019.02.01-12.26.03:218][  0]LogTextLocalizationManager: No specific localization for 'en-US' exists, so the 'en' localization will be used.
[2019.02.01-12.26.03:775][  0]LogStreaming: Display: Took  0.559s to InitEngineTextLocalization.
[2019.02.01-12.26.03:775][  0]LogInit: Setting process to per monitor DPI aware
[2019.02.01-12.26.04:066][  0]LogSlate: New Slate User Created.  User Index 0, Is Virtual User: 0
[2019.02.01-12.26.04:066][  0]LogSlate: Slate User Registered.  User Index 0, Is Virtual User: 0
[2019.02.01-12.26.10:391][  0]LogHMD: Failed to initialize OpenVR with code 110
[2019.02.01-12.26.10:391][  0]LogD3D11RHI: D3D11 adapters:
[2019.02.01-12.26.10:533][  0]LogD3D11RHI:    0. 'NVIDIA GeForce GTX 660 Ti' (Feature Level 11_0)
[2019.02.01-12.26.10:533][  0]LogD3D11RHI:       1998/0/8153 MB DedicatedVideo/DedicatedSystem/SharedSystem, Outputs:2, VendorId:0x10de
[2019.02.01-12.26.10:613][  0]LogD3D11RHI:    1. 'Microsoft Basic Render Driver' (Feature Level 11_0)
[2019.02.01-12.26.10:613][  0]LogD3D11RHI:       0/0/8153 MB DedicatedVideo/DedicatedSystem/SharedSystem, Outputs:0, VendorId:0x1414
[2019.02.01-12.26.10:613][  0]LogD3D11RHI: Chosen D3D11 Adapter: 0
[2019.02.01-12.26.10:623][  0]LogD3D11RHI: Creating new Direct3DDevice
[2019.02.01-12.26.10:623][  0]LogD3D11RHI:     GPU DeviceId: 0x1183 (for the marketing name, search the web for "GPU Device Id")
[2019.02.01-12.26.10:624][  0]LogWindows: EnumDisplayDevices:
[2019.02.01-12.26.10:624][  0]LogWindows:    0. 'NVIDIA GeForce GTX 660 Ti' (P:1 D:1)
[2019.02.01-12.26.10:625][  0]LogWindows:    1. 'NVIDIA GeForce GTX 660 Ti' (P:0 D:1)
[2019.02.01-12.26.10:625][  0]LogWindows:    2. 'NVIDIA GeForce GTX 660 Ti' (P:0 D:0)
[2019.02.01-12.26.10:627][  0]LogWindows:    3. 'NVIDIA GeForce GTX 660 Ti' (P:0 D:0)
[2019.02.01-12.26.10:628][  0]LogWindows: DebugString: FoundDriverCount:4 
[2019.02.01-12.26.10:628][  0]LogD3D11RHI:     Adapter Name: NVIDIA GeForce GTX 660 Ti
[2019.02.01-12.26.10:628][  0]LogD3D11RHI:   Driver Version: 398.82 (internal:24.21.13.9882, unified:398.82)
[2019.02.01-12.26.10:628][  0]LogD3D11RHI:      Driver Date: 7-30-2018
[2019.02.01-12.26.10:628][  0]LogRHI: Texture pool is 1398 MB (70% of 1998 MB)
[2019.02.01-12.26.10:699][  0]LogD3D11RHI: Async texture creation enabled
[2019.02.01-12.26.10:718][  0]LogD3D11RHI: GPU Timing Frequency: 1000.000000 (Debug: 2 2)
[2019.02.01-12.26.10:722][  0]LogShaderCompilers: Guid format shader working directory is -29 characters bigger than the processId version (../../../../../../Users/a016430f.STUDENT/Documents/GitHub/TGP-Group-Project/FingerGuns/Intermediate/Shaders/WorkingDirectory/7072/).
[2019.02.01-12.26.10:722][  0]LogShaderCompilers: Cleaned the shader compiler working directory 'C:/Users/a016430f.STUDENT/AppData/Local/Temp/UnrealShaderWorkingDir/C8D63B514BEBCD2134BF5882F3631CA3/'.
[2019.02.01-12.26.11:392][  0]LogTemp: Display: Loaded TP AllDesktopTargetPlatform
[2019.02.01-12.26.11:425][  0]LogTemp: Display: Loaded TP MacClientTargetPlatform
[2019.02.01-12.26.11:460][  0]LogTemp: Display: Loaded TP MacNoEditorTargetPlatform
[2019.02.01-12.26.11:497][  0]LogTemp: Display: Loaded TP MacServerTargetPlatform
[2019.02.01-12.26.11:529][  0]LogTemp: Display: Loaded TP MacTargetPlatform
[2019.02.01-12.26.11:563][  0]LogTemp: Display: Loaded TP WindowsClientTargetPlatform
[2019.02.01-12.26.11:598][  0]LogTemp: Display: Loaded TP WindowsNoEditorTargetPlatform
[2019.02.01-12.26.11:640][  0]LogTemp: Display: Loaded TP WindowsServerTargetPlatform
[2019.02.01-12.26.11:658][  0]LogTemp: Display: Loaded TP WindowsTargetPlatform
[2019.02.01-12.26.11:804][  0]LogTemp: Display: Loaded TP AndroidTargetPlatform
[2019.02.01-12.26.11:804][  0]LogTemp: Display: Loaded TP AndroidTargetPlatform
[2019.02.01-12.26.11:804][  0]LogTemp: Display: Loaded TP AndroidTargetPlatform
[2019.02.01-12.26.11:804][  0]LogTemp: Display: Loaded TP AndroidTargetPlatform
[2019.02.01-12.26.11:804][  0]LogTemp: Display: Loaded TP AndroidTargetPlatform
[2019.02.01-12.26.11:804][  0]LogTemp: Display: Loaded TP AndroidTargetPlatform
[2019.02.01-12.26.11:804][  0]LogTemp: Display: Loaded TP AndroidTargetPlatform
[2019.02.01-12.26.11:804][  0]LogTemp: Display: Loaded TP AndroidTargetPlatform
[2019.02.01-12.26.11:805][  0]LogTemp: Display: Loaded TP AndroidTargetPlatform
[2019.02.01-12.26.11:805][  0]LogTemp: Display: Loaded TP AndroidTargetPlatform
[2019.02.01-12.26.11:805][  0]LogTemp: Display: Loaded TP AndroidTargetPlatform
[2019.02.01-12.26.11:805][  0]LogTemp: Display: Loaded TP AndroidTargetPlatform
[2019.02.01-12.26.11:805][  0]LogTemp: Display: Loaded TP AndroidTargetPlatform
[2019.02.01-12.26.11:805][  0]LogTemp: Display: Loaded TP AndroidTargetPlatform
[2019.02.01-12.26.11:805][  0]LogTemp: Display: Loaded TP AndroidTargetPlatform
[2019.02.01-12.26.11:805][  0]LogTemp: Display: Loaded TP AndroidTargetPlatform
[2019.02.01-12.26.11:805][  0]LogTemp: Display: Loaded TP AndroidTargetPlatform
[2019.02.01-12.26.11:805][  0]LogTemp: Display: Loaded TP AndroidTargetPlatform
[2019.02.01-12.26.11:942][  0]LogTemp: Display: Loaded TP HTML5TargetPlatform
[2019.02.01-12.26.12:245][  0]LogTemp: Display: Loaded TP IOSTargetPlatform
[2019.02.01-12.26.12:245][  0]LogTemp: Display: Loaded TP IOSTargetPlatform
[2019.02.01-12.26.12:323][  0]LogTemp: Display: Loaded TP TVOSTargetPlatform
[2019.02.01-12.26.12:323][  0]LogTemp: Display: Loaded TP TVOSTargetPlatform
[2019.02.01-12.26.12:389][  0]LogTemp: Display: Loaded TP LinuxClientTargetPlatform
[2019.02.01-12.26.12:652][  0]LogTemp: Display: Loaded TP LinuxNoEditorTargetPlatform
[2019.02.01-12.26.12:690][  0]LogTemp: Display: Loaded TP LinuxServerTargetPlatform
[2019.02.01-12.26.12:791][  0]LogTemp: Display: Loaded TP LinuxTargetPlatform
[2019.02.01-12.26.12:813][  0]LogTemp: Display: Loaded TP LuminTargetPlatform
[2019.02.01-12.26.12:813][  0]LogTargetPlatformManager: Display: Building Assets For Windows
[2019.02.01-12.26.13:580][  0]LogXGEController: Cleaning working directory: C:/Users/a016430f.STUDENT/AppData/Local/Temp/UnrealXGEWorkingDir/
[2019.02.01-12.26.13:581][  0]LogXGEController: Cannot use XGE Controller as Incredibuild is not installed on this machine.
[2019.02.01-12.26.13:581][  0]LogShaderCompilers: Cannot use XGE Shader Compiler as Incredibuild is not installed on this machine.
[2019.02.01-12.26.13:581][  0]LogShaderCompilers: Display: Using Local Shader Compiler.
[2019.02.01-12.26.24:169][  0]LogDerivedDataCache: Display: Max Cache Size: 512 MB
[2019.02.01-12.26.24:274][  0]LogDerivedDataCache: Loaded boot cache 0.10s 71MB C:/Users/a016430f.STUDENT/AppData/Local/UnrealEngine/4.20/DerivedDataCache/Boot.ddc.
[2019.02.01-12.26.24:275][  0]LogDerivedDataCache: Display: Loaded Boot cache: C:/Users/a016430f.STUDENT/AppData/Local/UnrealEngine/4.20/DerivedDataCache/Boot.ddc
[2019.02.01-12.26.24:275][  0]LogDerivedDataCache: FDerivedDataBackendGraph:  Pak pak cache file ../../../../../../Users/a016430f.STUDENT/Documents/GitHub/TGP-Group-Project/FingerGuns/DerivedDataCache/DDC.ddp not found, will not use a pak cache.
[2019.02.01-12.26.24:275][  0]LogDerivedDataCache: Unable to find inner node Pak for hierarchical cache Hierarchy.
[2019.02.01-12.26.24:276][  0]LogDerivedDataCache: FDerivedDataBackendGraph:  CompressedPak pak cache file ../../../../../../Users/a016430f.STUDENT/Documents/GitHub/TGP-Group-Project/FingerGuns/DerivedDataCache/Compressed.ddp not found, will not use a pak cache.
[2019.02.01-12.26.24:276][  0]LogDerivedDataCache: Unable to find inner node CompressedPak for hierarchical cache Hierarchy.
[2019.02.01-12.26.24:294][  0]LogDerivedDataCache: Display: Pak cache opened for reading ../../../Engine/DerivedDataCache/Compressed.ddp.
[2019.02.01-12.26.24:307][  0]LogDerivedDataCache: Using Local data cache path C:/Users/a016430f.STUDENT/AppData/Local/UnrealEngine/Common/DerivedDataCache: Writable
[2019.02.01-12.26.24:307][  0]LogDerivedDataCache: Shared data cache path not found in *engine.ini, will not use an Shared cache.
[2019.02.01-12.26.24:308][  0]LogDerivedDataCache: Unable to find inner node Shared for hierarchical cache Hierarchy.
[2019.02.01-12.26.24:337][  0]LogMaterial: Verifying Global Shaders for PCD3D_SM5
[2019.02.01-12.26.24:339][  0]LogSlate: Using FreeType 2.6.0
[2019.02.01-12.26.24:376][  0]LogSlate: SlateFontServices - WITH_FREETYPE: 1, WITH_HARFBUZZ: 1
[2019.02.01-12.26.26:110][  0]LogAssetRegistry: FAssetRegistry took 0.0355 seconds to start up
[2019.02.01-12.26.26:711][  0]LogInit: Selected Device Profile: [Windows]
[2019.02.01-12.26.27:290][  0]LogSimplygon: Simplygon DLL not present - disabling.
[2019.02.01-12.26.27:333][  0]LogMeshReduction: Using SimplygonSwarm for distributed automatic mesh merging
[2019.02.01-12.26.27:333][  0]LogMeshReduction: Using ProxyLODMeshReduction for automatic mesh merging
[2019.02.01-12.26.27:333][  0]LogMeshReduction: Using QuadricMeshReduction for automatic static mesh reduction
[2019.02.01-12.26.27:333][  0]LogMeshReduction: No automatic skeletal mesh reduction module available
[2019.02.01-12.26.27:463][  0]LogNetVersion: FingerGuns 1.0.0, NetCL: 4212847, EngineNetVer: 5, GameNetVer: 0 (Checksum: 2536399834)
[2019.02.01-12.26.29:668][  0]LogPackageLocalizationCache: Processed 11 localized package path(s) for 2 prioritized culture(s) in 0.201851 seconds
[2019.02.01-12.26.29:677][  0]LogUObjectArray: 38425 objects as part of root set at end of initial load.
[2019.02.01-12.26.29:678][  0]LogUObjectAllocator: 6690872 out of 0 bytes used by permanent object pool.
[2019.02.01-12.26.29:678][  0]LogUObjectArray: CloseDisregardForGC: 0/0 objects in disregard for GC pool
[2019.02.01-12.26.55:392][  0]LogTcpMessaging: Initializing TcpMessaging bridge
[2019.02.01-12.26.55:412][  0]LogUdpMessaging: Initializing bridge on interface 0.0.0.0:0 to multicast group 230.0.0.1:6666.
[2019.02.01-12.26.56:437][  0]SourceControl: Source control is disabled
[2019.02.01-12.26.56:438][  0]SourceControl: Source control is disabled
[2019.02.01-12.26.56:450][  0]SourceControl: Source control is disabled
[2019.02.01-12.26.56:457][  0]SourceControl: Source control is disabled
[2019.02.01-12.26.57:289][  0]LogAndroidPermission: UAndroidPermissionCallbackProxy::GetInstance
[2019.02.01-12.26.57:508][  0]LogOcInput: OculusInput pre-init called
[2019.02.01-12.26.57:664][  0]LogEngine: Initializing Engine...
[2019.02.01-12.26.57:665][  0]LogHMD: Failed to initialize OpenVR with code 110
[2019.02.01-12.26.57:667][  0]LogStats: UGameplayTagsManager::ConstructGameplayTagTree: ImportINI prefixes -  0.000 s
[2019.02.01-12.26.57:667][  0]LogStats: UGameplayTagsManager::ConstructGameplayTagTree: Construct from data asset -  0.000 s
[2019.02.01-12.26.57:667][  0]LogStats: UGameplayTagsManager::ConstructGameplayTagTree: ImportINI -  0.000 s
[2019.02.01-12.26.57:667][  0]LogStats: UGameplayTagsManager::ConstructGameplayTagTree: GameplayTagTreeChangedEvent.Broadcast -  0.000 s
[2019.02.01-12.26.58:463][  0]LogInit: Initializing FReadOnlyCVARCache
[2019.02.01-12.26.58:507][  0]LogAIModule: Creating AISystem for world Untitled
[2019.02.01-12.26.58:524][  0]LogInit: XAudio2 using 'Speakers (Realtek High Definition Audio)' : 2 channels at 48 kHz using 32 bits per sample (channel mask 0x3)
[2019.02.01-12.26.58:693][  0]LogInit: FAudioDevice initialized.
[2019.02.01-12.26.58:694][  0]LogNetVersion: Set ProjectVersion to 1.0.0.0. Version Checksum will be recalculated on next use.
[2019.02.01-12.26.58:906][  0]LogDerivedDataCache: Saved boot cache 0.21s 71MB C:/Users/a016430f.STUDENT/AppData/Local/UnrealEngine/4.20/DerivedDataCache/Boot.ddc.
[2019.02.01-12.26.58:915][  0]LogInit: Texture streaming: Enabled
[2019.02.01-12.26.59:022][  0]LogEngineSessionManager: EngineSessionManager initialized
[2019.02.01-12.26.59:114][  0]LogInit: Transaction tracking system initialized
[2019.02.01-12.26.59:258][  0]BlueprintLog: New page: Editor Load
[2019.02.01-12.27.00:405][  0]LocalizationService: Localization service is disabled
[2019.02.01-12.27.03:514][  0]LogFileCache: Scanning file cache for directory 'C:/Users/a016430f.STUDENT/Documents/GitHub/TGP-Group-Project/FingerGuns/Content/' took 0.02s
[2019.02.01-12.27.03:514][  0]LogCook: Display: Max memory allowance for cook 16384mb min free memory 0mb
[2019.02.01-12.27.03:514][  0]LogCook: Display: Mobile HDR setting 1
[2019.02.01-12.27.03:515][  0]LogGameplayTags: Display: UGameplayTagsManager::DoneAddingNativeTags. DelegateIsBound: 0
[2019.02.01-12.27.03:515][  0]LogStats: UGameplayTagsManager::ConstructGameplayTagTree: ImportINI prefixes -  0.000 s
[2019.02.01-12.27.03:516][  0]LogStats: UGameplayTagsManager::ConstructGameplayTagTree: Construct from data asset -  0.000 s
[2019.02.01-12.27.03:516][  0]LogStats: UGameplayTagsManager::ConstructGameplayTagTree: ImportINI -  0.000 s
[2019.02.01-12.27.03:516][  0]LogStats: UGameplayTagsManager::ConstructGameplayTagTree: GameplayTagTreeChangedEvent.Broadcast -  0.000 s
[2019.02.01-12.27.04:616][  0]SourceControl: Source control is disabled
[2019.02.01-12.27.04:617][  0]Cmd: MAP LOAD FILE="../../../../../../Users/a016430f.STUDENT/Documents/GitHub/TGP-Group-Project/FingerGuns/Content/StarterContent/Maps/Minimal_Default.umap" TEMPLATE=0 SHOWPROGRESS=1 FEATURELEVEL=3
[2019.02.01-12.27.04:631][  0]LightingResults: New page: Lighting Build
[2019.02.01-12.27.04:637][  0]MapCheck: New page: Map Check
[2019.02.01-12.27.04:637][  0]LightingResults: New page: Lighting Build
[2019.02.01-12.27.04:894][  0]LogLinker: Warning: Can't find file '/Game/StarterContent/Maps/Minimal_Default_BuiltData'
[2019.02.01-12.27.04:895][  0]LogLinker: Warning: Can't find file for asset '/Game/StarterContent/Maps/Minimal_Default_BuiltData' while loading ../../../../../../Users/a016430f.STUDENT/Documents/GitHub/TGP-Group-Project/FingerGuns/Content/StarterContent/Maps/Minimal_Default.umap.
[2019.02.01-12.27.04:895][  0]LoadErrors: Error: /Game/StarterContent/Maps/Minimal_Default : Can't find file for asset. /Game/StarterContent/Maps/Minimal_Default_BuiltData
[2019.02.01-12.27.05:087][  0]LogLinker: Warning: Can't find file '/Game/StarterContent/Maps/Minimal_Default_BuiltData'
[2019.02.01-12.27.05:088][  0]LogLinker: Warning: Can't find file for asset '/Game/StarterContent/Maps/Minimal_Default_BuiltData' while loading ../../../../../../Users/a016430f.STUDENT/Documents/GitHub/TGP-Group-Project/FingerGuns/Content/StarterContent/Maps/Minimal_Default.umap.
[2019.02.01-12.27.05:088][  0]LoadErrors: Error: /Game/StarterContent/Maps/Minimal_Default : Can't find file for asset. /Game/StarterContent/Maps/Minimal_Default_BuiltData
[2019.02.01-12.27.05:267][  0]LogLinker: Warning: Can't find file '/Game/StarterContent/Maps/Minimal_Default_BuiltData'
[2019.02.01-12.27.05:269][  0]LogLinker: Warning: Can't find file for asset '/Game/StarterContent/Maps/Minimal_Default_BuiltData' while loading NULL.
[2019.02.01-12.27.05:276][  0]LogLinker: Warning: Can't find file '/Game/StarterContent/Maps/Minimal_Default_BuiltData'
[2019.02.01-12.27.05:277][  0]LogLinker: Warning: Can't find file for asset '/Game/StarterContent/Maps/Minimal_Default_BuiltData' while loading NULL.
[2019.02.01-12.27.05:379][  0]LogLinker: Warning: Can't find file '/Game/StarterContent/Maps/Minimal_Default_BuiltData'
[2019.02.01-12.27.05:379][  0]LoadErrors: Failed to load /Game/StarterContent/Maps/Minimal_Default_BuiltData.Minimal_Default_BuiltData Referenced by PersistentLevel
[2019.02.01-12.27.05:380][  0]LogLinker: Warning: Can't find file for asset '/Game/StarterContent/Maps/Minimal_Default_BuiltData' while loading NULL.
[2019.02.01-12.27.05:380][  0]LoadErrors: Failed to load /Game/StarterContent/Maps/Minimal_Default_BuiltData.Minimal_Default_BuiltData Referenced by PersistentLevel
[2019.02.01-12.27.05:774][  0]LogStaticMesh: Building static mesh Floor_400x400...
[2019.02.01-12.27.05:886][  0]LogStaticMesh: Built static mesh [0.13s] /Game/StarterContent/Architecture/Floor_400x400.Floor_400x400
[2019.02.01-12.27.06:345][  0]LogAIModule: Creating AISystem for world Minimal_Default
[2019.02.01-12.27.06:689][  0]LogEditorServer: Finished looking for orphan Actors (0.000 secs)
[2019.02.01-12.27.06:800][  0]Cmd: MAP CHECKDEP NOCLEARLOG
[2019.02.01-12.27.07:058][  0]MapCheck: Map check complete: 0 Error(s), 0 Warning(s), took 257.23ms to complete.
[2019.02.01-12.27.07:058][  0]LogFileHelpers: Loading map 'Minimal_Default' took 2.442
[2019.02.01-12.27.09:109][  0]LogSlate: Updating window title bar state: overlay mode, drag disabled, window buttons hidden, title bar hidden
[2019.02.01-12.27.09:259][  0]LogSlate: Updating window title bar state: overlay mode, drag disabled, window buttons hidden, title bar hidden
[2019.02.01-12.27.09:277][  0]LogSlate: Updating window title bar state: overlay mode, drag disabled, window buttons hidden, title bar hidden
[2019.02.01-12.27.09:290][  0]LogSlate: Updating window title bar state: overlay mode, drag disabled, window buttons hidden, title bar hidden
[2019.02.01-12.27.09:472][  0]LogCollectionManager: Loaded 0 collections in 0.004176 seconds
[2019.02.01-12.27.09:689][  0]LogFileCache: Scanning file cache for directory 'C:/Users/a016430f.STUDENT/Documents/GitHub/TGP-Group-Project/FingerGuns/Saved/Collections/' took 0.01s
[2019.02.01-12.27.09:689][  0]LogFileCache: Scanning file cache for directory 'C:/Users/a016430f.STUDENT/Documents/GitHub/TGP-Group-Project/FingerGuns/Content/Developers/a016430f/Collections/' took 0.01s
[2019.02.01-12.27.09:689][  0]LogFileCache: Scanning file cache for directory 'C:/Users/a016430f.STUDENT/Documents/GitHub/TGP-Group-Project/FingerGuns/Content/Collections/' took 0.01s
[2019.02.01-12.27.09:689][  0]LogCollectionManager: Rebuilt the GUID cache for 0 collections in 0.000000 seconds
[2019.02.01-12.27.09:709][  0]LogContentBrowser: Native class hierarchy populated in 0.0180 seconds. Added 2573 classes and 605 folders.
[2019.02.01-12.27.09:868][  0]LogContentBrowser: Native class hierarchy updated for 'WidgetCarousel' in 0.0009 seconds. Added 0 classes and 0 folders.
[2019.02.01-12.27.13:817][  0]LogContentBrowser: Native class hierarchy updated for 'AddContentDialog' in 0.0006 seconds. Added 0 classes and 0 folders.
[2019.02.01-12.27.13:893][  0]LogContentBrowser: Native class hierarchy updated for 'SceneOutliner' in 0.0008 seconds. Added 1 classes and 2 folders.
[2019.02.01-12.27.14:581][  0]LogSlate: Took 0.016006 seconds to synchronously load lazily loaded font '../../../Engine/Content/Slate/Fonts/Roboto-Regular.ttf' (155K)
[2019.02.01-12.27.14:623][  0]LogSlate: Took 0.027395 seconds to synchronously load lazily loaded font '../../../Engine/Content/Slate/Fonts/Roboto-Bold.ttf' (160K)
[2019.02.01-12.27.14:795][  0]LogSlate: Took 0.091582 seconds to synchronously load lazily loaded font '../../../Engine/Content/Editor/Slate/Fonts/FontAwesome.ttf' (139K)
[2019.02.01-12.27.16:028][  0]LogRenderer: Reallocating scene render targets to support 1208x576 Format 10 NumSamples 1 (Frame:1).
[2019.02.01-12.27.18:389][  0]LogSlate: FSceneViewport::OnFocusLost() reason 2
[2019.02.01-12.27.19:031][  0]LogSlate: Window 'Tutorials' being destroyed
[2019.02.01-12.27.19:339][  0]LogContentBrowser: Native class hierarchy updated for 'HierarchicalLODOutliner' in 0.0015 seconds. Added 0 classes and 0 folders.
[2019.02.01-12.27.19:340][  0]LogLoad: (Engine Initialization) Total time: 83.75 seconds
[2019.02.01-12.27.19:340][  0]LogLoad: (Engine Initialization) Total Blueprint compile time: 0.00 seconds
[2019.02.01-12.27.19:678][  0]LogContentStreaming: Texture pool size now 1000 MB
[2019.02.01-12.27.19:823][  0]LogSlate: FSceneViewport::OnFocusLost() reason 2
[2019.02.01-12.27.20:486][  0]LogSlate: Took 0.022368 seconds to synchronously load lazily loaded font '../../../Engine/Content/Slate/Fonts/Roboto-Light.ttf' (167K)
[2019.02.01-12.27.21:396][  3]LogAssetRegistry: Asset discovery search completed in 55.3113 seconds
[2019.02.01-12.27.21:400][  3]LogCollectionManager: Rebuilt the object cache for 0 collections in 0.000001 seconds (found 0 objects)
[2019.02.01-12.27.21:400][  3]LogCollectionManager: Fixed up redirectors for 0 collections in 0.000245 seconds (updated 0 objects)
[2019.02.01-12.27.30:855][564]LogSlate: Window 'Message Log' being destroyed
[2019.02.01-12.27.30:865][564]LogSlate: Window 'Message Log' being destroyed
[2019.02.01-12.27.32:585][669]LogSlate: FSceneViewport::OnFocusLost() reason 0
[2019.02.01-12.27.39:906][ 73]LogEditorViewport: Clicking on Actor (LMB): StaticMeshActor (Chair)
[2019.02.01-12.29.26:708][703]LogSlate: FSceneViewport::OnFocusLost() reason 0
[2019.02.01-12.29.39:756][545]LogEditorViewport: Clicking on Actor (LMB): SkyLight (SkyLight)
[2019.02.01-12.29.41:358][603]LogEditorViewport: Clicking on Actor (LMB): BP_Sky_Sphere_C (BP_Sky_Sphere)
[2019.02.01-12.30.46:196][321]LogSlate: FSceneViewport::OnFocusLost() reason 0
[2019.02.01-12.31.57:633][408]LogSlate: FSceneViewport::OnFocusLost() reason 0
[2019.02.01-12.32.03:986][958]LogSlate: FSceneViewport::OnFocusLost() reason 0
[2019.02.01-12.32.10:724][307]Cmd: DELETE
[2019.02.01-12.32.10:724][307]Cmd: ACTOR DELETE
[2019.02.01-12.32.11:297][307]LogEditorActor: Deleted Actor: Character
[2019.02.01-12.32.11:351][307]LogEditorActor: Deleted 1 Actors (0.244 secs)
[2019.02.01-12.32.13:502][451]LogSlate: FSceneViewport::OnFocusLost() reason 0
[2019.02.01-12.35.50:088][ 17]LogSlate: Took 0.000394 seconds to synchronously load lazily loaded font '../../../Engine/Content/Slate/Fonts/Roboto-Light.ttf' (167K)
[2019.02.01-12.35.50:127][ 17]LogAssetEditorManager: Opening Asset editor for World /Game/FingerGunz/Stages/Stage_1.Stage_1
[2019.02.01-12.35.53:755][ 17]LogSlate: Window 'Save Content' being destroyed
[2019.02.01-12.35.54:597][ 17]LogSavePackage: Moving '../../../../../../Users/a016430f.STUDENT/Documents/GitHub/TGP-Group-Project/FingerGuns/Saved/Stage_1F6E01C1A4E6E09C4027E9FA87C2097EE.tmp' to '../../../../../../Users/a016430f.STUDENT/Documents/GitHub/TGP-Group-Project/FingerGuns/Content/FingerGunz/Stages/Stage_1.umap'
[2019.02.01-12.35.54:633][ 17]LogFileHelpers: Saving map 'Stage_1' took 0.866
[2019.02.01-12.35.54:967][ 17]LogSavePackage: Moving '../../../../../../Users/a016430f.STUDENT/Documents/GitHub/TGP-Group-Project/FingerGuns/Saved/Title_Screen1BF80CA24A84C8CCB2BF39AEF983AA9A.tmp' to '../../../../../../Users/a016430f.STUDENT/Documents/GitHub/TGP-Group-Project/FingerGuns/Content/FingerGunz/Stages/Title_Screen.umap'
[2019.02.01-12.35.54:973][ 17]LogFileHelpers: Saving map 'Title_Screen' took 0.339
[2019.02.01-12.35.56:099][ 17]LogSavePackage: Moving '../../../../../../Users/a016430f.STUDENT/Documents/GitHub/TGP-Group-Project/FingerGuns/Saved/Minimal_Default843E81DB4AB25CB03BEA54B5FD161EFE.tmp' to '../../../../../../Users/a016430f.STUDENT/Documents/GitHub/TGP-Group-Project/FingerGuns/Content/StarterContent/Maps/Minimal_Default.umap'
[2019.02.01-12.35.56:164][ 17]LogFileHelpers: Saving map 'Minimal_Default' took 1.190
[2019.02.01-12.35.56:184][ 17]Cmd: MAP LOAD FILE="../../../../../../Users/a016430f.STUDENT/Documents/GitHub/TGP-Group-Project/FingerGuns/Content/FingerGunz/Stages/Stage_1.umap" TEMPLATE=0 SHOWPROGRESS=1 FEATURELEVEL=3
[2019.02.01-12.35.56:184][ 17]LightingResults: New page: Lighting Build
[2019.02.01-12.35.56:185][ 17]LoadErrors: New page: Loading map: Stage_1.umap
[2019.02.01-12.35.56:227][ 17]MapCheck: New page: Map Check
[2019.02.01-12.35.56:228][ 17]LightingResults: New page: Lighting Build
[2019.02.01-12.35.56:302][ 17]LogEditorServer: Finished looking for orphan Actors (0.000 secs)
[2019.02.01-12.35.56:302][ 17]LogAIModule: Creating AISystem for world Stage_1
[2019.02.01-12.35.56:347][ 17]Cmd: MAP CHECKDEP NOCLEARLOG
[2019.02.01-12.35.56:798][ 17]MapCheck: Map check complete: 0 Error(s), 0 Warning(s), took 450.849ms to complete.
[2019.02.01-12.35.56:800][ 17]LogFileHelpers: Loading map 'Stage_1' took 0.635
[2019.02.01-12.36.36:481][ 81]LogEditorViewport: Clicking Background
[2019.02.01-12.37.30:776][510]LogEditorViewport: Clicking Background
[2019.02.01-12.37.34:131][793]LogSlate: FSceneViewport::OnFocusLost() reason 2
[2019.02.01-12.37.36:660][ 84]LogEditorViewport: Clicking Background
[2019.02.01-12.37.43:781][764]LogSlate: FSceneViewport::OnFocusLost() reason 0
[2019.02.01-12.38.09:832][447]LogSlate: Took 0.013248 seconds to synchronously load lazily loaded font '../../../Engine/Content/Slate/Fonts/Roboto-BoldCondensed.ttf' (158K)
[2019.02.01-12.38.32:753][203]Running C:/Epic/UE4/UE_4.20/Engine/Binaries/DotNET/UnrealBuildTool.exe Win64 Development -TargetType=Editor -Project="C:/Users/a016430f.STUDENT/Documents/GitHub/TGP-Group-Project/FingerGuns/FingerGuns.uproject" -invalidatemakefilesonly
[2019.02.01-12.38.35:915][203]Invalidating makefiles only in this run.
[2019.02.01-12.38.36:179][203]Candidate modules for hot reload:
[2019.02.01-12.38.36:179][203]  FingerGuns
[2019.02.01-12.38.36:180][203]Launching UnrealBuildTool... [C:/Epic/UE4/UE_4.20/Engine/Binaries/DotNET/UnrealBuildTool.exe  -ModuleWithSuffix=FingerGuns,8006 Win64 Development -TargetType=Editor -Project="../../../../../../Users/a016430f.STUDENT/Documents/GitHub/TGP-Group-Project/FingerGuns/FingerGuns.uproject" -canskiplink "C:/Users/a016430f.STUDENT/Documents/GitHub/TGP-Group-Project/FingerGuns/FingerGuns.uproject" ]
[2019.02.01-12.40.51:304][203]CompilerResultsLog: New page: Compilation - 1 Feb 2019 12:40:51
[2019.02.01-12.40.51:308][203]CompilerResultsLog: Performing full C++ include scan (hot reloading a new target)
[2019.02.01-12.40.51:308][203]CompilerResultsLog: Using 'git status' to determine working set for adaptive non-unity build.
[2019.02.01-12.40.51:308][203]CompilerResultsLog: Creating makefile for hot reloading FingerGunsEditor (no existing makefile)
[2019.02.01-12.40.51:308][203]CompilerResultsLog: Compiling game modules for hot reload
[2019.02.01-12.40.51:308][203]CompilerResultsLog: Using Visual Studio 2017 14.14.26428 toolchain (C:\Program Files (x86)\Microsoft Visual Studio\2017\Professional\VC\Tools\MSVC\14.14.26428) and Windows 10.0.17134.0 SDK (C:\Program Files (x86)\Windows Kits\10).
[2019.02.01-12.40.51:308][203]CompilerResultsLog: Parsing headers for FingerGunsEditor
[2019.02.01-12.40.51:309][203]CompilerResultsLog:   Running UnrealHeaderTool "C:\Users\a016430f.STUDENT\Documents\GitHub\TGP-Group-Project\FingerGuns\FingerGuns.uproject" "C:\Users\a016430f.STUDENT\Documents\GitHub\TGP-Group-Project\FingerGuns\Intermediate\Build\Win64\FingerGunsEditor\Development\FingerGunsEditor.uhtmanifest" -LogCmds="loginit warning, logexit warning, logdatabase error" -Unattended -WarningsAsErrors -installed
[2019.02.01-12.40.51:309][203]CompilerResultsLog: Reflection code generated for FingerGunsEditor in 21.1251922 seconds
[2019.02.01-12.40.51:309][203]CompilerResultsLog: Building 8 actions with 8 processes...
[2019.02.01-12.40.51:309][203]CompilerResultsLog:   [1/8] FingerGuns.cpp
[2019.02.01-12.40.51:309][203]CompilerResultsLog:   [2/8] FingerGuns.init.gen.cpp
[2019.02.01-12.40.51:309][203]CompilerResultsLog:   [3/8] FingerGunsGameModeBase.gen.cpp
[2019.02.01-12.40.51:310][203]CompilerResultsLog:   [4/8] FingerGunsGameModeBase.cpp
[2019.02.01-12.40.51:310][203]CompilerResultsLog:   [5/8] PlayerClass.gen.cpp
[2019.02.01-12.40.51:310][203]CompilerResultsLog:   [6/8] PlayerClass.cpp
[2019.02.01-12.40.51:310][203]CompilerResultsLog:   [7/8] UE4Editor-FingerGuns-8006.lib
[2019.02.01-12.40.51:310][203]CompilerResultsLog:      Creating library C:\Users\a016430f.STUDENT\Documents\GitHub\TGP-Group-Project\FingerGuns\Intermediate\Build\Win64\UE4Editor\Development\FingerGuns\UE4Editor-FingerGuns-8006.lib and object C:\Users\a016430f.STUDENT\Documents\GitHub\TGP-Group-Project\FingerGuns\Intermediate\Build\Win64\UE4Editor\Development\FingerGuns\UE4Editor-FingerGuns-8006.exp
[2019.02.01-12.40.51:310][203]CompilerResultsLog:   [8/8] UE4Editor-FingerGuns-8006.dll
[2019.02.01-12.40.51:310][203]CompilerResultsLog:      Creating library C:\Users\a016430f.STUDENT\Documents\GitHub\TGP-Group-Project\FingerGuns\Intermediate\Build\Win64\UE4Editor\Development\FingerGuns\UE4Editor-FingerGuns-8006.suppressed.lib and object C:\Users\a016430f.STUDENT\Documents\GitHub\TGP-Group-Project\FingerGuns\Intermediate\Build\Win64\UE4Editor\Development\FingerGuns\UE4Editor-FingerGuns-8006.suppressed.exp
[2019.02.01-12.40.51:310][203]CompilerResultsLog: Total build time: 134.65 seconds (Parallel executor: 3.69 seconds)
[2019.02.01-12.40.51:316][203]LogMainFrame: MainFrame: Module compiling took 135.201 seconds
[2019.02.01-12.40.51:393][203]LogClass: Could not find existing class PlayerClass in package /Script/FingerGuns for HotReload, assuming new class
[2019.02.01-12.40.51:405][203]LogContentBrowser: Native class hierarchy updated for 'FingerGuns' in 0.0007 seconds. Added 2 classes and 2 folders.
[2019.02.01-12.40.51:408][203]Display: HotReload successful (0 functions remapped  0 scriptstructs remapped)
[2019.02.01-12.40.51:600][203]LogContentBrowser: Native class hierarchy populated in 0.0173 seconds. Added 2575 classes and 607 folders.
[2019.02.01-12.40.51:619][203]Display: HotReload took 135.6s.
[2019.02.01-12.40.51:622][203]Warning: HotReload operation took 135.6s.
[2019.02.01-12.40.57:277][203]LogVSAccessor: Warning: Couldn't goto line number '1' in 'C:/Users/a016430f.STUDENT/Documents/GitHub/TGP-Group-Project/FingerGuns/Source/FingerGuns/PlayerClass.h'
[2019.02.01-12.40.57:819][203]LogSlate: Window 'Add C++ Class' being destroyed
[2019.02.01-12.40.58:230][204]LogHotReload: New module detected: UE4Editor-FingerGuns-8006.dll
[2019.02.01-12.40.58:256][205]LogHotReload: Starting Hot-Reload from IDE
[2019.02.01-12.40.58:316][205]LogContentBrowser: Native class hierarchy updated for 'FingerGuns' in 0.0007 seconds. Added 2 classes and 2 folders.
[2019.02.01-12.40.58:319][205]Display: HotReload successful (0 functions remapped  0 scriptstructs remapped)
[2019.02.01-12.40.58:364][205]LogContentBrowser: Native class hierarchy populated in 0.0185 seconds. Added 2575 classes and 607 folders.
[2019.02.01-12.40.58:378][205]Display: HotReload took  0.1s.
[2019.02.01-12.41.49:815][359]LogEditorViewport: Clicking Background
