Log file open, 01/26/19 17:53:01
LogWindows: Failed to load 'aqProf.dll' (GetLastError=126)
LogWindows: File 'aqProf.dll' does not exist
LogWindows: Failed to load 'VtuneApi.dll' (GetLastError=126)
LogWindows: File 'VtuneApi.dll' does not exist
LogWindows: Failed to load 'VtuneApi32e.dll' (GetLastError=126)
LogWindows: File 'VtuneApi32e.dll' does not exist
LogInit: Display: Running engine for game: FingerGuns
LogPlatformFile: Not using cached read wrapper
LogTaskGraph: Started task graph with 5 named threads and 23 total threads with 3 sets of task threads.
LogStats: Stats thread started at 0.323613
LogD3D11RHI: Loaded GFSDK_Aftermath_Lib.x64.dll
LogICUInternationalization: Display: ICU TimeZone Detection - Raw Offset: +0:00, Platform Override: ''
LogPluginManager: Mounting plugin Paper2D
LogPluginManager: Mounting plugin AISupport
LogPluginManager: Mounting plugin LightPropagationVolume
LogPluginManager: Mounting plugin CLionSourceCodeAccess
LogPluginManager: Mounting plugin CodeLiteSourceCodeAccess
LogPluginManager: Mounting plugin GitSourceControl
LogPluginManager: Mounting plugin KDevelopSourceCodeAccess
LogPluginManager: Mounting plugin NullSourceCodeAccess
LogPluginManager: Mounting plugin PerforceSourceControl
LogPluginManager: Mounting plugin SubversionSourceControl
LogPluginManager: Mounting plugin UObjectPlugin
LogPluginManager: Mounting plugin VisualStudioCodeSourceCodeAccess
LogPluginManager: Mounting plugin VisualStudioSourceCodeAccess
LogPluginManager: Mounting plugin XCodeSourceCodeAccess
LogPluginManager: Mounting plugin AssetManagerEditor
LogPluginManager: Mounting plugin CryptoKeys
LogPluginManager: Mounting plugin DataValidation
LogPluginManager: Mounting plugin FacialAnimation
LogPluginManager: Mounting plugin GameplayTagsEditor
LogPluginManager: Mounting plugin MacGraphicsSwitching
LogPluginManager: Mounting plugin MeshEditor
LogPluginManager: Mounting plugin MobileLauncherProfileWizard
LogPluginManager: Mounting plugin PluginBrowser
LogPluginManager: Mounting plugin SpeedTreeImporter
LogPluginManager: Mounting plugin DatasmithContent
LogPluginManager: Mounting plugin AlembicImporter
LogPluginManager: Mounting plugin AppleImageUtils
LogPluginManager: Mounting plugin AppleVision
LogPluginManager: Mounting plugin BackChannel
LogPluginManager: Mounting plugin CharacterAI
LogPluginManager: Mounting plugin GeometryCache
LogPluginManager: Mounting plugin HTML5Networking
LogPluginManager: Mounting plugin ProxyLODPlugin
LogPluginManager: Mounting plugin MagicLeap
LogPluginManager: Mounting plugin MagicLeapEmulator
LogPluginManager: Mounting plugin MagicLeapMedia
LogPluginManager: Mounting plugin AndroidMedia
LogPluginManager: Mounting plugin AvfMedia
LogPluginManager: Mounting plugin ImgMedia
LogPluginManager: Mounting plugin LinearTimecode
LogPluginManager: Mounting plugin MediaCompositing
LogPluginManager: Mounting plugin MediaPlayerEditor
LogPluginManager: Mounting plugin WmfMedia
LogPluginManager: Mounting plugin TcpMessaging
LogPluginManager: Mounting plugin UdpMessaging
LogPluginManager: Mounting plugin ActorSequence
LogPluginManager: Mounting plugin LevelSequenceEditor
LogPluginManager: Mounting plugin MatineeToLevelSequence
LogPluginManager: Mounting plugin NetcodeUnitTest
LogPluginManager: Mounting plugin NUTUnrealEngine4
LogPluginManager: Mounting plugin OnlineSubsystemGooglePlay
LogPluginManager: Mounting plugin OnlineSubsystemIOS
LogPluginManager: Mounting plugin OnlineSubsystem
LogPluginManager: Mounting plugin OnlineSubsystemNull
LogPluginManager: Mounting plugin OnlineSubsystemUtils
LogPluginManager: Mounting plugin LauncherChunkInstaller
LogPluginManager: Mounting plugin AndroidDeviceProfileSelector
LogPluginManager: Mounting plugin AndroidMoviePlayer
LogPluginManager: Mounting plugin AndroidPermission
LogPluginManager: Mounting plugin AppleMoviePlayer
LogPluginManager: Mounting plugin ArchVisCharacter
LogPluginManager: Mounting plugin AudioCapture
LogPluginManager: Mounting plugin CableComponent
LogPluginManager: Mounting plugin CustomMeshComponent
LogPluginManager: Mounting plugin EditableMesh
LogPluginManager: Mounting plugin ExampleDeviceProfileSelector
LogPluginManager: Mounting plugin GoogleCloudMessaging
LogPluginManager: Mounting plugin ImmediatePhysics
LogPluginManager: Mounting plugin IOSDeviceProfileSelector
LogPluginManager: Mounting plugin LinuxDeviceProfileSelector
LogPluginManager: Mounting plugin LocationServicesBPLibrary
LogPluginManager: Mounting plugin MobilePatchingUtils
LogPluginManager: Mounting plugin OculusVR
LogPluginManager: Plugin shader directory ../../../Engine/Plugins/Runtime/Oculus/OculusVR/Shaders found
LogPluginManager: Mapping shader source directory ../../../Engine/Plugins/Runtime/Oculus/OculusVR/Shaders to virtual directory /Plugin/OculusVR
LogPluginManager: Mounting plugin PhysXVehicles
LogPluginManager: Mounting plugin ProceduralMeshComponent
LogPluginManager: Mounting plugin RuntimePhysXCooking
LogPluginManager: Mounting plugin SteamVR
LogPluginManager: Mounting plugin WindowsMoviePlayer
LogStreaming: Display: Took  0.138s to configure plugins.
LogInit: Using libcurl 7.55.1-DEV
LogInit:  - built for x86_64-pc-win32
LogInit:  - supports SSL with OpenSSL/1.0.2h
LogInit:  - supports HTTP deflate (compression) using libz 1.2.8
LogInit:  - other features:
LogInit:      CURL_VERSION_SSL
LogInit:      CURL_VERSION_LIBZ
LogInit:      CURL_VERSION_IPV6
LogInit:      CURL_VERSION_ASYNCHDNS
LogInit:      CURL_VERSION_LARGEFILE
LogInit:      CURL_VERSION_IDN
LogInit:  CurlRequestOptions (configurable via config and command line):
LogInit:  - bVerifyPeer = false  - Libcurl will NOT verify peer certificate
LogInit:  - bUseHttpProxy = false  - Libcurl will NOT use HTTP proxy
LogInit:  - bDontReuseConnections = false  - Libcurl will reuse connections
LogInit:  - CertBundlePath = nullptr  - Libcurl will use whatever was configured at build time.
LogInit:  - MaxHostConnections = 16  - Libcurl will limit the number of connections to a host
LogInit:  - LocalHostAddr = Default
LogInit:  - BufferSize = 65536
LogInit: WinSock: version 1.1 (2.2), MaxSocks=32767, MaxUdp=65467
LogInit: Build: ++UE4+Release-4.20-CL-4369336
LogInit: Engine Version: 4.20.3-4369336+++UE4+Release-4.20
LogInit: Compatible Engine Version: 4.20.0-4212847+++UE4+Release-4.20
LogInit: Net CL: 4212847
LogInit: OS: Windows 10 (), CPU: Intel(R) Core(TM) i7-7700HQ CPU @ 2.80GHz, GPU: Intel(R) HD Graphics 630
LogInit: Compiled (64-bit): Sep 17 2018 12:26:19
LogInit: Compiled with Visual C++: 19.13.26129.00
LogInit: Build Configuration: Development
LogInit: Branch Name: ++UE4+Release-4.20
LogInit: Command Line: 
LogInit: Base Directory: D:/Unreal Engine 4/UE_4.20/Engine/Binaries/Win64/
LogInit: Installed Engine Build: 1
LogDevObjectVersion: Number of dev versions registered: 20
LogDevObjectVersion:   Dev-Blueprints (B0D832E4-1F89-4F0D-ACCF-7EB736FD4AA2): 10
LogDevObjectVersion:   Dev-Build (E1C64328-A22C-4D53-A36C-8E866417BD8C): 0
LogDevObjectVersion:   Dev-Core (375EC13C-06E4-48FB-B500-84F0262A717E): 2
LogDevObjectVersion:   Dev-Editor (E4B068ED-F494-42E9-A231-DA0B2E46BB41): 24
LogDevObjectVersion:   Dev-Framework (CFFC743F-43B0-4480-9391-14DF171D2073): 34
LogDevObjectVersion:   Dev-Mobile (B02B49B5-BB20-44E9-A304-32B752E40360): 2
LogDevObjectVersion:   Dev-Networking (A4E4105C-59A1-49B5-A7C5-40C4547EDFEE): 0
LogDevObjectVersion:   Dev-Online (39C831C9-5AE6-47DC-9A44-9C173E1C8E7C): 0
LogDevObjectVersion:   Dev-Physics (78F01B33-EBEA-4F98-B9B4-84EACCB95AA2): 0
LogDevObjectVersion:   Dev-Platform (6631380F-2D4D-43E0-8009-CF276956A95A): 0
LogDevObjectVersion:   Dev-Rendering (12F88B9F-8875-4AFC-A67C-D90C383ABD29): 26
LogDevObjectVersion:   Dev-Sequencer (7B5AE74C-D270-4C10-A958-57980B212A5A): 9
LogDevObjectVersion:   Dev-VR (D7296918-1DD6-4BDD-9DE2-64A83CC13884): 2
LogDevObjectVersion:   Dev-LoadTimes (C2A15278-BFE7-4AFE-6C17-90FF531DF755): 1
LogDevObjectVersion:   Private-Geometry (6EACA3D4-40EC-4CC1-B786-8BED09428FC5): 3
LogDevObjectVersion:   Dev-AnimPhys (29E575DD-E0A3-4627-9D10-D276232CDCEA): 17
LogDevObjectVersion:   Dev-ReflectionCapture (6B266CEC-1EC7-4B8F-A30B-E4D90942FC07): 1
LogDevObjectVersion:   Dev-Automation (0DF73D61-A23F-47EA-B727-89E90C41499A): 1
LogDevObjectVersion:   FortniteMain (601D1886-AC64-4F84-AA16-D3DE0DEAC7D6): 12
LogDevObjectVersion:   Dev-Enterprise (9DFFBCD6-494F-0158-E221-12823C92A888): 1
LogStreaming: Display: Took  0.000s to delete old logs.
LogInit: Presizing for max 8388607 objects, including 0 objects not considered by GC, pre-allocating 0 bytes for permanent pool.
LogInit: Object subsystem initialized
[2019.01.26-17.53.01:521][  0]LogInit: Selected Device Profile: [Windows]
[2019.01.26-17.53.01:521][  0]LogInit: Applying CVar settings loaded from the selected device profile: [Windows]
[2019.01.26-17.53.01:537][  0]LogHAL: Display: Platform has ~ 16 GB [17061756928 / 17179869184 / 16], which maps to Larger [LargestMinGB=32, LargerMinGB=12, DefaultMinGB=8, SmallerMinGB=6, SmallestMinGB=0)
[2019.01.26-17.53.01:537][  0]LogInit: Setting Device Profile CVar: [[r.Vulkan.UseRealUBs:1]]
[2019.01.26-17.53.01:537][  0]LogInit: Going up to parent DeviceProfile []
[2019.01.26-17.53.01:537][  0]LogInit: Computer: MSI
[2019.01.26-17.53.01:537][  0]LogInit: User: Xyvn
[2019.01.26-17.53.01:537][  0]LogInit: CPU Page size=4096, Cores=4
[2019.01.26-17.53.01:537][  0]LogInit: High frequency timer resolution =2.742184 MHz
[2019.01.26-17.53.01:537][  0]LogMemory: Memory total: Physical=15.9GB (16GB approx)
[2019.01.26-17.53.01:537][  0]LogMemory: Platform Memory Stats for Windows
[2019.01.26-17.53.01:538][  0]LogMemory: Process Physical Memory: 100.59 MB used, 100.59 MB peak
[2019.01.26-17.53.01:538][  0]LogMemory: Process Virtual Memory: 89.33 MB used, 89.33 MB peak
[2019.01.26-17.53.01:538][  0]LogMemory: Physical Memory: 7043.67 MB used,  9227.69 MB free, 16271.36 MB total
[2019.01.26-17.53.01:538][  0]LogMemory: Virtual Memory: 4639.20 MB used,  9227.69 MB free, 134217728.00 MB total
[2019.01.26-17.53.01:562][  0]LogInit: Using OS detected language (en-US).
[2019.01.26-17.53.01:562][  0]LogInit: Using OS detected locale (en-GB).
[2019.01.26-17.53.01:564][  0]LogTextLocalizationManager: No specific localization for 'en-US' exists, so the 'en' localization will be used.
[2019.01.26-17.53.02:106][  0]LogStreaming: Display: Took  0.545s to InitEngineTextLocalization.
[2019.01.26-17.53.02:145][  0]LogSlate: New Slate User Created.  User Index 0, Is Virtual User: 0
[2019.01.26-17.53.02:146][  0]LogSlate: Slate User Registered.  User Index 0, Is Virtual User: 0
[2019.01.26-17.53.02:468][  0]LogHMD: Failed to initialize OpenVR with code 110
[2019.01.26-17.53.02:468][  0]LogD3D11RHI: D3D11 adapters:
[2019.01.26-17.53.02:536][  0]LogD3D11RHI:    0. 'NVIDIA GeForce GTX 960M' (Feature Level 11_0)
[2019.01.26-17.53.02:536][  0]LogD3D11RHI:       2010/0/8135 MB DedicatedVideo/DedicatedSystem/SharedSystem, Outputs:1, VendorId:0x10de
[2019.01.26-17.53.02:549][  0]LogD3D11RHI:    1. 'Intel(R) HD Graphics 630' (Feature Level 11_0)
[2019.01.26-17.53.02:549][  0]LogD3D11RHI:       128/0/8135 MB DedicatedVideo/DedicatedSystem/SharedSystem, Outputs:0, VendorId:0x8086
[2019.01.26-17.53.02:552][  0]LogD3D11RHI:    2. 'Microsoft Basic Render Driver' (Feature Level 11_0)
[2019.01.26-17.53.02:552][  0]LogD3D11RHI:       0/0/8135 MB DedicatedVideo/DedicatedSystem/SharedSystem, Outputs:0, VendorId:0x1414
[2019.01.26-17.53.02:552][  0]LogD3D11RHI: Chosen D3D11 Adapter: 0
[2019.01.26-17.53.02:598][  0]LogD3D11RHI: Creating new Direct3DDevice
[2019.01.26-17.53.02:598][  0]LogD3D11RHI:     GPU DeviceId: 0x139b (for the marketing name, search the web for "GPU Device Id")
[2019.01.26-17.53.02:598][  0]LogWindows: EnumDisplayDevices:
[2019.01.26-17.53.02:599][  0]LogWindows:    0. 'Intel(R) HD Graphics 630' (P:1 D:1)
[2019.01.26-17.53.02:599][  0]LogWindows:    1. 'Intel(R) HD Graphics 630' (P:0 D:0)
[2019.01.26-17.53.02:600][  0]LogWindows:    2. 'Intel(R) HD Graphics 630' (P:0 D:0)
[2019.01.26-17.53.02:600][  0]LogWindows: DebugString: PrimaryIsNotTheChoosenAdapter PrimaryIsNotTheChoosenAdapter PrimaryIsNotTheChoosenAdapter FoundDriverCount:0 
[2019.01.26-17.53.02:600][  0]LogD3D11RHI:     Adapter Name: NVIDIA GeForce GTX 960M
[2019.01.26-17.53.02:600][  0]LogD3D11RHI:   Driver Version: Unknown (internal:Unknown, unified:Unknown)
[2019.01.26-17.53.02:600][  0]LogD3D11RHI:      Driver Date: Unknown
[2019.01.26-17.53.02:600][  0]LogRHI: Texture pool is 1407 MB (70% of 2010 MB)
[2019.01.26-17.53.02:650][  0]LogD3D11RHI: Async texture creation enabled
[2019.01.26-17.53.02:668][  0]LogD3D11RHI: GPU Timing Frequency: 1000.000000 (Debug: 2 2)
[2019.01.26-17.53.02:669][  0]LogShaderCompilers: Guid format shader working directory is -6 characters bigger than the processId version (C:/Users/Xyvn/Documents/Unreal Projects/FingerGuns/Intermediate/Shaders/WorkingDirectory/20232/).
[2019.01.26-17.53.02:669][  0]LogShaderCompilers: Cleaned the shader compiler working directory 'C:/Users/Xyvn/AppData/Local/Temp/UnrealShaderWorkingDir/7E5D46B44497B389870B39B88E180F72/'.
[2019.01.26-17.53.03:156][  0]LogTemp: Display: Loaded TP AllDesktopTargetPlatform
[2019.01.26-17.53.03:177][  0]LogTemp: Display: Loaded TP MacClientTargetPlatform
[2019.01.26-17.53.03:193][  0]LogTemp: Display: Loaded TP MacNoEditorTargetPlatform
[2019.01.26-17.53.03:212][  0]LogTemp: Display: Loaded TP MacServerTargetPlatform
[2019.01.26-17.53.03:232][  0]LogTemp: Display: Loaded TP MacTargetPlatform
[2019.01.26-17.53.03:253][  0]LogTemp: Display: Loaded TP WindowsClientTargetPlatform
[2019.01.26-17.53.03:271][  0]LogTemp: Display: Loaded TP WindowsNoEditorTargetPlatform
[2019.01.26-17.53.03:294][  0]LogTemp: Display: Loaded TP WindowsServerTargetPlatform
[2019.01.26-17.53.03:305][  0]LogTemp: Display: Loaded TP WindowsTargetPlatform
[2019.01.26-17.53.03:429][  0]LogTemp: Display: Loaded TP AndroidTargetPlatform
[2019.01.26-17.53.03:429][  0]LogTemp: Display: Loaded TP AndroidTargetPlatform
[2019.01.26-17.53.03:429][  0]LogTemp: Display: Loaded TP AndroidTargetPlatform
[2019.01.26-17.53.03:429][  0]LogTemp: Display: Loaded TP AndroidTargetPlatform
[2019.01.26-17.53.03:429][  0]LogTemp: Display: Loaded TP AndroidTargetPlatform
[2019.01.26-17.53.03:429][  0]LogTemp: Display: Loaded TP AndroidTargetPlatform
[2019.01.26-17.53.03:429][  0]LogTemp: Display: Loaded TP AndroidTargetPlatform
[2019.01.26-17.53.03:429][  0]LogTemp: Display: Loaded TP AndroidTargetPlatform
[2019.01.26-17.53.03:429][  0]LogTemp: Display: Loaded TP AndroidTargetPlatform
[2019.01.26-17.53.03:429][  0]LogTemp: Display: Loaded TP AndroidTargetPlatform
[2019.01.26-17.53.03:429][  0]LogTemp: Display: Loaded TP AndroidTargetPlatform
[2019.01.26-17.53.03:429][  0]LogTemp: Display: Loaded TP AndroidTargetPlatform
[2019.01.26-17.53.03:429][  0]LogTemp: Display: Loaded TP AndroidTargetPlatform
[2019.01.26-17.53.03:429][  0]LogTemp: Display: Loaded TP AndroidTargetPlatform
[2019.01.26-17.53.03:429][  0]LogTemp: Display: Loaded TP AndroidTargetPlatform
[2019.01.26-17.53.03:429][  0]LogTemp: Display: Loaded TP AndroidTargetPlatform
[2019.01.26-17.53.03:429][  0]LogTemp: Display: Loaded TP AndroidTargetPlatform
[2019.01.26-17.53.03:429][  0]LogTemp: Display: Loaded TP AndroidTargetPlatform
[2019.01.26-17.53.03:431][  0]LogTemp: Display: Loaded TP HTML5TargetPlatform
[2019.01.26-17.53.03:507][  0]LogTemp: Display: Loaded TP IOSTargetPlatform
[2019.01.26-17.53.03:507][  0]LogTemp: Display: Loaded TP IOSTargetPlatform
[2019.01.26-17.53.03:535][  0]LogTemp: Display: Loaded TP TVOSTargetPlatform
[2019.01.26-17.53.03:535][  0]LogTemp: Display: Loaded TP TVOSTargetPlatform
[2019.01.26-17.53.03:555][  0]LogTemp: Display: Loaded TP LinuxClientTargetPlatform
[2019.01.26-17.53.03:573][  0]LogTemp: Display: Loaded TP LinuxNoEditorTargetPlatform
[2019.01.26-17.53.03:593][  0]LogTemp: Display: Loaded TP LinuxServerTargetPlatform
[2019.01.26-17.53.03:612][  0]LogTemp: Display: Loaded TP LinuxTargetPlatform
[2019.01.26-17.53.03:622][  0]LogTemp: Display: Loaded TP LuminTargetPlatform
[2019.01.26-17.53.03:623][  0]LogTargetPlatformManager: Display: Building Assets For Windows
[2019.01.26-17.53.03:696][  0]LogXGEController: Cannot use XGE Controller as Incredibuild is not installed on this machine.
[2019.01.26-17.53.03:696][  0]LogShaderCompilers: Cannot use XGE Shader Compiler as Incredibuild is not installed on this machine.
[2019.01.26-17.53.03:696][  0]LogShaderCompilers: Display: Using Local Shader Compiler.
[2019.01.26-17.53.04:880][  0]LogDerivedDataCache: Display: Max Cache Size: 512 MB
[2019.01.26-17.53.04:982][  0]LogDerivedDataCache: Loaded boot cache 0.10s 73MB C:/Users/Xyvn/AppData/Local/UnrealEngine/4.20/DerivedDataCache/Boot.ddc.
[2019.01.26-17.53.04:985][  0]LogDerivedDataCache: Display: Loaded Boot cache: C:/Users/Xyvn/AppData/Local/UnrealEngine/4.20/DerivedDataCache/Boot.ddc
[2019.01.26-17.53.04:985][  0]LogDerivedDataCache: FDerivedDataBackendGraph:  Pak pak cache file C:/Users/Xyvn/Documents/Unreal Projects/FingerGuns/DerivedDataCache/DDC.ddp not found, will not use a pak cache.
[2019.01.26-17.53.04:985][  0]LogDerivedDataCache: Unable to find inner node Pak for hierarchical cache Hierarchy.
[2019.01.26-17.53.04:985][  0]LogDerivedDataCache: FDerivedDataBackendGraph:  CompressedPak pak cache file C:/Users/Xyvn/Documents/Unreal Projects/FingerGuns/DerivedDataCache/Compressed.ddp not found, will not use a pak cache.
[2019.01.26-17.53.04:985][  0]LogDerivedDataCache: Unable to find inner node CompressedPak for hierarchical cache Hierarchy.
[2019.01.26-17.53.05:003][  0]LogDerivedDataCache: Display: Pak cache opened for reading ../../../Engine/DerivedDataCache/Compressed.ddp.
[2019.01.26-17.53.05:016][  0]LogDerivedDataCache: Using Local data cache path C:/Users/Xyvn/AppData/Local/UnrealEngine/Common/DerivedDataCache: Writable
[2019.01.26-17.53.05:016][  0]LogDerivedDataCache: Shared data cache path not found in *engine.ini, will not use an Shared cache.
[2019.01.26-17.53.05:016][  0]LogDerivedDataCache: Unable to find inner node Shared for hierarchical cache Hierarchy.
[2019.01.26-17.53.05:041][  0]LogMaterial: Verifying Global Shaders for PCD3D_SM5
[2019.01.26-17.53.05:042][  0]LogSlate: Using FreeType 2.6.0
[2019.01.26-17.53.05:043][  0]LogSlate: SlateFontServices - WITH_FREETYPE: 1, WITH_HARFBUZZ: 1
[2019.01.26-17.53.05:132][  0]LogAssetRegistry: FAssetRegistry took 0.0267 seconds to start up
[2019.01.26-17.53.05:682][  0]LogInit: Selected Device Profile: [Windows]
[2019.01.26-17.53.05:866][  0]LogSimplygon: Simplygon DLL not present - disabling.
[2019.01.26-17.53.05:869][  0]LogMeshReduction: Using SimplygonSwarm for distributed automatic mesh merging
[2019.01.26-17.53.05:869][  0]LogMeshReduction: Using ProxyLODMeshReduction for automatic mesh merging
[2019.01.26-17.53.05:869][  0]LogMeshReduction: Using QuadricMeshReduction for automatic static mesh reduction
[2019.01.26-17.53.05:869][  0]LogMeshReduction: No automatic skeletal mesh reduction module available
[2019.01.26-17.53.05:888][  0]LogNetVersion: FingerGuns 1.0.0, NetCL: 4212847, EngineNetVer: 5, GameNetVer: 0 (Checksum: 2536399834)
[2019.01.26-17.53.06:603][  0]LogPackageLocalizationCache: Processed 11 localized package path(s) for 2 prioritized culture(s) in 0.135633 seconds
[2019.01.26-17.53.06:613][  0]LogUObjectArray: 38425 objects as part of root set at end of initial load.
[2019.01.26-17.53.06:613][  0]LogUObjectAllocator: 6690864 out of 0 bytes used by permanent object pool.
[2019.01.26-17.53.06:613][  0]LogUObjectArray: CloseDisregardForGC: 0/0 objects in disregard for GC pool
[2019.01.26-17.53.07:751][  0]LogTcpMessaging: Initializing TcpMessaging bridge
[2019.01.26-17.53.07:793][  0]LogUdpMessaging: Initializing bridge on interface 0.0.0.0:0 to multicast group 230.0.0.1:6666.
[2019.01.26-17.53.07:958][  0]SourceControl: Source control is disabled
[2019.01.26-17.53.07:958][  0]SourceControl: Source control is disabled
[2019.01.26-17.53.07:960][  0]SourceControl: Source control is disabled
[2019.01.26-17.53.07:961][  0]SourceControl: Source control is disabled
[2019.01.26-17.53.08:131][  0]LogAndroidPermission: UAndroidPermissionCallbackProxy::GetInstance
[2019.01.26-17.53.08:196][  0]LogOcInput: OculusInput pre-init called
[2019.01.26-17.53.08:269][  0]LogEngine: Initializing Engine...
[2019.01.26-17.53.08:271][  0]LogHMD: Failed to initialize OpenVR with code 110
[2019.01.26-17.53.08:272][  0]LogStats: UGameplayTagsManager::ConstructGameplayTagTree: ImportINI prefixes -  0.000 s
[2019.01.26-17.53.08:272][  0]LogStats: UGameplayTagsManager::ConstructGameplayTagTree: Construct from data asset -  0.000 s
[2019.01.26-17.53.08:272][  0]LogStats: UGameplayTagsManager::ConstructGameplayTagTree: ImportINI -  0.000 s
[2019.01.26-17.53.08:272][  0]LogStats: UGameplayTagsManager::ConstructGameplayTagTree: GameplayTagTreeChangedEvent.Broadcast -  0.000 s
[2019.01.26-17.53.08:556][  0]LogInit: Initializing FReadOnlyCVARCache
[2019.01.26-17.53.08:570][  0]LogAIModule: Creating AISystem for world Untitled
[2019.01.26-17.53.08:590][  0]LogInit: XAudio2 using 'Speakers (Realtek High Definition Audio)' : 2 channels at 48 kHz using 32 bits per sample (channel mask 0x3)
[2019.01.26-17.53.08:785][  0]LogInit: FAudioDevice initialized.
[2019.01.26-17.53.08:786][  0]LogNetVersion: Set ProjectVersion to 1.0.0.0. Version Checksum will be recalculated on next use.
[2019.01.26-17.53.08:940][  0]LogDerivedDataCache: Saved boot cache 0.16s 73MB C:/Users/Xyvn/AppData/Local/UnrealEngine/4.20/DerivedDataCache/Boot.ddc.
[2019.01.26-17.53.08:966][  0]LogInit: Texture streaming: Enabled
[2019.01.26-17.53.08:985][  0]LogEngineSessionManager: EngineSessionManager initialized
[2019.01.26-17.53.09:010][  0]LogInit: Transaction tracking system initialized
[2019.01.26-17.53.09:032][  0]BlueprintLog: New page: Editor Load
[2019.01.26-17.53.09:182][  0]LocalizationService: Localization service is disabled
[2019.01.26-17.53.09:524][  0]LogCook: Display: Max memory allowance for cook 16384mb min free memory 0mb
[2019.01.26-17.53.09:524][  0]LogFileCache: Scanning file cache for directory 'C:/Users/Xyvn/Documents/Unreal Projects/FingerGuns/Content/' took 0.01s
[2019.01.26-17.53.09:524][  0]LogCook: Display: Mobile HDR setting 1
[2019.01.26-17.53.09:524][  0]LogGameplayTags: Display: UGameplayTagsManager::DoneAddingNativeTags. DelegateIsBound: 0
[2019.01.26-17.53.09:524][  0]LogStats: UGameplayTagsManager::ConstructGameplayTagTree: ImportINI prefixes -  0.000 s
[2019.01.26-17.53.09:524][  0]LogStats: UGameplayTagsManager::ConstructGameplayTagTree: Construct from data asset -  0.000 s
[2019.01.26-17.53.09:524][  0]LogStats: UGameplayTagsManager::ConstructGameplayTagTree: ImportINI -  0.000 s
[2019.01.26-17.53.09:524][  0]LogStats: UGameplayTagsManager::ConstructGameplayTagTree: GameplayTagTreeChangedEvent.Broadcast -  0.000 s
[2019.01.26-17.53.09:676][  0]SourceControl: Source control is disabled
[2019.01.26-17.53.09:743][  0]LogFactory: FactoryCreateFile: PackFactory with PackFactory (0 0 D:/Unreal Engine 4/UE_4.20/FeaturePacks/StarterContent.upack)
[2019.01.26-17.53.09:790][  0]LogPackFactory: Finished extracting 8 files (including 0 errors).
[2019.01.26-17.53.09:827][  0]LogPackFactory: Copied "../../../Samples/StarterContent/Content/StarterContent/Architecture/Floor_400x400.uasset" to "C:/Users/Xyvn/Documents/Unreal Projects/FingerGuns/Content/StarterContent/Architecture/Floor_400x400.uasset"
[2019.01.26-17.53.09:861][  0]LogPackFactory: Copied "../../../Samples/StarterContent/Content/StarterContent/Architecture/Pillar_50x500.uasset" to "C:/Users/Xyvn/Documents/Unreal Projects/FingerGuns/Content/StarterContent/Architecture/Pillar_50x500.uasset"
[2019.01.26-17.53.09:905][  0]LogPackFactory: Copied "../../../Samples/StarterContent/Content/StarterContent/Architecture/SM_AssetPlatform.uasset" to "C:/Users/Xyvn/Documents/Unreal Projects/FingerGuns/Content/StarterContent/Architecture/SM_AssetPlatform.uasset"
[2019.01.26-17.53.09:956][  0]LogPackFactory: Copied "../../../Samples/StarterContent/Content/StarterContent/Architecture/Wall_400x200.uasset" to "C:/Users/Xyvn/Documents/Unreal Projects/FingerGuns/Content/StarterContent/Architecture/Wall_400x200.uasset"
[2019.01.26-17.53.09:991][  0]LogPackFactory: Copied "../../../Samples/StarterContent/Content/StarterContent/Architecture/Wall_400x300.uasset" to "C:/Users/Xyvn/Documents/Unreal Projects/FingerGuns/Content/StarterContent/Architecture/Wall_400x300.uasset"
[2019.01.26-17.53.10:016][  0]LogPackFactory: Copied "../../../Samples/StarterContent/Content/StarterContent/Architecture/Wall_400x400.uasset" to "C:/Users/Xyvn/Documents/Unreal Projects/FingerGuns/Content/StarterContent/Architecture/Wall_400x400.uasset"
[2019.01.26-17.53.10:057][  0]LogPackFactory: Copied "../../../Samples/StarterContent/Content/StarterContent/Architecture/Wall_500x500.uasset" to "C:/Users/Xyvn/Documents/Unreal Projects/FingerGuns/Content/StarterContent/Architecture/Wall_500x500.uasset"
[2019.01.26-17.53.10:087][  0]LogPackFactory: Copied "../../../Samples/StarterContent/Content/StarterContent/Architecture/Wall_Door_400x300.uasset" to "C:/Users/Xyvn/Documents/Unreal Projects/FingerGuns/Content/StarterContent/Architecture/Wall_Door_400x300.uasset"
[2019.01.26-17.53.10:126][  0]LogPackFactory: Copied "../../../Samples/StarterContent/Content/StarterContent/Architecture/Wall_Door_400x400.uasset" to "C:/Users/Xyvn/Documents/Unreal Projects/FingerGuns/Content/StarterContent/Architecture/Wall_Door_400x400.uasset"
[2019.01.26-17.53.10:153][  0]LogPackFactory: Copied "../../../Samples/StarterContent/Content/StarterContent/Architecture/Wall_Window_400x300.uasset" to "C:/Users/Xyvn/Documents/Unreal Projects/FingerGuns/Content/StarterContent/Architecture/Wall_Window_400x300.uasset"
[2019.01.26-17.53.10:200][  0]LogPackFactory: Copied "../../../Samples/StarterContent/Content/StarterContent/Architecture/Wall_Window_400x400.uasset" to "C:/Users/Xyvn/Documents/Unreal Projects/FingerGuns/Content/StarterContent/Architecture/Wall_Window_400x400.uasset"
[2019.01.26-17.53.10:247][  0]LogPackFactory: Copied "../../../Samples/StarterContent/Content/StarterContent/Audio/Collapse01.uasset" to "C:/Users/Xyvn/Documents/Unreal Projects/FingerGuns/Content/StarterContent/Audio/Collapse01.uasset"
[2019.01.26-17.53.10:277][  0]LogPackFactory: Copied "../../../Samples/StarterContent/Content/StarterContent/Audio/Collapse02.uasset" to "C:/Users/Xyvn/Documents/Unreal Projects/FingerGuns/Content/StarterContent/Audio/Collapse02.uasset"
[2019.01.26-17.53.10:335][  0]LogPackFactory: Copied "../../../Samples/StarterContent/Content/StarterContent/Audio/Collapse_Cue.uasset" to "C:/Users/Xyvn/Documents/Unreal Projects/FingerGuns/Content/StarterContent/Audio/Collapse_Cue.uasset"
[2019.01.26-17.53.10:393][  0]LogPackFactory: Copied "../../../Samples/StarterContent/Content/StarterContent/Audio/Explosion01.uasset" to "C:/Users/Xyvn/Documents/Unreal Projects/FingerGuns/Content/StarterContent/Audio/Explosion01.uasset"
[2019.01.26-17.53.10:420][  0]LogPackFactory: Copied "../../../Samples/StarterContent/Content/StarterContent/Audio/Explosion02.uasset" to "C:/Users/Xyvn/Documents/Unreal Projects/FingerGuns/Content/StarterContent/Audio/Explosion02.uasset"
[2019.01.26-17.53.10:436][  0]LogPackFactory: Copied "../../../Samples/StarterContent/Content/StarterContent/Audio/Explosion_Cue.uasset" to "C:/Users/Xyvn/Documents/Unreal Projects/FingerGuns/Content/StarterContent/Audio/Explosion_Cue.uasset"
[2019.01.26-17.53.10:468][  0]LogPackFactory: Copied "../../../Samples/StarterContent/Content/StarterContent/Audio/Fire01.uasset" to "C:/Users/Xyvn/Documents/Unreal Projects/FingerGuns/Content/StarterContent/Audio/Fire01.uasset"
[2019.01.26-17.53.10:519][  0]LogPackFactory: Copied "../../../Samples/StarterContent/Content/StarterContent/Audio/Fire01_Cue.uasset" to "C:/Users/Xyvn/Documents/Unreal Projects/FingerGuns/Content/StarterContent/Audio/Fire01_Cue.uasset"
[2019.01.26-17.53.10:555][  0]LogPackFactory: Copied "../../../Samples/StarterContent/Content/StarterContent/Audio/Fire_Sparks01.uasset" to "C:/Users/Xyvn/Documents/Unreal Projects/FingerGuns/Content/StarterContent/Audio/Fire_Sparks01.uasset"
[2019.01.26-17.53.10:575][  0]LogPackFactory: Copied "../../../Samples/StarterContent/Content/StarterContent/Audio/Fire_Sparks01_Cue.uasset" to "C:/Users/Xyvn/Documents/Unreal Projects/FingerGuns/Content/StarterContent/Audio/Fire_Sparks01_Cue.uasset"
[2019.01.26-17.53.10:608][  0]LogPackFactory: Copied "../../../Samples/StarterContent/Content/StarterContent/Audio/Light01.uasset" to "C:/Users/Xyvn/Documents/Unreal Projects/FingerGuns/Content/StarterContent/Audio/Light01.uasset"
[2019.01.26-17.53.10:623][  0]LogPackFactory: Copied "../../../Samples/StarterContent/Content/StarterContent/Audio/Light01_Cue.uasset" to "C:/Users/Xyvn/Documents/Unreal Projects/FingerGuns/Content/StarterContent/Audio/Light01_Cue.uasset"
[2019.01.26-17.53.10:659][  0]LogPackFactory: Copied "../../../Samples/StarterContent/Content/StarterContent/Audio/Light02.uasset" to "C:/Users/Xyvn/Documents/Unreal Projects/FingerGuns/Content/StarterContent/Audio/Light02.uasset"
[2019.01.26-17.53.10:671][  0]LogPackFactory: Copied "../../../Samples/StarterContent/Content/StarterContent/Audio/Light02_Cue.uasset" to "C:/Users/Xyvn/Documents/Unreal Projects/FingerGuns/Content/StarterContent/Audio/Light02_Cue.uasset"
[2019.01.26-17.53.10:700][  0]LogPackFactory: Copied "../../../Samples/StarterContent/Content/StarterContent/Audio/Smoke01.uasset" to "C:/Users/Xyvn/Documents/Unreal Projects/FingerGuns/Content/StarterContent/Audio/Smoke01.uasset"
[2019.01.26-17.53.10:709][  0]LogPackFactory: Copied "../../../Samples/StarterContent/Content/StarterContent/Audio/Smoke01_Cue.uasset" to "C:/Users/Xyvn/Documents/Unreal Projects/FingerGuns/Content/StarterContent/Audio/Smoke01_Cue.uasset"
[2019.01.26-17.53.10:723][  0]LogPackFactory: Copied "../../../Samples/StarterContent/Content/StarterContent/Audio/Starter_Background_Cue.uasset" to "C:/Users/Xyvn/Documents/Unreal Projects/FingerGuns/Content/StarterContent/Audio/Starter_Background_Cue.uasset"
[2019.01.26-17.53.10:770][  0]LogPackFactory: Copied "../../../Samples/StarterContent/Content/StarterContent/Audio/Starter_Birds01.uasset" to "C:/Users/Xyvn/Documents/Unreal Projects/FingerGuns/Content/StarterContent/Audio/Starter_Birds01.uasset"
[2019.01.26-17.53.10:888][  0]LogPackFactory: Copied "../../../Samples/StarterContent/Content/StarterContent/Audio/Starter_Music01.uasset" to "C:/Users/Xyvn/Documents/Unreal Projects/FingerGuns/Content/StarterContent/Audio/Starter_Music01.uasset"
[2019.01.26-17.53.10:910][  0]LogPackFactory: Copied "../../../Samples/StarterContent/Content/StarterContent/Audio/Starter_Music_Cue.uasset" to "C:/Users/Xyvn/Documents/Unreal Projects/FingerGuns/Content/StarterContent/Audio/Starter_Music_Cue.uasset"
[2019.01.26-17.53.10:956][  0]LogPackFactory: Copied "../../../Samples/StarterContent/Content/StarterContent/Audio/Starter_Wind05.uasset" to "C:/Users/Xyvn/Documents/Unreal Projects/FingerGuns/Content/StarterContent/Audio/Starter_Wind05.uasset"
[2019.01.26-17.53.10:993][  0]LogPackFactory: Copied "../../../Samples/StarterContent/Content/StarterContent/Audio/Starter_Wind06.uasset" to "C:/Users/Xyvn/Documents/Unreal Projects/FingerGuns/Content/StarterContent/Audio/Starter_Wind06.uasset"
[2019.01.26-17.53.11:026][  0]LogPackFactory: Copied "../../../Samples/StarterContent/Content/StarterContent/Audio/Steam01.uasset" to "C:/Users/Xyvn/Documents/Unreal Projects/FingerGuns/Content/StarterContent/Audio/Steam01.uasset"
[2019.01.26-17.53.11:046][  0]LogPackFactory: Copied "../../../Samples/StarterContent/Content/StarterContent/Audio/Steam01_Cue.uasset" to "C:/Users/Xyvn/Documents/Unreal Projects/FingerGuns/Content/StarterContent/Audio/Steam01_Cue.uasset"
[2019.01.26-17.53.11:068][  0]LogPackFactory: Copied "../../../Samples/StarterContent/Content/StarterContent/Blueprints/Blueprint_CeilingLight.uasset" to "C:/Users/Xyvn/Documents/Unreal Projects/FingerGuns/Content/StarterContent/Blueprints/Blueprint_CeilingLight.uasset"
[2019.01.26-17.53.11:091][  0]LogPackFactory: Copied "../../../Samples/StarterContent/Content/StarterContent/Blueprints/Blueprint_Effect_Explosion.uasset" to "C:/Users/Xyvn/Documents/Unreal Projects/FingerGuns/Content/StarterContent/Blueprints/Blueprint_Effect_Explosion.uasset"
[2019.01.26-17.53.11:114][  0]LogPackFactory: Copied "../../../Samples/StarterContent/Content/StarterContent/Blueprints/Blueprint_Effect_Fire.uasset" to "C:/Users/Xyvn/Documents/Unreal Projects/FingerGuns/Content/StarterContent/Blueprints/Blueprint_Effect_Fire.uasset"
[2019.01.26-17.53.11:131][  0]LogPackFactory: Copied "../../../Samples/StarterContent/Content/StarterContent/Blueprints/Blueprint_Effect_Smoke.uasset" to "C:/Users/Xyvn/Documents/Unreal Projects/FingerGuns/Content/StarterContent/Blueprints/Blueprint_Effect_Smoke.uasset"
[2019.01.26-17.53.11:146][  0]LogPackFactory: Copied "../../../Samples/StarterContent/Content/StarterContent/Blueprints/Blueprint_Effect_Sparks.uasset" to "C:/Users/Xyvn/Documents/Unreal Projects/FingerGuns/Content/StarterContent/Blueprints/Blueprint_Effect_Sparks.uasset"
[2019.01.26-17.53.11:159][  0]LogPackFactory: Copied "../../../Samples/StarterContent/Content/StarterContent/Blueprints/Blueprint_Effect_Steam.uasset" to "C:/Users/Xyvn/Documents/Unreal Projects/FingerGuns/Content/StarterContent/Blueprints/Blueprint_Effect_Steam.uasset"
[2019.01.26-17.53.11:188][  0]LogPackFactory: Copied "../../../Samples/StarterContent/Content/StarterContent/Blueprints/Blueprint_WallSconce.uasset" to "C:/Users/Xyvn/Documents/Unreal Projects/FingerGuns/Content/StarterContent/Blueprints/Blueprint_WallSconce.uasset"
[2019.01.26-17.53.11:218][  0]LogPackFactory: Copied "../../../Samples/StarterContent/Content/StarterContent/Blueprints/BP_LightStudio.uasset" to "C:/Users/Xyvn/Documents/Unreal Projects/FingerGuns/Content/StarterContent/Blueprints/BP_LightStudio.uasset"
[2019.01.26-17.53.11:231][  0]LogPackFactory: Copied "../../../Samples/StarterContent/Content/StarterContent/Blueprints/Assets/FogBrightnessLUT.uasset" to "C:/Users/Xyvn/Documents/Unreal Projects/FingerGuns/Content/StarterContent/Blueprints/Assets/FogBrightnessLUT.uasset"
[2019.01.26-17.53.11:247][  0]LogPackFactory: Copied "../../../Samples/StarterContent/Content/StarterContent/Blueprints/Assets/M_LightStage_Arrows.uasset" to "C:/Users/Xyvn/Documents/Unreal Projects/FingerGuns/Content/StarterContent/Blueprints/Assets/M_LightStage_Arrows.uasset"
[2019.01.26-17.53.11:303][  0]LogPackFactory: Copied "../../../Samples/StarterContent/Content/StarterContent/Blueprints/Assets/M_LightStage_Skybox_Black.uasset" to "C:/Users/Xyvn/Documents/Unreal Projects/FingerGuns/Content/StarterContent/Blueprints/Assets/M_LightStage_Skybox_Black.uasset"
[2019.01.26-17.53.11:332][  0]LogPackFactory: Copied "../../../Samples/StarterContent/Content/StarterContent/Blueprints/Assets/M_LightStage_Skybox_HDRI.uasset" to "C:/Users/Xyvn/Documents/Unreal Projects/FingerGuns/Content/StarterContent/Blueprints/Assets/M_LightStage_Skybox_HDRI.uasset"
[2019.01.26-17.53.11:359][  0]LogPackFactory: Copied "../../../Samples/StarterContent/Content/StarterContent/Blueprints/Assets/M_LightStage_Skybox_Master.uasset" to "C:/Users/Xyvn/Documents/Unreal Projects/FingerGuns/Content/StarterContent/Blueprints/Assets/M_LightStage_Skybox_Master.uasset"
[2019.01.26-17.53.11:388][  0]LogPackFactory: Copied "../../../Samples/StarterContent/Content/StarterContent/Blueprints/Assets/Skybox.uasset" to "C:/Users/Xyvn/Documents/Unreal Projects/FingerGuns/Content/StarterContent/Blueprints/Assets/Skybox.uasset"
[2019.01.26-17.53.11:500][  0]LogPackFactory: Copied "../../../Samples/StarterContent/Content/StarterContent/Blueprints/Assets/SM_Arrows.uasset" to "C:/Users/Xyvn/Documents/Unreal Projects/FingerGuns/Content/StarterContent/Blueprints/Assets/SM_Arrows.uasset"
[2019.01.26-17.53.11:529][  0]LogPackFactory: Copied "../../../Samples/StarterContent/Content/StarterContent/Blueprints/Assets/SunlightColorLUT.uasset" to "C:/Users/Xyvn/Documents/Unreal Projects/FingerGuns/Content/StarterContent/Blueprints/Assets/SunlightColorLUT.uasset"
[2019.01.26-17.53.12:274][  0]LogPackFactory: Copied "../../../Samples/StarterContent/Content/StarterContent/HDRI/HDRI_Epic_Courtyard_Daylight.uasset" to "C:/Users/Xyvn/Documents/Unreal Projects/FingerGuns/Content/StarterContent/HDRI/HDRI_Epic_Courtyard_Daylight.uasset"
[2019.01.26-17.53.12:315][  0]LogPackFactory: Copied "../../../Samples/StarterContent/Content/StarterContent/Maps/Advanced_Lighting.umap" to "C:/Users/Xyvn/Documents/Unreal Projects/FingerGuns/Content/StarterContent/Maps/Advanced_Lighting.umap"
[2019.01.26-17.53.12:349][  0]LogPackFactory: Copied "../../../Samples/StarterContent/Content/StarterContent/Maps/Advanced_Lighting_BuiltData.uasset" to "C:/Users/Xyvn/Documents/Unreal Projects/FingerGuns/Content/StarterContent/Maps/Advanced_Lighting_BuiltData.uasset"
[2019.01.26-17.53.12:378][  0]LogPackFactory: Copied "../../../Samples/StarterContent/Content/StarterContent/Maps/Minimal_Default.umap" to "C:/Users/Xyvn/Documents/Unreal Projects/FingerGuns/Content/StarterContent/Maps/Minimal_Default.umap"
[2019.01.26-17.53.12:432][  0]LogPackFactory: Copied "../../../Samples/StarterContent/Content/StarterContent/Maps/Minimal_Default_BuiltData.uasset" to "C:/Users/Xyvn/Documents/Unreal Projects/FingerGuns/Content/StarterContent/Maps/Minimal_Default_BuiltData.uasset"
[2019.01.26-17.53.12:459][  0]LogPackFactory: Copied "../../../Samples/StarterContent/Content/StarterContent/Maps/StarterMap.umap" to "C:/Users/Xyvn/Documents/Unreal Projects/FingerGuns/Content/StarterContent/Maps/StarterMap.umap"
[2019.01.26-17.53.12:695][  0]LogPackFactory: Copied "../../../Samples/StarterContent/Content/StarterContent/Maps/StarterMap_BuiltData.uasset" to "C:/Users/Xyvn/Documents/Unreal Projects/FingerGuns/Content/StarterContent/Maps/StarterMap_BuiltData.uasset"
[2019.01.26-17.53.12:750][  0]LogPackFactory: Copied "../../../Samples/StarterContent/Content/StarterContent/Materials/M_AssetPlatform.uasset" to "C:/Users/Xyvn/Documents/Unreal Projects/FingerGuns/Content/StarterContent/Materials/M_AssetPlatform.uasset"
[2019.01.26-17.53.12:764][  0]LogPackFactory: Copied "../../../Samples/StarterContent/Content/StarterContent/Materials/M_Basic_Floor.uasset" to "C:/Users/Xyvn/Documents/Unreal Projects/FingerGuns/Content/StarterContent/Materials/M_Basic_Floor.uasset"
[2019.01.26-17.53.12:901][  0]LogPackFactory: Copied "../../../Samples/StarterContent/Content/StarterContent/Materials/M_Basic_Wall.uasset" to "C:/Users/Xyvn/Documents/Unreal Projects/FingerGuns/Content/StarterContent/Materials/M_Basic_Wall.uasset"
[2019.01.26-17.53.12:935][  0]LogPackFactory: Copied "../../../Samples/StarterContent/Content/StarterContent/Materials/M_Brick_Clay_Beveled.uasset" to "C:/Users/Xyvn/Documents/Unreal Projects/FingerGuns/Content/StarterContent/Materials/M_Brick_Clay_Beveled.uasset"
[2019.01.26-17.53.12:960][  0]LogPackFactory: Copied "../../../Samples/StarterContent/Content/StarterContent/Materials/M_Brick_Clay_New.uasset" to "C:/Users/Xyvn/Documents/Unreal Projects/FingerGuns/Content/StarterContent/Materials/M_Brick_Clay_New.uasset"
[2019.01.26-17.53.12:982][  0]LogPackFactory: Copied "../../../Samples/StarterContent/Content/StarterContent/Materials/M_Brick_Clay_Old.uasset" to "C:/Users/Xyvn/Documents/Unreal Projects/FingerGuns/Content/StarterContent/Materials/M_Brick_Clay_Old.uasset"
[2019.01.26-17.53.13:002][  0]LogPackFactory: Copied "../../../Samples/StarterContent/Content/StarterContent/Materials/M_Brick_Cut_Stone.uasset" to "C:/Users/Xyvn/Documents/Unreal Projects/FingerGuns/Content/StarterContent/Materials/M_Brick_Cut_Stone.uasset"
[2019.01.26-17.53.13:017][  0]LogPackFactory: Copied "../../../Samples/StarterContent/Content/StarterContent/Materials/M_Brick_Hewn_Stone.uasset" to "C:/Users/Xyvn/Documents/Unreal Projects/FingerGuns/Content/StarterContent/Materials/M_Brick_Hewn_Stone.uasset"
[2019.01.26-17.53.13:031][  0]LogPackFactory: Copied "../../../Samples/StarterContent/Content/StarterContent/Materials/M_Ceramic_Tile_Checker.uasset" to "C:/Users/Xyvn/Documents/Unreal Projects/FingerGuns/Content/StarterContent/Materials/M_Ceramic_Tile_Checker.uasset"
[2019.01.26-17.53.13:044][  0]LogPackFactory: Copied "../../../Samples/StarterContent/Content/StarterContent/Materials/M_CobbleStone_Pebble.uasset" to "C:/Users/Xyvn/Documents/Unreal Projects/FingerGuns/Content/StarterContent/Materials/M_CobbleStone_Pebble.uasset"
[2019.01.26-17.53.13:077][  0]LogPackFactory: Copied "../../../Samples/StarterContent/Content/StarterContent/Materials/M_CobbleStone_Rough.uasset" to "C:/Users/Xyvn/Documents/Unreal Projects/FingerGuns/Content/StarterContent/Materials/M_CobbleStone_Rough.uasset"
[2019.01.26-17.53.13:094][  0]LogPackFactory: Copied "../../../Samples/StarterContent/Content/StarterContent/Materials/M_CobbleStone_Smooth.uasset" to "C:/Users/Xyvn/Documents/Unreal Projects/FingerGuns/Content/StarterContent/Materials/M_CobbleStone_Smooth.uasset"
[2019.01.26-17.53.13:109][  0]LogPackFactory: Copied "../../../Samples/StarterContent/Content/StarterContent/Materials/M_ColorGrid_LowSpec.uasset" to "C:/Users/Xyvn/Documents/Unreal Projects/FingerGuns/Content/StarterContent/Materials/M_ColorGrid_LowSpec.uasset"
[2019.01.26-17.53.13:122][  0]LogPackFactory: Copied "../../../Samples/StarterContent/Content/StarterContent/Materials/M_Concrete_Grime.uasset" to "C:/Users/Xyvn/Documents/Unreal Projects/FingerGuns/Content/StarterContent/Materials/M_Concrete_Grime.uasset"
[2019.01.26-17.53.13:136][  0]LogPackFactory: Copied "../../../Samples/StarterContent/Content/StarterContent/Materials/M_Concrete_Panels.uasset" to "C:/Users/Xyvn/Documents/Unreal Projects/FingerGuns/Content/StarterContent/Materials/M_Concrete_Panels.uasset"
[2019.01.26-17.53.13:150][  0]LogPackFactory: Copied "../../../Samples/StarterContent/Content/StarterContent/Materials/M_Concrete_Poured.uasset" to "C:/Users/Xyvn/Documents/Unreal Projects/FingerGuns/Content/StarterContent/Materials/M_Concrete_Poured.uasset"
[2019.01.26-17.53.13:168][  0]LogPackFactory: Copied "../../../Samples/StarterContent/Content/StarterContent/Materials/M_Concrete_Tiles.uasset" to "C:/Users/Xyvn/Documents/Unreal Projects/FingerGuns/Content/StarterContent/Materials/M_Concrete_Tiles.uasset"
[2019.01.26-17.53.13:181][  0]LogPackFactory: Copied "../../../Samples/StarterContent/Content/StarterContent/Materials/M_Glass.uasset" to "C:/Users/Xyvn/Documents/Unreal Projects/FingerGuns/Content/StarterContent/Materials/M_Glass.uasset"
[2019.01.26-17.53.13:197][  0]LogPackFactory: Copied "../../../Samples/StarterContent/Content/StarterContent/Materials/M_Ground_Grass.uasset" to "C:/Users/Xyvn/Documents/Unreal Projects/FingerGuns/Content/StarterContent/Materials/M_Ground_Grass.uasset"
[2019.01.26-17.53.13:214][  0]LogPackFactory: Copied "../../../Samples/StarterContent/Content/StarterContent/Materials/M_Ground_Gravel.uasset" to "C:/Users/Xyvn/Documents/Unreal Projects/FingerGuns/Content/StarterContent/Materials/M_Ground_Gravel.uasset"
[2019.01.26-17.53.13:229][  0]LogPackFactory: Copied "../../../Samples/StarterContent/Content/StarterContent/Materials/M_Ground_Moss.uasset" to "C:/Users/Xyvn/Documents/Unreal Projects/FingerGuns/Content/StarterContent/Materials/M_Ground_Moss.uasset"
[2019.01.26-17.53.13:244][  0]LogPackFactory: Copied "../../../Samples/StarterContent/Content/StarterContent/Materials/M_Metal_Brushed_Nickel.uasset" to "C:/Users/Xyvn/Documents/Unreal Projects/FingerGuns/Content/StarterContent/Materials/M_Metal_Brushed_Nickel.uasset"
[2019.01.26-17.53.13:258][  0]LogPackFactory: Copied "../../../Samples/StarterContent/Content/StarterContent/Materials/M_Metal_Burnished_Steel.uasset" to "C:/Users/Xyvn/Documents/Unreal Projects/FingerGuns/Content/StarterContent/Materials/M_Metal_Burnished_Steel.uasset"
[2019.01.26-17.53.13:272][  0]LogPackFactory: Copied "../../../Samples/StarterContent/Content/StarterContent/Materials/M_Metal_Chrome.uasset" to "C:/Users/Xyvn/Documents/Unreal Projects/FingerGuns/Content/StarterContent/Materials/M_Metal_Chrome.uasset"
[2019.01.26-17.53.13:286][  0]LogPackFactory: Copied "../../../Samples/StarterContent/Content/StarterContent/Materials/M_Metal_Copper.uasset" to "C:/Users/Xyvn/Documents/Unreal Projects/FingerGuns/Content/StarterContent/Materials/M_Metal_Copper.uasset"
[2019.01.26-17.53.13:299][  0]LogPackFactory: Copied "../../../Samples/StarterContent/Content/StarterContent/Materials/M_Metal_Gold.uasset" to "C:/Users/Xyvn/Documents/Unreal Projects/FingerGuns/Content/StarterContent/Materials/M_Metal_Gold.uasset"
[2019.01.26-17.53.13:323][  0]LogPackFactory: Copied "../../../Samples/StarterContent/Content/StarterContent/Materials/M_Metal_Rust.uasset" to "C:/Users/Xyvn/Documents/Unreal Projects/FingerGuns/Content/StarterContent/Materials/M_Metal_Rust.uasset"
[2019.01.26-17.53.13:337][  0]LogPackFactory: Copied "../../../Samples/StarterContent/Content/StarterContent/Materials/M_Metal_Steel.uasset" to "C:/Users/Xyvn/Documents/Unreal Projects/FingerGuns/Content/StarterContent/Materials/M_Metal_Steel.uasset"
[2019.01.26-17.53.13:351][  0]LogPackFactory: Copied "../../../Samples/StarterContent/Content/StarterContent/Materials/M_Rock_Basalt.uasset" to "C:/Users/Xyvn/Documents/Unreal Projects/FingerGuns/Content/StarterContent/Materials/M_Rock_Basalt.uasset"
[2019.01.26-17.53.13:365][  0]LogPackFactory: Copied "../../../Samples/StarterContent/Content/StarterContent/Materials/M_Rock_Marble_Polished.uasset" to "C:/Users/Xyvn/Documents/Unreal Projects/FingerGuns/Content/StarterContent/Materials/M_Rock_Marble_Polished.uasset"
[2019.01.26-17.53.13:380][  0]LogPackFactory: Copied "../../../Samples/StarterContent/Content/StarterContent/Materials/M_Rock_Sandstone.uasset" to "C:/Users/Xyvn/Documents/Unreal Projects/FingerGuns/Content/StarterContent/Materials/M_Rock_Sandstone.uasset"
[2019.01.26-17.53.13:396][  0]LogPackFactory: Copied "../../../Samples/StarterContent/Content/StarterContent/Materials/M_Rock_Slate.uasset" to "C:/Users/Xyvn/Documents/Unreal Projects/FingerGuns/Content/StarterContent/Materials/M_Rock_Slate.uasset"
[2019.01.26-17.53.13:410][  0]LogPackFactory: Copied "../../../Samples/StarterContent/Content/StarterContent/Materials/M_Tech_Checker_Dot.uasset" to "C:/Users/Xyvn/Documents/Unreal Projects/FingerGuns/Content/StarterContent/Materials/M_Tech_Checker_Dot.uasset"
[2019.01.26-17.53.13:424][  0]LogPackFactory: Copied "../../../Samples/StarterContent/Content/StarterContent/Materials/M_Tech_Hex_Tile.uasset" to "C:/Users/Xyvn/Documents/Unreal Projects/FingerGuns/Content/StarterContent/Materials/M_Tech_Hex_Tile.uasset"
[2019.01.26-17.53.13:437][  0]LogPackFactory: Copied "../../../Samples/StarterContent/Content/StarterContent/Materials/M_Tech_Hex_Tile_Pulse.uasset" to "C:/Users/Xyvn/Documents/Unreal Projects/FingerGuns/Content/StarterContent/Materials/M_Tech_Hex_Tile_Pulse.uasset"
[2019.01.26-17.53.13:450][  0]LogPackFactory: Copied "../../../Samples/StarterContent/Content/StarterContent/Materials/M_Tech_Panel.uasset" to "C:/Users/Xyvn/Documents/Unreal Projects/FingerGuns/Content/StarterContent/Materials/M_Tech_Panel.uasset"
[2019.01.26-17.53.13:464][  0]LogPackFactory: Copied "../../../Samples/StarterContent/Content/StarterContent/Materials/M_Water_Lake.uasset" to "C:/Users/Xyvn/Documents/Unreal Projects/FingerGuns/Content/StarterContent/Materials/M_Water_Lake.uasset"
[2019.01.26-17.53.13:477][  0]LogPackFactory: Copied "../../../Samples/StarterContent/Content/StarterContent/Materials/M_Water_Ocean.uasset" to "C:/Users/Xyvn/Documents/Unreal Projects/FingerGuns/Content/StarterContent/Materials/M_Water_Ocean.uasset"
[2019.01.26-17.53.13:490][  0]LogPackFactory: Copied "../../../Samples/StarterContent/Content/StarterContent/Materials/M_Wood_Floor_Walnut_Polished.uasset" to "C:/Users/Xyvn/Documents/Unreal Projects/FingerGuns/Content/StarterContent/Materials/M_Wood_Floor_Walnut_Polished.uasset"
[2019.01.26-17.53.13:505][  0]LogPackFactory: Copied "../../../Samples/StarterContent/Content/StarterContent/Materials/M_Wood_Floor_Walnut_Worn.uasset" to "C:/Users/Xyvn/Documents/Unreal Projects/FingerGuns/Content/StarterContent/Materials/M_Wood_Floor_Walnut_Worn.uasset"
[2019.01.26-17.53.13:521][  0]LogPackFactory: Copied "../../../Samples/StarterContent/Content/StarterContent/Materials/M_Wood_Oak.uasset" to "C:/Users/Xyvn/Documents/Unreal Projects/FingerGuns/Content/StarterContent/Materials/M_Wood_Oak.uasset"
[2019.01.26-17.53.13:535][  0]LogPackFactory: Copied "../../../Samples/StarterContent/Content/StarterContent/Materials/M_Wood_Pine.uasset" to "C:/Users/Xyvn/Documents/Unreal Projects/FingerGuns/Content/StarterContent/Materials/M_Wood_Pine.uasset"
[2019.01.26-17.53.13:548][  0]LogPackFactory: Copied "../../../Samples/StarterContent/Content/StarterContent/Materials/M_Wood_Walnut.uasset" to "C:/Users/Xyvn/Documents/Unreal Projects/FingerGuns/Content/StarterContent/Materials/M_Wood_Walnut.uasset"
[2019.01.26-17.53.13:562][  0]LogPackFactory: Copied "../../../Samples/StarterContent/Content/StarterContent/Particles/P_Ambient_Dust.uasset" to "C:/Users/Xyvn/Documents/Unreal Projects/FingerGuns/Content/StarterContent/Particles/P_Ambient_Dust.uasset"
[2019.01.26-17.53.13:578][  0]LogPackFactory: Copied "../../../Samples/StarterContent/Content/StarterContent/Particles/P_Explosion.uasset" to "C:/Users/Xyvn/Documents/Unreal Projects/FingerGuns/Content/StarterContent/Particles/P_Explosion.uasset"
[2019.01.26-17.53.13:594][  0]LogPackFactory: Copied "../../../Samples/StarterContent/Content/StarterContent/Particles/P_Fire.uasset" to "C:/Users/Xyvn/Documents/Unreal Projects/FingerGuns/Content/StarterContent/Particles/P_Fire.uasset"
[2019.01.26-17.53.13:610][  0]LogPackFactory: Copied "../../../Samples/StarterContent/Content/StarterContent/Particles/P_Smoke.uasset" to "C:/Users/Xyvn/Documents/Unreal Projects/FingerGuns/Content/StarterContent/Particles/P_Smoke.uasset"
[2019.01.26-17.53.13:623][  0]LogPackFactory: Copied "../../../Samples/StarterContent/Content/StarterContent/Particles/P_Sparks.uasset" to "C:/Users/Xyvn/Documents/Unreal Projects/FingerGuns/Content/StarterContent/Particles/P_Sparks.uasset"
[2019.01.26-17.53.13:637][  0]LogPackFactory: Copied "../../../Samples/StarterContent/Content/StarterContent/Particles/P_Steam_Lit.uasset" to "C:/Users/Xyvn/Documents/Unreal Projects/FingerGuns/Content/StarterContent/Particles/P_Steam_Lit.uasset"
[2019.01.26-17.53.13:657][  0]LogPackFactory: Copied "../../../Samples/StarterContent/Content/StarterContent/Particles/Materials/M_Burst.uasset" to "C:/Users/Xyvn/Documents/Unreal Projects/FingerGuns/Content/StarterContent/Particles/Materials/M_Burst.uasset"
[2019.01.26-17.53.13:670][  0]LogPackFactory: Copied "../../../Samples/StarterContent/Content/StarterContent/Particles/Materials/M_Dust_Particle.uasset" to "C:/Users/Xyvn/Documents/Unreal Projects/FingerGuns/Content/StarterContent/Particles/Materials/M_Dust_Particle.uasset"
[2019.01.26-17.53.13:685][  0]LogPackFactory: Copied "../../../Samples/StarterContent/Content/StarterContent/Particles/Materials/M_explosion_subUV.uasset" to "C:/Users/Xyvn/Documents/Unreal Projects/FingerGuns/Content/StarterContent/Particles/Materials/M_explosion_subUV.uasset"
[2019.01.26-17.53.13:700][  0]LogPackFactory: Copied "../../../Samples/StarterContent/Content/StarterContent/Particles/Materials/M_Fire_SubUV.uasset" to "C:/Users/Xyvn/Documents/Unreal Projects/FingerGuns/Content/StarterContent/Particles/Materials/M_Fire_SubUV.uasset"
[2019.01.26-17.53.13:714][  0]LogPackFactory: Copied "../../../Samples/StarterContent/Content/StarterContent/Particles/Materials/m_flare_01.uasset" to "C:/Users/Xyvn/Documents/Unreal Projects/FingerGuns/Content/StarterContent/Particles/Materials/m_flare_01.uasset"
[2019.01.26-17.53.13:726][  0]LogPackFactory: Copied "../../../Samples/StarterContent/Content/StarterContent/Particles/Materials/M_Heat_Distortion.uasset" to "C:/Users/Xyvn/Documents/Unreal Projects/FingerGuns/Content/StarterContent/Particles/Materials/M_Heat_Distortion.uasset"
[2019.01.26-17.53.13:739][  0]LogPackFactory: Copied "../../../Samples/StarterContent/Content/StarterContent/Particles/Materials/M_Radial_Gradient.uasset" to "C:/Users/Xyvn/Documents/Unreal Projects/FingerGuns/Content/StarterContent/Particles/Materials/M_Radial_Gradient.uasset"
[2019.01.26-17.53.13:754][  0]LogPackFactory: Copied "../../../Samples/StarterContent/Content/StarterContent/Particles/Materials/M_radial_ramp.uasset" to "C:/Users/Xyvn/Documents/Unreal Projects/FingerGuns/Content/StarterContent/Particles/Materials/M_radial_ramp.uasset"
[2019.01.26-17.53.13:770][  0]LogPackFactory: Copied "../../../Samples/StarterContent/Content/StarterContent/Particles/Materials/M_smoke_subUV.uasset" to "C:/Users/Xyvn/Documents/Unreal Projects/FingerGuns/Content/StarterContent/Particles/Materials/M_smoke_subUV.uasset"
[2019.01.26-17.53.13:784][  0]LogPackFactory: Copied "../../../Samples/StarterContent/Content/StarterContent/Particles/Materials/M_Spark.uasset" to "C:/Users/Xyvn/Documents/Unreal Projects/FingerGuns/Content/StarterContent/Particles/Materials/M_Spark.uasset"
[2019.01.26-17.53.13:808][  0]LogPackFactory: Copied "../../../Samples/StarterContent/Content/StarterContent/Props/MaterialSphere.uasset" to "C:/Users/Xyvn/Documents/Unreal Projects/FingerGuns/Content/StarterContent/Props/MaterialSphere.uasset"
[2019.01.26-17.53.13:832][  0]LogPackFactory: Copied "../../../Samples/StarterContent/Content/StarterContent/Props/SM_Bush.uasset" to "C:/Users/Xyvn/Documents/Unreal Projects/FingerGuns/Content/StarterContent/Props/SM_Bush.uasset"
[2019.01.26-17.53.13:846][  0]LogPackFactory: Copied "../../../Samples/StarterContent/Content/StarterContent/Props/SM_Chair.uasset" to "C:/Users/Xyvn/Documents/Unreal Projects/FingerGuns/Content/StarterContent/Props/SM_Chair.uasset"
[2019.01.26-17.53.13:862][  0]LogPackFactory: Copied "../../../Samples/StarterContent/Content/StarterContent/Props/SM_CornerFrame.uasset" to "C:/Users/Xyvn/Documents/Unreal Projects/FingerGuns/Content/StarterContent/Props/SM_CornerFrame.uasset"
[2019.01.26-17.53.13:886][  0]LogPackFactory: Copied "../../../Samples/StarterContent/Content/StarterContent/Props/SM_Couch.uasset" to "C:/Users/Xyvn/Documents/Unreal Projects/FingerGuns/Content/StarterContent/Props/SM_Couch.uasset"
[2019.01.26-17.53.13:912][  0]LogPackFactory: Copied "../../../Samples/StarterContent/Content/StarterContent/Props/SM_Door.uasset" to "C:/Users/Xyvn/Documents/Unreal Projects/FingerGuns/Content/StarterContent/Props/SM_Door.uasset"
[2019.01.26-17.53.13:941][  0]LogPackFactory: Copied "../../../Samples/StarterContent/Content/StarterContent/Props/SM_DoorFrame.uasset" to "C:/Users/Xyvn/Documents/Unreal Projects/FingerGuns/Content/StarterContent/Props/SM_DoorFrame.uasset"
[2019.01.26-17.53.14:085][  0]LogPackFactory: Copied "../../../Samples/StarterContent/Content/StarterContent/Props/SM_GlassWindow.uasset" to "C:/Users/Xyvn/Documents/Unreal Projects/FingerGuns/Content/StarterContent/Props/SM_GlassWindow.uasset"
[2019.01.26-17.53.14:110][  0]LogPackFactory: Copied "../../../Samples/StarterContent/Content/StarterContent/Props/SM_Lamp_Ceiling.uasset" to "C:/Users/Xyvn/Documents/Unreal Projects/FingerGuns/Content/StarterContent/Props/SM_Lamp_Ceiling.uasset"
[2019.01.26-17.53.14:141][  0]LogPackFactory: Copied "../../../Samples/StarterContent/Content/StarterContent/Props/SM_Lamp_Wall.uasset" to "C:/Users/Xyvn/Documents/Unreal Projects/FingerGuns/Content/StarterContent/Props/SM_Lamp_Wall.uasset"
[2019.01.26-17.53.14:191][  0]LogPackFactory: Copied "../../../Samples/StarterContent/Content/StarterContent/Props/SM_MatPreviewMesh_02.uasset" to "C:/Users/Xyvn/Documents/Unreal Projects/FingerGuns/Content/StarterContent/Props/SM_MatPreviewMesh_02.uasset"
[2019.01.26-17.53.14:217][  0]LogPackFactory: Copied "../../../Samples/StarterContent/Content/StarterContent/Props/SM_PillarFrame.uasset" to "C:/Users/Xyvn/Documents/Unreal Projects/FingerGuns/Content/StarterContent/Props/SM_PillarFrame.uasset"
[2019.01.26-17.53.14:246][  0]LogPackFactory: Copied "../../../Samples/StarterContent/Content/StarterContent/Props/SM_PillarFrame300.uasset" to "C:/Users/Xyvn/Documents/Unreal Projects/FingerGuns/Content/StarterContent/Props/SM_PillarFrame300.uasset"
[2019.01.26-17.53.14:278][  0]LogPackFactory: Copied "../../../Samples/StarterContent/Content/StarterContent/Props/SM_Rock.uasset" to "C:/Users/Xyvn/Documents/Unreal Projects/FingerGuns/Content/StarterContent/Props/SM_Rock.uasset"
[2019.01.26-17.53.14:296][  0]LogPackFactory: Copied "../../../Samples/StarterContent/Content/StarterContent/Props/SM_Shelf.uasset" to "C:/Users/Xyvn/Documents/Unreal Projects/FingerGuns/Content/StarterContent/Props/SM_Shelf.uasset"
[2019.01.26-17.53.14:318][  0]LogPackFactory: Copied "../../../Samples/StarterContent/Content/StarterContent/Props/SM_Stairs.uasset" to "C:/Users/Xyvn/Documents/Unreal Projects/FingerGuns/Content/StarterContent/Props/SM_Stairs.uasset"
[2019.01.26-17.53.14:347][  0]LogPackFactory: Copied "../../../Samples/StarterContent/Content/StarterContent/Props/SM_Statue.uasset" to "C:/Users/Xyvn/Documents/Unreal Projects/FingerGuns/Content/StarterContent/Props/SM_Statue.uasset"
[2019.01.26-17.53.14:417][  0]LogPackFactory: Copied "../../../Samples/StarterContent/Content/StarterContent/Props/SM_TableRound.uasset" to "C:/Users/Xyvn/Documents/Unreal Projects/FingerGuns/Content/StarterContent/Props/SM_TableRound.uasset"
[2019.01.26-17.53.14:443][  0]LogPackFactory: Copied "../../../Samples/StarterContent/Content/StarterContent/Props/SM_WindowFrame.uasset" to "C:/Users/Xyvn/Documents/Unreal Projects/FingerGuns/Content/StarterContent/Props/SM_WindowFrame.uasset"
[2019.01.26-17.53.14:471][  0]LogPackFactory: Copied "../../../Samples/StarterContent/Content/StarterContent/Props/Materials/M_Bush.uasset" to "C:/Users/Xyvn/Documents/Unreal Projects/FingerGuns/Content/StarterContent/Props/Materials/M_Bush.uasset"
[2019.01.26-17.53.14:484][  0]LogPackFactory: Copied "../../../Samples/StarterContent/Content/StarterContent/Props/Materials/M_Chair.uasset" to "C:/Users/Xyvn/Documents/Unreal Projects/FingerGuns/Content/StarterContent/Props/Materials/M_Chair.uasset"
[2019.01.26-17.53.14:497][  0]LogPackFactory: Copied "../../../Samples/StarterContent/Content/StarterContent/Props/Materials/M_Door.uasset" to "C:/Users/Xyvn/Documents/Unreal Projects/FingerGuns/Content/StarterContent/Props/Materials/M_Door.uasset"
[2019.01.26-17.53.14:510][  0]LogPackFactory: Copied "../../../Samples/StarterContent/Content/StarterContent/Props/Materials/M_Frame.uasset" to "C:/Users/Xyvn/Documents/Unreal Projects/FingerGuns/Content/StarterContent/Props/Materials/M_Frame.uasset"
[2019.01.26-17.53.14:525][  0]LogPackFactory: Copied "../../../Samples/StarterContent/Content/StarterContent/Props/Materials/M_Lamp.uasset" to "C:/Users/Xyvn/Documents/Unreal Projects/FingerGuns/Content/StarterContent/Props/Materials/M_Lamp.uasset"
[2019.01.26-17.53.14:538][  0]LogPackFactory: Copied "../../../Samples/StarterContent/Content/StarterContent/Props/Materials/M_MaterialSphere.uasset" to "C:/Users/Xyvn/Documents/Unreal Projects/FingerGuns/Content/StarterContent/Props/Materials/M_MaterialSphere.uasset"
[2019.01.26-17.53.14:554][  0]LogPackFactory: Copied "../../../Samples/StarterContent/Content/StarterContent/Props/Materials/M_MaterialSphere_Plain.uasset" to "C:/Users/Xyvn/Documents/Unreal Projects/FingerGuns/Content/StarterContent/Props/Materials/M_MaterialSphere_Plain.uasset"
[2019.01.26-17.53.14:569][  0]LogPackFactory: Copied "../../../Samples/StarterContent/Content/StarterContent/Props/Materials/M_Rock.uasset" to "C:/Users/Xyvn/Documents/Unreal Projects/FingerGuns/Content/StarterContent/Props/Materials/M_Rock.uasset"
[2019.01.26-17.53.14:583][  0]LogPackFactory: Copied "../../../Samples/StarterContent/Content/StarterContent/Props/Materials/M_Shelf.uasset" to "C:/Users/Xyvn/Documents/Unreal Projects/FingerGuns/Content/StarterContent/Props/Materials/M_Shelf.uasset"
[2019.01.26-17.53.14:597][  0]LogPackFactory: Copied "../../../Samples/StarterContent/Content/StarterContent/Props/Materials/M_Statue.uasset" to "C:/Users/Xyvn/Documents/Unreal Projects/FingerGuns/Content/StarterContent/Props/Materials/M_Statue.uasset"
[2019.01.26-17.53.14:610][  0]LogPackFactory: Copied "../../../Samples/StarterContent/Content/StarterContent/Props/Materials/M_StatueGlass.uasset" to "C:/Users/Xyvn/Documents/Unreal Projects/FingerGuns/Content/StarterContent/Props/Materials/M_StatueGlass.uasset"
[2019.01.26-17.53.14:623][  0]LogPackFactory: Copied "../../../Samples/StarterContent/Content/StarterContent/Props/Materials/M_TableRound.uasset" to "C:/Users/Xyvn/Documents/Unreal Projects/FingerGuns/Content/StarterContent/Props/Materials/M_TableRound.uasset"
[2019.01.26-17.53.14:647][  0]LogPackFactory: Copied "../../../Samples/StarterContent/Content/StarterContent/Shapes/Shape_Cone.uasset" to "C:/Users/Xyvn/Documents/Unreal Projects/FingerGuns/Content/StarterContent/Shapes/Shape_Cone.uasset"
[2019.01.26-17.53.14:669][  0]LogPackFactory: Copied "../../../Samples/StarterContent/Content/StarterContent/Shapes/Shape_Cube.uasset" to "C:/Users/Xyvn/Documents/Unreal Projects/FingerGuns/Content/StarterContent/Shapes/Shape_Cube.uasset"
[2019.01.26-17.53.14:692][  0]LogPackFactory: Copied "../../../Samples/StarterContent/Content/StarterContent/Shapes/Shape_Cylinder.uasset" to "C:/Users/Xyvn/Documents/Unreal Projects/FingerGuns/Content/StarterContent/Shapes/Shape_Cylinder.uasset"
[2019.01.26-17.53.14:714][  0]LogPackFactory: Copied "../../../Samples/StarterContent/Content/StarterContent/Shapes/Shape_NarrowCapsule.uasset" to "C:/Users/Xyvn/Documents/Unreal Projects/FingerGuns/Content/StarterContent/Shapes/Shape_NarrowCapsule.uasset"
[2019.01.26-17.53.14:742][  0]LogPackFactory: Copied "../../../Samples/StarterContent/Content/StarterContent/Shapes/Shape_Pipe.uasset" to "C:/Users/Xyvn/Documents/Unreal Projects/FingerGuns/Content/StarterContent/Shapes/Shape_Pipe.uasset"
[2019.01.26-17.53.14:764][  0]LogPackFactory: Copied "../../../Samples/StarterContent/Content/StarterContent/Shapes/Shape_Pipe_180.uasset" to "C:/Users/Xyvn/Documents/Unreal Projects/FingerGuns/Content/StarterContent/Shapes/Shape_Pipe_180.uasset"
[2019.01.26-17.53.14:782][  0]LogPackFactory: Copied "../../../Samples/StarterContent/Content/StarterContent/Shapes/Shape_Pipe_90.uasset" to "C:/Users/Xyvn/Documents/Unreal Projects/FingerGuns/Content/StarterContent/Shapes/Shape_Pipe_90.uasset"
[2019.01.26-17.53.14:805][  0]LogPackFactory: Copied "../../../Samples/StarterContent/Content/StarterContent/Shapes/Shape_Plane.uasset" to "C:/Users/Xyvn/Documents/Unreal Projects/FingerGuns/Content/StarterContent/Shapes/Shape_Plane.uasset"
[2019.01.26-17.53.14:826][  0]LogPackFactory: Copied "../../../Samples/StarterContent/Content/StarterContent/Shapes/Shape_QuadPyramid.uasset" to "C:/Users/Xyvn/Documents/Unreal Projects/FingerGuns/Content/StarterContent/Shapes/Shape_QuadPyramid.uasset"
[2019.01.26-17.53.14:854][  0]LogPackFactory: Copied "../../../Samples/StarterContent/Content/StarterContent/Shapes/Shape_Sphere.uasset" to "C:/Users/Xyvn/Documents/Unreal Projects/FingerGuns/Content/StarterContent/Shapes/Shape_Sphere.uasset"
[2019.01.26-17.53.14:884][  0]LogPackFactory: Copied "../../../Samples/StarterContent/Content/StarterContent/Shapes/Shape_Torus.uasset" to "C:/Users/Xyvn/Documents/Unreal Projects/FingerGuns/Content/StarterContent/Shapes/Shape_Torus.uasset"
[2019.01.26-17.53.14:913][  0]LogPackFactory: Copied "../../../Samples/StarterContent/Content/StarterContent/Shapes/Shape_Trim.uasset" to "C:/Users/Xyvn/Documents/Unreal Projects/FingerGuns/Content/StarterContent/Shapes/Shape_Trim.uasset"
[2019.01.26-17.53.14:934][  0]LogPackFactory: Copied "../../../Samples/StarterContent/Content/StarterContent/Shapes/Shape_Trim_90_In.uasset" to "C:/Users/Xyvn/Documents/Unreal Projects/FingerGuns/Content/StarterContent/Shapes/Shape_Trim_90_In.uasset"
[2019.01.26-17.53.14:958][  0]LogPackFactory: Copied "../../../Samples/StarterContent/Content/StarterContent/Shapes/Shape_Trim_90_Out.uasset" to "C:/Users/Xyvn/Documents/Unreal Projects/FingerGuns/Content/StarterContent/Shapes/Shape_Trim_90_Out.uasset"
[2019.01.26-17.53.14:971][  0]LogPackFactory: Copied "../../../Samples/StarterContent/Content/StarterContent/Shapes/Shape_TriPyramid.uasset" to "C:/Users/Xyvn/Documents/Unreal Projects/FingerGuns/Content/StarterContent/Shapes/Shape_TriPyramid.uasset"
[2019.01.26-17.53.14:997][  0]LogPackFactory: Copied "../../../Samples/StarterContent/Content/StarterContent/Shapes/Shape_Tube.uasset" to "C:/Users/Xyvn/Documents/Unreal Projects/FingerGuns/Content/StarterContent/Shapes/Shape_Tube.uasset"
[2019.01.26-17.53.15:011][  0]LogPackFactory: Copied "../../../Samples/StarterContent/Content/StarterContent/Shapes/Shape_Wedge_A.uasset" to "C:/Users/Xyvn/Documents/Unreal Projects/FingerGuns/Content/StarterContent/Shapes/Shape_Wedge_A.uasset"
[2019.01.26-17.53.15:024][  0]LogPackFactory: Copied "../../../Samples/StarterContent/Content/StarterContent/Shapes/Shape_Wedge_B.uasset" to "C:/Users/Xyvn/Documents/Unreal Projects/FingerGuns/Content/StarterContent/Shapes/Shape_Wedge_B.uasset"
[2019.01.26-17.53.15:048][  0]LogPackFactory: Copied "../../../Samples/StarterContent/Content/StarterContent/Shapes/Shape_WideCapsule.uasset" to "C:/Users/Xyvn/Documents/Unreal Projects/FingerGuns/Content/StarterContent/Shapes/Shape_WideCapsule.uasset"
[2019.01.26-17.53.15:147][  0]LogPackFactory: Copied "../../../Samples/StarterContent/Content/StarterContent/Textures/T_Brick_Clay_Beveled_D.uasset" to "C:/Users/Xyvn/Documents/Unreal Projects/FingerGuns/Content/StarterContent/Textures/T_Brick_Clay_Beveled_D.uasset"
[2019.01.26-17.53.15:248][  0]LogPackFactory: Copied "../../../Samples/StarterContent/Content/StarterContent/Textures/T_Brick_Clay_Beveled_M.uasset" to "C:/Users/Xyvn/Documents/Unreal Projects/FingerGuns/Content/StarterContent/Textures/T_Brick_Clay_Beveled_M.uasset"
[2019.01.26-17.53.15:441][  0]LogPackFactory: Copied "../../../Samples/StarterContent/Content/StarterContent/Textures/T_Brick_Clay_Beveled_N.uasset" to "C:/Users/Xyvn/Documents/Unreal Projects/FingerGuns/Content/StarterContent/Textures/T_Brick_Clay_Beveled_N.uasset"
[2019.01.26-17.53.15:528][  0]LogPackFactory: Copied "../../../Samples/StarterContent/Content/StarterContent/Textures/T_Brick_Clay_New_D.uasset" to "C:/Users/Xyvn/Documents/Unreal Projects/FingerGuns/Content/StarterContent/Textures/T_Brick_Clay_New_D.uasset"
[2019.01.26-17.53.15:653][  0]LogPackFactory: Copied "../../../Samples/StarterContent/Content/StarterContent/Textures/T_Brick_Clay_New_M.uasset" to "C:/Users/Xyvn/Documents/Unreal Projects/FingerGuns/Content/StarterContent/Textures/T_Brick_Clay_New_M.uasset"
[2019.01.26-17.53.15:750][  0]LogPackFactory: Copied "../../../Samples/StarterContent/Content/StarterContent/Textures/T_Brick_Clay_New_N.uasset" to "C:/Users/Xyvn/Documents/Unreal Projects/FingerGuns/Content/StarterContent/Textures/T_Brick_Clay_New_N.uasset"
[2019.01.26-17.53.15:885][  0]LogPackFactory: Copied "../../../Samples/StarterContent/Content/StarterContent/Textures/T_Brick_Clay_Old_D.uasset" to "C:/Users/Xyvn/Documents/Unreal Projects/FingerGuns/Content/StarterContent/Textures/T_Brick_Clay_Old_D.uasset"
[2019.01.26-17.53.15:982][  0]LogPackFactory: Copied "../../../Samples/StarterContent/Content/StarterContent/Textures/T_Brick_Clay_Old_N.uasset" to "C:/Users/Xyvn/Documents/Unreal Projects/FingerGuns/Content/StarterContent/Textures/T_Brick_Clay_Old_N.uasset"
[2019.01.26-17.53.16:132][  0]LogPackFactory: Copied "../../../Samples/StarterContent/Content/StarterContent/Textures/T_Brick_Cut_Stone_D.uasset" to "C:/Users/Xyvn/Documents/Unreal Projects/FingerGuns/Content/StarterContent/Textures/T_Brick_Cut_Stone_D.uasset"
[2019.01.26-17.53.16:223][  0]LogPackFactory: Copied "../../../Samples/StarterContent/Content/StarterContent/Textures/T_Brick_Cut_Stone_N.uasset" to "C:/Users/Xyvn/Documents/Unreal Projects/FingerGuns/Content/StarterContent/Textures/T_Brick_Cut_Stone_N.uasset"
[2019.01.26-17.53.16:316][  0]LogPackFactory: Copied "../../../Samples/StarterContent/Content/StarterContent/Textures/T_Brick_Hewn_Stone_D.uasset" to "C:/Users/Xyvn/Documents/Unreal Projects/FingerGuns/Content/StarterContent/Textures/T_Brick_Hewn_Stone_D.uasset"
[2019.01.26-17.53.16:399][  0]LogPackFactory: Copied "../../../Samples/StarterContent/Content/StarterContent/Textures/T_Brick_Hewn_Stone_M.uasset" to "C:/Users/Xyvn/Documents/Unreal Projects/FingerGuns/Content/StarterContent/Textures/T_Brick_Hewn_Stone_M.uasset"
[2019.01.26-17.53.16:510][  0]LogPackFactory: Copied "../../../Samples/StarterContent/Content/StarterContent/Textures/T_Brick_Hewn_Stone_N.uasset" to "C:/Users/Xyvn/Documents/Unreal Projects/FingerGuns/Content/StarterContent/Textures/T_Brick_Hewn_Stone_N.uasset"
[2019.01.26-17.53.16:532][  0]LogPackFactory: Copied "../../../Samples/StarterContent/Content/StarterContent/Textures/T_Burst_M.uasset" to "C:/Users/Xyvn/Documents/Unreal Projects/FingerGuns/Content/StarterContent/Textures/T_Burst_M.uasset"
[2019.01.26-17.53.16:556][  0]LogPackFactory: Copied "../../../Samples/StarterContent/Content/StarterContent/Textures/T_Bush_D.uasset" to "C:/Users/Xyvn/Documents/Unreal Projects/FingerGuns/Content/StarterContent/Textures/T_Bush_D.uasset"
[2019.01.26-17.53.16:570][  0]LogPackFactory: Copied "../../../Samples/StarterContent/Content/StarterContent/Textures/T_Bush_N.uasset" to "C:/Users/Xyvn/Documents/Unreal Projects/FingerGuns/Content/StarterContent/Textures/T_Bush_N.uasset"
[2019.01.26-17.53.16:607][  0]LogPackFactory: Copied "../../../Samples/StarterContent/Content/StarterContent/Textures/T_Ceramic_Tile_M.uasset" to "C:/Users/Xyvn/Documents/Unreal Projects/FingerGuns/Content/StarterContent/Textures/T_Ceramic_Tile_M.uasset"
[2019.01.26-17.53.16:620][  0]LogPackFactory: Copied "../../../Samples/StarterContent/Content/StarterContent/Textures/T_Ceramic_Tile_N.uasset" to "C:/Users/Xyvn/Documents/Unreal Projects/FingerGuns/Content/StarterContent/Textures/T_Ceramic_Tile_N.uasset"
[2019.01.26-17.53.16:634][  0]LogPackFactory: Copied "../../../Samples/StarterContent/Content/StarterContent/Textures/T_Chair_M.uasset" to "C:/Users/Xyvn/Documents/Unreal Projects/FingerGuns/Content/StarterContent/Textures/T_Chair_M.uasset"
[2019.01.26-17.53.16:696][  0]LogPackFactory: Copied "../../../Samples/StarterContent/Content/StarterContent/Textures/T_Chair_N.uasset" to "C:/Users/Xyvn/Documents/Unreal Projects/FingerGuns/Content/StarterContent/Textures/T_Chair_N.uasset"
[2019.01.26-17.53.16:744][  0]LogPackFactory: Copied "../../../Samples/StarterContent/Content/StarterContent/Textures/T_Checker_Noise_M.uasset" to "C:/Users/Xyvn/Documents/Unreal Projects/FingerGuns/Content/StarterContent/Textures/T_Checker_Noise_M.uasset"
[2019.01.26-17.53.16:875][  0]LogPackFactory: Copied "../../../Samples/StarterContent/Content/StarterContent/Textures/T_CobbleStone_Pebble_D.uasset" to "C:/Users/Xyvn/Documents/Unreal Projects/FingerGuns/Content/StarterContent/Textures/T_CobbleStone_Pebble_D.uasset"
[2019.01.26-17.53.16:911][  0]LogPackFactory: Copied "../../../Samples/StarterContent/Content/StarterContent/Textures/T_CobbleStone_Pebble_M.uasset" to "C:/Users/Xyvn/Documents/Unreal Projects/FingerGuns/Content/StarterContent/Textures/T_CobbleStone_Pebble_M.uasset"
[2019.01.26-17.53.17:061][  0]LogPackFactory: Copied "../../../Samples/StarterContent/Content/StarterContent/Textures/T_CobbleStone_Pebble_N.uasset" to "C:/Users/Xyvn/Documents/Unreal Projects/FingerGuns/Content/StarterContent/Textures/T_CobbleStone_Pebble_N.uasset"
[2019.01.26-17.53.17:232][  0]LogPackFactory: Copied "../../../Samples/StarterContent/Content/StarterContent/Textures/T_CobbleStone_Rough_D.uasset" to "C:/Users/Xyvn/Documents/Unreal Projects/FingerGuns/Content/StarterContent/Textures/T_CobbleStone_Rough_D.uasset"
[2019.01.26-17.53.17:294][  0]LogPackFactory: Copied "../../../Samples/StarterContent/Content/StarterContent/Textures/T_CobbleStone_Rough_N.uasset" to "C:/Users/Xyvn/Documents/Unreal Projects/FingerGuns/Content/StarterContent/Textures/T_CobbleStone_Rough_N.uasset"
[2019.01.26-17.53.17:438][  0]LogPackFactory: Copied "../../../Samples/StarterContent/Content/StarterContent/Textures/T_CobbleStone_Smooth_D.uasset" to "C:/Users/Xyvn/Documents/Unreal Projects/FingerGuns/Content/StarterContent/Textures/T_CobbleStone_Smooth_D.uasset"
[2019.01.26-17.53.17:521][  0]LogPackFactory: Copied "../../../Samples/StarterContent/Content/StarterContent/Textures/T_CobbleStone_Smooth_M.uasset" to "C:/Users/Xyvn/Documents/Unreal Projects/FingerGuns/Content/StarterContent/Textures/T_CobbleStone_Smooth_M.uasset"
[2019.01.26-17.53.17:639][  0]LogPackFactory: Copied "../../../Samples/StarterContent/Content/StarterContent/Textures/T_CobbleStone_Smooth_N.uasset" to "C:/Users/Xyvn/Documents/Unreal Projects/FingerGuns/Content/StarterContent/Textures/T_CobbleStone_Smooth_N.uasset"
[2019.01.26-17.53.17:808][  0]LogPackFactory: Copied "../../../Samples/StarterContent/Content/StarterContent/Textures/T_Concrete_Grime_D.uasset" to "C:/Users/Xyvn/Documents/Unreal Projects/FingerGuns/Content/StarterContent/Textures/T_Concrete_Grime_D.uasset"
[2019.01.26-17.53.17:922][  0]LogPackFactory: Copied "../../../Samples/StarterContent/Content/StarterContent/Textures/T_Concrete_Panels_D.uasset" to "C:/Users/Xyvn/Documents/Unreal Projects/FingerGuns/Content/StarterContent/Textures/T_Concrete_Panels_D.uasset"
[2019.01.26-17.53.18:016][  0]LogPackFactory: Copied "../../../Samples/StarterContent/Content/StarterContent/Textures/T_Concrete_Panels_N.uasset" to "C:/Users/Xyvn/Documents/Unreal Projects/FingerGuns/Content/StarterContent/Textures/T_Concrete_Panels_N.uasset"
[2019.01.26-17.53.18:168][  0]LogPackFactory: Copied "../../../Samples/StarterContent/Content/StarterContent/Textures/T_Concrete_Poured_D.uasset" to "C:/Users/Xyvn/Documents/Unreal Projects/FingerGuns/Content/StarterContent/Textures/T_Concrete_Poured_D.uasset"
[2019.01.26-17.53.18:274][  0]LogPackFactory: Copied "../../../Samples/StarterContent/Content/StarterContent/Textures/T_Concrete_Poured_N.uasset" to "C:/Users/Xyvn/Documents/Unreal Projects/FingerGuns/Content/StarterContent/Textures/T_Concrete_Poured_N.uasset"
[2019.01.26-17.53.18:359][  0]LogPackFactory: Copied "../../../Samples/StarterContent/Content/StarterContent/Textures/T_Concrete_Tiles_D.uasset" to "C:/Users/Xyvn/Documents/Unreal Projects/FingerGuns/Content/StarterContent/Textures/T_Concrete_Tiles_D.uasset"
[2019.01.26-17.53.18:444][  0]LogPackFactory: Copied "../../../Samples/StarterContent/Content/StarterContent/Textures/T_Concrete_Tiles_M.uasset" to "C:/Users/Xyvn/Documents/Unreal Projects/FingerGuns/Content/StarterContent/Textures/T_Concrete_Tiles_M.uasset"
[2019.01.26-17.53.18:546][  0]LogPackFactory: Copied "../../../Samples/StarterContent/Content/StarterContent/Textures/T_Concrete_Tiles_N.uasset" to "C:/Users/Xyvn/Documents/Unreal Projects/FingerGuns/Content/StarterContent/Textures/T_Concrete_Tiles_N.uasset"
[2019.01.26-17.53.18:567][  0]LogPackFactory: Copied "../../../Samples/StarterContent/Content/StarterContent/Textures/T_Concrete_Tiles_Variation_M.uasset" to "C:/Users/Xyvn/Documents/Unreal Projects/FingerGuns/Content/StarterContent/Textures/T_Concrete_Tiles_Variation_M.uasset"
[2019.01.26-17.53.18:626][  0]LogPackFactory: Copied "../../../Samples/StarterContent/Content/StarterContent/Textures/T_Detail_Rocky_N.uasset" to "C:/Users/Xyvn/Documents/Unreal Projects/FingerGuns/Content/StarterContent/Textures/T_Detail_Rocky_N.uasset"
[2019.01.26-17.53.18:656][  0]LogPackFactory: Copied "../../../Samples/StarterContent/Content/StarterContent/Textures/T_Door_M.uasset" to "C:/Users/Xyvn/Documents/Unreal Projects/FingerGuns/Content/StarterContent/Textures/T_Door_M.uasset"
[2019.01.26-17.53.18:694][  0]LogPackFactory: Copied "../../../Samples/StarterContent/Content/StarterContent/Textures/T_Door_N.uasset" to "C:/Users/Xyvn/Documents/Unreal Projects/FingerGuns/Content/StarterContent/Textures/T_Door_N.uasset"
[2019.01.26-17.53.18:720][  0]LogPackFactory: Copied "../../../Samples/StarterContent/Content/StarterContent/Textures/T_Dust_Particle_D.uasset" to "C:/Users/Xyvn/Documents/Unreal Projects/FingerGuns/Content/StarterContent/Textures/T_Dust_Particle_D.uasset"
[2019.01.26-17.53.18:769][  0]LogPackFactory: Copied "../../../Samples/StarterContent/Content/StarterContent/Textures/T_Explosion_SubUV.uasset" to "C:/Users/Xyvn/Documents/Unreal Projects/FingerGuns/Content/StarterContent/Textures/T_Explosion_SubUV.uasset"
[2019.01.26-17.53.18:800][  0]LogPackFactory: Copied "../../../Samples/StarterContent/Content/StarterContent/Textures/T_Fire_SubUV.uasset" to "C:/Users/Xyvn/Documents/Unreal Projects/FingerGuns/Content/StarterContent/Textures/T_Fire_SubUV.uasset"
[2019.01.26-17.53.18:837][  0]LogPackFactory: Copied "../../../Samples/StarterContent/Content/StarterContent/Textures/T_Fire_Tiled_D.uasset" to "C:/Users/Xyvn/Documents/Unreal Projects/FingerGuns/Content/StarterContent/Textures/T_Fire_Tiled_D.uasset"
[2019.01.26-17.53.18:859][  0]LogPackFactory: Copied "../../../Samples/StarterContent/Content/StarterContent/Textures/T_Frame_M.uasset" to "C:/Users/Xyvn/Documents/Unreal Projects/FingerGuns/Content/StarterContent/Textures/T_Frame_M.uasset"
[2019.01.26-17.53.18:892][  0]LogPackFactory: Copied "../../../Samples/StarterContent/Content/StarterContent/Textures/T_Frame_N.uasset" to "C:/Users/Xyvn/Documents/Unreal Projects/FingerGuns/Content/StarterContent/Textures/T_Frame_N.uasset"
[2019.01.26-17.53.18:914][  0]LogPackFactory: Copied "../../../Samples/StarterContent/Content/StarterContent/Textures/T_Gradinet_01.uasset" to "C:/Users/Xyvn/Documents/Unreal Projects/FingerGuns/Content/StarterContent/Textures/T_Gradinet_01.uasset"
[2019.01.26-17.53.19:064][  0]LogPackFactory: Copied "../../../Samples/StarterContent/Content/StarterContent/Textures/T_Ground_Grass_D.uasset" to "C:/Users/Xyvn/Documents/Unreal Projects/FingerGuns/Content/StarterContent/Textures/T_Ground_Grass_D.uasset"
[2019.01.26-17.53.19:226][  0]LogPackFactory: Copied "../../../Samples/StarterContent/Content/StarterContent/Textures/T_Ground_Grass_N.uasset" to "C:/Users/Xyvn/Documents/Unreal Projects/FingerGuns/Content/StarterContent/Textures/T_Ground_Grass_N.uasset"
[2019.01.26-17.53.19:354][  0]LogPackFactory: Copied "../../../Samples/StarterContent/Content/StarterContent/Textures/T_Ground_Gravel_D.uasset" to "C:/Users/Xyvn/Documents/Unreal Projects/FingerGuns/Content/StarterContent/Textures/T_Ground_Gravel_D.uasset"
[2019.01.26-17.53.19:446][  0]LogPackFactory: Copied "../../../Samples/StarterContent/Content/StarterContent/Textures/T_Ground_Gravel_N.uasset" to "C:/Users/Xyvn/Documents/Unreal Projects/FingerGuns/Content/StarterContent/Textures/T_Ground_Gravel_N.uasset"
[2019.01.26-17.53.19:623][  0]LogPackFactory: Copied "../../../Samples/StarterContent/Content/StarterContent/Textures/T_ground_Moss_D.uasset" to "C:/Users/Xyvn/Documents/Unreal Projects/FingerGuns/Content/StarterContent/Textures/T_ground_Moss_D.uasset"
[2019.01.26-17.53.19:732][  0]LogPackFactory: Copied "../../../Samples/StarterContent/Content/StarterContent/Textures/T_Ground_Moss_N.uasset" to "C:/Users/Xyvn/Documents/Unreal Projects/FingerGuns/Content/StarterContent/Textures/T_Ground_Moss_N.uasset"
[2019.01.26-17.53.19:770][  0]LogPackFactory: Copied "../../../Samples/StarterContent/Content/StarterContent/Textures/T_Lamp_M.uasset" to "C:/Users/Xyvn/Documents/Unreal Projects/FingerGuns/Content/StarterContent/Textures/T_Lamp_M.uasset"
[2019.01.26-17.53.19:820][  0]LogPackFactory: Copied "../../../Samples/StarterContent/Content/StarterContent/Textures/T_Lamp_N.uasset" to "C:/Users/Xyvn/Documents/Unreal Projects/FingerGuns/Content/StarterContent/Textures/T_Lamp_N.uasset"
[2019.01.26-17.53.19:949][  0]LogPackFactory: Copied "../../../Samples/StarterContent/Content/StarterContent/Textures/T_MacroVariation.uasset" to "C:/Users/Xyvn/Documents/Unreal Projects/FingerGuns/Content/StarterContent/Textures/T_MacroVariation.uasset"
[2019.01.26-17.53.20:062][  0]LogPackFactory: Copied "../../../Samples/StarterContent/Content/StarterContent/Textures/T_Metal_Aluminum_D.uasset" to "C:/Users/Xyvn/Documents/Unreal Projects/FingerGuns/Content/StarterContent/Textures/T_Metal_Aluminum_D.uasset"
[2019.01.26-17.53.20:173][  0]LogPackFactory: Copied "../../../Samples/StarterContent/Content/StarterContent/Textures/T_Metal_Copper_D.uasset" to "C:/Users/Xyvn/Documents/Unreal Projects/FingerGuns/Content/StarterContent/Textures/T_Metal_Copper_D.uasset"
[2019.01.26-17.53.20:279][  0]LogPackFactory: Copied "../../../Samples/StarterContent/Content/StarterContent/Textures/T_Metal_Gold_D.uasset" to "C:/Users/Xyvn/Documents/Unreal Projects/FingerGuns/Content/StarterContent/Textures/T_Metal_Gold_D.uasset"
[2019.01.26-17.53.20:344][  0]LogPackFactory: Copied "../../../Samples/StarterContent/Content/StarterContent/Textures/T_Metal_Gold_N.uasset" to "C:/Users/Xyvn/Documents/Unreal Projects/FingerGuns/Content/StarterContent/Textures/T_Metal_Gold_N.uasset"
[2019.01.26-17.53.20:464][  0]LogPackFactory: Copied "../../../Samples/StarterContent/Content/StarterContent/Textures/T_Metal_Rust_D.uasset" to "C:/Users/Xyvn/Documents/Unreal Projects/FingerGuns/Content/StarterContent/Textures/T_Metal_Rust_D.uasset"
[2019.01.26-17.53.20:557][  0]LogPackFactory: Copied "../../../Samples/StarterContent/Content/StarterContent/Textures/T_Metal_Rust_N.uasset" to "C:/Users/Xyvn/Documents/Unreal Projects/FingerGuns/Content/StarterContent/Textures/T_Metal_Rust_N.uasset"
[2019.01.26-17.53.20:622][  0]LogPackFactory: Copied "../../../Samples/StarterContent/Content/StarterContent/Textures/T_Metal_Steel_D.uasset" to "C:/Users/Xyvn/Documents/Unreal Projects/FingerGuns/Content/StarterContent/Textures/T_Metal_Steel_D.uasset"
[2019.01.26-17.53.20:685][  0]LogPackFactory: Copied "../../../Samples/StarterContent/Content/StarterContent/Textures/T_Metal_Steel_N.uasset" to "C:/Users/Xyvn/Documents/Unreal Projects/FingerGuns/Content/StarterContent/Textures/T_Metal_Steel_N.uasset"
[2019.01.26-17.53.20:781][  0]LogPackFactory: Copied "../../../Samples/StarterContent/Content/StarterContent/Textures/T_Perlin_Noise_M.uasset" to "C:/Users/Xyvn/Documents/Unreal Projects/FingerGuns/Content/StarterContent/Textures/T_Perlin_Noise_M.uasset"
[2019.01.26-17.53.20:818][  0]LogPackFactory: Copied "../../../Samples/StarterContent/Content/StarterContent/Textures/T_RockMesh_M.uasset" to "C:/Users/Xyvn/Documents/Unreal Projects/FingerGuns/Content/StarterContent/Textures/T_RockMesh_M.uasset"
[2019.01.26-17.53.20:879][  0]LogPackFactory: Copied "../../../Samples/StarterContent/Content/StarterContent/Textures/T_RockMesh_N.uasset" to "C:/Users/Xyvn/Documents/Unreal Projects/FingerGuns/Content/StarterContent/Textures/T_RockMesh_N.uasset"
[2019.01.26-17.53.20:996][  0]LogPackFactory: Copied "../../../Samples/StarterContent/Content/StarterContent/Textures/T_Rock_Basalt_D.uasset" to "C:/Users/Xyvn/Documents/Unreal Projects/FingerGuns/Content/StarterContent/Textures/T_Rock_Basalt_D.uasset"
[2019.01.26-17.53.21:109][  0]LogPackFactory: Copied "../../../Samples/StarterContent/Content/StarterContent/Textures/T_Rock_Basalt_N.uasset" to "C:/Users/Xyvn/Documents/Unreal Projects/FingerGuns/Content/StarterContent/Textures/T_Rock_Basalt_N.uasset"
[2019.01.26-17.53.21:200][  0]LogPackFactory: Copied "../../../Samples/StarterContent/Content/StarterContent/Textures/T_Rock_Marble_Polished_D.uasset" to "C:/Users/Xyvn/Documents/Unreal Projects/FingerGuns/Content/StarterContent/Textures/T_Rock_Marble_Polished_D.uasset"
[2019.01.26-17.53.21:310][  0]LogPackFactory: Copied "../../../Samples/StarterContent/Content/StarterContent/Textures/T_Rock_Sandstone_D.uasset" to "C:/Users/Xyvn/Documents/Unreal Projects/FingerGuns/Content/StarterContent/Textures/T_Rock_Sandstone_D.uasset"
[2019.01.26-17.53.21:417][  0]LogPackFactory: Copied "../../../Samples/StarterContent/Content/StarterContent/Textures/T_Rock_Sandstone_N.uasset" to "C:/Users/Xyvn/Documents/Unreal Projects/FingerGuns/Content/StarterContent/Textures/T_Rock_Sandstone_N.uasset"
[2019.01.26-17.53.21:557][  0]LogPackFactory: Copied "../../../Samples/StarterContent/Content/StarterContent/Textures/T_Rock_Slate_D.uasset" to "C:/Users/Xyvn/Documents/Unreal Projects/FingerGuns/Content/StarterContent/Textures/T_Rock_Slate_D.uasset"
[2019.01.26-17.53.21:675][  0]LogPackFactory: Copied "../../../Samples/StarterContent/Content/StarterContent/Textures/T_Rock_Slate_N.uasset" to "C:/Users/Xyvn/Documents/Unreal Projects/FingerGuns/Content/StarterContent/Textures/T_Rock_Slate_N.uasset"
[2019.01.26-17.53.21:814][  0]LogPackFactory: Copied "../../../Samples/StarterContent/Content/StarterContent/Textures/T_Rock_Smooth_Granite_D.uasset" to "C:/Users/Xyvn/Documents/Unreal Projects/FingerGuns/Content/StarterContent/Textures/T_Rock_Smooth_Granite_D.uasset"
[2019.01.26-17.53.21:854][  0]LogPackFactory: Copied "../../../Samples/StarterContent/Content/StarterContent/Textures/T_Shelf_M.uasset" to "C:/Users/Xyvn/Documents/Unreal Projects/FingerGuns/Content/StarterContent/Textures/T_Shelf_M.uasset"
[2019.01.26-17.53.21:890][  0]LogPackFactory: Copied "../../../Samples/StarterContent/Content/StarterContent/Textures/T_Shelf_N.uasset" to "C:/Users/Xyvn/Documents/Unreal Projects/FingerGuns/Content/StarterContent/Textures/T_Shelf_N.uasset"
[2019.01.26-17.53.21:915][  0]LogPackFactory: Copied "../../../Samples/StarterContent/Content/StarterContent/Textures/T_Single_Tile_N.uasset" to "C:/Users/Xyvn/Documents/Unreal Projects/FingerGuns/Content/StarterContent/Textures/T_Single_Tile_N.uasset"
[2019.01.26-17.53.21:958][  0]LogPackFactory: Copied "../../../Samples/StarterContent/Content/StarterContent/Textures/T_Smoke_SubUV.uasset" to "C:/Users/Xyvn/Documents/Unreal Projects/FingerGuns/Content/StarterContent/Textures/T_Smoke_SubUV.uasset"
[2019.01.26-17.53.21:984][  0]LogPackFactory: Copied "../../../Samples/StarterContent/Content/StarterContent/Textures/T_Smoke_Tiled_D.uasset" to "C:/Users/Xyvn/Documents/Unreal Projects/FingerGuns/Content/StarterContent/Textures/T_Smoke_Tiled_D.uasset"
[2019.01.26-17.53.22:011][  0]LogPackFactory: Copied "../../../Samples/StarterContent/Content/StarterContent/Textures/T_Spark_Core.uasset" to "C:/Users/Xyvn/Documents/Unreal Projects/FingerGuns/Content/StarterContent/Textures/T_Spark_Core.uasset"
[2019.01.26-17.53.22:037][  0]LogPackFactory: Copied "../../../Samples/StarterContent/Content/StarterContent/Textures/T_Statue_M.uasset" to "C:/Users/Xyvn/Documents/Unreal Projects/FingerGuns/Content/StarterContent/Textures/T_Statue_M.uasset"
[2019.01.26-17.53.22:074][  0]LogPackFactory: Copied "../../../Samples/StarterContent/Content/StarterContent/Textures/T_Statue_N.uasset" to "C:/Users/Xyvn/Documents/Unreal Projects/FingerGuns/Content/StarterContent/Textures/T_Statue_N.uasset"
[2019.01.26-17.53.22:155][  0]LogPackFactory: Copied "../../../Samples/StarterContent/Content/StarterContent/Textures/T_TableRound_M.uasset" to "C:/Users/Xyvn/Documents/Unreal Projects/FingerGuns/Content/StarterContent/Textures/T_TableRound_M.uasset"
[2019.01.26-17.53.22:202][  0]LogPackFactory: Copied "../../../Samples/StarterContent/Content/StarterContent/Textures/T_TableRound_N.uasset" to "C:/Users/Xyvn/Documents/Unreal Projects/FingerGuns/Content/StarterContent/Textures/T_TableRound_N.uasset"
[2019.01.26-17.53.22:230][  0]LogPackFactory: Copied "../../../Samples/StarterContent/Content/StarterContent/Textures/T_Tech_Dot_M.uasset" to "C:/Users/Xyvn/Documents/Unreal Projects/FingerGuns/Content/StarterContent/Textures/T_Tech_Dot_M.uasset"
[2019.01.26-17.53.22:248][  0]LogPackFactory: Copied "../../../Samples/StarterContent/Content/StarterContent/Textures/T_Tech_Dot_N.uasset" to "C:/Users/Xyvn/Documents/Unreal Projects/FingerGuns/Content/StarterContent/Textures/T_Tech_Dot_N.uasset"
[2019.01.26-17.53.22:265][  0]LogPackFactory: Copied "../../../Samples/StarterContent/Content/StarterContent/Textures/T_Tech_Hex_Tile_M.uasset" to "C:/Users/Xyvn/Documents/Unreal Projects/FingerGuns/Content/StarterContent/Textures/T_Tech_Hex_Tile_M.uasset"
[2019.01.26-17.53.22:310][  0]LogPackFactory: Copied "../../../Samples/StarterContent/Content/StarterContent/Textures/T_Tech_Hex_Tile_N.uasset" to "C:/Users/Xyvn/Documents/Unreal Projects/FingerGuns/Content/StarterContent/Textures/T_Tech_Hex_Tile_N.uasset"
[2019.01.26-17.53.22:349][  0]LogPackFactory: Copied "../../../Samples/StarterContent/Content/StarterContent/Textures/T_Tech_Panel_M.uasset" to "C:/Users/Xyvn/Documents/Unreal Projects/FingerGuns/Content/StarterContent/Textures/T_Tech_Panel_M.uasset"
[2019.01.26-17.53.22:389][  0]LogPackFactory: Copied "../../../Samples/StarterContent/Content/StarterContent/Textures/T_Tech_Panel_N.uasset" to "C:/Users/Xyvn/Documents/Unreal Projects/FingerGuns/Content/StarterContent/Textures/T_Tech_Panel_N.uasset"
[2019.01.26-17.53.22:424][  0]LogPackFactory: Copied "../../../Samples/StarterContent/Content/StarterContent/Textures/T_Water_M.uasset" to "C:/Users/Xyvn/Documents/Unreal Projects/FingerGuns/Content/StarterContent/Textures/T_Water_M.uasset"
[2019.01.26-17.53.22:476][  0]LogPackFactory: Copied "../../../Samples/StarterContent/Content/StarterContent/Textures/T_Water_N.uasset" to "C:/Users/Xyvn/Documents/Unreal Projects/FingerGuns/Content/StarterContent/Textures/T_Water_N.uasset"
[2019.01.26-17.53.22:545][  0]LogPackFactory: Copied "../../../Samples/StarterContent/Content/StarterContent/Textures/T_Wood_Floor_Walnut_D.uasset" to "C:/Users/Xyvn/Documents/Unreal Projects/FingerGuns/Content/StarterContent/Textures/T_Wood_Floor_Walnut_D.uasset"
[2019.01.26-17.53.22:599][  0]LogPackFactory: Copied "../../../Samples/StarterContent/Content/StarterContent/Textures/T_Wood_Floor_Walnut_M.uasset" to "C:/Users/Xyvn/Documents/Unreal Projects/FingerGuns/Content/StarterContent/Textures/T_Wood_Floor_Walnut_M.uasset"
[2019.01.26-17.53.22:668][  0]LogPackFactory: Copied "../../../Samples/StarterContent/Content/StarterContent/Textures/T_Wood_Floor_Walnut_N.uasset" to "C:/Users/Xyvn/Documents/Unreal Projects/FingerGuns/Content/StarterContent/Textures/T_Wood_Floor_Walnut_N.uasset"
[2019.01.26-17.53.22:763][  0]LogPackFactory: Copied "../../../Samples/StarterContent/Content/StarterContent/Textures/T_Wood_Oak_D.uasset" to "C:/Users/Xyvn/Documents/Unreal Projects/FingerGuns/Content/StarterContent/Textures/T_Wood_Oak_D.uasset"
[2019.01.26-17.53.22:846][  0]LogPackFactory: Copied "../../../Samples/StarterContent/Content/StarterContent/Textures/T_Wood_Oak_N.uasset" to "C:/Users/Xyvn/Documents/Unreal Projects/FingerGuns/Content/StarterContent/Textures/T_Wood_Oak_N.uasset"
[2019.01.26-17.53.22:959][  0]LogPackFactory: Copied "../../../Samples/StarterContent/Content/StarterContent/Textures/T_Wood_Pine_D.uasset" to "C:/Users/Xyvn/Documents/Unreal Projects/FingerGuns/Content/StarterContent/Textures/T_Wood_Pine_D.uasset"
[2019.01.26-17.53.23:015][  0]LogPackFactory: Copied "../../../Samples/StarterContent/Content/StarterContent/Textures/T_Wood_Pine_N.uasset" to "C:/Users/Xyvn/Documents/Unreal Projects/FingerGuns/Content/StarterContent/Textures/T_Wood_Pine_N.uasset"
[2019.01.26-17.53.23:094][  0]LogPackFactory: Copied "../../../Samples/StarterContent/Content/StarterContent/Textures/T_Wood_Walnut_D.uasset" to "C:/Users/Xyvn/Documents/Unreal Projects/FingerGuns/Content/StarterContent/Textures/T_Wood_Walnut_D.uasset"
[2019.01.26-17.53.23:151][  0]LogPackFactory: Copied "../../../Samples/StarterContent/Content/StarterContent/Textures/T_Wood_Walnut_N.uasset" to "C:/Users/Xyvn/Documents/Unreal Projects/FingerGuns/Content/StarterContent/Textures/T_Wood_Walnut_N.uasset"
[2019.01.26-17.53.23:300][  0]LogRenderer: Reallocating scene render targets to support 256x256 Format 10 NumSamples 1 (Frame:1).
[2019.01.26-17.53.23:443][  0]LogSavePackage: Moving 'C:/Users/Xyvn/Documents/Unreal Projects/FingerGuns/Saved/Floor_400x4005C08593B48D1EA75B684449E88DA36B5.tmp' to 'C:/Users/Xyvn/Documents/Unreal Projects/FingerGuns/Content/StarterContent/Architecture/Floor_400x400.uasset'
[2019.01.26-17.53.23:452][  0]LogFeaturePack: Warning: Inserted 1 feature packs
[2019.01.26-17.53.23:454][  0]Cmd: MAP LOAD FILE="C:/Users/Xyvn/Documents/Unreal Projects/FingerGuns/Content/StarterContent/Maps/Minimal_Default.umap" TEMPLATE=0 SHOWPROGRESS=1 FEATURELEVEL=3
[2019.01.26-17.53.23:454][  0]LightingResults: New page: Lighting Build
[2019.01.26-17.53.23:456][  0]MapCheck: New page: Map Check
[2019.01.26-17.53.23:456][  0]LightingResults: New page: Lighting Build
[2019.01.26-17.53.24:279][  0]LogAIModule: Creating AISystem for world Minimal_Default
[2019.01.26-17.53.24:294][  0]LogEditorServer: Finished looking for orphan Actors (0.000 secs)
[2019.01.26-17.53.24:327][  0]Cmd: MAP CHECKDEP NOCLEARLOG
[2019.01.26-17.53.24:391][  0]MapCheck: Map check complete: 0 Error(s), 0 Warning(s), took 64.184ms to complete.
[2019.01.26-17.53.24:391][  0]LogFileHelpers: Loading map 'Minimal_Default' took 0.938
[2019.01.26-17.53.24:620][  0]LogSlate: Updating window title bar state: overlay mode, drag disabled, window buttons hidden, title bar hidden
[2019.01.26-17.53.24:628][  0]LogSlate: Updating window title bar state: overlay mode, drag disabled, window buttons hidden, title bar hidden
[2019.01.26-17.53.24:636][  0]LogSlate: Updating window title bar state: overlay mode, drag disabled, window buttons hidden, title bar hidden
[2019.01.26-17.53.24:645][  0]LogSlate: Updating window title bar state: overlay mode, drag disabled, window buttons hidden, title bar hidden
[2019.01.26-17.53.24:671][  0]LogCollectionManager: Loaded 0 collections in 0.000915 seconds
[2019.01.26-17.53.24:713][  0]LogFileCache: Scanning file cache for directory 'C:/Users/Xyvn/Documents/Unreal Projects/FingerGuns/Saved/Collections/' took 0.01s
[2019.01.26-17.53.24:713][  0]LogFileCache: Scanning file cache for directory 'C:/Users/Xyvn/Documents/Unreal Projects/FingerGuns/Content/Developers/Xyvn/Collections/' took 0.01s
[2019.01.26-17.53.24:713][  0]LogFileCache: Scanning file cache for directory 'C:/Users/Xyvn/Documents/Unreal Projects/FingerGuns/Content/Collections/' took 0.01s
[2019.01.26-17.53.24:713][  0]LogCollectionManager: Rebuilt the GUID cache for 0 collections in 0.000000 seconds
[2019.01.26-17.53.24:725][  0]LogContentBrowser: Native class hierarchy populated in 0.0112 seconds. Added 2573 classes and 605 folders.
[2019.01.26-17.53.24:731][  0]LogContentBrowser: Native class hierarchy updated for 'WidgetCarousel' in 0.0005 seconds. Added 0 classes and 0 folders.
[2019.01.26-17.53.25:915][  0]LogContentBrowser: Native class hierarchy updated for 'AddContentDialog' in 0.0009 seconds. Added 0 classes and 0 folders.
[2019.01.26-17.53.25:988][  0]LogContentBrowser: Native class hierarchy updated for 'SceneOutliner' in 0.0008 seconds. Added 1 classes and 2 folders.
[2019.01.26-17.53.26:017][  0]LogSlate: Took 0.000216 seconds to synchronously load lazily loaded font '../../../Engine/Content/Slate/Fonts/Roboto-Regular.ttf' (155K)
[2019.01.26-17.53.26:021][  0]LogSlate: Took 0.000257 seconds to synchronously load lazily loaded font '../../../Engine/Content/Slate/Fonts/Roboto-Bold.ttf' (160K)
[2019.01.26-17.53.26:056][  0]LogSlate: Took 0.026076 seconds to synchronously load lazily loaded font '../../../Engine/Content/Editor/Slate/Fonts/FontAwesome.ttf' (139K)
[2019.01.26-17.53.26:258][  0]LogRenderer: Reallocating scene render targets to support 1208x576 Format 10 NumSamples 1 (Frame:1).
[2019.01.26-17.53.26:324][  0]LogSlate: Took 0.000411 seconds to synchronously load lazily loaded font '../../../Engine/Content/Slate/Fonts/Roboto-Light.ttf' (167K)
[2019.01.26-17.53.26:550][  0]LogContentBrowser: Native class hierarchy updated for 'HierarchicalLODOutliner' in 0.0006 seconds. Added 0 classes and 0 folders.
[2019.01.26-17.53.26:550][  0]LogLoad: (Engine Initialization) Total time: 26.97 seconds
[2019.01.26-17.53.26:550][  0]LogLoad: (Engine Initialization) Total Blueprint compile time: 0.00 seconds
[2019.01.26-17.53.26:746][  0]LogContentStreaming: Texture pool size now 1000 MB
[2019.01.26-17.53.26:780][  1]LogAssetRegistry: Asset discovery search completed in 21.6689 seconds
[2019.01.26-17.53.26:782][  1]LogCollectionManager: Rebuilt the object cache for 0 collections in 0.000001 seconds (found 0 objects)
[2019.01.26-17.53.26:783][  1]LogCollectionManager: Fixed up redirectors for 0 collections in 0.000098 seconds (updated 0 objects)
